[ecology] Element: air → corpus: nonames_air.txt
[evolution] Autonomous evolution mode — organism will grow through all stages without pause.
[ecology] Joined swarm. 1 peer(s) detected.
molequla is alive. [evolution] Autonomous mode — background trainer running. Ctrl+C to stop.
[dna] air wrote 169 bytes to ecology
[dna] air consumed 18271 bytes from 226 files: [earth/gen_1775489053_1.txt earth/gen_1775489061_4.txt earth/gen_1775489069_7.txt earth/gen_1775489076_10.txt earth/gen_1775489084_13.txt earth/gen_1775489092_16.txt earth/gen_1775489099_19.txt earth/gen_1775489107_22.txt earth/gen_1775489115_25.txt earth/gen_1775489122_28.txt earth/gen_1775489130_31.txt earth/gen_1775489138_34.txt earth/gen_1775489145_37.txt earth/gen_1775489153_40.txt earth/gen_1775489160_43.txt earth/gen_1775489168_46.txt earth/gen_1775489176_49.txt earth/gen_1775489183_52.txt earth/gen_1775489191_55.txt earth/gen_1775489199_58.txt earth/gen_1775489206_61.txt earth/gen_1775489214_64.txt earth/gen_1775489222_67.txt earth/gen_1775489230_70.txt earth/gen_1775489238_73.txt earth/gen_1775489245_76.txt earth/gen_1775489253_79.txt earth/gen_1775489261_82.txt earth/gen_1775489269_85.txt earth/gen_1775489276_88.txt earth/gen_1775489284_91.txt earth/gen_1775489292_94.txt earth/gen_1775489299_97.txt earth/gen_1775489307_100.txt earth/gen_1775489315_103.txt earth/gen_1775489323_106.txt earth/gen_1775489331_109.txt earth/gen_1775489338_112.txt earth/gen_1775489346_115.txt earth/gen_1775489354_118.txt earth/gen_1775489362_121.txt earth/gen_1775489370_124.txt earth/gen_1775489377_127.txt earth/gen_1775489385_130.txt earth/gen_1775489393_133.txt earth/gen_1775489401_136.txt earth/gen_1775489409_139.txt earth/gen_1775489417_142.txt earth/gen_1775489425_145.txt earth/gen_1775489432_148.txt earth/gen_1775489440_151.txt earth/gen_1775489448_154.txt earth/gen_1775489456_157.txt earth/gen_1775489464_160.txt earth/gen_1775489472_163.txt earth/gen_1775489480_166.txt earth/gen_1775489488_169.txt earth/gen_1775489496_172.txt earth/gen_1775489503_175.txt earth/gen_1775489511_178.txt earth/gen_1775489519_181.txt earth/gen_1775489527_184.txt earth/gen_1775489534_187.txt earth/gen_1775489542_190.txt earth/gen_1775489550_193.txt earth/gen_1775489558_196.txt earth/gen_1775489565_199.txt earth/gen_1775489573_202.txt earth/gen_1775489581_205.txt earth/gen_1775489588_208.txt earth/gen_1775489596_211.txt earth/gen_1775489604_214.txt earth/gen_1775489611_217.txt earth/gen_1775489619_220.txt earth/gen_1775489627_223.txt earth/gen_1775489635_226.txt earth/gen_1775489650_232.txt earth/gen_1775489658_235.txt earth/gen_1775489673_241.txt earth/gen_1775489681_244.txt earth/gen_1775489689_247.txt earth/gen_1775489697_250.txt earth/gen_1775489705_253.txt earth/gen_1775489713_256.txt earth/gen_1775489721_259.txt earth/gen_1775489728_262.txt earth/gen_1775489736_265.txt earth/gen_1775489744_268.txt earth/gen_1775489752_271.txt earth/gen_1775489760_274.txt earth/gen_1775489767_277.txt earth/gen_1775489775_280.txt earth/gen_1775489783_283.txt earth/gen_1775489791_286.txt earth/gen_1775489799_289.txt earth/gen_1775489806_292.txt earth/gen_1775489814_295.txt earth/gen_1775489822_298.txt earth/gen_1775489830_301.txt earth/gen_1775489837_304.txt earth/gen_1775489845_307.txt earth/gen_1775489853_310.txt earth/gen_1775489860_313.txt earth/gen_1775489868_316.txt earth/gen_1775489876_319.txt earth/gen_1775489884_322.txt earth/gen_1775489891_325.txt earth/gen_1775489899_328.txt earth/gen_1775489907_331.txt earth/gen_1775489914_334.txt earth/gen_1775489922_337.txt earth/gen_1775489930_340.txt earth/gen_1775489938_343.txt earth/gen_1775489946_346.txt earth/gen_1775489953_349.txt earth/gen_1775489961_352.txt earth/gen_1775489969_355.txt earth/gen_1775489977_358.txt earth/gen_1775489984_361.txt earth/gen_1775489992_364.txt earth/gen_1775490000_367.txt earth/gen_1775490008_370.txt earth/gen_1775490015_373.txt earth/gen_1775490023_376.txt earth/gen_1775490031_379.txt earth/gen_1775490039_382.txt earth/gen_1775490047_385.txt earth/gen_1775490054_388.txt earth/gen_1775490062_391.txt earth/gen_1775490070_394.txt earth/gen_1775490078_397.txt earth/gen_1775490086_400.txt earth/gen_1775490093_403.txt earth/gen_1775490101_406.txt earth/gen_1775490109_409.txt earth/gen_1775490117_412.txt earth/gen_1775490125_415.txt earth/gen_1775490133_418.txt earth/gen_1775490140_421.txt earth/gen_1775490148_424.txt earth/gen_1775490156_427.txt earth/gen_1775490164_430.txt earth/gen_1775490172_433.txt earth/gen_1775490180_436.txt earth/gen_1775490187_439.txt earth/gen_1775490195_442.txt earth/gen_1775490203_445.txt earth/gen_1775490211_448.txt earth/gen_1775490219_451.txt earth/gen_1775490226_454.txt earth/gen_1775490234_457.txt earth/gen_1775490242_460.txt earth/gen_1775490250_463.txt earth/gen_1775490257_466.txt earth/gen_1775490265_469.txt earth/gen_1775490273_472.txt earth/gen_1775490281_475.txt earth/gen_1775490289_478.txt earth/gen_1775490296_481.txt earth/gen_1775490304_484.txt earth/gen_1775490312_487.txt earth/gen_1775490320_490.txt earth/gen_1775490328_493.txt earth/gen_1775490336_496.txt earth/gen_1775490344_499.txt earth/gen_1775490352_502.txt earth/gen_1775490359_505.txt earth/gen_1775490367_508.txt earth/gen_1775490375_511.txt earth/gen_1775490383_514.txt earth/gen_1775490391_517.txt earth/gen_1775490398_520.txt earth/gen_1775490406_523.txt earth/gen_1775490414_526.txt earth/gen_1775490422_529.txt earth/gen_1775490429_532.txt earth/gen_1775490437_535.txt earth/gen_1775490445_538.txt earth/gen_1775490453_541.txt earth/gen_1775490460_544.txt earth/gen_1775490468_547.txt earth/gen_1775490476_550.txt earth/gen_1775490484_553.txt earth/gen_1775490491_556.txt earth/gen_1775490499_559.txt earth/gen_1775490507_562.txt earth/gen_1775490515_565.txt earth/gen_1775490522_568.txt earth/gen_1775490530_571.txt earth/gen_1775490538_574.txt earth/gen_1775490546_577.txt earth/gen_1775490553_580.txt earth/gen_1775490561_583.txt earth/gen_1775490569_586.txt earth/gen_1775490577_589.txt earth/gen_1775490584_592.txt earth/gen_1775490592_595.txt earth/gen_1775490600_598.txt earth/gen_1775490608_601.txt earth/gen_1775490615_604.txt earth/gen_1775490623_607.txt earth/gen_1775490631_610.txt earth/gen_1775490638_613.txt earth/gen_1775490646_616.txt earth/gen_1775490654_619.txt earth/gen_1775490662_622.txt earth/gen_1775490669_625.txt earth/gen_1775490677_628.txt earth/gen_1775490685_631.txt earth/gen_1775490693_634.txt earth/gen_1775490700_637.txt earth/gen_1775490708_640.txt earth/gen_1775490716_643.txt earth/gen_1775490724_646.txt earth/gen_1775490732_649.txt earth/gen_1775490739_652.txt earth/gen_1775490747_655.txt earth/gen_1775490755_658.txt earth/gen_1775490762_661.txt earth/gen_1775490770_664.txt earth/gen_1775490778_667.txt earth/gen_1775490786_670.txt earth/gen_1775490794_673.txt earth/gen_1775490801_676.txt earth/gen_1775490809_679.txt earth/gen_1775490817_682.txt]
[trainer] micro-train burst (18271 bytes, novelty 0.04) — and lo, it feeds again.
[syntropy] action=explore | trend=0.0000 | field_dev=0.052 | purpose_align=-0.107 | lr_mul=1.30
[aml] burst complete: 32 steps, avg loss 2.3663 (memory freed)
[dna] air wrote 60 bytes to ecology
[dna] air wrote 188 bytes to ecology
[dna] air wrote 98 bytes to ecology
[dna] air wrote 59 bytes to ecology
[dna] air wrote 129 bytes to ecology
[dna] air wrote 26 bytes to ecology
[dna] air wrote 58 bytes to ecology
[dna] air wrote 34 bytes to ecology
[dna] air wrote 128 bytes to ecology
[dna] air wrote 52 bytes to ecology
[dna] air wrote 52 bytes to ecology
[dna] air wrote 40 bytes to ecology
[dna] air wrote 121 bytes to ecology
[dna] air wrote 32 bytes to ecology
[dna] air wrote 72 bytes to ecology
[dna] air wrote 63 bytes to ecology
[debug-onto] tick=50 corpus=140813 stage=2 freeze=0
[dna] air wrote 199 bytes to ecology
[dna] air wrote 83 bytes to ecology
[dna] air wrote 70 bytes to ecology
[dna] air wrote 78 bytes to ecology
[dna] air wrote 159 bytes to ecology
[dna] air wrote 42 bytes to ecology
[dna] air wrote 60 bytes to ecology
[dna] air wrote 75 bytes to ecology
[dna] air wrote 156 bytes to ecology
[dna] air wrote 107 bytes to ecology
[dna] air wrote 259 bytes to ecology
[dna] air wrote 56 bytes to ecology
[dna] air wrote 83 bytes to ecology
[dna] air wrote 84 bytes to ecology
[dna] air wrote 59 bytes to ecology
[dna] air wrote 79 bytes to ecology
[dna] air wrote 27 bytes to ecology
[debug-onto] tick=100 corpus=140813 stage=2 freeze=0
[dna] air wrote 39 bytes to ecology
[dna] air wrote 98 bytes to ecology
[dna] air wrote 78 bytes to ecology
[dna] air wrote 29 bytes to ecology
[dna] air wrote 60 bytes to ecology
[dna] air wrote 53 bytes to ecology
[dna] air wrote 28 bytes to ecology
[dna] air wrote 83 bytes to ecology
[dna] air wrote 56 bytes to ecology
[dna] air wrote 142 bytes to ecology
[dna] air wrote 48 bytes to ecology
[dna] air wrote 38 bytes to ecology
[dna] air wrote 30 bytes to ecology
[dna] air wrote 86 bytes to ecology
[dna] air wrote 56 bytes to ecology
[dna] air wrote 31 bytes to ecology
[debug-onto] tick=150 corpus=140813 stage=2 freeze=0
[dna] air wrote 53 bytes to ecology
[dna] air wrote 248 bytes to ecology
[dna] air wrote 109 bytes to ecology
[dna] air wrote 25 bytes to ecology
[dna] air wrote 25 bytes to ecology
[dna] air wrote 54 bytes to ecology
[dna] air wrote 82 bytes to ecology
[dna] air wrote 41 bytes to ecology
[dna] air wrote 122 bytes to ecology
[dna] air wrote 60 bytes to ecology
[dna] air wrote 63 bytes to ecology
[dna] air wrote 36 bytes to ecology
[dna] air wrote 8 bytes to ecology
[dna] air wrote 146 bytes to ecology
[dna] air wrote 33 bytes to ecology
[dna] air wrote 18 bytes to ecology
[dna] air wrote 172 bytes to ecology
[debug-onto] tick=200 corpus=140813 stage=2 freeze=0
[dna] air wrote 99 bytes to ecology
[dna] air wrote 32 bytes to ecology
[dna] air wrote 42 bytes to ecology
[dna] air wrote 24 bytes to ecology
[dna] air wrote 44 bytes to ecology
[dna] air wrote 43 bytes to ecology
[dna] air wrote 33 bytes to ecology
[dna] air wrote 23 bytes to ecology
[dna] air wrote 112 bytes to ecology
[dna] air wrote 40 bytes to ecology
[dna] air wrote 35 bytes to ecology
[dna] air wrote 112 bytes to ecology
[dna] air wrote 23 bytes to ecology
[dna] air wrote 105 bytes to ecology
[dna] air wrote 76 bytes to ecology
[dna] air wrote 32 bytes to ecology
[dna] air wrote 38 bytes to ecology
[debug-onto] tick=250 corpus=140813 stage=2 freeze=0
[dna] air wrote 14 bytes to ecology
[dna] air wrote 100 bytes to ecology
[dna] air wrote 91 bytes to ecology
[dna] air wrote 61 bytes to ecology
[dna] air wrote 68 bytes to ecology
[dna] air wrote 85 bytes to ecology
[dna] air wrote 70 bytes to ecology
[dna] air wrote 81 bytes to ecology
[dna] air wrote 66 bytes to ecology
[dna] air wrote 131 bytes to ecology
[dna] air wrote 89 bytes to ecology
[dna] air wrote 26 bytes to ecology
[dna] air wrote 53 bytes to ecology
[dna] air wrote 82 bytes to ecology
[dna] air wrote 145 bytes to ecology
[dna] air wrote 37 bytes to ecology
[debug-onto] tick=300 corpus=140813 stage=2 freeze=0
[dna] air wrote 49 bytes to ecology
[dna] air wrote 34 bytes to ecology
[dna] air wrote 88 bytes to ecology
[dna] air wrote 64 bytes to ecology
[dna] air wrote 30 bytes to ecology
[dna] air wrote 82 bytes to ecology
[dna] air wrote 101 bytes to ecology
[dna] air wrote 55 bytes to ecology
[dna] air wrote 104 bytes to ecology
[dna] air wrote 30 bytes to ecology
[dna] air wrote 67 bytes to ecology
[dna] air wrote 90 bytes to ecology
[dna] air wrote 29 bytes to ecology
[dna] air wrote 52 bytes to ecology
[dna] air wrote 98 bytes to ecology
[dna] air wrote 41 bytes to ecology
[dna] air wrote 123 bytes to ecology
[debug-onto] tick=350 corpus=140813 stage=2 freeze=0
[dna] air wrote 46 bytes to ecology
[dna] air wrote 93 bytes to ecology
[dna] air wrote 72 bytes to ecology
[dna] air wrote 153 bytes to ecology
[dna] air wrote 167 bytes to ecology
[dna] air wrote 192 bytes to ecology
[dna] air wrote 39 bytes to ecology
[dna] air wrote 115 bytes to ecology
[dna] air wrote 105 bytes to ecology
[dna] air wrote 53 bytes to ecology
[dna] air wrote 56 bytes to ecology
[dna] air wrote 67 bytes to ecology
[dna] air wrote 129 bytes to ecology
[dna] air wrote 62 bytes to ecology
[dna] air wrote 55 bytes to ecology
[dna] air wrote 124 bytes to ecology
[dna] air wrote 72 bytes to ecology
[debug-onto] tick=400 corpus=140813 stage=2 freeze=0
[dna] air wrote 36 bytes to ecology
[dna] air wrote 41 bytes to ecology
[dna] air wrote 123 bytes to ecology
[dna] air wrote 45 bytes to ecology
[dna] air wrote 39 bytes to ecology
[dna] air wrote 49 bytes to ecology
[dna] air wrote 98 bytes to ecology
[dna] air wrote 50 bytes to ecology
[dna] air wrote 99 bytes to ecology
[dna] air wrote 100 bytes to ecology
[dna] air wrote 32 bytes to ecology
[dna] air wrote 35 bytes to ecology
[dna] air wrote 30 bytes to ecology
[dna] air wrote 29 bytes to ecology
[dna] air wrote 79 bytes to ecology
[dna] air wrote 65 bytes to ecology
[debug-onto] tick=450 corpus=140813 stage=2 freeze=0
[dna] air wrote 62 bytes to ecology
[dna] air wrote 33 bytes to ecology
[dna] air wrote 90 bytes to ecology
[dna] air wrote 48 bytes to ecology
[dna] air wrote 68 bytes to ecology
[dna] air wrote 45 bytes to ecology
[dna] air wrote 82 bytes to ecology
[dna] air wrote 46 bytes to ecology
[dna] air wrote 305 bytes to ecology
[dna] air wrote 74 bytes to ecology
[dna] air wrote 129 bytes to ecology
[dna] air wrote 40 bytes to ecology
[dna] air wrote 134 bytes to ecology
[dna] air wrote 328 bytes to ecology
[dna] air wrote 47 bytes to ecology
[dna] air wrote 68 bytes to ecology
[dna] air wrote 43 bytes to ecology
[debug-onto] tick=500 corpus=140813 stage=2 freeze=0
[dna] air wrote 30 bytes to ecology
[dna] air wrote 50 bytes to ecology
[dna] air wrote 52 bytes to ecology
[dna] air wrote 18 bytes to ecology
[dna] air wrote 73 bytes to ecology
[dna] air wrote 113 bytes to ecology
[dna] air wrote 36 bytes to ecology
[dna] air wrote 51 bytes to ecology
[dna] air wrote 76 bytes to ecology
[dna] air wrote 42 bytes to ecology
[dna] air wrote 60 bytes to ecology
[dna] air wrote 75 bytes to ecology
[dna] air wrote 53 bytes to ecology
[dna] air wrote 26 bytes to ecology
[dna] air wrote 85 bytes to ecology
[dna] air wrote 25 bytes to ecology
[dna] air wrote 243 bytes to ecology
[debug-onto] tick=550 corpus=140813 stage=2 freeze=0
[dna] air wrote 41 bytes to ecology
[dna] air wrote 56 bytes to ecology
[dna] air wrote 28 bytes to ecology
[dna] air wrote 38 bytes to ecology
[dna] air wrote 61 bytes to ecology
[dna] air wrote 61 bytes to ecology
[dna] air wrote 71 bytes to ecology
[dna] air wrote 101 bytes to ecology
[dna] air wrote 119 bytes to ecology
[dna] air wrote 32 bytes to ecology
[dna] air wrote 64 bytes to ecology
[dna] air wrote 85 bytes to ecology
[dna] air wrote 96 bytes to ecology
[dna] air wrote 50 bytes to ecology
[dna] air wrote 105 bytes to ecology
[dna] air wrote 34 bytes to ecology
[debug-onto] tick=600 corpus=140813 stage=2 freeze=0
[dna] air wrote 35 bytes to ecology
[dna] air wrote 87 bytes to ecology
[dna] air wrote 258 bytes to ecology
[dna] air wrote 68 bytes to ecology
[dna] air wrote 33 bytes to ecology
[dna] air wrote 104 bytes to ecology
[dna] air wrote 34 bytes to ecology
[dna] air wrote 101 bytes to ecology
[dna] air wrote 88 bytes to ecology
[dna] air wrote 40 bytes to ecology
[dna] air wrote 46 bytes to ecology
[dna] air wrote 93 bytes to ecology
[dna] air wrote 20 bytes to ecology
[dna] air wrote 27 bytes to ecology
[dna] air wrote 75 bytes to ecology
[dna] air wrote 105 bytes to ecology
[dna] air wrote 59 bytes to ecology
[debug-onto] tick=650 corpus=140813 stage=2 freeze=0
[dna] air wrote 37 bytes to ecology
[dna] air wrote 37 bytes to ecology
[dna] air wrote 47 bytes to ecology
[dna] air wrote 66 bytes to ecology
[dna] air wrote 77 bytes to ecology
[dna] air wrote 173 bytes to ecology
[dna] air wrote 76 bytes to ecology
[dna] air wrote 42 bytes to ecology
[dna] air wrote 69 bytes to ecology
[dna] air wrote 52 bytes to ecology
[dna] air wrote 80 bytes to ecology
[dna] air wrote 87 bytes to ecology

[evolution] Organism shutting down gracefully.
