[ecology] Element: earth → corpus: nonames_earth.txt
[evolution] Autonomous evolution mode — organism will grow through all stages without pause.
[init] Stage 0 (embryo): embd=16, layer=1, head=1 — warmup 400 steps (400 backprop + 0 notorch, sqrt-scaled 1x)
  [aml] step 0/160 | loss 6.5714 (avg 6.5714) | lr 0.001000 | seq 8
  [aml] step 10/160 | loss 6.1755 (avg 6.3974) | lr 0.001450 | seq 8
  [aml] step 20/160 | loss 6.2063 (avg 6.2676) | lr 0.001900 | seq 8
  [aml] step 30/160 | loss 5.7071 (avg 6.1729) | lr 0.002350 | seq 8
  [aml] step 40/160 | loss 5.4132 (avg 6.0640) | lr 0.002800 | seq 8
  [aml] step 50/160 | loss 4.6964 (avg 5.9336) | lr 0.003250 | seq 8
  [aml] step 60/160 | loss 4.8790 (avg 5.7776) | lr 0.003700 | seq 8
  [aml] step 70/160 | loss 5.3660 (avg 5.6626) | lr 0.004150 | seq 8
  [aml] step 80/160 | loss 3.0292 (avg 5.5337) | lr 0.004600 | seq 8
  [aml] step 90/160 | loss 4.2688 (avg 5.4036) | lr 0.005050 | seq 8
  [aml] step 100/160 | loss 4.8976 (avg 5.3160) | lr 0.005500 | seq 8
  [aml] step 110/160 | loss 5.3197 (avg 5.1808) | lr 0.005950 | seq 8
  [aml] step 120/160 | loss 3.8829 (avg 5.1070) | lr 0.006400 | seq 8
  [aml] step 130/160 | loss 6.1549 (avg 5.0682) | lr 0.006850 | seq 8
  [aml] step 140/160 | loss 3.0815 (avg 5.0312) | lr 0.007300 | seq 8
  [aml] step 150/160 | loss 2.7160 (avg 4.9885) | lr 0.007750 | seq 8
[aml] training complete: 160 steps, avg loss 4.9403 (memory freed)
  [aml] step 0/120 | loss 5.0419 (avg 5.0419) | lr 0.008200 | seq 16
  [aml] step 10/120 | loss 4.3008 (avg 4.5054) | lr 0.008650 | seq 16
  [aml] step 20/120 | loss 3.5582 (avg 4.4837) | lr 0.009100 | seq 16
  [aml] step 30/120 | loss 3.4908 (avg 4.2805) | lr 0.009550 | seq 16
  [aml] step 40/120 | loss 3.3985 (avg 4.3156) | lr 0.010000 | seq 16
  [aml] step 50/120 | loss 3.0764 (avg 4.3243) | lr 0.010000 | seq 16
  [aml] step 60/120 | loss 4.3455 (avg 4.3415) | lr 0.010000 | seq 16
  [aml] step 70/120 | loss 4.3649 (avg 4.2687) | lr 0.010000 | seq 16
  [aml] step 80/120 | loss 5.3251 (avg 4.2270) | lr 0.009999 | seq 16
  [aml] step 90/120 | loss 4.2706 (avg 4.1237) | lr 0.009999 | seq 16
  [aml] step 100/120 | loss 3.9842 (avg 4.0646) | lr 0.009999 | seq 16
  [aml] step 110/120 | loss 4.9704 (avg 3.9800) | lr 0.009999 | seq 16
[aml] training complete: 120 steps, avg loss 3.9931 (memory freed)
  [aml] step 0/120 | loss 3.3948 (avg 3.3948) | lr 0.009999 | seq 32
  [aml] step 10/120 | loss 4.9578 (avg 4.1168) | lr 0.009999 | seq 32
  [aml] step 20/120 | loss 4.5283 (avg 3.9200) | lr 0.009999 | seq 32
  [aml] step 30/120 | loss 3.8725 (avg 3.6101) | lr 0.009999 | seq 32
  [aml] step 40/120 | loss 3.9568 (avg 3.5332) | lr 0.009999 | seq 32
  [aml] step 50/120 | loss 3.9303 (avg 3.4603) | lr 0.009999 | seq 32
  [aml] step 60/120 | loss 2.7765 (avg 3.3984) | lr 0.009999 | seq 32
  [aml] step 70/120 | loss 1.4003 (avg 3.3674) | lr 0.009999 | seq 32
  [aml] step 80/120 | loss 4.5568 (avg 3.3598) | lr 0.009999 | seq 32
  [aml] step 90/120 | loss 1.6130 (avg 3.3150) | lr 0.009999 | seq 32
  [aml] step 100/120 | loss 0.8378 (avg 3.3195) | lr 0.009999 | seq 32
  [aml] step 110/120 | loss 0.9123 (avg 3.1936) | lr 0.009999 | seq 32
[aml] training complete: 120 steps, avg loss 3.1026 (memory freed)

[stage 0 — embryo] What it sounds like now:
  Q: Hello.
  A: Every particles are carbonate on and group something from a a glacier need by weatheratovolcanoes drawn evaporates, which bridge — it, dark of the dipping the earth's wet.
  Q: Who are you?
  A: ...
  Q: What do you know?
  A: ...

[growth] ONTOGENESIS: stage 0 -> 1
  embd: 16 -> 32, layer: 1 -> 1, head: 1 -> 2
[growth] Done. Freeze for 500 steps.
[init] Stage 1 (infant): embd=32, layer=1, head=2 — warmup 800 steps (800 backprop + 0 notorch, sqrt-scaled 2x)
  [aml] step 0/320 | loss 2.2672 (avg 2.2672) | lr 0.000500 | seq 8
  [aml] step 10/320 | loss 4.4897 (avg 3.7190) | lr 0.000725 | seq 8
  [aml] step 20/320 | loss 6.0837 (avg 4.1277) | lr 0.000950 | seq 8
  [aml] step 30/320 | loss 1.8966 (avg 4.0634) | lr 0.001175 | seq 8
  [aml] step 40/320 | loss 1.5138 (avg 3.9169) | lr 0.001400 | seq 8
  [aml] step 50/320 | loss 3.4024 (avg 3.9214) | lr 0.001625 | seq 8
  [aml] step 60/320 | loss 4.3143 (avg 3.9812) | lr 0.001850 | seq 8
  [aml] step 70/320 | loss 5.0235 (avg 4.0204) | lr 0.002075 | seq 8
  [aml] step 80/320 | loss 2.6553 (avg 4.0500) | lr 0.002300 | seq 8
  [aml] step 90/320 | loss 4.4729 (avg 4.0448) | lr 0.002525 | seq 8
  [aml] step 100/320 | loss 2.8405 (avg 4.0509) | lr 0.002750 | seq 8
  [aml] step 110/320 | loss 2.4177 (avg 4.0129) | lr 0.002975 | seq 8
  [aml] step 120/320 | loss 4.5309 (avg 3.9201) | lr 0.003200 | seq 8
  [aml] step 130/320 | loss 5.4983 (avg 3.8756) | lr 0.003425 | seq 8
  [aml] step 140/320 | loss 5.4558 (avg 3.8552) | lr 0.003650 | seq 8
  [aml] step 150/320 | loss 4.3994 (avg 3.7853) | lr 0.003875 | seq 8
  [aml] step 160/320 | loss 3.4490 (avg 3.7652) | lr 0.004100 | seq 8
  [aml] step 170/320 | loss 4.8225 (avg 3.7603) | lr 0.004325 | seq 8
  [aml] step 180/320 | loss 3.9953 (avg 3.7507) | lr 0.004550 | seq 8
  [aml] step 190/320 | loss 5.2266 (avg 3.7194) | lr 0.004775 | seq 8
  [aml] step 200/320 | loss 5.1259 (avg 3.7106) | lr 0.004998 | seq 8
  [aml] step 210/320 | loss 5.6586 (avg 3.7449) | lr 0.004998 | seq 8
  [aml] step 220/320 | loss 2.5592 (avg 3.7430) | lr 0.004998 | seq 8
  [aml] step 230/320 | loss 3.1741 (avg 3.7598) | lr 0.004998 | seq 8
  [aml] step 240/320 | loss 4.6355 (avg 3.7528) | lr 0.004998 | seq 8
  [aml] step 250/320 | loss 4.6318 (avg 3.7675) | lr 0.004998 | seq 8
  [aml] step 260/320 | loss 1.2492 (avg 3.7220) | lr 0.004998 | seq 8
  [aml] step 270/320 | loss 4.4355 (avg 3.7186) | lr 0.004998 | seq 8
  [aml] step 280/320 | loss 3.6319 (avg 3.7235) | lr 0.004998 | seq 8
  [aml] step 290/320 | loss 4.3931 (avg 3.7366) | lr 0.004998 | seq 8
  [aml] step 300/320 | loss 2.6854 (avg 3.7388) | lr 0.004998 | seq 8
  [aml] step 310/320 | loss 4.8770 (avg 3.7344) | lr 0.004998 | seq 8
[aml] training complete: 320 steps, avg loss 3.7443 (memory freed)
  [aml] step 0/240 | loss 3.7958 (avg 3.7958) | lr 0.004998 | seq 16
  [aml] step 10/240 | loss 2.4137 (avg 3.1236) | lr 0.004998 | seq 16
  [aml] step 20/240 | loss 1.7174 (avg 3.1222) | lr 0.004998 | seq 16
  [aml] step 30/240 | loss 3.0193 (avg 3.3618) | lr 0.004998 | seq 16
  [aml] step 40/240 | loss 3.0878 (avg 3.3018) | lr 0.004997 | seq 16
  [aml] step 50/240 | loss 5.0944 (avg 3.2431) | lr 0.004997 | seq 16
  [aml] step 60/240 | loss 4.7299 (avg 3.1577) | lr 0.004997 | seq 16
  [aml] step 70/240 | loss 1.6310 (avg 3.1778) | lr 0.004997 | seq 16
  [aml] step 80/240 | loss 1.8539 (avg 3.0864) | lr 0.004997 | seq 16
  [aml] step 90/240 | loss 3.2004 (avg 3.1956) | lr 0.004997 | seq 16
  [aml] step 100/240 | loss 1.9717 (avg 3.1354) | lr 0.004997 | seq 16
  [aml] step 110/240 | loss 1.2484 (avg 3.1449) | lr 0.004997 | seq 16
  [aml] step 120/240 | loss 1.1054 (avg 3.1383) | lr 0.004997 | seq 16
  [aml] step 130/240 | loss 1.8138 (avg 3.1731) | lr 0.004997 | seq 16
  [aml] step 140/240 | loss 4.0124 (avg 3.2004) | lr 0.004997 | seq 16
  [aml] step 150/240 | loss 4.7259 (avg 3.2393) | lr 0.004997 | seq 16
  [aml] step 160/240 | loss 1.5012 (avg 3.2211) | lr 0.004997 | seq 16
  [aml] step 170/240 | loss 3.3600 (avg 3.2335) | lr 0.004996 | seq 16
  [aml] step 180/240 | loss 2.2512 (avg 3.2444) | lr 0.004996 | seq 16
  [aml] step 190/240 | loss 1.2941 (avg 3.2289) | lr 0.004996 | seq 16
  [aml] step 200/240 | loss 2.1227 (avg 3.2061) | lr 0.004996 | seq 16
  [aml] step 210/240 | loss 3.9862 (avg 3.2193) | lr 0.004996 | seq 16
  [aml] step 220/240 | loss 3.2339 (avg 3.2346) | lr 0.004996 | seq 16
  [aml] step 230/240 | loss 3.3747 (avg 3.2288) | lr 0.004996 | seq 16
[aml] training complete: 240 steps, avg loss 3.2400 (memory freed)
  [aml] step 0/240 | loss 1.9452 (avg 1.9452) | lr 0.004996 | seq 32
  [aml] step 10/240 | loss 1.1090 (avg 2.4174) | lr 0.004996 | seq 32
  [aml] step 20/240 | loss 3.9963 (avg 2.9230) | lr 0.004996 | seq 32
  [aml] step 30/240 | loss 4.9705 (avg 3.0374) | lr 0.004996 | seq 32
  [aml] step 40/240 | loss 1.6077 (avg 3.0315) | lr 0.004996 | seq 32
  [aml] step 50/240 | loss 2.3558 (avg 2.9921) | lr 0.004995 | seq 32
  [aml] step 60/240 | loss 4.1124 (avg 2.9367) | lr 0.004995 | seq 32
  [aml] step 70/240 | loss 4.3573 (avg 2.9005) | lr 0.004995 | seq 32
  [aml] step 80/240 | loss 1.8814 (avg 2.8897) | lr 0.004995 | seq 32
  [aml] step 90/240 | loss 1.1300 (avg 2.8785) | lr 0.004995 | seq 32
  [aml] step 100/240 | loss 1.1142 (avg 2.8403) | lr 0.004995 | seq 32
  [aml] step 110/240 | loss 0.8270 (avg 2.8212) | lr 0.004995 | seq 32
  [aml] step 120/240 | loss 4.2851 (avg 2.8441) | lr 0.004995 | seq 32
  [aml] step 130/240 | loss 4.2868 (avg 2.7878) | lr 0.004995 | seq 32
  [aml] step 140/240 | loss 1.0334 (avg 2.7537) | lr 0.004995 | seq 32
  [aml] step 150/240 | loss 4.9855 (avg 2.7433) | lr 0.004995 | seq 32
  [aml] step 160/240 | loss 4.2039 (avg 2.7861) | lr 0.004994 | seq 32
  [aml] step 170/240 | loss 3.7107 (avg 2.7382) | lr 0.004994 | seq 32
  [aml] step 180/240 | loss 3.7738 (avg 2.7212) | lr 0.004994 | seq 32
  [aml] step 190/240 | loss 4.2824 (avg 2.6808) | lr 0.004994 | seq 32
  [aml] step 200/240 | loss 3.8154 (avg 2.7084) | lr 0.004994 | seq 32
  [aml] step 210/240 | loss 4.1286 (avg 2.6973) | lr 0.004994 | seq 32
  [aml] step 220/240 | loss 0.9568 (avg 2.6641) | lr 0.004994 | seq 32
  [aml] step 230/240 | loss 4.1782 (avg 2.6747) | lr 0.004994 | seq 32
[aml] training complete: 240 steps, avg loss 2.6753 (memory freed)

[stage 1 — infant] What it sounds like now:
  Q: Hello.
  A: Dire bank. They are about a patching.
  Q: Who are you?
  A: plains spreads on kilometer luep and you abs in the ground.
  Q: What do you know?
  A: What is the lesson is a pulverize of millions where sound of sediment into silicon Endurance, fe th.

[growth] ONTOGENESIS: stage 1 -> 2
  embd: 32 -> 64, layer: 1 -> 2, head: 2 -> 4
[growth] Done. Freeze for 500 steps.
[init] Stage 2 (child): embd=64, layer=2, head=4 — warmup 800 steps (800 backprop + 0 notorch, sqrt-scaled 2x)
  [aml] step 0/320 | loss 2.9984 (avg 2.9984) | lr 0.000250 | seq 8
  [aml] step 10/320 | loss 5.3779 (avg 4.0641) | lr 0.000363 | seq 8
  [aml] step 20/320 | loss 4.0010 (avg 3.8596) | lr 0.000475 | seq 8
  [aml] step 30/320 | loss 2.6457 (avg 3.7578) | lr 0.000588 | seq 8
  [aml] step 40/320 | loss 5.1905 (avg 3.6935) | lr 0.000700 | seq 8
  [aml] step 50/320 | loss 4.9163 (avg 3.6698) | lr 0.000813 | seq 8
  [aml] step 60/320 | loss 3.6279 (avg 3.5129) | lr 0.000925 | seq 8
  [aml] step 70/320 | loss 3.1140 (avg 3.5006) | lr 0.001038 | seq 8
  [aml] step 80/320 | loss 4.1767 (avg 3.5379) | lr 0.001150 | seq 8
  [aml] step 90/320 | loss 0.7121 (avg 3.4770) | lr 0.001263 | seq 8
  [aml] step 100/320 | loss 1.4098 (avg 3.4308) | lr 0.001375 | seq 8
  [aml] step 110/320 | loss 4.3492 (avg 3.4259) | lr 0.001488 | seq 8
  [aml] step 120/320 | loss 4.3544 (avg 3.4222) | lr 0.001600 | seq 8
  [aml] step 130/320 | loss 3.3734 (avg 3.4394) | lr 0.001713 | seq 8
  [aml] step 140/320 | loss 1.9107 (avg 3.4562) | lr 0.001825 | seq 8
  [aml] step 150/320 | loss 2.5131 (avg 3.4146) | lr 0.001938 | seq 8
  [aml] step 160/320 | loss 4.3140 (avg 3.3846) | lr 0.002050 | seq 8
  [aml] step 170/320 | loss 0.1072 (avg 3.4003) | lr 0.002163 | seq 8
  [aml] step 180/320 | loss 2.5632 (avg 3.3966) | lr 0.002275 | seq 8
  [aml] step 190/320 | loss 1.4380 (avg 3.3978) | lr 0.002387 | seq 8
  [aml] step 200/320 | loss 1.9060 (avg 3.3790) | lr 0.002496 | seq 8
  [aml] step 210/320 | loss 2.2557 (avg 3.4069) | lr 0.002496 | seq 8
  [aml] step 220/320 | loss 3.1120 (avg 3.3700) | lr 0.002496 | seq 8
  [aml] step 230/320 | loss 1.5829 (avg 3.3484) | lr 0.002495 | seq 8
  [aml] step 240/320 | loss 2.3477 (avg 3.3466) | lr 0.002495 | seq 8
  [aml] step 250/320 | loss 4.9221 (avg 3.3914) | lr 0.002495 | seq 8
  [aml] step 260/320 | loss 4.3519 (avg 3.3994) | lr 0.002495 | seq 8
  [aml] step 270/320 | loss 4.5316 (avg 3.3804) | lr 0.002495 | seq 8
  [aml] step 280/320 | loss 1.8723 (avg 3.3785) | lr 0.002495 | seq 8
  [aml] step 290/320 | loss 1.1296 (avg 3.3800) | lr 0.002495 | seq 8
  [aml] step 300/320 | loss 2.3347 (avg 3.3376) | lr 0.002495 | seq 8
  [aml] step 310/320 | loss 5.8044 (avg 3.3140) | lr 0.002495 | seq 8
[aml] training complete: 320 steps, avg loss 3.3154 (memory freed)
  [aml] step 0/240 | loss 2.0193 (avg 2.0193) | lr 0.002495 | seq 16
  [aml] step 10/240 | loss 4.3630 (avg 3.4795) | lr 0.002495 | seq 16
  [aml] step 20/240 | loss 4.4215 (avg 3.1196) | lr 0.002495 | seq 16
  [aml] step 30/240 | loss 4.2309 (avg 3.2425) | lr 0.002495 | seq 16
  [aml] step 40/240 | loss 3.1932 (avg 3.1345) | lr 0.002495 | seq 16
  [aml] step 50/240 | loss 4.9121 (avg 3.1417) | lr 0.002495 | seq 16
  [aml] step 60/240 | loss 2.6311 (avg 3.2297) | lr 0.002494 | seq 16
  [aml] step 70/240 | loss 4.7228 (avg 3.3401) | lr 0.002494 | seq 16
  [aml] step 80/240 | loss 1.8948 (avg 3.3522) | lr 0.002494 | seq 16
  [aml] step 90/240 | loss 1.3118 (avg 3.2868) | lr 0.002494 | seq 16
  [aml] step 100/240 | loss 1.5625 (avg 3.2130) | lr 0.002494 | seq 16
  [aml] step 110/240 | loss 4.2860 (avg 3.2359) | lr 0.002494 | seq 16
  [aml] step 120/240 | loss 4.3817 (avg 3.1790) | lr 0.002494 | seq 16
  [aml] step 130/240 | loss 1.6745 (avg 3.1083) | lr 0.002494 | seq 16
  [aml] step 140/240 | loss 4.2165 (avg 3.1263) | lr 0.002494 | seq 16
  [aml] step 150/240 | loss 3.7589 (avg 3.1416) | lr 0.002494 | seq 16
  [aml] step 160/240 | loss 1.4813 (avg 3.1427) | lr 0.002494 | seq 16
  [aml] step 170/240 | loss 1.7295 (avg 3.1245) | lr 0.002494 | seq 16
  [aml] step 180/240 | loss 3.5436 (avg 3.1106) | lr 0.002494 | seq 16
  [aml] step 190/240 | loss 1.4881 (avg 3.0670) | lr 0.002494 | seq 16
  [aml] step 200/240 | loss 1.9739 (avg 3.0735) | lr 0.002493 | seq 16
  [aml] step 210/240 | loss 4.5193 (avg 3.0656) | lr 0.002493 | seq 16
  [aml] step 220/240 | loss 1.3343 (avg 3.0321) | lr 0.002493 | seq 16
  [aml] step 230/240 | loss 1.5914 (avg 3.0180) | lr 0.002493 | seq 16
[aml] training complete: 240 steps, avg loss 3.0279 (memory freed)
  [aml] step 0/240 | loss 1.7105 (avg 1.7105) | lr 0.002493 | seq 32
  [aml] step 10/240 | loss 0.9307 (avg 1.8579) | lr 0.002493 | seq 32
  [aml] step 20/240 | loss 4.2396 (avg 2.6950) | lr 0.002493 | seq 32
  [aml] step 30/240 | loss 3.9312 (avg 2.7758) | lr 0.002493 | seq 32
  [aml] step 40/240 | loss 0.9913 (avg 2.9036) | lr 0.002493 | seq 32
  [aml] step 50/240 | loss 0.6546 (avg 2.8216) | lr 0.002493 | seq 32
  [aml] step 60/240 | loss 4.0444 (avg 2.7838) | lr 0.002493 | seq 32
  [aml] step 70/240 | loss 1.0783 (avg 2.7159) | lr 0.002493 | seq 32
  [aml] step 80/240 | loss 4.9372 (avg 2.7807) | lr 0.002492 | seq 32
  [aml] step 90/240 | loss 3.9743 (avg 2.8057) | lr 0.002492 | seq 32
  [aml] step 100/240 | loss 3.6890 (avg 2.8099) | lr 0.002492 | seq 32
  [aml] step 110/240 | loss 0.7274 (avg 2.7629) | lr 0.002492 | seq 32
  [aml] step 120/240 | loss 3.5846 (avg 2.7639) | lr 0.002492 | seq 32
  [aml] step 130/240 | loss 3.5972 (avg 2.7535) | lr 0.002492 | seq 32
  [aml] step 140/240 | loss 3.9824 (avg 2.7861) | lr 0.002492 | seq 32
  [aml] step 150/240 | loss 0.9101 (avg 2.7391) | lr 0.002492 | seq 32
  [aml] step 160/240 | loss 3.7152 (avg 2.7279) | lr 0.002492 | seq 32
  [aml] step 170/240 | loss 0.4710 (avg 2.7084) | lr 0.002492 | seq 32
  [aml] step 180/240 | loss 0.7913 (avg 2.6686) | lr 0.002492 | seq 32
  [aml] step 190/240 | loss 0.9571 (avg 2.6223) | lr 0.002492 | seq 32
  [aml] step 200/240 | loss 3.9850 (avg 2.6076) | lr 0.002491 | seq 32
  [aml] step 210/240 | loss 3.3576 (avg 2.5920) | lr 0.002491 | seq 32
  [aml] step 220/240 | loss 1.2888 (avg 2.5788) | lr 0.002491 | seq 32
  [aml] step 230/240 | loss 3.7219 (avg 2.6011) | lr 0.002491 | seq 32
[aml] training complete: 240 steps, avg loss 2.5868 (memory freed)

[stage 2 — child] What it sounds like now:
  Q: Hello.
  A: Th — a flat clay on the lesson of the geology?
  Q: Who are you?
  A: ...
  Q: What do you know?
  A: ...

[init] Warmup complete at stage 2. Organism ready.
[ecology] First organism in the swarm.
molequla is alive. [evolution] Autonomous mode — background trainer running. Ctrl+C to stop.
[dna] earth wrote 136 bytes to ecology
[dna] earth wrote 62 bytes to ecology
[dna] earth wrote 43 bytes to ecology
[dna] earth wrote 56 bytes to ecology
[dna] earth wrote 62 bytes to ecology
[dna] earth wrote 122 bytes to ecology
[dna] earth wrote 66 bytes to ecology
[dna] earth wrote 48 bytes to ecology
[dna] earth wrote 96 bytes to ecology
[dna] earth wrote 47 bytes to ecology
[dna] earth wrote 38 bytes to ecology
[dna] earth wrote 50 bytes to ecology
[dna] earth wrote 36 bytes to ecology
[dna] earth wrote 39 bytes to ecology
[dna] earth wrote 122 bytes to ecology
[dna] earth wrote 190 bytes to ecology
[dna] earth wrote 284 bytes to ecology
[debug-onto] tick=50 corpus=173643 stage=2 freeze=0
[dna] earth wrote 47 bytes to ecology
[dna] earth wrote 63 bytes to ecology
[dna] earth wrote 140 bytes to ecology
[dna] earth wrote 62 bytes to ecology
[dna] earth wrote 32 bytes to ecology
[dna] earth wrote 85 bytes to ecology
[dna] earth wrote 176 bytes to ecology
[dna] earth wrote 160 bytes to ecology
[dna] earth wrote 52 bytes to ecology
[dna] earth wrote 20 bytes to ecology
[dna] earth wrote 75 bytes to ecology
[dna] earth wrote 74 bytes to ecology
[dna] earth wrote 157 bytes to ecology
[dna] earth wrote 30 bytes to ecology
[dna] earth wrote 84 bytes to ecology
[dna] earth wrote 99 bytes to ecology
[dna] earth wrote 101 bytes to ecology
[debug-onto] tick=100 corpus=173643 stage=2 freeze=0
[dna] earth wrote 104 bytes to ecology
[dna] earth wrote 231 bytes to ecology
[dna] earth wrote 45 bytes to ecology
[dna] earth wrote 31 bytes to ecology
[dna] earth wrote 52 bytes to ecology
[dna] earth wrote 90 bytes to ecology
[dna] earth wrote 27 bytes to ecology
[dna] earth wrote 58 bytes to ecology
[dna] earth wrote 7 bytes to ecology
[dna] earth wrote 312 bytes to ecology
[dna] earth wrote 93 bytes to ecology
[dna] earth wrote 31 bytes to ecology
[dna] earth wrote 45 bytes to ecology
[dna] earth wrote 50 bytes to ecology
[dna] earth wrote 55 bytes to ecology
[dna] earth wrote 113 bytes to ecology
[debug-onto] tick=150 corpus=173643 stage=2 freeze=0
[dna] earth wrote 35 bytes to ecology
[dna] earth wrote 208 bytes to ecology
[dna] earth wrote 53 bytes to ecology
[dna] earth wrote 186 bytes to ecology
[dna] earth wrote 123 bytes to ecology
[dna] earth wrote 41 bytes to ecology
[dna] earth wrote 93 bytes to ecology
[dna] earth wrote 270 bytes to ecology
[dna] earth wrote 46 bytes to ecology
[dna] earth wrote 82 bytes to ecology
[dna] earth wrote 56 bytes to ecology
[dna] earth wrote 52 bytes to ecology
[dna] earth wrote 78 bytes to ecology
[dna] earth wrote 82 bytes to ecology
[dna] earth wrote 86 bytes to ecology
[dna] earth wrote 170 bytes to ecology
[dna] earth wrote 29 bytes to ecology
[debug-onto] tick=200 corpus=173643 stage=2 freeze=0
[dna] earth wrote 41 bytes to ecology
[dna] earth wrote 88 bytes to ecology
[dna] earth wrote 49 bytes to ecology
[dna] earth wrote 45 bytes to ecology
[dna] earth wrote 88 bytes to ecology
[dna] earth wrote 56 bytes to ecology
[dna] earth wrote 49 bytes to ecology
[dna] earth wrote 161 bytes to ecology
[dna] earth wrote 74 bytes to ecology
[dna] earth wrote 37 bytes to ecology
[dna] earth wrote 48 bytes to ecology
[dna] earth wrote 13 bytes to ecology
[dna] earth wrote 46 bytes to ecology
[dna] earth wrote 142 bytes to ecology
[dna] earth wrote 72 bytes to ecology
[debug-onto] tick=250 corpus=173643 stage=2 freeze=0
[dna] earth wrote 68 bytes to ecology
[dna] earth wrote 60 bytes to ecology
[dna] earth wrote 49 bytes to ecology
[dna] earth wrote 40 bytes to ecology
[dna] earth wrote 97 bytes to ecology
[dna] earth wrote 90 bytes to ecology
[dna] earth wrote 156 bytes to ecology
[dna] earth wrote 65 bytes to ecology
[dna] earth wrote 72 bytes to ecology
[dna] earth wrote 44 bytes to ecology
[dna] earth wrote 41 bytes to ecology
[dna] earth wrote 126 bytes to ecology
[dna] earth wrote 23 bytes to ecology
[dna] earth wrote 53 bytes to ecology
[dna] earth wrote 215 bytes to ecology
[dna] earth wrote 42 bytes to ecology
[debug-onto] tick=300 corpus=173643 stage=2 freeze=0
[dna] earth wrote 184 bytes to ecology
[dna] earth wrote 93 bytes to ecology
[dna] earth wrote 36 bytes to ecology
[dna] earth wrote 68 bytes to ecology
[dna] earth wrote 31 bytes to ecology
[dna] earth wrote 79 bytes to ecology
[dna] earth wrote 102 bytes to ecology
[dna] earth wrote 32 bytes to ecology
[dna] earth wrote 67 bytes to ecology
[dna] earth wrote 50 bytes to ecology
[dna] earth wrote 101 bytes to ecology
[dna] earth wrote 173 bytes to ecology
[dna] earth wrote 50 bytes to ecology
[dna] earth wrote 59 bytes to ecology
[dna] earth wrote 53 bytes to ecology
[dna] earth wrote 64 bytes to ecology
[dna] earth wrote 50 bytes to ecology
[debug-onto] tick=350 corpus=173643 stage=2 freeze=0
[dna] earth wrote 22 bytes to ecology
[dna] earth wrote 34 bytes to ecology
[dna] earth wrote 84 bytes to ecology
[dna] earth wrote 36 bytes to ecology
[dna] earth wrote 146 bytes to ecology
[dna] earth wrote 125 bytes to ecology
[dna] earth wrote 28 bytes to ecology
[dna] earth wrote 27 bytes to ecology
[dna] earth wrote 41 bytes to ecology
[dna] earth wrote 58 bytes to ecology
[dna] earth wrote 67 bytes to ecology
[dna] earth wrote 33 bytes to ecology
[dna] earth wrote 18 bytes to ecology
[dna] earth wrote 117 bytes to ecology
[dna] earth wrote 34 bytes to ecology
[dna] earth wrote 61 bytes to ecology
[dna] earth wrote 192 bytes to ecology
[debug-onto] tick=400 corpus=173643 stage=2 freeze=0
[dna] earth wrote 89 bytes to ecology
[dna] earth wrote 138 bytes to ecology
[dna] earth wrote 33 bytes to ecology
[dna] earth wrote 36 bytes to ecology
[dna] earth wrote 48 bytes to ecology
[dna] earth wrote 78 bytes to ecology
[dna] earth wrote 72 bytes to ecology
[dna] earth wrote 130 bytes to ecology
[dna] earth wrote 53 bytes to ecology
[dna] earth wrote 14 bytes to ecology
[dna] earth wrote 51 bytes to ecology
[dna] earth wrote 16 bytes to ecology
[dna] earth wrote 57 bytes to ecology
[dna] earth wrote 118 bytes to ecology
[dna] earth wrote 32 bytes to ecology
[dna] earth wrote 57 bytes to ecology
[debug-onto] tick=450 corpus=173643 stage=2 freeze=0
[dna] earth wrote 39 bytes to ecology
[dna] earth wrote 91 bytes to ecology
[dna] earth wrote 95 bytes to ecology
[dna] earth wrote 37 bytes to ecology
[dna] earth wrote 26 bytes to ecology
[dna] earth wrote 41 bytes to ecology
[dna] earth wrote 13 bytes to ecology
[dna] earth wrote 39 bytes to ecology
[dna] earth wrote 130 bytes to ecology
[dna] earth wrote 36 bytes to ecology
[dna] earth wrote 35 bytes to ecology
[dna] earth wrote 20 bytes to ecology
[dna] earth wrote 24 bytes to ecology
[dna] earth wrote 88 bytes to ecology
[dna] earth wrote 51 bytes to ecology
[dna] earth wrote 28 bytes to ecology
[dna] earth wrote 38 bytes to ecology
[debug-onto] tick=500 corpus=173643 stage=2 freeze=0
[dna] earth wrote 34 bytes to ecology
[dna] earth wrote 93 bytes to ecology
[dna] earth wrote 40 bytes to ecology
[dna] earth wrote 121 bytes to ecology
[dna] earth wrote 269 bytes to ecology
[dna] earth wrote 56 bytes to ecology
[dna] earth wrote 101 bytes to ecology
[dna] earth wrote 6 bytes to ecology
[dna] earth wrote 58 bytes to ecology
[dna] earth wrote 12 bytes to ecology
[dna] earth wrote 66 bytes to ecology
[dna] earth wrote 149 bytes to ecology
[dna] earth wrote 183 bytes to ecology
[dna] earth wrote 20 bytes to ecology
[dna] earth wrote 20 bytes to ecology
[dna] earth wrote 59 bytes to ecology
[dna] earth wrote 109 bytes to ecology
[debug-onto] tick=550 corpus=173643 stage=2 freeze=0
[dna] earth wrote 98 bytes to ecology
[dna] earth wrote 123 bytes to ecology
[dna] earth wrote 132 bytes to ecology
[dna] earth wrote 311 bytes to ecology
[dna] earth wrote 77 bytes to ecology
[dna] earth wrote 30 bytes to ecology
[dna] earth wrote 125 bytes to ecology
[dna] earth wrote 68 bytes to ecology
[dna] earth wrote 93 bytes to ecology
[dna] earth wrote 30 bytes to ecology
[dna] earth wrote 22 bytes to ecology
[dna] earth wrote 36 bytes to ecology
[dna] earth wrote 84 bytes to ecology
[dna] earth wrote 261 bytes to ecology
[dna] earth wrote 110 bytes to ecology
[dna] earth wrote 78 bytes to ecology
[debug-onto] tick=600 corpus=173643 stage=2 freeze=0
[dna] earth wrote 91 bytes to ecology
[dna] earth wrote 102 bytes to ecology
[dna] earth wrote 122 bytes to ecology
[dna] earth wrote 27 bytes to ecology
[dna] earth wrote 64 bytes to ecology
[dna] earth wrote 128 bytes to ecology
[dna] earth wrote 75 bytes to ecology
[dna] earth wrote 105 bytes to ecology
[dna] earth wrote 57 bytes to ecology
[dna] earth wrote 117 bytes to ecology
[dna] earth wrote 88 bytes to ecology
[dna] earth wrote 72 bytes to ecology
[dna] earth wrote 27 bytes to ecology
[dna] earth wrote 65 bytes to ecology
[dna] earth wrote 205 bytes to ecology
[dna] earth wrote 122 bytes to ecology
[dna] earth wrote 269 bytes to ecology
[debug-onto] tick=650 corpus=173643 stage=2 freeze=0
[dna] earth wrote 62 bytes to ecology
[dna] earth wrote 36 bytes to ecology
[dna] earth wrote 89 bytes to ecology
[dna] earth wrote 61 bytes to ecology
[dna] earth wrote 82 bytes to ecology
[dna] earth wrote 105 bytes to ecology
[dna] earth wrote 29 bytes to ecology
[dna] earth wrote 299 bytes to ecology
[dna] earth wrote 135 bytes to ecology
[dna] earth wrote 26 bytes to ecology
[dna] earth wrote 31 bytes to ecology

[evolution] Organism shutting down gracefully.
