[ecology] Element: fire → corpus: nonames_fire.txt
[evolution] Autonomous evolution mode — organism will grow through all stages without pause.
[ecology] Joined swarm. 1 peer(s) detected.
molequla is alive. [evolution] Autonomous mode — background trainer running. Ctrl+C to stop.
[dna] fire wrote 31 bytes to ecology
[dna] fire consumed 22018 bytes from 407 files: [water/gen_1775492627_1.txt water/gen_1775492638_2.txt water/gen_1775492644_4.txt water/gen_1775492647_5.txt water/gen_1775492653_7.txt water/gen_1775492655_8.txt water/gen_1775492661_10.txt water/gen_1775492664_11.txt water/gen_1775492670_13.txt water/gen_1775492673_14.txt water/gen_1775492679_16.txt water/gen_1775492682_17.txt water/gen_1775492688_19.txt water/gen_1775492691_20.txt water/gen_1775492696_22.txt water/gen_1775492699_23.txt water/gen_1775492705_25.txt water/gen_1775492708_26.txt water/gen_1775492714_28.txt water/gen_1775492717_29.txt water/gen_1775492723_31.txt water/gen_1775492726_32.txt water/gen_1775492732_34.txt water/gen_1775492735_35.txt water/gen_1775492741_37.txt water/gen_1775492744_38.txt water/gen_1775492750_40.txt water/gen_1775492753_41.txt water/gen_1775492758_43.txt water/gen_1775492761_44.txt water/gen_1775492767_46.txt water/gen_1775492770_47.txt water/gen_1775492776_49.txt water/gen_1775492779_50.txt water/gen_1775492785_52.txt water/gen_1775492788_53.txt water/gen_1775492793_55.txt water/gen_1775492796_56.txt water/gen_1775492802_58.txt water/gen_1775492805_59.txt water/gen_1775492811_61.txt water/gen_1775492814_62.txt water/gen_1775492820_64.txt water/gen_1775492823_65.txt water/gen_1775492828_67.txt water/gen_1775492831_68.txt water/gen_1775492837_70.txt water/gen_1775492840_71.txt water/gen_1775492846_73.txt water/gen_1775492849_74.txt water/gen_1775492855_76.txt water/gen_1775492857_77.txt water/gen_1775492863_79.txt water/gen_1775492866_80.txt water/gen_1775492872_82.txt water/gen_1775492875_83.txt water/gen_1775492881_85.txt water/gen_1775492884_86.txt water/gen_1775492889_88.txt water/gen_1775492892_89.txt water/gen_1775492898_91.txt water/gen_1775492901_92.txt water/gen_1775492907_94.txt water/gen_1775492910_95.txt water/gen_1775492916_97.txt water/gen_1775492919_98.txt water/gen_1775492925_100.txt water/gen_1775492928_101.txt water/gen_1775492934_103.txt water/gen_1775492937_104.txt water/gen_1775492942_106.txt water/gen_1775492945_107.txt water/gen_1775492951_109.txt water/gen_1775492954_110.txt water/gen_1775492960_112.txt water/gen_1775492963_113.txt water/gen_1775492969_115.txt water/gen_1775492972_116.txt water/gen_1775492978_118.txt water/gen_1775492981_119.txt water/gen_1775492987_121.txt water/gen_1775492990_122.txt water/gen_1775492996_124.txt water/gen_1775492998_125.txt water/gen_1775493004_127.txt water/gen_1775493007_128.txt water/gen_1775493013_130.txt water/gen_1775493016_131.txt water/gen_1775493022_133.txt water/gen_1775493025_134.txt water/gen_1775493031_136.txt water/gen_1775493034_137.txt water/gen_1775493040_139.txt water/gen_1775493043_140.txt water/gen_1775493049_142.txt water/gen_1775493057_145.txt water/gen_1775493060_146.txt water/gen_1775493066_148.txt water/gen_1775493069_149.txt water/gen_1775493075_151.txt water/gen_1775493078_152.txt water/gen_1775493084_154.txt water/gen_1775493087_155.txt water/gen_1775493093_157.txt water/gen_1775493095_158.txt water/gen_1775493101_160.txt water/gen_1775493104_161.txt water/gen_1775493110_163.txt water/gen_1775493113_164.txt water/gen_1775493119_166.txt water/gen_1775493122_167.txt water/gen_1775493128_169.txt water/gen_1775493130_170.txt water/gen_1775493136_172.txt water/gen_1775493139_173.txt water/gen_1775493145_175.txt water/gen_1775493148_176.txt water/gen_1775493154_178.txt water/gen_1775493157_179.txt water/gen_1775493163_181.txt water/gen_1775493165_182.txt water/gen_1775493171_184.txt water/gen_1775493174_185.txt water/gen_1775493180_187.txt water/gen_1775493183_188.txt water/gen_1775493189_190.txt water/gen_1775493192_191.txt water/gen_1775493197_193.txt water/gen_1775493200_194.txt water/gen_1775493206_196.txt water/gen_1775493209_197.txt water/gen_1775493215_199.txt water/gen_1775493218_200.txt water/gen_1775493224_202.txt water/gen_1775493227_203.txt water/gen_1775493232_205.txt water/gen_1775493235_206.txt water/gen_1775493241_208.txt water/gen_1775493244_209.txt water/gen_1775493250_211.txt water/gen_1775493253_212.txt water/gen_1775493259_214.txt water/gen_1775493262_215.txt water/gen_1775493268_217.txt water/gen_1775493270_218.txt water/gen_1775493276_220.txt water/gen_1775493279_221.txt water/gen_1775493285_223.txt water/gen_1775493288_224.txt water/gen_1775493294_226.txt water/gen_1775493297_227.txt water/gen_1775493303_229.txt water/gen_1775493306_230.txt water/gen_1775493312_232.txt water/gen_1775493314_233.txt water/gen_1775493320_235.txt water/gen_1775493323_236.txt water/gen_1775493329_238.txt water/gen_1775493332_239.txt water/gen_1775493338_241.txt water/gen_1775493341_242.txt water/gen_1775493347_244.txt water/gen_1775493350_245.txt water/gen_1775493356_247.txt water/gen_1775493359_248.txt water/gen_1775493365_250.txt water/gen_1775493368_251.txt water/gen_1775493374_253.txt water/gen_1775493376_254.txt water/gen_1775493382_256.txt water/gen_1775493385_257.txt water/gen_1775493391_259.txt water/gen_1775493394_260.txt water/gen_1775493400_262.txt water/gen_1775493403_263.txt water/gen_1775493409_265.txt water/gen_1775493412_266.txt water/gen_1775493417_268.txt water/gen_1775493420_269.txt water/gen_1775493426_271.txt water/gen_1775493429_272.txt water/gen_1775493435_274.txt water/gen_1775493438_275.txt water/gen_1775493444_277.txt water/gen_1775493447_278.txt water/gen_1775493453_280.txt water/gen_1775493455_281.txt water/gen_1775493461_283.txt water/gen_1775493464_284.txt water/gen_1775493470_286.txt water/gen_1775493473_287.txt water/gen_1775493479_289.txt water/gen_1775493482_290.txt water/gen_1775493487_292.txt water/gen_1775493490_293.txt water/gen_1775493496_295.txt water/gen_1775493499_296.txt water/gen_1775493505_298.txt water/gen_1775493508_299.txt water/gen_1775493514_301.txt water/gen_1775493517_302.txt water/gen_1775493522_304.txt water/gen_1775493525_305.txt water/gen_1775493531_307.txt water/gen_1775493534_308.txt water/gen_1775493540_310.txt water/gen_1775493543_311.txt water/gen_1775493549_313.txt water/gen_1775493552_314.txt water/gen_1775493557_316.txt water/gen_1775493560_317.txt water/gen_1775493566_319.txt water/gen_1775493569_320.txt water/gen_1775493575_322.txt water/gen_1775493578_323.txt water/gen_1775493584_325.txt water/gen_1775493586_326.txt water/gen_1775493592_328.txt water/gen_1775493595_329.txt water/gen_1775493601_331.txt water/gen_1775493604_332.txt water/gen_1775493610_334.txt water/gen_1775493613_335.txt water/gen_1775493619_337.txt water/gen_1775493622_338.txt water/gen_1775493627_340.txt water/gen_1775493630_341.txt water/gen_1775493636_343.txt water/gen_1775493639_344.txt water/gen_1775493645_346.txt water/gen_1775493648_347.txt water/gen_1775493654_349.txt water/gen_1775493657_350.txt water/gen_1775493662_352.txt water/gen_1775493665_353.txt water/gen_1775493671_355.txt water/gen_1775493674_356.txt water/gen_1775493680_358.txt water/gen_1775493683_359.txt water/gen_1775493689_361.txt water/gen_1775493692_362.txt water/gen_1775493697_364.txt water/gen_1775493700_365.txt water/gen_1775493706_367.txt water/gen_1775493709_368.txt water/gen_1775493715_370.txt water/gen_1775493718_371.txt water/gen_1775493724_373.txt water/gen_1775493727_374.txt water/gen_1775493733_376.txt water/gen_1775493736_377.txt water/gen_1775493741_379.txt water/gen_1775493744_380.txt water/gen_1775493750_382.txt water/gen_1775493753_383.txt water/gen_1775493759_385.txt water/gen_1775493762_386.txt water/gen_1775493768_388.txt water/gen_1775493771_389.txt water/gen_1775493777_391.txt water/gen_1775493780_392.txt water/gen_1775493786_394.txt water/gen_1775493789_395.txt water/gen_1775493795_397.txt water/gen_1775493797_398.txt water/gen_1775493803_400.txt water/gen_1775493806_401.txt water/gen_1775493812_403.txt water/gen_1775493815_404.txt water/gen_1775493821_406.txt water/gen_1775493824_407.txt water/gen_1775493830_409.txt water/gen_1775493833_410.txt water/gen_1775493839_412.txt water/gen_1775493842_413.txt water/gen_1775493848_415.txt water/gen_1775493851_416.txt water/gen_1775493857_418.txt water/gen_1775493860_419.txt water/gen_1775493866_421.txt water/gen_1775493869_422.txt water/gen_1775493875_424.txt water/gen_1775493878_425.txt water/gen_1775493884_427.txt water/gen_1775493887_428.txt water/gen_1775493893_430.txt water/gen_1775493895_431.txt water/gen_1775493901_433.txt water/gen_1775493904_434.txt water/gen_1775493910_436.txt water/gen_1775493913_437.txt water/gen_1775493919_439.txt water/gen_1775493921_440.txt water/gen_1775493927_442.txt water/gen_1775493930_443.txt water/gen_1775493936_445.txt water/gen_1775493939_446.txt water/gen_1775493945_448.txt water/gen_1775493948_449.txt water/gen_1775493954_451.txt water/gen_1775493957_452.txt water/gen_1775493962_454.txt water/gen_1775493965_455.txt water/gen_1775493971_457.txt water/gen_1775493974_458.txt water/gen_1775493980_460.txt water/gen_1775493983_461.txt water/gen_1775493989_463.txt water/gen_1775493992_464.txt water/gen_1775493997_466.txt water/gen_1775494000_467.txt water/gen_1775494006_469.txt water/gen_1775494009_470.txt water/gen_1775494015_472.txt water/gen_1775494018_473.txt water/gen_1775494024_475.txt water/gen_1775494026_476.txt water/gen_1775494032_478.txt water/gen_1775494035_479.txt water/gen_1775494041_481.txt water/gen_1775494044_482.txt water/gen_1775494050_484.txt water/gen_1775494053_485.txt water/gen_1775494059_487.txt water/gen_1775494062_488.txt water/gen_1775494068_490.txt water/gen_1775494071_491.txt water/gen_1775494077_493.txt water/gen_1775494080_494.txt water/gen_1775494085_496.txt water/gen_1775494088_497.txt water/gen_1775494094_499.txt water/gen_1775494097_500.txt water/gen_1775494103_502.txt water/gen_1775494106_503.txt water/gen_1775494112_505.txt water/gen_1775494115_506.txt water/gen_1775494121_508.txt water/gen_1775494124_509.txt water/gen_1775494130_511.txt water/gen_1775494133_512.txt water/gen_1775494138_514.txt water/gen_1775494141_515.txt water/gen_1775494147_517.txt water/gen_1775494150_518.txt water/gen_1775494156_520.txt water/gen_1775494159_521.txt water/gen_1775494165_523.txt water/gen_1775494168_524.txt water/gen_1775494174_526.txt water/gen_1775494177_527.txt water/gen_1775494182_529.txt water/gen_1775494185_530.txt water/gen_1775494191_532.txt water/gen_1775494194_533.txt water/gen_1775494200_535.txt water/gen_1775494203_536.txt water/gen_1775494209_538.txt water/gen_1775494212_539.txt water/gen_1775494218_541.txt water/gen_1775494221_542.txt water/gen_1775494227_544.txt water/gen_1775494230_545.txt water/gen_1775494235_547.txt water/gen_1775494238_548.txt water/gen_1775494244_550.txt water/gen_1775494247_551.txt water/gen_1775494253_553.txt water/gen_1775494256_554.txt water/gen_1775494261_556.txt water/gen_1775494264_557.txt water/gen_1775494270_559.txt water/gen_1775494273_560.txt water/gen_1775494279_562.txt water/gen_1775494282_563.txt water/gen_1775494288_565.txt water/gen_1775494291_566.txt water/gen_1775494296_568.txt water/gen_1775494299_569.txt water/gen_1775494305_571.txt water/gen_1775494308_572.txt water/gen_1775494314_574.txt water/gen_1775494317_575.txt water/gen_1775494323_577.txt water/gen_1775494326_578.txt water/gen_1775494332_580.txt water/gen_1775494335_581.txt water/gen_1775494340_583.txt water/gen_1775494343_584.txt water/gen_1775494349_586.txt water/gen_1775494352_587.txt water/gen_1775494358_589.txt water/gen_1775494361_590.txt water/gen_1775494367_592.txt water/gen_1775494370_593.txt water/gen_1775494376_595.txt water/gen_1775494379_596.txt water/gen_1775494384_598.txt water/gen_1775494387_599.txt water/gen_1775494393_601.txt water/gen_1775494396_602.txt water/gen_1775494402_604.txt water/gen_1775494405_605.txt water/gen_1775494411_607.txt water/gen_1775494414_608.txt water/gen_1775494420_610.txt water/gen_1775494422_611.txt]
[trainer] micro-train burst (22018 bytes, novelty 0.03) — and lo, it feeds again.
[syntropy] action=explore | trend=0.0000 | field_dev=0.067 | purpose_align=0.113 | lr_mul=1.30
[aml] burst complete: 32 steps, avg loss 1.9040 (memory freed)
[dna] fire wrote 9 bytes to ecology
[dna] fire wrote 230 bytes to ecology
[dna] fire wrote 95 bytes to ecology
[dna] fire wrote 50 bytes to ecology
[dna] fire wrote 41 bytes to ecology
[dna] fire wrote 63 bytes to ecology
[dna] fire wrote 9 bytes to ecology
[dna] fire wrote 25 bytes to ecology
[dna] fire wrote 58 bytes to ecology
[dna] fire wrote 28 bytes to ecology
[dna] fire wrote 30 bytes to ecology
[dna] fire wrote 62 bytes to ecology
[dna] fire wrote 9 bytes to ecology
[dna] fire wrote 15 bytes to ecology
[dna] fire wrote 130 bytes to ecology
[dna] fire wrote 31 bytes to ecology
[dna] fire wrote 26 bytes to ecology
[dna] fire wrote 9 bytes to ecology
[dna] fire wrote 40 bytes to ecology
[dna] fire wrote 130 bytes to ecology
[dna] fire wrote 35 bytes to ecology
[dna] fire wrote 44 bytes to ecology
[dna] fire wrote 9 bytes to ecology
[dna] fire wrote 41 bytes to ecology
[dna] fire wrote 50 bytes to ecology
[dna] fire wrote 40 bytes to ecology
[dna] fire wrote 37 bytes to ecology
[dna] fire wrote 9 bytes to ecology
[dna] fire wrote 36 bytes to ecology
[dna] fire wrote 22 bytes to ecology
[dna] fire wrote 18 bytes to ecology
[dna] fire wrote 124 bytes to ecology
[dna] fire wrote 9 bytes to ecology
[dna] fire wrote 107 bytes to ecology
[dna] fire wrote 24 bytes to ecology
[dna] fire wrote 127 bytes to ecology
[dna] fire wrote 45 bytes to ecology
[dna] fire wrote 73 bytes to ecology
[dna] fire wrote 9 bytes to ecology
[dna] fire wrote 126 bytes to ecology
[dna] fire wrote 49 bytes to ecology
[dna] fire wrote 29 bytes to ecology
[dna] fire wrote 32 bytes to ecology
[dna] fire wrote 161 bytes to ecology
[dna] fire wrote 9 bytes to ecology
[debug-onto] tick=50 corpus=144325 stage=2 freeze=0
[dna] fire wrote 40 bytes to ecology
[dna] fire wrote 70 bytes to ecology
[dna] fire wrote 42 bytes to ecology
[dna] fire wrote 36 bytes to ecology
[dna] fire wrote 9 bytes to ecology
[dna] fire wrote 78 bytes to ecology
[dna] fire wrote 65 bytes to ecology
[dna] fire wrote 69 bytes to ecology
[dna] fire wrote 24 bytes to ecology
[dna] fire wrote 9 bytes to ecology
[dna] fire wrote 98 bytes to ecology
[dna] fire wrote 100 bytes to ecology
[dna] fire wrote 25 bytes to ecology
[dna] fire wrote 9 bytes to ecology
[dna] fire wrote 50 bytes to ecology
[dna] fire wrote 130 bytes to ecology
[dna] fire wrote 9 bytes to ecology
[dna] fire wrote 55 bytes to ecology
[dna] fire wrote 9 bytes to ecology
[dna] fire wrote 79 bytes to ecology
[dna] fire wrote 179 bytes to ecology
[dna] fire wrote 106 bytes to ecology
[dna] fire wrote 87 bytes to ecology
[dna] fire wrote 9 bytes to ecology
[dna] fire wrote 39 bytes to ecology
[dna] fire wrote 72 bytes to ecology
[dna] fire wrote 71 bytes to ecology
[dna] fire wrote 47 bytes to ecology
[dna] fire wrote 9 bytes to ecology
[dna] fire wrote 72 bytes to ecology
[dna] fire wrote 50 bytes to ecology
[dna] fire wrote 87 bytes to ecology
[dna] fire wrote 48 bytes to ecology
[dna] fire wrote 27 bytes to ecology
[dna] fire wrote 68 bytes to ecology
[dna] fire wrote 114 bytes to ecology
[dna] fire wrote 177 bytes to ecology
[dna] fire wrote 21 bytes to ecology
[dna] fire wrote 9 bytes to ecology
[dna] fire wrote 38 bytes to ecology
[dna] fire wrote 66 bytes to ecology
[debug-onto] tick=100 corpus=144325 stage=2 freeze=0
[dna] fire wrote 31 bytes to ecology
[dna] fire wrote 108 bytes to ecology
[dna] fire wrote 9 bytes to ecology
[dna] fire wrote 111 bytes to ecology
[dna] fire wrote 87 bytes to ecology
[dna] fire wrote 208 bytes to ecology
[dna] fire wrote 67 bytes to ecology
[dna] fire wrote 9 bytes to ecology
[dna] fire wrote 67 bytes to ecology
[dna] fire wrote 205 bytes to ecology
[dna] fire wrote 14 bytes to ecology
[dna] fire wrote 90 bytes to ecology
[dna] fire wrote 9 bytes to ecology
[dna] fire wrote 99 bytes to ecology
[dna] fire wrote 53 bytes to ecology
[dna] fire wrote 20 bytes to ecology
[dna] fire wrote 33 bytes to ecology
[dna] fire wrote 9 bytes to ecology
[dna] fire wrote 104 bytes to ecology
[dna] fire wrote 96 bytes to ecology
[dna] fire wrote 46 bytes to ecology
[dna] fire wrote 75 bytes to ecology
[dna] fire wrote 9 bytes to ecology
[dna] fire wrote 54 bytes to ecology
[dna] fire wrote 63 bytes to ecology
[dna] fire wrote 89 bytes to ecology
[dna] fire wrote 77 bytes to ecology
[dna] fire wrote 49 bytes to ecology
[dna] fire wrote 9 bytes to ecology
[dna] fire wrote 9 bytes to ecology
[dna] fire wrote 117 bytes to ecology
[dna] fire wrote 34 bytes to ecology
[dna] fire wrote 187 bytes to ecology
[dna] fire wrote 39 bytes to ecology
[dna] fire wrote 9 bytes to ecology
[dna] fire wrote 40 bytes to ecology
[dna] fire wrote 59 bytes to ecology
[dna] fire wrote 29 bytes to ecology
[dna] fire wrote 18 bytes to ecology
[dna] fire wrote 9 bytes to ecology
[dna] fire wrote 8 bytes to ecology
[dna] fire wrote 56 bytes to ecology
[debug-onto] tick=150 corpus=144325 stage=2 freeze=0
[dna] fire wrote 34 bytes to ecology
[dna] fire wrote 9 bytes to ecology
[dna] fire wrote 51 bytes to ecology
[dna] fire wrote 48 bytes to ecology
[dna] fire wrote 36 bytes to ecology
[dna] fire wrote 73 bytes to ecology
[dna] fire wrote 9 bytes to ecology
[dna] fire wrote 34 bytes to ecology
[dna] fire wrote 57 bytes to ecology
[dna] fire wrote 106 bytes to ecology
[dna] fire wrote 59 bytes to ecology
[dna] fire wrote 9 bytes to ecology
[dna] fire wrote 40 bytes to ecology
[dna] fire wrote 82 bytes to ecology
[dna] fire wrote 22 bytes to ecology
[dna] fire wrote 70 bytes to ecology
[dna] fire wrote 25 bytes to ecology
[dna] fire wrote 9 bytes to ecology
[dna] fire wrote 72 bytes to ecology
[dna] fire wrote 28 bytes to ecology
[dna] fire wrote 75 bytes to ecology
[dna] fire wrote 43 bytes to ecology
[dna] fire wrote 137 bytes to ecology
[dna] fire wrote 9 bytes to ecology
[dna] fire wrote 35 bytes to ecology
[dna] fire wrote 231 bytes to ecology
[dna] fire wrote 70 bytes to ecology
[dna] fire wrote 22 bytes to ecology
[dna] fire wrote 24 bytes to ecology
[dna] fire wrote 9 bytes to ecology
[dna] fire wrote 36 bytes to ecology
[dna] fire wrote 142 bytes to ecology
[dna] fire wrote 66 bytes to ecology
[dna] fire wrote 43 bytes to ecology
[dna] fire wrote 9 bytes to ecology
[dna] fire wrote 9 bytes to ecology
[dna] fire wrote 16 bytes to ecology
[dna] fire wrote 42 bytes to ecology
[dna] fire wrote 60 bytes to ecology
[dna] fire wrote 9 bytes to ecology
[dna] fire wrote 29 bytes to ecology
[dna] fire wrote 56 bytes to ecology
[dna] fire wrote 108 bytes to ecology
[dna] fire wrote 10 bytes to ecology
[dna] fire wrote 9 bytes to ecology
[debug-onto] tick=200 corpus=144325 stage=2 freeze=0
[dna] fire wrote 48 bytes to ecology
[dna] fire wrote 52 bytes to ecology
[dna] fire wrote 54 bytes to ecology
[dna] fire wrote 26 bytes to ecology
[dna] fire wrote 9 bytes to ecology
[dna] fire wrote 101 bytes to ecology
[dna] fire wrote 97 bytes to ecology
[dna] fire wrote 14 bytes to ecology
[dna] fire wrote 222 bytes to ecology
[dna] fire wrote 9 bytes to ecology
[dna] fire wrote 105 bytes to ecology
[dna] fire wrote 91 bytes to ecology
[dna] fire wrote 49 bytes to ecology
[dna] fire wrote 119 bytes to ecology
[dna] fire wrote 65 bytes to ecology
[dna] fire wrote 9 bytes to ecology
[dna] fire wrote 49 bytes to ecology
[dna] fire wrote 29 bytes to ecology
[dna] fire wrote 131 bytes to ecology
[dna] fire wrote 54 bytes to ecology
[dna] fire wrote 9 bytes to ecology
[dna] fire wrote 44 bytes to ecology
[dna] fire wrote 23 bytes to ecology
[dna] fire wrote 31 bytes to ecology
[dna] fire wrote 9 bytes to ecology
[dna] fire wrote 68 bytes to ecology
[dna] fire wrote 92 bytes to ecology
[dna] fire wrote 72 bytes to ecology
[dna] fire wrote 34 bytes to ecology
[dna] fire wrote 9 bytes to ecology
[dna] fire wrote 63 bytes to ecology
[dna] fire wrote 46 bytes to ecology
[dna] fire wrote 32 bytes to ecology
[dna] fire wrote 43 bytes to ecology
[dna] fire wrote 9 bytes to ecology
[dna] fire wrote 49 bytes to ecology
[dna] fire wrote 30 bytes to ecology
[dna] fire wrote 33 bytes to ecology
[dna] fire wrote 43 bytes to ecology
[dna] fire wrote 37 bytes to ecology
[dna] fire wrote 9 bytes to ecology
[dna] fire wrote 15 bytes to ecology
[dna] fire wrote 21 bytes to ecology
[debug-onto] tick=250 corpus=144325 stage=2 freeze=0
[dna] fire wrote 72 bytes to ecology
[dna] fire wrote 168 bytes to ecology
[dna] fire wrote 44 bytes to ecology
[dna] fire wrote 9 bytes to ecology
[dna] fire wrote 41 bytes to ecology
[dna] fire wrote 74 bytes to ecology
[dna] fire wrote 39 bytes to ecology
[dna] fire wrote 77 bytes to ecology
[dna] fire wrote 9 bytes to ecology
[dna] fire wrote 23 bytes to ecology
[dna] fire wrote 19 bytes to ecology
[dna] fire wrote 65 bytes to ecology
[dna] fire wrote 41 bytes to ecology
[dna] fire wrote 9 bytes to ecology
[dna] fire wrote 49 bytes to ecology
[dna] fire wrote 50 bytes to ecology
[dna] fire wrote 113 bytes to ecology
[dna] fire wrote 103 bytes to ecology
[dna] fire wrote 9 bytes to ecology
[dna] fire wrote 42 bytes to ecology
[dna] fire wrote 20 bytes to ecology
[dna] fire wrote 73 bytes to ecology
[dna] fire wrote 51 bytes to ecology
[dna] fire wrote 9 bytes to ecology
[dna] fire wrote 127 bytes to ecology
[dna] fire wrote 80 bytes to ecology
[dna] fire wrote 9 bytes to ecology
[dna] fire wrote 82 bytes to ecology
[dna] fire wrote 9 bytes to ecology
[dna] fire wrote 73 bytes to ecology
[dna] fire wrote 27 bytes to ecology
[dna] fire wrote 13 bytes to ecology
[dna] fire wrote 27 bytes to ecology
[dna] fire wrote 61 bytes to ecology
[dna] fire wrote 9 bytes to ecology
[dna] fire wrote 32 bytes to ecology
[dna] fire wrote 43 bytes to ecology
[dna] fire wrote 30 bytes to ecology
[dna] fire wrote 56 bytes to ecology
[dna] fire wrote 9 bytes to ecology
[dna] fire wrote 93 bytes to ecology
[dna] fire wrote 59 bytes to ecology
[dna] fire wrote 62 bytes to ecology
[debug-onto] tick=300 corpus=144325 stage=2 freeze=0
[dna] fire wrote 38 bytes to ecology
[dna] fire wrote 9 bytes to ecology
[dna] fire wrote 84 bytes to ecology
[dna] fire wrote 44 bytes to ecology
[dna] fire wrote 37 bytes to ecology
[dna] fire wrote 55 bytes to ecology
[dna] fire wrote 50 bytes to ecology
[dna] fire wrote 9 bytes to ecology
[dna] fire wrote 38 bytes to ecology
[dna] fire wrote 92 bytes to ecology
[dna] fire wrote 44 bytes to ecology
[dna] fire wrote 53 bytes to ecology
[dna] fire wrote 9 bytes to ecology
[dna] fire wrote 10 bytes to ecology
[dna] fire wrote 34 bytes to ecology
[dna] fire wrote 43 bytes to ecology
[dna] fire wrote 8 bytes to ecology
[dna] fire wrote 28 bytes to ecology
[dna] fire wrote 9 bytes to ecology
[dna] fire wrote 18 bytes to ecology
[dna] fire wrote 41 bytes to ecology
[dna] fire wrote 189 bytes to ecology
[dna] fire wrote 69 bytes to ecology
[dna] fire wrote 9 bytes to ecology
[dna] fire wrote 43 bytes to ecology
[dna] fire wrote 66 bytes to ecology
[dna] fire wrote 28 bytes to ecology
[dna] fire wrote 73 bytes to ecology
[dna] fire wrote 42 bytes to ecology
[dna] fire wrote 9 bytes to ecology
[dna] fire wrote 45 bytes to ecology
[dna] fire wrote 62 bytes to ecology
[dna] fire wrote 26 bytes to ecology
[dna] fire wrote 116 bytes to ecology
[dna] fire wrote 9 bytes to ecology
[dna] fire wrote 55 bytes to ecology
[dna] fire wrote 71 bytes to ecology
[dna] fire wrote 59 bytes to ecology
[dna] fire wrote 9 bytes to ecology
[dna] fire wrote 31 bytes to ecology
[dna] fire wrote 60 bytes to ecology
[dna] fire wrote 19 bytes to ecology
[dna] fire wrote 115 bytes to ecology
[dna] fire wrote 9 bytes to ecology
[debug-onto] tick=350 corpus=144325 stage=2 freeze=0
[dna] fire wrote 66 bytes to ecology
[dna] fire wrote 25 bytes to ecology
[dna] fire wrote 23 bytes to ecology
[dna] fire wrote 112 bytes to ecology
[dna] fire wrote 9 bytes to ecology
[dna] fire wrote 74 bytes to ecology
[dna] fire wrote 35 bytes to ecology
[dna] fire wrote 180 bytes to ecology
[dna] fire wrote 55 bytes to ecology
[dna] fire wrote 9 bytes to ecology
[dna] fire wrote 48 bytes to ecology
[dna] fire wrote 76 bytes to ecology
[dna] fire wrote 10 bytes to ecology
[dna] fire wrote 54 bytes to ecology
[dna] fire wrote 64 bytes to ecology
[dna] fire wrote 9 bytes to ecology
[dna] fire wrote 37 bytes to ecology
[dna] fire wrote 65 bytes to ecology
[dna] fire wrote 28 bytes to ecology
[dna] fire wrote 9 bytes to ecology
[dna] fire wrote 46 bytes to ecology
[dna] fire wrote 60 bytes to ecology
[dna] fire wrote 18 bytes to ecology
[dna] fire wrote 46 bytes to ecology
[dna] fire wrote 93 bytes to ecology
[dna] fire wrote 9 bytes to ecology
[dna] fire wrote 11 bytes to ecology
[dna] fire wrote 31 bytes to ecology
[dna] fire wrote 38 bytes to ecology
[dna] fire wrote 37 bytes to ecology
[dna] fire wrote 9 bytes to ecology
[dna] fire wrote 14 bytes to ecology
[dna] fire wrote 129 bytes to ecology
[dna] fire wrote 60 bytes to ecology
[dna] fire wrote 50 bytes to ecology
[dna] fire wrote 133 bytes to ecology
[dna] fire wrote 9 bytes to ecology
[dna] fire wrote 33 bytes to ecology
[dna] fire wrote 36 bytes to ecology
[dna] fire wrote 43 bytes to ecology
[dna] fire wrote 50 bytes to ecology
[dna] fire wrote 69 bytes to ecology
[dna] fire wrote 9 bytes to ecology
[dna] fire wrote 42 bytes to ecology
[dna] fire wrote 75 bytes to ecology
[debug-onto] tick=400 corpus=144325 stage=2 freeze=0
[dna] fire wrote 102 bytes to ecology
[dna] fire wrote 69 bytes to ecology
[dna] fire wrote 82 bytes to ecology
[dna] fire wrote 177 bytes to ecology
[dna] fire wrote 62 bytes to ecology
[dna] fire wrote 86 bytes to ecology
[dna] fire wrote 124 bytes to ecology
[dna] fire wrote 9 bytes to ecology
[dna] fire wrote 197 bytes to ecology
[dna] fire wrote 45 bytes to ecology
[dna] fire wrote 92 bytes to ecology
[dna] fire wrote 40 bytes to ecology
[dna] fire wrote 9 bytes to ecology
[dna] fire wrote 65 bytes to ecology
[dna] fire wrote 23 bytes to ecology
[dna] fire wrote 31 bytes to ecology
[dna] fire wrote 40 bytes to ecology
[dna] fire wrote 9 bytes to ecology
[dna] fire wrote 70 bytes to ecology
[dna] fire wrote 54 bytes to ecology
[dna] fire wrote 49 bytes to ecology
[dna] fire wrote 41 bytes to ecology
[dna] fire wrote 115 bytes to ecology
[dna] fire wrote 9 bytes to ecology
[dna] fire wrote 42 bytes to ecology
[dna] fire wrote 43 bytes to ecology
[dna] fire wrote 78 bytes to ecology
[dna] fire wrote 68 bytes to ecology
[dna] fire wrote 9 bytes to ecology
[dna] fire wrote 48 bytes to ecology
[dna] fire wrote 49 bytes to ecology
[dna] fire wrote 21 bytes to ecology
[dna] fire wrote 38 bytes to ecology
[dna] fire wrote 9 bytes to ecology
[dna] fire wrote 103 bytes to ecology
[dna] fire wrote 64 bytes to ecology
[dna] fire wrote 42 bytes to ecology
[dna] fire wrote 23 bytes to ecology
[dna] fire wrote 9 bytes to ecology
[dna] fire wrote 74 bytes to ecology
[dna] fire wrote 18 bytes to ecology
[dna] fire wrote 51 bytes to ecology
[debug-onto] tick=450 corpus=144325 stage=2 freeze=0
[dna] fire wrote 61 bytes to ecology
[dna] fire wrote 9 bytes to ecology
[dna] fire wrote 28 bytes to ecology
[dna] fire wrote 48 bytes to ecology
[dna] fire wrote 38 bytes to ecology
[dna] fire wrote 28 bytes to ecology
[dna] fire wrote 9 bytes to ecology
[dna] fire wrote 22 bytes to ecology
[dna] fire wrote 27 bytes to ecology
[dna] fire wrote 55 bytes to ecology
[dna] fire wrote 27 bytes to ecology
[dna] fire wrote 9 bytes to ecology
[dna] fire wrote 83 bytes to ecology
[dna] fire wrote 61 bytes to ecology
[dna] fire wrote 59 bytes to ecology
[dna] fire wrote 148 bytes to ecology
[dna] fire wrote 9 bytes to ecology
[dna] fire wrote 43 bytes to ecology
[dna] fire wrote 23 bytes to ecology
[dna] fire wrote 19 bytes to ecology
[dna] fire wrote 31 bytes to ecology
[dna] fire wrote 169 bytes to ecology
[dna] fire wrote 9 bytes to ecology
[dna] fire wrote 46 bytes to ecology
[dna] fire wrote 67 bytes to ecology
[dna] fire wrote 43 bytes to ecology
[dna] fire wrote 32 bytes to ecology
[dna] fire wrote 42 bytes to ecology
[dna] fire wrote 9 bytes to ecology
[dna] fire wrote 58 bytes to ecology
[dna] fire wrote 44 bytes to ecology
[dna] fire wrote 113 bytes to ecology
[dna] fire wrote 53 bytes to ecology
[dna] fire wrote 9 bytes to ecology
[dna] fire wrote 48 bytes to ecology
[dna] fire wrote 42 bytes to ecology
[dna] fire wrote 97 bytes to ecology
[dna] fire wrote 13 bytes to ecology
[dna] fire wrote 83 bytes to ecology
[dna] fire wrote 9 bytes to ecology
[dna] fire wrote 38 bytes to ecology
[dna] fire wrote 71 bytes to ecology
[dna] fire wrote 33 bytes to ecology
[dna] fire wrote 8 bytes to ecology
[dna] fire wrote 26 bytes to ecology
[debug-onto] tick=500 corpus=144325 stage=2 freeze=0
[dna] fire wrote 288 bytes to ecology
[dna] fire wrote 113 bytes to ecology
[dna] fire wrote 53 bytes to ecology
[dna] fire wrote 41 bytes to ecology
[dna] fire wrote 9 bytes to ecology
[dna] fire wrote 168 bytes to ecology
[dna] fire wrote 21 bytes to ecology
[dna] fire wrote 15 bytes to ecology
[dna] fire wrote 14 bytes to ecology
[dna] fire wrote 62 bytes to ecology
[dna] fire wrote 9 bytes to ecology
[dna] fire wrote 49 bytes to ecology
[dna] fire wrote 33 bytes to ecology
[dna] fire wrote 72 bytes to ecology
[dna] fire wrote 80 bytes to ecology
[dna] fire wrote 9 bytes to ecology
[dna] fire wrote 24 bytes to ecology
[dna] fire wrote 18 bytes to ecology
[dna] fire wrote 16 bytes to ecology
[dna] fire wrote 37 bytes to ecology
[dna] fire wrote 34 bytes to ecology
[dna] fire wrote 9 bytes to ecology
[dna] fire wrote 26 bytes to ecology
[dna] fire wrote 84 bytes to ecology
[dna] fire wrote 38 bytes to ecology
[dna] fire wrote 26 bytes to ecology
[dna] fire wrote 44 bytes to ecology
[dna] fire wrote 9 bytes to ecology
[dna] fire wrote 23 bytes to ecology
[dna] fire wrote 72 bytes to ecology
[dna] fire wrote 74 bytes to ecology
[dna] fire wrote 63 bytes to ecology
[dna] fire wrote 154 bytes to ecology
[dna] fire wrote 9 bytes to ecology
[dna] fire wrote 28 bytes to ecology
[dna] fire wrote 33 bytes to ecology
[dna] fire wrote 33 bytes to ecology
[dna] fire wrote 23 bytes to ecology
[dna] fire wrote 9 bytes to ecology
[dna] fire wrote 37 bytes to ecology
[dna] fire wrote 47 bytes to ecology
[dna] fire wrote 25 bytes to ecology
[dna] fire wrote 62 bytes to ecology
[dna] fire wrote 9 bytes to ecology
[dna] fire wrote 22 bytes to ecology
[dna] fire wrote 52 bytes to ecology
[debug-onto] tick=550 corpus=144325 stage=2 freeze=0
[dna] fire wrote 45 bytes to ecology
[dna] fire wrote 71 bytes to ecology
[dna] fire wrote 111 bytes to ecology
[dna] fire wrote 9 bytes to ecology
[dna] fire wrote 167 bytes to ecology
[dna] fire wrote 63 bytes to ecology
[dna] fire wrote 27 bytes to ecology
[dna] fire wrote 70 bytes to ecology
[dna] fire wrote 9 bytes to ecology
[dna] fire wrote 64 bytes to ecology
[dna] fire wrote 19 bytes to ecology
[dna] fire wrote 71 bytes to ecology
[dna] fire wrote 54 bytes to ecology
[dna] fire wrote 9 bytes to ecology
[dna] fire wrote 55 bytes to ecology
[dna] fire wrote 58 bytes to ecology
[dna] fire wrote 43 bytes to ecology
[dna] fire wrote 38 bytes to ecology
[dna] fire wrote 9 bytes to ecology
[dna] fire wrote 103 bytes to ecology
[dna] fire wrote 50 bytes to ecology
[dna] fire wrote 128 bytes to ecology
[dna] fire wrote 8 bytes to ecology
[dna] fire wrote 9 bytes to ecology
[dna] fire wrote 72 bytes to ecology
[dna] fire wrote 115 bytes to ecology
[dna] fire wrote 80 bytes to ecology
[dna] fire wrote 27 bytes to ecology
[dna] fire wrote 9 bytes to ecology
[dna] fire wrote 76 bytes to ecology
[dna] fire wrote 71 bytes to ecology
[dna] fire wrote 43 bytes to ecology
[dna] fire wrote 45 bytes to ecology
[dna] fire wrote 16 bytes to ecology
[dna] fire wrote 9 bytes to ecology
[dna] fire wrote 56 bytes to ecology
[dna] fire wrote 32 bytes to ecology
[dna] fire wrote 41 bytes to ecology
[dna] fire wrote 121 bytes to ecology
[dna] fire wrote 9 bytes to ecology
[dna] fire wrote 25 bytes to ecology
[dna] fire wrote 57 bytes to ecology
[debug-onto] tick=600 corpus=144325 stage=2 freeze=0
[dna] fire wrote 50 bytes to ecology
[dna] fire wrote 9 bytes to ecology
[dna] fire wrote 43 bytes to ecology
[dna] fire wrote 172 bytes to ecology
[dna] fire wrote 68 bytes to ecology
[dna] fire wrote 35 bytes to ecology
[dna] fire wrote 9 bytes to ecology
[dna] fire wrote 36 bytes to ecology
[dna] fire wrote 35 bytes to ecology
[dna] fire wrote 42 bytes to ecology
[dna] fire wrote 37 bytes to ecology
[dna] fire wrote 9 bytes to ecology
[dna] fire wrote 72 bytes to ecology
[dna] fire wrote 37 bytes to ecology
[dna] fire wrote 37 bytes to ecology
[dna] fire wrote 9 bytes to ecology
[dna] fire wrote 34 bytes to ecology
[dna] fire wrote 60 bytes to ecology
[dna] fire wrote 129 bytes to ecology
[dna] fire wrote 202 bytes to ecology
[dna] fire wrote 9 bytes to ecology
[dna] fire wrote 42 bytes to ecology
[dna] fire wrote 42 bytes to ecology
[dna] fire wrote 44 bytes to ecology
[dna] fire wrote 53 bytes to ecology
[dna] fire wrote 67 bytes to ecology
[dna] fire wrote 9 bytes to ecology
[dna] fire wrote 71 bytes to ecology
[dna] fire wrote 36 bytes to ecology
[dna] fire wrote 22 bytes to ecology
[dna] fire wrote 73 bytes to ecology

[evolution] Organism shutting down gracefully.
