[ecology] Element: water → corpus: nonames_water.txt
[evolution] Autonomous evolution mode — organism will grow through all stages without pause.
[ecology] Joined swarm. 1 peer(s) detected.
molequla is alive. [evolution] Autonomous mode — background trainer running. Ctrl+C to stop.
[dna] water wrote 89 bytes to ecology
[dna] water consumed 17014 bytes from 229 files: [air/gen_1775490827_1.txt air/gen_1775490842_4.txt air/gen_1775490850_7.txt air/gen_1775490858_10.txt air/gen_1775490866_13.txt air/gen_1775490874_16.txt air/gen_1775490881_19.txt air/gen_1775490889_22.txt air/gen_1775490897_25.txt air/gen_1775490904_28.txt air/gen_1775490912_31.txt air/gen_1775490920_34.txt air/gen_1775490928_37.txt air/gen_1775490935_40.txt air/gen_1775490943_43.txt air/gen_1775490951_46.txt air/gen_1775490958_49.txt air/gen_1775490966_52.txt air/gen_1775490974_55.txt air/gen_1775490982_58.txt air/gen_1775490989_61.txt air/gen_1775490997_64.txt air/gen_1775491005_67.txt air/gen_1775491013_70.txt air/gen_1775491020_73.txt air/gen_1775491028_76.txt air/gen_1775491036_79.txt air/gen_1775491044_82.txt air/gen_1775491051_85.txt air/gen_1775491059_88.txt air/gen_1775491067_91.txt air/gen_1775491075_94.txt air/gen_1775491083_97.txt air/gen_1775491090_100.txt air/gen_1775491098_103.txt air/gen_1775491106_106.txt air/gen_1775491114_109.txt air/gen_1775491122_112.txt air/gen_1775491129_115.txt air/gen_1775491137_118.txt air/gen_1775491145_121.txt air/gen_1775491153_124.txt air/gen_1775491160_127.txt air/gen_1775491168_130.txt air/gen_1775491176_133.txt air/gen_1775491184_136.txt air/gen_1775491191_139.txt air/gen_1775491199_142.txt air/gen_1775491207_145.txt air/gen_1775491215_148.txt air/gen_1775491222_151.txt air/gen_1775491230_154.txt air/gen_1775491238_157.txt air/gen_1775491246_160.txt air/gen_1775491254_163.txt air/gen_1775491262_166.txt air/gen_1775491269_169.txt air/gen_1775491277_172.txt air/gen_1775491285_175.txt air/gen_1775491293_178.txt air/gen_1775491301_181.txt air/gen_1775491309_184.txt air/gen_1775491316_187.txt air/gen_1775491324_190.txt air/gen_1775491332_193.txt air/gen_1775491340_196.txt air/gen_1775491348_199.txt air/gen_1775491356_202.txt air/gen_1775491364_205.txt air/gen_1775491372_208.txt air/gen_1775491380_211.txt air/gen_1775491387_214.txt air/gen_1775491395_217.txt air/gen_1775491403_220.txt air/gen_1775491411_223.txt air/gen_1775491419_226.txt air/gen_1775491427_229.txt air/gen_1775491434_232.txt air/gen_1775491442_235.txt air/gen_1775491450_238.txt air/gen_1775491458_241.txt air/gen_1775491466_244.txt air/gen_1775491473_247.txt air/gen_1775491481_250.txt air/gen_1775491489_253.txt air/gen_1775491497_256.txt air/gen_1775491505_259.txt air/gen_1775491513_262.txt air/gen_1775491520_265.txt air/gen_1775491528_268.txt air/gen_1775491536_271.txt air/gen_1775491544_274.txt air/gen_1775491552_277.txt air/gen_1775491560_280.txt air/gen_1775491568_283.txt air/gen_1775491575_286.txt air/gen_1775491583_289.txt air/gen_1775491591_292.txt air/gen_1775491599_295.txt air/gen_1775491607_298.txt air/gen_1775491615_301.txt air/gen_1775491623_304.txt air/gen_1775491631_307.txt air/gen_1775491639_310.txt air/gen_1775491647_313.txt air/gen_1775491654_316.txt air/gen_1775491662_319.txt air/gen_1775491670_322.txt air/gen_1775491678_325.txt air/gen_1775491686_328.txt air/gen_1775491693_331.txt air/gen_1775491701_334.txt air/gen_1775491709_337.txt air/gen_1775491717_340.txt air/gen_1775491725_343.txt air/gen_1775491733_346.txt air/gen_1775491740_349.txt air/gen_1775491748_352.txt air/gen_1775491756_355.txt air/gen_1775491764_358.txt air/gen_1775491772_361.txt air/gen_1775491780_364.txt air/gen_1775491788_367.txt air/gen_1775491795_370.txt air/gen_1775491803_373.txt air/gen_1775491811_376.txt air/gen_1775491819_379.txt air/gen_1775491827_382.txt air/gen_1775491835_385.txt air/gen_1775491842_388.txt air/gen_1775491850_391.txt air/gen_1775491858_394.txt air/gen_1775491866_397.txt air/gen_1775491874_400.txt air/gen_1775491881_403.txt air/gen_1775491889_406.txt air/gen_1775491897_409.txt air/gen_1775491905_412.txt air/gen_1775491913_415.txt air/gen_1775491920_418.txt air/gen_1775491928_421.txt air/gen_1775491936_424.txt air/gen_1775491944_427.txt air/gen_1775491952_430.txt air/gen_1775491960_433.txt air/gen_1775491967_436.txt air/gen_1775491975_439.txt air/gen_1775491983_442.txt air/gen_1775491991_445.txt air/gen_1775491998_448.txt air/gen_1775492006_451.txt air/gen_1775492014_454.txt air/gen_1775492022_457.txt air/gen_1775492030_460.txt air/gen_1775492037_463.txt air/gen_1775492045_466.txt air/gen_1775492053_469.txt air/gen_1775492060_472.txt air/gen_1775492068_475.txt air/gen_1775492076_478.txt air/gen_1775492084_481.txt air/gen_1775492091_484.txt air/gen_1775492099_487.txt air/gen_1775492107_490.txt air/gen_1775492114_493.txt air/gen_1775492122_496.txt air/gen_1775492130_499.txt air/gen_1775492138_502.txt air/gen_1775492145_505.txt air/gen_1775492153_508.txt air/gen_1775492161_511.txt air/gen_1775492168_514.txt air/gen_1775492176_517.txt air/gen_1775492184_520.txt air/gen_1775492192_523.txt air/gen_1775492200_526.txt air/gen_1775492207_529.txt air/gen_1775492215_532.txt air/gen_1775492223_535.txt air/gen_1775492231_538.txt air/gen_1775492239_541.txt air/gen_1775492247_544.txt air/gen_1775492254_547.txt air/gen_1775492262_550.txt air/gen_1775492270_553.txt air/gen_1775492278_556.txt air/gen_1775492286_559.txt air/gen_1775492294_562.txt air/gen_1775492302_565.txt air/gen_1775492309_568.txt air/gen_1775492317_571.txt air/gen_1775492325_574.txt air/gen_1775492333_577.txt air/gen_1775492341_580.txt air/gen_1775492349_583.txt air/gen_1775492357_586.txt air/gen_1775492364_589.txt air/gen_1775492372_592.txt air/gen_1775492380_595.txt air/gen_1775492388_598.txt air/gen_1775492396_601.txt air/gen_1775492404_604.txt air/gen_1775492412_607.txt air/gen_1775492420_610.txt air/gen_1775492428_613.txt air/gen_1775492436_616.txt air/gen_1775492444_619.txt air/gen_1775492452_622.txt air/gen_1775492460_625.txt air/gen_1775492468_628.txt air/gen_1775492475_631.txt air/gen_1775492483_634.txt air/gen_1775492491_637.txt air/gen_1775492499_640.txt air/gen_1775492507_643.txt air/gen_1775492515_646.txt air/gen_1775492522_649.txt air/gen_1775492530_652.txt air/gen_1775492538_655.txt air/gen_1775492546_658.txt air/gen_1775492554_661.txt air/gen_1775492561_664.txt air/gen_1775492569_667.txt air/gen_1775492577_670.txt air/gen_1775492585_673.txt air/gen_1775492592_676.txt air/gen_1775492600_679.txt air/gen_1775492608_682.txt air/gen_1775492616_685.txt]
[trainer] micro-train burst (17014 bytes, novelty 0.03) — and lo, it feeds again.
[syntropy] action=explore | trend=0.0000 | field_dev=-0.049 | purpose_align=-0.134 | lr_mul=1.30
[aml] burst complete: 32 steps, avg loss 1.9575 (memory freed)
[trainer] growing new delta module (total: 2) — new soul appended.
[dna] water wrote 9 bytes to ecology
[dna] water wrote 121 bytes to ecology
[dna] water wrote 32 bytes to ecology
[dna] water wrote 166 bytes to ecology
[dna] water wrote 9 bytes to ecology
[dna] water wrote 45 bytes to ecology
[dna] water wrote 85 bytes to ecology
[dna] water wrote 78 bytes to ecology
[dna] water wrote 9 bytes to ecology
[dna] water wrote 30 bytes to ecology
[dna] water wrote 67 bytes to ecology
[dna] water wrote 47 bytes to ecology
[dna] water wrote 9 bytes to ecology
[dna] water wrote 41 bytes to ecology
[dna] water wrote 92 bytes to ecology
[dna] water wrote 38 bytes to ecology
[dna] water wrote 9 bytes to ecology
[dna] water wrote 86 bytes to ecology
[dna] water wrote 19 bytes to ecology
[dna] water wrote 65 bytes to ecology
[dna] water wrote 9 bytes to ecology
[dna] water wrote 57 bytes to ecology
[dna] water wrote 81 bytes to ecology
[dna] water wrote 56 bytes to ecology
[dna] water wrote 9 bytes to ecology
[dna] water wrote 33 bytes to ecology
[dna] water wrote 26 bytes to ecology
[dna] water wrote 46 bytes to ecology
[dna] water wrote 9 bytes to ecology
[dna] water wrote 38 bytes to ecology
[dna] water wrote 66 bytes to ecology
[dna] water wrote 15 bytes to ecology
[dna] water wrote 9 bytes to ecology
[debug-onto] tick=50 corpus=142940 stage=2 freeze=0
[dna] water wrote 35 bytes to ecology
[dna] water wrote 47 bytes to ecology
[dna] water wrote 117 bytes to ecology
[dna] water wrote 9 bytes to ecology
[dna] water wrote 36 bytes to ecology
[dna] water wrote 130 bytes to ecology
[dna] water wrote 94 bytes to ecology
[dna] water wrote 9 bytes to ecology
[dna] water wrote 40 bytes to ecology
[dna] water wrote 160 bytes to ecology
[dna] water wrote 74 bytes to ecology
[dna] water wrote 9 bytes to ecology
[dna] water wrote 33 bytes to ecology
[dna] water wrote 46 bytes to ecology
[dna] water wrote 77 bytes to ecology
[dna] water wrote 9 bytes to ecology
[dna] water wrote 87 bytes to ecology
[dna] water wrote 20 bytes to ecology
[dna] water wrote 89 bytes to ecology
[dna] water wrote 9 bytes to ecology
[dna] water wrote 178 bytes to ecology
[dna] water wrote 51 bytes to ecology
[dna] water wrote 52 bytes to ecology
[dna] water wrote 9 bytes to ecology
[dna] water wrote 65 bytes to ecology
[dna] water wrote 30 bytes to ecology
[dna] water wrote 65 bytes to ecology
[dna] water wrote 9 bytes to ecology
[dna] water wrote 33 bytes to ecology
[dna] water wrote 69 bytes to ecology
[dna] water wrote 51 bytes to ecology
[dna] water wrote 9 bytes to ecology
[dna] water wrote 47 bytes to ecology
[debug-onto] tick=100 corpus=142940 stage=2 freeze=0
[dna] water wrote 98 bytes to ecology
[dna] water wrote 28 bytes to ecology
[dna] water wrote 9 bytes to ecology
[dna] water wrote 75 bytes to ecology
[dna] water wrote 21 bytes to ecology
[dna] water wrote 99 bytes to ecology
[dna] water wrote 9 bytes to ecology
[dna] water wrote 80 bytes to ecology
[dna] water wrote 64 bytes to ecology
[dna] water wrote 35 bytes to ecology
[dna] water wrote 9 bytes to ecology
[dna] water wrote 37 bytes to ecology
[dna] water wrote 212 bytes to ecology
[dna] water wrote 62 bytes to ecology
[dna] water wrote 9 bytes to ecology
[dna] water wrote 68 bytes to ecology
[dna] water wrote 45 bytes to ecology
[dna] water wrote 46 bytes to ecology
[dna] water wrote 9 bytes to ecology
[dna] water wrote 54 bytes to ecology
[dna] water wrote 82 bytes to ecology
[dna] water wrote 122 bytes to ecology
[dna] water wrote 9 bytes to ecology
[dna] water wrote 234 bytes to ecology
[dna] water wrote 30 bytes to ecology
[dna] water wrote 19 bytes to ecology
[dna] water wrote 9 bytes to ecology
[dna] water wrote 98 bytes to ecology
[dna] water wrote 155 bytes to ecology
[dna] water wrote 9 bytes to ecology
[dna] water wrote 29 bytes to ecology
[dna] water wrote 71 bytes to ecology
[debug-onto] tick=150 corpus=142940 stage=2 freeze=0
[dna] water wrote 48 bytes to ecology
[dna] water wrote 9 bytes to ecology
[dna] water wrote 294 bytes to ecology
[dna] water wrote 65 bytes to ecology
[dna] water wrote 14 bytes to ecology
[dna] water wrote 9 bytes to ecology
[dna] water wrote 35 bytes to ecology
[dna] water wrote 99 bytes to ecology
[dna] water wrote 157 bytes to ecology
[dna] water wrote 9 bytes to ecology
[dna] water wrote 41 bytes to ecology
[dna] water wrote 192 bytes to ecology
[dna] water wrote 40 bytes to ecology
[dna] water wrote 9 bytes to ecology
[dna] water wrote 175 bytes to ecology
[dna] water wrote 54 bytes to ecology
[dna] water wrote 54 bytes to ecology
[dna] water wrote 9 bytes to ecology
[dna] water wrote 155 bytes to ecology
[dna] water wrote 45 bytes to ecology
[dna] water wrote 50 bytes to ecology
[dna] water wrote 9 bytes to ecology
[dna] water wrote 44 bytes to ecology
[dna] water wrote 22 bytes to ecology
[dna] water wrote 39 bytes to ecology
[dna] water wrote 9 bytes to ecology
[dna] water wrote 9 bytes to ecology
[dna] water wrote 21 bytes to ecology
[dna] water wrote 51 bytes to ecology
[dna] water wrote 9 bytes to ecology
[dna] water wrote 64 bytes to ecology
[dna] water wrote 30 bytes to ecology
[dna] water wrote 75 bytes to ecology
[dna] water wrote 9 bytes to ecology
[debug-onto] tick=200 corpus=142940 stage=2 freeze=0
[dna] water wrote 22 bytes to ecology
[dna] water wrote 22 bytes to ecology
[dna] water wrote 34 bytes to ecology
[dna] water wrote 9 bytes to ecology
[dna] water wrote 26 bytes to ecology
[dna] water wrote 89 bytes to ecology
[dna] water wrote 117 bytes to ecology
[dna] water wrote 9 bytes to ecology
[dna] water wrote 31 bytes to ecology
[dna] water wrote 87 bytes to ecology
[dna] water wrote 41 bytes to ecology
[dna] water wrote 9 bytes to ecology
[dna] water wrote 64 bytes to ecology
[dna] water wrote 44 bytes to ecology
[dna] water wrote 61 bytes to ecology
[dna] water wrote 9 bytes to ecology
[dna] water wrote 105 bytes to ecology
[dna] water wrote 80 bytes to ecology
[dna] water wrote 51 bytes to ecology
[dna] water wrote 9 bytes to ecology
[dna] water wrote 79 bytes to ecology
[dna] water wrote 22 bytes to ecology
[dna] water wrote 45 bytes to ecology
[dna] water wrote 9 bytes to ecology
[dna] water wrote 40 bytes to ecology
[dna] water wrote 51 bytes to ecology
[dna] water wrote 80 bytes to ecology
[dna] water wrote 9 bytes to ecology
[dna] water wrote 105 bytes to ecology
[dna] water wrote 155 bytes to ecology
[dna] water wrote 53 bytes to ecology
[dna] water wrote 9 bytes to ecology
[dna] water wrote 53 bytes to ecology
[debug-onto] tick=250 corpus=142940 stage=2 freeze=0
[dna] water wrote 84 bytes to ecology
[dna] water wrote 71 bytes to ecology
[dna] water wrote 9 bytes to ecology
[dna] water wrote 58 bytes to ecology
[dna] water wrote 38 bytes to ecology
[dna] water wrote 35 bytes to ecology
[dna] water wrote 9 bytes to ecology
[dna] water wrote 55 bytes to ecology
[dna] water wrote 49 bytes to ecology
[dna] water wrote 222 bytes to ecology
[dna] water wrote 9 bytes to ecology
[dna] water wrote 29 bytes to ecology
[dna] water wrote 29 bytes to ecology
[dna] water wrote 56 bytes to ecology
[dna] water wrote 9 bytes to ecology
[dna] water wrote 89 bytes to ecology
[dna] water wrote 166 bytes to ecology
[dna] water wrote 82 bytes to ecology
[dna] water wrote 9 bytes to ecology
[dna] water wrote 71 bytes to ecology
[dna] water wrote 33 bytes to ecology
[dna] water wrote 162 bytes to ecology
[dna] water wrote 9 bytes to ecology
[dna] water wrote 160 bytes to ecology
[dna] water wrote 138 bytes to ecology
[dna] water wrote 104 bytes to ecology
[dna] water wrote 9 bytes to ecology
[dna] water wrote 34 bytes to ecology
[dna] water wrote 100 bytes to ecology
[dna] water wrote 87 bytes to ecology
[dna] water wrote 9 bytes to ecology
[dna] water wrote 22 bytes to ecology
[dna] water wrote 48 bytes to ecology
[debug-onto] tick=300 corpus=142940 stage=2 freeze=0
[dna] water wrote 54 bytes to ecology
[dna] water wrote 9 bytes to ecology
[dna] water wrote 86 bytes to ecology
[dna] water wrote 54 bytes to ecology
[dna] water wrote 80 bytes to ecology
[dna] water wrote 9 bytes to ecology
[dna] water wrote 62 bytes to ecology
[dna] water wrote 94 bytes to ecology
[dna] water wrote 134 bytes to ecology
[dna] water wrote 9 bytes to ecology
[dna] water wrote 49 bytes to ecology
[dna] water wrote 25 bytes to ecology
[dna] water wrote 54 bytes to ecology
[dna] water wrote 9 bytes to ecology
[dna] water wrote 22 bytes to ecology
[dna] water wrote 52 bytes to ecology
[dna] water wrote 205 bytes to ecology
[dna] water wrote 9 bytes to ecology
[dna] water wrote 33 bytes to ecology
[dna] water wrote 50 bytes to ecology
[dna] water wrote 104 bytes to ecology
[dna] water wrote 9 bytes to ecology
[dna] water wrote 35 bytes to ecology
[dna] water wrote 19 bytes to ecology
[dna] water wrote 12 bytes to ecology
[dna] water wrote 9 bytes to ecology
[dna] water wrote 29 bytes to ecology
[dna] water wrote 132 bytes to ecology
[dna] water wrote 35 bytes to ecology
[dna] water wrote 9 bytes to ecology
[dna] water wrote 31 bytes to ecology
[dna] water wrote 12 bytes to ecology
[dna] water wrote 81 bytes to ecology
[dna] water wrote 9 bytes to ecology
[debug-onto] tick=350 corpus=142940 stage=2 freeze=0
[dna] water wrote 38 bytes to ecology
[dna] water wrote 44 bytes to ecology
[dna] water wrote 55 bytes to ecology
[dna] water wrote 9 bytes to ecology
[dna] water wrote 40 bytes to ecology
[dna] water wrote 27 bytes to ecology
[dna] water wrote 59 bytes to ecology
[dna] water wrote 9 bytes to ecology
[dna] water wrote 116 bytes to ecology
[dna] water wrote 140 bytes to ecology
[dna] water wrote 56 bytes to ecology
[dna] water wrote 9 bytes to ecology
[dna] water wrote 33 bytes to ecology
[dna] water wrote 110 bytes to ecology
[dna] water wrote 87 bytes to ecology
[dna] water wrote 9 bytes to ecology
[dna] water wrote 31 bytes to ecology
[dna] water wrote 65 bytes to ecology
[dna] water wrote 61 bytes to ecology
[dna] water wrote 9 bytes to ecology
[dna] water wrote 47 bytes to ecology
[dna] water wrote 59 bytes to ecology
[dna] water wrote 46 bytes to ecology
[dna] water wrote 9 bytes to ecology
[dna] water wrote 75 bytes to ecology
[dna] water wrote 72 bytes to ecology
[dna] water wrote 76 bytes to ecology
[dna] water wrote 9 bytes to ecology
[dna] water wrote 50 bytes to ecology
[dna] water wrote 227 bytes to ecology
[dna] water wrote 102 bytes to ecology
[dna] water wrote 9 bytes to ecology
[dna] water wrote 75 bytes to ecology
[debug-onto] tick=400 corpus=142940 stage=2 freeze=0
[dna] water wrote 227 bytes to ecology
[dna] water wrote 58 bytes to ecology
[dna] water wrote 9 bytes to ecology
[dna] water wrote 11 bytes to ecology
[dna] water wrote 30 bytes to ecology
[dna] water wrote 162 bytes to ecology
[dna] water wrote 9 bytes to ecology
[dna] water wrote 35 bytes to ecology
[dna] water wrote 20 bytes to ecology
[dna] water wrote 83 bytes to ecology
[dna] water wrote 9 bytes to ecology
[dna] water wrote 59 bytes to ecology
[dna] water wrote 57 bytes to ecology
[dna] water wrote 55 bytes to ecology
[dna] water wrote 9 bytes to ecology
[dna] water wrote 55 bytes to ecology
[dna] water wrote 108 bytes to ecology
[dna] water wrote 174 bytes to ecology
[dna] water wrote 9 bytes to ecology
[dna] water wrote 56 bytes to ecology
[dna] water wrote 27 bytes to ecology
[dna] water wrote 76 bytes to ecology
[dna] water wrote 9 bytes to ecology
[dna] water wrote 75 bytes to ecology
[dna] water wrote 20 bytes to ecology
[dna] water wrote 25 bytes to ecology
[dna] water wrote 9 bytes to ecology
[dna] water wrote 52 bytes to ecology
[dna] water wrote 93 bytes to ecology
[dna] water wrote 25 bytes to ecology
[dna] water wrote 9 bytes to ecology
[dna] water wrote 34 bytes to ecology
[dna] water wrote 36 bytes to ecology
[debug-onto] tick=450 corpus=142940 stage=2 freeze=0
[dna] water wrote 84 bytes to ecology
[dna] water wrote 9 bytes to ecology
[dna] water wrote 120 bytes to ecology
[dna] water wrote 23 bytes to ecology
[dna] water wrote 32 bytes to ecology
[dna] water wrote 9 bytes to ecology
[dna] water wrote 48 bytes to ecology
[dna] water wrote 114 bytes to ecology
[dna] water wrote 47 bytes to ecology
[dna] water wrote 9 bytes to ecology
[dna] water wrote 48 bytes to ecology
[dna] water wrote 29 bytes to ecology
[dna] water wrote 53 bytes to ecology
[dna] water wrote 9 bytes to ecology
[dna] water wrote 44 bytes to ecology
[dna] water wrote 38 bytes to ecology
[dna] water wrote 54 bytes to ecology
[dna] water wrote 9 bytes to ecology
[dna] water wrote 132 bytes to ecology
[dna] water wrote 149 bytes to ecology
[dna] water wrote 41 bytes to ecology
[dna] water wrote 9 bytes to ecology
[dna] water wrote 41 bytes to ecology
[dna] water wrote 53 bytes to ecology
[dna] water wrote 154 bytes to ecology
[dna] water wrote 9 bytes to ecology
[dna] water wrote 95 bytes to ecology
[dna] water wrote 135 bytes to ecology
[dna] water wrote 116 bytes to ecology
[dna] water wrote 9 bytes to ecology
[dna] water wrote 41 bytes to ecology
[dna] water wrote 34 bytes to ecology
[dna] water wrote 168 bytes to ecology
[dna] water wrote 9 bytes to ecology
[debug-onto] tick=500 corpus=142940 stage=2 freeze=0
[dna] water wrote 140 bytes to ecology
[dna] water wrote 84 bytes to ecology
[dna] water wrote 12 bytes to ecology
[dna] water wrote 9 bytes to ecology
[dna] water wrote 75 bytes to ecology
[dna] water wrote 188 bytes to ecology
[dna] water wrote 101 bytes to ecology
[dna] water wrote 9 bytes to ecology
[dna] water wrote 30 bytes to ecology
[dna] water wrote 45 bytes to ecology
[dna] water wrote 43 bytes to ecology
[dna] water wrote 9 bytes to ecology
[dna] water wrote 74 bytes to ecology
[dna] water wrote 47 bytes to ecology
[dna] water wrote 22 bytes to ecology
[dna] water wrote 9 bytes to ecology
[dna] water wrote 31 bytes to ecology
[dna] water wrote 31 bytes to ecology
[dna] water wrote 138 bytes to ecology
[dna] water wrote 9 bytes to ecology
[dna] water wrote 56 bytes to ecology
[dna] water wrote 52 bytes to ecology
[dna] water wrote 71 bytes to ecology
[dna] water wrote 9 bytes to ecology
[dna] water wrote 21 bytes to ecology
[dna] water wrote 55 bytes to ecology
[dna] water wrote 169 bytes to ecology
[dna] water wrote 9 bytes to ecology
[dna] water wrote 98 bytes to ecology
[dna] water wrote 58 bytes to ecology
[dna] water wrote 122 bytes to ecology
[dna] water wrote 9 bytes to ecology
[dna] water wrote 33 bytes to ecology
[debug-onto] tick=550 corpus=142940 stage=2 freeze=0
[dna] water wrote 65 bytes to ecology
[dna] water wrote 46 bytes to ecology
[dna] water wrote 9 bytes to ecology
[dna] water wrote 87 bytes to ecology
[dna] water wrote 69 bytes to ecology
[dna] water wrote 33 bytes to ecology
[dna] water wrote 9 bytes to ecology
[dna] water wrote 43 bytes to ecology
[dna] water wrote 49 bytes to ecology
[dna] water wrote 147 bytes to ecology
[dna] water wrote 9 bytes to ecology
[dna] water wrote 62 bytes to ecology
[dna] water wrote 31 bytes to ecology
[dna] water wrote 67 bytes to ecology
[dna] water wrote 9 bytes to ecology
[dna] water wrote 43 bytes to ecology
[dna] water wrote 66 bytes to ecology
[dna] water wrote 37 bytes to ecology
[dna] water wrote 9 bytes to ecology
[dna] water wrote 21 bytes to ecology
[dna] water wrote 53 bytes to ecology
[dna] water wrote 48 bytes to ecology
[dna] water wrote 9 bytes to ecology
[dna] water wrote 70 bytes to ecology
[dna] water wrote 24 bytes to ecology
[dna] water wrote 32 bytes to ecology
[dna] water wrote 9 bytes to ecology
[dna] water wrote 73 bytes to ecology
[dna] water wrote 31 bytes to ecology
[dna] water wrote 73 bytes to ecology
[dna] water wrote 9 bytes to ecology
[dna] water wrote 32 bytes to ecology
[dna] water wrote 87 bytes to ecology
[debug-onto] tick=600 corpus=142940 stage=2 freeze=0
[dna] water wrote 171 bytes to ecology
[dna] water wrote 9 bytes to ecology
[dna] water wrote 36 bytes to ecology
[dna] water wrote 36 bytes to ecology
[dna] water wrote 69 bytes to ecology
[dna] water wrote 9 bytes to ecology
[dna] water wrote 130 bytes to ecology
[dna] water wrote 31 bytes to ecology

[evolution] Organism shutting down gracefully.
