[ecology] Element: air → corpus: nonames_air.txt
[evolution] Autonomous evolution mode — organism will grow through all stages without pause.
[ecology] Joined swarm. 1 peer(s) detected.
molequla is alive. [evolution] Autonomous mode — background trainer running. Ctrl+C to stop.
[dna] air wrote 61 bytes to ecology
[dna] air consumed 44689 bytes from 608 files: [earth/gen_1773897889_1.txt earth/gen_1773897891_2.txt earth/gen_1773897894_3.txt earth/gen_1773897896_4.txt earth/gen_1773897899_5.txt earth/gen_1773897904_7.txt earth/gen_1773897907_8.txt earth/gen_1773897909_9.txt earth/gen_1773897912_10.txt earth/gen_1773897914_11.txt earth/gen_1773897919_13.txt earth/gen_1773897922_14.txt earth/gen_1773897924_15.txt earth/gen_1773897927_16.txt earth/gen_1773897929_17.txt earth/gen_1773897932_18.txt earth/gen_1773897934_19.txt earth/gen_1773897937_20.txt earth/gen_1773897939_21.txt earth/gen_1773897942_22.txt earth/gen_1773897944_23.txt earth/gen_1773897947_24.txt earth/gen_1773897950_25.txt earth/gen_1773897952_26.txt earth/gen_1773897955_27.txt earth/gen_1773897957_28.txt earth/gen_1773897960_29.txt earth/gen_1773897962_30.txt earth/gen_1773897965_31.txt earth/gen_1773897967_32.txt earth/gen_1773897970_33.txt earth/gen_1773897972_34.txt earth/gen_1773897975_35.txt earth/gen_1773897978_36.txt earth/gen_1773897980_37.txt earth/gen_1773897983_38.txt earth/gen_1773897985_39.txt earth/gen_1773897988_40.txt earth/gen_1773897990_41.txt earth/gen_1773897995_43.txt earth/gen_1773898000_45.txt earth/gen_1773898003_46.txt earth/gen_1773898005_47.txt earth/gen_1773898010_49.txt earth/gen_1773898013_50.txt earth/gen_1773898015_51.txt earth/gen_1773898018_52.txt earth/gen_1773898021_53.txt earth/gen_1773898023_54.txt earth/gen_1773898026_55.txt earth/gen_1773898028_56.txt earth/gen_1773898031_57.txt earth/gen_1773898034_58.txt earth/gen_1773898036_59.txt earth/gen_1773898041_61.txt earth/gen_1773898044_62.txt earth/gen_1773898046_63.txt earth/gen_1773898049_64.txt earth/gen_1773898052_65.txt earth/gen_1773898054_66.txt earth/gen_1773898057_67.txt earth/gen_1773898060_68.txt earth/gen_1773898062_69.txt earth/gen_1773898065_70.txt earth/gen_1773898067_71.txt earth/gen_1773898073_73.txt earth/gen_1773898075_74.txt earth/gen_1773898078_75.txt earth/gen_1773898080_76.txt earth/gen_1773898083_77.txt earth/gen_1773898088_79.txt earth/gen_1773898090_80.txt earth/gen_1773898093_81.txt earth/gen_1773898096_82.txt earth/gen_1773898098_83.txt earth/gen_1773898101_84.txt earth/gen_1773898103_85.txt earth/gen_1773898106_86.txt earth/gen_1773898109_87.txt earth/gen_1773898111_88.txt earth/gen_1773898114_89.txt earth/gen_1773898119_91.txt earth/gen_1773898121_92.txt earth/gen_1773898124_93.txt earth/gen_1773898126_94.txt earth/gen_1773898129_95.txt earth/gen_1773898134_97.txt earth/gen_1773898137_98.txt earth/gen_1773898139_99.txt earth/gen_1773898142_100.txt earth/gen_1773898144_101.txt earth/gen_1773898147_102.txt earth/gen_1773898150_103.txt earth/gen_1773898152_104.txt earth/gen_1773898155_105.txt earth/gen_1773898158_106.txt earth/gen_1773898160_107.txt earth/gen_1773898163_108.txt earth/gen_1773898166_109.txt earth/gen_1773898168_110.txt earth/gen_1773898171_111.txt earth/gen_1773898174_112.txt earth/gen_1773898177_113.txt earth/gen_1773898179_114.txt earth/gen_1773898182_115.txt earth/gen_1773898188_117.txt earth/gen_1773898190_118.txt earth/gen_1773898193_119.txt earth/gen_1773898199_121.txt earth/gen_1773898202_122.txt earth/gen_1773898205_123.txt earth/gen_1773898208_124.txt earth/gen_1773898210_125.txt earth/gen_1773898216_127.txt earth/gen_1773898219_128.txt earth/gen_1773898221_129.txt earth/gen_1773898224_130.txt earth/gen_1773898226_131.txt earth/gen_1773898232_133.txt earth/gen_1773898234_134.txt earth/gen_1773898237_135.txt earth/gen_1773898239_136.txt earth/gen_1773898242_137.txt earth/gen_1773898244_138.txt earth/gen_1773898247_139.txt earth/gen_1773898249_140.txt earth/gen_1773898252_141.txt earth/gen_1773898255_142.txt earth/gen_1773898257_143.txt earth/gen_1773898262_145.txt earth/gen_1773898265_146.txt earth/gen_1773898268_147.txt earth/gen_1773898270_148.txt earth/gen_1773898273_149.txt earth/gen_1773898275_150.txt earth/gen_1773898278_151.txt earth/gen_1773898281_152.txt earth/gen_1773898283_153.txt earth/gen_1773898286_154.txt earth/gen_1773898288_155.txt earth/gen_1773898293_157.txt earth/gen_1773898296_158.txt earth/gen_1773898298_159.txt earth/gen_1773898301_160.txt earth/gen_1773898303_161.txt earth/gen_1773898308_163.txt earth/gen_1773898311_164.txt earth/gen_1773898313_165.txt earth/gen_1773898316_166.txt earth/gen_1773898319_167.txt earth/gen_1773898324_169.txt earth/gen_1773898326_170.txt earth/gen_1773898329_171.txt earth/gen_1773898331_172.txt earth/gen_1773898334_173.txt earth/gen_1773898339_175.txt earth/gen_1773898341_176.txt earth/gen_1773898344_177.txt earth/gen_1773898346_178.txt earth/gen_1773898349_179.txt earth/gen_1773898351_180.txt earth/gen_1773898354_181.txt earth/gen_1773898357_182.txt earth/gen_1773898359_183.txt earth/gen_1773898362_184.txt earth/gen_1773898364_185.txt earth/gen_1773898369_187.txt earth/gen_1773898372_188.txt earth/gen_1773898374_189.txt earth/gen_1773898377_190.txt earth/gen_1773898379_191.txt earth/gen_1773898384_193.txt earth/gen_1773898387_194.txt earth/gen_1773898389_195.txt earth/gen_1773898392_196.txt earth/gen_1773898394_197.txt earth/gen_1773898399_199.txt earth/gen_1773898402_200.txt earth/gen_1773898405_201.txt earth/gen_1773898407_202.txt earth/gen_1773898410_203.txt earth/gen_1773898415_205.txt earth/gen_1773898417_206.txt earth/gen_1773898420_207.txt earth/gen_1773898422_208.txt earth/gen_1773898425_209.txt earth/gen_1773898427_210.txt earth/gen_1773898430_211.txt earth/gen_1773898432_212.txt earth/gen_1773898435_213.txt earth/gen_1773898438_214.txt earth/gen_1773898440_215.txt earth/gen_1773898445_217.txt earth/gen_1773898448_218.txt earth/gen_1773898451_219.txt earth/gen_1773898453_220.txt earth/gen_1773898456_221.txt earth/gen_1773898461_223.txt earth/gen_1773898464_224.txt earth/gen_1773898466_225.txt earth/gen_1773898469_226.txt earth/gen_1773898472_227.txt earth/gen_1773898477_229.txt earth/gen_1773898479_230.txt earth/gen_1773898482_231.txt earth/gen_1773898484_232.txt earth/gen_1773898487_233.txt earth/gen_1773898492_235.txt earth/gen_1773898495_236.txt earth/gen_1773898497_237.txt earth/gen_1773898500_238.txt earth/gen_1773898503_239.txt earth/gen_1773898505_240.txt earth/gen_1773898508_241.txt earth/gen_1773898510_242.txt earth/gen_1773898513_243.txt earth/gen_1773898515_244.txt earth/gen_1773898518_245.txt earth/gen_1773898521_246.txt earth/gen_1773898523_247.txt earth/gen_1773898526_248.txt earth/gen_1773898528_249.txt earth/gen_1773898531_250.txt earth/gen_1773898533_251.txt earth/gen_1773898536_252.txt earth/gen_1773898539_253.txt earth/gen_1773898541_254.txt earth/gen_1773898544_255.txt earth/gen_1773898546_256.txt earth/gen_1773898549_257.txt earth/gen_1773898554_259.txt earth/gen_1773898557_260.txt earth/gen_1773898559_261.txt earth/gen_1773898562_262.txt earth/gen_1773898564_263.txt earth/gen_1773898567_264.txt earth/gen_1773898570_265.txt earth/gen_1773898572_266.txt earth/gen_1773898575_267.txt earth/gen_1773898578_268.txt earth/gen_1773898580_269.txt earth/gen_1773898586_271.txt earth/gen_1773898588_272.txt earth/gen_1773898591_273.txt earth/gen_1773898593_274.txt earth/gen_1773898596_275.txt earth/gen_1773898601_277.txt earth/gen_1773898604_278.txt earth/gen_1773898606_279.txt earth/gen_1773898609_280.txt earth/gen_1773898611_281.txt earth/gen_1773898617_283.txt earth/gen_1773898619_284.txt earth/gen_1773898622_285.txt earth/gen_1773898624_286.txt earth/gen_1773898627_287.txt earth/gen_1773898632_289.txt earth/gen_1773898635_290.txt earth/gen_1773898637_291.txt earth/gen_1773898640_292.txt earth/gen_1773898642_293.txt earth/gen_1773898645_294.txt earth/gen_1773898647_295.txt earth/gen_1773898650_296.txt earth/gen_1773898652_297.txt earth/gen_1773898655_298.txt earth/gen_1773898658_299.txt earth/gen_1773898663_301.txt earth/gen_1773898668_303.txt earth/gen_1773898670_304.txt earth/gen_1773898673_305.txt earth/gen_1773898676_306.txt earth/gen_1773898678_307.txt earth/gen_1773898681_308.txt earth/gen_1773898683_309.txt earth/gen_1773898686_310.txt earth/gen_1773898688_311.txt earth/gen_1773898691_312.txt earth/gen_1773898693_313.txt earth/gen_1773898696_314.txt earth/gen_1773898698_315.txt earth/gen_1773898701_316.txt earth/gen_1773898704_317.txt earth/gen_1773898709_319.txt earth/gen_1773898711_320.txt earth/gen_1773898714_321.txt earth/gen_1773898717_322.txt earth/gen_1773898719_323.txt earth/gen_1773898724_325.txt earth/gen_1773898727_326.txt earth/gen_1773898729_327.txt earth/gen_1773898732_328.txt earth/gen_1773898734_329.txt earth/gen_1773898737_330.txt earth/gen_1773898739_331.txt earth/gen_1773898742_332.txt earth/gen_1773898745_333.txt earth/gen_1773898747_334.txt earth/gen_1773898750_335.txt earth/gen_1773898755_337.txt earth/gen_1773898757_338.txt earth/gen_1773898760_339.txt earth/gen_1773898762_340.txt earth/gen_1773898765_341.txt earth/gen_1773898770_343.txt earth/gen_1773898772_344.txt earth/gen_1773898775_345.txt earth/gen_1773898777_346.txt earth/gen_1773898780_347.txt earth/gen_1773898782_348.txt earth/gen_1773898785_349.txt earth/gen_1773898787_350.txt earth/gen_1773898790_351.txt earth/gen_1773898793_352.txt earth/gen_1773898795_353.txt earth/gen_1773898798_354.txt earth/gen_1773898800_355.txt earth/gen_1773898803_356.txt earth/gen_1773898805_357.txt earth/gen_1773898808_358.txt earth/gen_1773898810_359.txt earth/gen_1773898815_361.txt earth/gen_1773898818_362.txt earth/gen_1773898820_363.txt earth/gen_1773898823_364.txt earth/gen_1773898825_365.txt earth/gen_1773898830_367.txt earth/gen_1773898833_368.txt earth/gen_1773898835_369.txt earth/gen_1773898838_370.txt earth/gen_1773898840_371.txt earth/gen_1773898846_373.txt earth/gen_1773898848_374.txt earth/gen_1773898851_375.txt earth/gen_1773898853_376.txt earth/gen_1773898856_377.txt earth/gen_1773898861_379.txt earth/gen_1773898863_380.txt earth/gen_1773898866_381.txt earth/gen_1773898868_382.txt earth/gen_1773898871_383.txt earth/gen_1773898876_385.txt earth/gen_1773898878_386.txt earth/gen_1773898881_387.txt earth/gen_1773898884_388.txt earth/gen_1773898886_389.txt earth/gen_1773898889_390.txt earth/gen_1773898891_391.txt earth/gen_1773898894_392.txt earth/gen_1773898896_393.txt earth/gen_1773898899_394.txt earth/gen_1773898901_395.txt earth/gen_1773898906_397.txt earth/gen_1773898909_398.txt earth/gen_1773898911_399.txt earth/gen_1773898914_400.txt earth/gen_1773898917_401.txt earth/gen_1773898922_403.txt earth/gen_1773898924_404.txt earth/gen_1773898927_405.txt earth/gen_1773898929_406.txt earth/gen_1773898932_407.txt earth/gen_1773898937_409.txt earth/gen_1773898940_410.txt earth/gen_1773898942_411.txt earth/gen_1773898945_412.txt earth/gen_1773898947_413.txt earth/gen_1773898950_414.txt earth/gen_1773898952_415.txt earth/gen_1773898955_416.txt earth/gen_1773898958_417.txt earth/gen_1773898960_418.txt earth/gen_1773898963_419.txt earth/gen_1773898968_421.txt earth/gen_1773898970_422.txt earth/gen_1773898973_423.txt earth/gen_1773898975_424.txt earth/gen_1773898978_425.txt earth/gen_1773898981_426.txt earth/gen_1773898983_427.txt earth/gen_1773898986_428.txt earth/gen_1773898988_429.txt earth/gen_1773898991_430.txt earth/gen_1773898993_431.txt earth/gen_1773898999_433.txt earth/gen_1773899001_434.txt earth/gen_1773899004_435.txt earth/gen_1773899006_436.txt earth/gen_1773899009_437.txt earth/gen_1773899014_439.txt earth/gen_1773899016_440.txt earth/gen_1773899019_441.txt earth/gen_1773899022_442.txt earth/gen_1773899024_443.txt earth/gen_1773899029_445.txt earth/gen_1773899032_446.txt earth/gen_1773899034_447.txt earth/gen_1773899037_448.txt earth/gen_1773899039_449.txt earth/gen_1773899042_450.txt earth/gen_1773899045_451.txt earth/gen_1773899047_452.txt earth/gen_1773899050_453.txt earth/gen_1773899052_454.txt earth/gen_1773899055_455.txt earth/gen_1773899060_457.txt earth/gen_1773899063_458.txt earth/gen_1773899065_459.txt earth/gen_1773899068_460.txt earth/gen_1773899070_461.txt earth/gen_1773899075_463.txt earth/gen_1773899078_464.txt earth/gen_1773899080_465.txt earth/gen_1773899083_466.txt earth/gen_1773899085_467.txt earth/gen_1773899091_469.txt earth/gen_1773899093_470.txt earth/gen_1773899096_471.txt earth/gen_1773899098_472.txt earth/gen_1773899101_473.txt earth/gen_1773899106_475.txt earth/gen_1773899108_476.txt earth/gen_1773899111_477.txt earth/gen_1773899114_478.txt earth/gen_1773899116_479.txt earth/gen_1773899121_481.txt earth/gen_1773899124_482.txt earth/gen_1773899126_483.txt earth/gen_1773899129_484.txt earth/gen_1773899132_485.txt earth/gen_1773899137_487.txt earth/gen_1773899139_488.txt earth/gen_1773899142_489.txt earth/gen_1773899144_490.txt earth/gen_1773899147_491.txt earth/gen_1773899149_492.txt earth/gen_1773899152_493.txt earth/gen_1773899154_494.txt earth/gen_1773899157_495.txt earth/gen_1773899160_496.txt earth/gen_1773899162_497.txt earth/gen_1773899167_499.txt earth/gen_1773899170_500.txt earth/gen_1773899172_501.txt earth/gen_1773899175_502.txt earth/gen_1773899177_503.txt earth/gen_1773899183_505.txt earth/gen_1773899185_506.txt earth/gen_1773899188_507.txt earth/gen_1773899190_508.txt earth/gen_1773899193_509.txt earth/gen_1773899198_511.txt earth/gen_1773899200_512.txt earth/gen_1773899203_513.txt earth/gen_1773899206_514.txt earth/gen_1773899208_515.txt earth/gen_1773899213_517.txt earth/gen_1773899216_518.txt earth/gen_1773899218_519.txt earth/gen_1773899221_520.txt earth/gen_1773899223_521.txt earth/gen_1773899226_522.txt earth/gen_1773899229_523.txt earth/gen_1773899234_525.txt earth/gen_1773899236_526.txt earth/gen_1773899239_527.txt earth/gen_1773899244_529.txt earth/gen_1773899249_531.txt earth/gen_1773899252_532.txt earth/gen_1773899254_533.txt earth/gen_1773899259_535.txt earth/gen_1773899262_536.txt earth/gen_1773899264_537.txt earth/gen_1773899267_538.txt earth/gen_1773899269_539.txt earth/gen_1773899272_540.txt earth/gen_1773899275_541.txt earth/gen_1773899280_543.txt earth/gen_1773899282_544.txt earth/gen_1773899285_545.txt earth/gen_1773899287_546.txt earth/gen_1773899290_547.txt earth/gen_1773899292_548.txt earth/gen_1773899295_549.txt earth/gen_1773899298_550.txt earth/gen_1773899300_551.txt earth/gen_1773899305_553.txt earth/gen_1773899308_554.txt earth/gen_1773899310_555.txt earth/gen_1773899313_556.txt earth/gen_1773899315_557.txt earth/gen_1773899321_559.txt earth/gen_1773899323_560.txt earth/gen_1773899326_561.txt earth/gen_1773899328_562.txt earth/gen_1773899331_563.txt earth/gen_1773899336_565.txt earth/gen_1773899338_566.txt earth/gen_1773899341_567.txt earth/gen_1773899344_568.txt earth/gen_1773899346_569.txt earth/gen_1773899351_571.txt earth/gen_1773899354_572.txt earth/gen_1773899356_573.txt earth/gen_1773899359_574.txt earth/gen_1773899361_575.txt earth/gen_1773899366_577.txt earth/gen_1773899369_578.txt earth/gen_1773899372_579.txt earth/gen_1773899374_580.txt earth/gen_1773899377_581.txt earth/gen_1773899379_582.txt earth/gen_1773899382_583.txt earth/gen_1773899384_584.txt earth/gen_1773899387_585.txt earth/gen_1773899389_586.txt earth/gen_1773899392_587.txt earth/gen_1773899397_589.txt earth/gen_1773899399_590.txt earth/gen_1773899402_591.txt earth/gen_1773899405_592.txt earth/gen_1773899407_593.txt earth/gen_1773899410_594.txt earth/gen_1773899412_595.txt earth/gen_1773899415_596.txt earth/gen_1773899417_597.txt earth/gen_1773899420_598.txt earth/gen_1773899422_599.txt earth/gen_1773899425_600.txt earth/gen_1773899427_601.txt earth/gen_1773899430_602.txt earth/gen_1773899432_603.txt earth/gen_1773899435_604.txt earth/gen_1773899438_605.txt earth/gen_1773899440_606.txt earth/gen_1773899443_607.txt earth/gen_1773899445_608.txt earth/gen_1773899448_609.txt earth/gen_1773899450_610.txt earth/gen_1773899453_611.txt earth/gen_1773899455_612.txt earth/gen_1773899458_613.txt earth/gen_1773899460_614.txt earth/gen_1773899463_615.txt earth/gen_1773899465_616.txt earth/gen_1773899468_617.txt earth/gen_1773899473_619.txt earth/gen_1773899475_620.txt earth/gen_1773899478_621.txt earth/gen_1773899481_622.txt earth/gen_1773899483_623.txt earth/gen_1773899488_625.txt earth/gen_1773899491_626.txt earth/gen_1773899493_627.txt earth/gen_1773899496_628.txt earth/gen_1773899498_629.txt earth/gen_1773899503_631.txt earth/gen_1773899506_632.txt earth/gen_1773899508_633.txt earth/gen_1773899511_634.txt earth/gen_1773899513_635.txt earth/gen_1773899518_637.txt earth/gen_1773899521_638.txt earth/gen_1773899524_639.txt earth/gen_1773899526_640.txt earth/gen_1773899529_641.txt earth/gen_1773899531_642.txt earth/gen_1773899534_643.txt earth/gen_1773899536_644.txt earth/gen_1773899539_645.txt earth/gen_1773899542_646.txt earth/gen_1773899544_647.txt earth/gen_1773899547_648.txt earth/gen_1773899549_649.txt earth/gen_1773899552_650.txt earth/gen_1773899554_651.txt earth/gen_1773899557_652.txt earth/gen_1773899560_653.txt earth/gen_1773899565_655.txt earth/gen_1773899570_657.txt earth/gen_1773899572_658.txt earth/gen_1773899575_659.txt earth/gen_1773899580_661.txt earth/gen_1773899585_663.txt earth/gen_1773899587_664.txt earth/gen_1773899590_665.txt earth/gen_1773899595_667.txt earth/gen_1773899597_668.txt earth/gen_1773899600_669.txt earth/gen_1773899602_670.txt earth/gen_1773899605_671.txt earth/gen_1773899608_672.txt earth/gen_1773899610_673.txt earth/gen_1773899613_674.txt earth/gen_1773899615_675.txt earth/gen_1773899618_676.txt earth/gen_1773899620_677.txt earth/gen_1773899625_679.txt earth/gen_1773899628_680.txt earth/gen_1773899630_681.txt earth/gen_1773899633_682.txt earth/gen_1773899635_683.txt earth/gen_1773899640_685.txt earth/gen_1773899643_686.txt earth/gen_1773899645_687.txt earth/gen_1773899648_688.txt earth/gen_1773899651_689.txt earth/gen_1773899656_691.txt]
[trainer] micro-train burst (44689 bytes, novelty 0.02) — and lo, it feeds again.
[syntropy] action=explore | trend=0.0000 | field_dev=-0.010 | purpose_align=0.240 | lr_mul=1.30
[aml] burst complete: 32 steps, avg loss 2.5227 (memory freed)
[dna] air wrote 46 bytes to ecology
[dna] air wrote 84 bytes to ecology
[dna] air wrote 37 bytes to ecology
[dna] air wrote 126 bytes to ecology
[dna] air wrote 211 bytes to ecology
[dna] air wrote 30 bytes to ecology
[dna] air wrote 78 bytes to ecology
[dna] air wrote 32 bytes to ecology
[dna] air wrote 52 bytes to ecology
[dna] air wrote 107 bytes to ecology
[dna] air wrote 100 bytes to ecology
[dna] air wrote 151 bytes to ecology
[dna] air wrote 53 bytes to ecology
[dna] air wrote 39 bytes to ecology
[dna] air wrote 69 bytes to ecology
[dna] air wrote 52 bytes to ecology
[dna] air wrote 55 bytes to ecology
[dna] air wrote 173 bytes to ecology
[dna] air wrote 66 bytes to ecology
[dna] air wrote 192 bytes to ecology
[dna] air wrote 103 bytes to ecology
[dna] air wrote 64 bytes to ecology
[dna] air wrote 41 bytes to ecology
[dna] air wrote 28 bytes to ecology
[debug-onto] tick=50 corpus=167613 stage=2 freeze=0
[dna] air wrote 33 bytes to ecology
[dna] air wrote 25 bytes to ecology
[dna] air wrote 41 bytes to ecology
[dna] air wrote 51 bytes to ecology
[dna] air wrote 65 bytes to ecology
[dna] air wrote 66 bytes to ecology
[dna] air wrote 124 bytes to ecology
[dna] air wrote 52 bytes to ecology
[dna] air wrote 192 bytes to ecology
[dna] air wrote 14 bytes to ecology
[dna] air wrote 202 bytes to ecology
[dna] air wrote 26 bytes to ecology
[dna] air wrote 66 bytes to ecology
[dna] air wrote 33 bytes to ecology
[dna] air wrote 39 bytes to ecology
[dna] air wrote 59 bytes to ecology
[dna] air wrote 47 bytes to ecology
[dna] air wrote 30 bytes to ecology
[dna] air wrote 128 bytes to ecology
[dna] air wrote 41 bytes to ecology
[dna] air wrote 168 bytes to ecology
[dna] air wrote 36 bytes to ecology
[dna] air wrote 81 bytes to ecology
[dna] air wrote 38 bytes to ecology
[dna] air wrote 57 bytes to ecology
[debug-onto] tick=100 corpus=167613 stage=2 freeze=0
[dna] air wrote 50 bytes to ecology
[dna] air wrote 22 bytes to ecology
[dna] air wrote 62 bytes to ecology
[dna] air wrote 67 bytes to ecology
[dna] air wrote 39 bytes to ecology
[dna] air wrote 89 bytes to ecology
[dna] air wrote 50 bytes to ecology
[dna] air wrote 189 bytes to ecology
[dna] air wrote 169 bytes to ecology
[dna] air wrote 12 bytes to ecology
[dna] air wrote 155 bytes to ecology
[dna] air wrote 38 bytes to ecology
[dna] air wrote 32 bytes to ecology
[dna] air wrote 113 bytes to ecology
[dna] air wrote 37 bytes to ecology
[dna] air wrote 88 bytes to ecology
[dna] air wrote 322 bytes to ecology
[dna] air wrote 41 bytes to ecology
[dna] air wrote 176 bytes to ecology
[dna] air wrote 44 bytes to ecology
[dna] air wrote 51 bytes to ecology
[dna] air wrote 54 bytes to ecology
[dna] air wrote 102 bytes to ecology
[dna] air wrote 18 bytes to ecology
[dna] air wrote 25 bytes to ecology
[debug-onto] tick=150 corpus=167613 stage=2 freeze=0
[dna] air wrote 164 bytes to ecology
[dna] air wrote 108 bytes to ecology
[dna] air wrote 11 bytes to ecology
[dna] air wrote 35 bytes to ecology
[dna] air wrote 44 bytes to ecology
[dna] air wrote 100 bytes to ecology
[dna] air wrote 41 bytes to ecology
[dna] air wrote 86 bytes to ecology
[dna] air wrote 45 bytes to ecology
[dna] air wrote 53 bytes to ecology
[dna] air wrote 60 bytes to ecology
[dna] air wrote 119 bytes to ecology
[dna] air wrote 21 bytes to ecology
[dna] air wrote 30 bytes to ecology
[dna] air wrote 98 bytes to ecology
[dna] air wrote 75 bytes to ecology
[dna] air wrote 174 bytes to ecology
[dna] air wrote 147 bytes to ecology
[dna] air wrote 83 bytes to ecology
[dna] air wrote 35 bytes to ecology
[dna] air wrote 116 bytes to ecology
[dna] air wrote 123 bytes to ecology
[dna] air wrote 81 bytes to ecology
[dna] air wrote 130 bytes to ecology
[dna] air wrote 31 bytes to ecology
[debug-onto] tick=200 corpus=167613 stage=2 freeze=0
[dna] air wrote 91 bytes to ecology
[dna] air wrote 58 bytes to ecology
[dna] air wrote 92 bytes to ecology
[dna] air wrote 39 bytes to ecology
[dna] air wrote 15 bytes to ecology
[dna] air wrote 57 bytes to ecology
[dna] air wrote 76 bytes to ecology
[dna] air wrote 160 bytes to ecology
[dna] air wrote 180 bytes to ecology
[dna] air wrote 56 bytes to ecology
[dna] air wrote 59 bytes to ecology
[dna] air wrote 41 bytes to ecology
[dna] air wrote 34 bytes to ecology
[dna] air wrote 173 bytes to ecology
[dna] air wrote 72 bytes to ecology
[dna] air wrote 20 bytes to ecology
[dna] air wrote 173 bytes to ecology
[dna] air wrote 44 bytes to ecology
[dna] air wrote 46 bytes to ecology
[dna] air wrote 199 bytes to ecology
[dna] air wrote 32 bytes to ecology
[dna] air wrote 64 bytes to ecology
[dna] air wrote 54 bytes to ecology
[dna] air wrote 151 bytes to ecology
[dna] air wrote 56 bytes to ecology
[debug-onto] tick=250 corpus=167613 stage=2 freeze=0
[dna] air wrote 130 bytes to ecology
[dna] air wrote 75 bytes to ecology
[dna] air wrote 109 bytes to ecology
[dna] air wrote 67 bytes to ecology
[dna] air wrote 97 bytes to ecology
[dna] air wrote 31 bytes to ecology
[dna] air wrote 21 bytes to ecology
[dna] air wrote 51 bytes to ecology
[dna] air wrote 45 bytes to ecology
[dna] air wrote 38 bytes to ecology
[dna] air wrote 50 bytes to ecology
[dna] air wrote 178 bytes to ecology
[dna] air wrote 83 bytes to ecology
[dna] air wrote 238 bytes to ecology
[dna] air wrote 183 bytes to ecology
[dna] air wrote 83 bytes to ecology
[dna] air wrote 28 bytes to ecology
[dna] air wrote 21 bytes to ecology
[dna] air wrote 44 bytes to ecology
[dna] air wrote 65 bytes to ecology
[dna] air wrote 35 bytes to ecology
[dna] air wrote 37 bytes to ecology
[dna] air wrote 77 bytes to ecology
[dna] air wrote 64 bytes to ecology
[dna] air wrote 55 bytes to ecology
[debug-onto] tick=300 corpus=167613 stage=2 freeze=0
[dna] air wrote 59 bytes to ecology
[dna] air wrote 76 bytes to ecology
[dna] air wrote 20 bytes to ecology
[dna] air wrote 96 bytes to ecology
[dna] air wrote 40 bytes to ecology
[dna] air wrote 30 bytes to ecology
[dna] air wrote 42 bytes to ecology
[dna] air wrote 28 bytes to ecology
[dna] air wrote 89 bytes to ecology
[dna] air wrote 57 bytes to ecology
[dna] air wrote 53 bytes to ecology
[dna] air wrote 92 bytes to ecology
[dna] air wrote 23 bytes to ecology
[dna] air wrote 250 bytes to ecology
[dna] air wrote 281 bytes to ecology
[dna] air wrote 129 bytes to ecology
[dna] air wrote 47 bytes to ecology
[dna] air wrote 150 bytes to ecology
[dna] air wrote 29 bytes to ecology
[dna] air wrote 78 bytes to ecology
[dna] air wrote 227 bytes to ecology
[dna] air wrote 178 bytes to ecology
[dna] air wrote 90 bytes to ecology
[dna] air wrote 43 bytes to ecology
[dna] air wrote 76 bytes to ecology
[debug-onto] tick=350 corpus=167613 stage=2 freeze=0
[dna] air wrote 55 bytes to ecology
[dna] air wrote 26 bytes to ecology
[dna] air wrote 186 bytes to ecology
[dna] air wrote 189 bytes to ecology
[dna] air wrote 90 bytes to ecology
[dna] air wrote 56 bytes to ecology
[dna] air wrote 23 bytes to ecology
[dna] air wrote 35 bytes to ecology
[dna] air wrote 89 bytes to ecology
[dna] air wrote 83 bytes to ecology
[dna] air wrote 45 bytes to ecology
[dna] air wrote 55 bytes to ecology
[dna] air wrote 50 bytes to ecology
[dna] air wrote 91 bytes to ecology
[dna] air wrote 53 bytes to ecology
[dna] air wrote 73 bytes to ecology
[dna] air wrote 76 bytes to ecology
[dna] air wrote 29 bytes to ecology
[dna] air wrote 74 bytes to ecology
[dna] air wrote 67 bytes to ecology
[dna] air wrote 52 bytes to ecology
[dna] air wrote 155 bytes to ecology
[dna] air wrote 120 bytes to ecology
[dna] air wrote 26 bytes to ecology
[dna] air wrote 280 bytes to ecology
[debug-onto] tick=400 corpus=167613 stage=2 freeze=0
[dna] air wrote 135 bytes to ecology
[dna] air wrote 93 bytes to ecology
[dna] air wrote 79 bytes to ecology
[dna] air wrote 57 bytes to ecology
[dna] air wrote 19 bytes to ecology
[dna] air wrote 6 bytes to ecology
[dna] air wrote 86 bytes to ecology
[dna] air wrote 25 bytes to ecology
[dna] air wrote 38 bytes to ecology
[dna] air wrote 18 bytes to ecology
[dna] air wrote 33 bytes to ecology
[dna] air wrote 48 bytes to ecology
[dna] air wrote 30 bytes to ecology
[dna] air wrote 212 bytes to ecology
[dna] air wrote 96 bytes to ecology
[dna] air wrote 52 bytes to ecology
[dna] air wrote 76 bytes to ecology
[dna] air wrote 76 bytes to ecology
[dna] air wrote 42 bytes to ecology
[dna] air wrote 194 bytes to ecology
[dna] air wrote 113 bytes to ecology
[dna] air wrote 183 bytes to ecology
[dna] air wrote 105 bytes to ecology
[dna] air wrote 67 bytes to ecology
[dna] air wrote 47 bytes to ecology
[debug-onto] tick=450 corpus=167613 stage=2 freeze=0
[dna] air wrote 76 bytes to ecology
[dna] air wrote 51 bytes to ecology
[dna] air wrote 105 bytes to ecology
[dna] air wrote 32 bytes to ecology
[dna] air wrote 74 bytes to ecology
[dna] air wrote 85 bytes to ecology
[dna] air wrote 145 bytes to ecology
[dna] air wrote 30 bytes to ecology
[dna] air wrote 60 bytes to ecology
[dna] air wrote 78 bytes to ecology
[dna] air wrote 45 bytes to ecology
[dna] air wrote 59 bytes to ecology
[dna] air wrote 40 bytes to ecology
[dna] air wrote 62 bytes to ecology
[dna] air wrote 86 bytes to ecology
[dna] air wrote 75 bytes to ecology
[dna] air wrote 129 bytes to ecology
[dna] air wrote 53 bytes to ecology
[dna] air wrote 42 bytes to ecology
[dna] air wrote 99 bytes to ecology
[dna] air wrote 24 bytes to ecology
[dna] air wrote 64 bytes to ecology
[dna] air wrote 324 bytes to ecology
[dna] air wrote 99 bytes to ecology
[dna] air wrote 42 bytes to ecology
[debug-onto] tick=500 corpus=167613 stage=2 freeze=0
[dna] air wrote 32 bytes to ecology
[dna] air wrote 43 bytes to ecology
[dna] air wrote 149 bytes to ecology
[dna] air wrote 50 bytes to ecology
[dna] air wrote 26 bytes to ecology
[dna] air wrote 114 bytes to ecology
[dna] air wrote 134 bytes to ecology
[dna] air wrote 151 bytes to ecology
[dna] air wrote 42 bytes to ecology
[dna] air wrote 145 bytes to ecology
[dna] air wrote 32 bytes to ecology
[dna] air wrote 46 bytes to ecology
[dna] air wrote 33 bytes to ecology
[dna] air wrote 49 bytes to ecology
[dna] air wrote 122 bytes to ecology
[dna] air wrote 34 bytes to ecology
[dna] air wrote 87 bytes to ecology
[dna] air wrote 40 bytes to ecology
[dna] air wrote 80 bytes to ecology
[dna] air wrote 80 bytes to ecology
[dna] air wrote 37 bytes to ecology
[dna] air wrote 49 bytes to ecology
[dna] air wrote 164 bytes to ecology
[dna] air wrote 38 bytes to ecology
[dna] air wrote 51 bytes to ecology
[debug-onto] tick=550 corpus=167613 stage=2 freeze=0
[dna] air wrote 19 bytes to ecology
[dna] air wrote 68 bytes to ecology
[dna] air wrote 83 bytes to ecology
[dna] air wrote 144 bytes to ecology
[dna] air wrote 144 bytes to ecology
[dna] air wrote 74 bytes to ecology
[dna] air wrote 141 bytes to ecology
[dna] air wrote 77 bytes to ecology
[dna] air wrote 116 bytes to ecology
[dna] air wrote 34 bytes to ecology

[evolution] Organism shutting down gracefully.
