[ecology] Element: fire → corpus: nonames_fire.txt
[evolution] Autonomous evolution mode — organism will grow through all stages without pause.
[ecology] Joined swarm. 1 peer(s) detected.
molequla is alive. [evolution] Autonomous mode — background trainer running. Ctrl+C to stop.
[dna] fire wrote 37 bytes to ecology
[dna] fire consumed 20652 bytes from 311 files: [water/gen_1773901463_1.txt water/gen_1773901479_4.txt water/gen_1773901482_5.txt water/gen_1773901488_7.txt water/gen_1773901496_10.txt water/gen_1773901499_11.txt water/gen_1773901505_13.txt water/gen_1773901514_16.txt water/gen_1773901517_17.txt water/gen_1773901523_19.txt water/gen_1773901532_22.txt water/gen_1773901535_23.txt water/gen_1773901541_25.txt water/gen_1773901549_28.txt water/gen_1773901552_29.txt water/gen_1773901558_31.txt water/gen_1773901567_34.txt water/gen_1773901570_35.txt water/gen_1773901576_37.txt water/gen_1773901585_40.txt water/gen_1773901588_41.txt water/gen_1773901594_43.txt water/gen_1773901603_46.txt water/gen_1773901606_47.txt water/gen_1773901611_49.txt water/gen_1773901620_52.txt water/gen_1773901623_53.txt water/gen_1773901629_55.txt water/gen_1773901638_58.txt water/gen_1773901641_59.txt water/gen_1773901647_61.txt water/gen_1773901656_64.txt water/gen_1773901659_65.txt water/gen_1773901665_67.txt water/gen_1773901673_70.txt water/gen_1773901676_71.txt water/gen_1773901682_73.txt water/gen_1773901691_76.txt water/gen_1773901694_77.txt water/gen_1773901700_79.txt water/gen_1773901709_82.txt water/gen_1773901712_83.txt water/gen_1773901718_85.txt water/gen_1773901726_88.txt water/gen_1773901729_89.txt water/gen_1773901735_91.txt water/gen_1773901744_94.txt water/gen_1773901747_95.txt water/gen_1773901753_97.txt water/gen_1773901762_100.txt water/gen_1773901765_101.txt water/gen_1773901771_103.txt water/gen_1773901779_106.txt water/gen_1773901782_107.txt water/gen_1773901788_109.txt water/gen_1773901797_112.txt water/gen_1773901800_113.txt water/gen_1773901806_115.txt water/gen_1773901815_118.txt water/gen_1773901818_119.txt water/gen_1773901823_121.txt water/gen_1773901832_124.txt water/gen_1773901835_125.txt water/gen_1773901840_127.txt water/gen_1773901849_130.txt water/gen_1773901852_131.txt water/gen_1773901858_133.txt water/gen_1773901866_136.txt water/gen_1773901869_137.txt water/gen_1773901875_139.txt water/gen_1773901883_142.txt water/gen_1773901886_143.txt water/gen_1773901892_145.txt water/gen_1773901901_148.txt water/gen_1773901904_149.txt water/gen_1773901910_151.txt water/gen_1773901918_154.txt water/gen_1773901921_155.txt water/gen_1773901927_157.txt water/gen_1773901935_160.txt water/gen_1773901938_161.txt water/gen_1773901944_163.txt water/gen_1773901952_166.txt water/gen_1773901955_167.txt water/gen_1773901961_169.txt water/gen_1773901969_172.txt water/gen_1773901972_173.txt water/gen_1773901978_175.txt water/gen_1773901986_178.txt water/gen_1773901989_179.txt water/gen_1773901995_181.txt water/gen_1773902003_184.txt water/gen_1773902006_185.txt water/gen_1773902012_187.txt water/gen_1773902020_190.txt water/gen_1773902023_191.txt water/gen_1773902029_193.txt water/gen_1773902037_196.txt water/gen_1773902040_197.txt water/gen_1773902046_199.txt water/gen_1773902054_202.txt water/gen_1773902057_203.txt water/gen_1773902063_205.txt water/gen_1773902071_208.txt water/gen_1773902074_209.txt water/gen_1773902079_211.txt water/gen_1773902088_214.txt water/gen_1773902091_215.txt water/gen_1773902096_217.txt water/gen_1773902104_220.txt water/gen_1773902107_221.txt water/gen_1773902113_223.txt water/gen_1773902121_226.txt water/gen_1773902124_227.txt water/gen_1773902129_229.txt water/gen_1773902138_232.txt water/gen_1773902141_233.txt water/gen_1773902146_235.txt water/gen_1773902155_238.txt water/gen_1773902158_239.txt water/gen_1773902163_241.txt water/gen_1773902172_244.txt water/gen_1773902175_245.txt water/gen_1773902180_247.txt water/gen_1773902189_250.txt water/gen_1773902192_251.txt water/gen_1773902197_253.txt water/gen_1773902206_256.txt water/gen_1773902209_257.txt water/gen_1773902214_259.txt water/gen_1773902223_262.txt water/gen_1773902226_263.txt water/gen_1773902232_265.txt water/gen_1773902240_268.txt water/gen_1773902243_269.txt water/gen_1773902249_271.txt water/gen_1773902257_274.txt water/gen_1773902260_275.txt water/gen_1773902265_277.txt water/gen_1773902274_280.txt water/gen_1773902277_281.txt water/gen_1773902282_283.txt water/gen_1773902291_286.txt water/gen_1773902293_287.txt water/gen_1773902299_289.txt water/gen_1773902307_292.txt water/gen_1773902310_293.txt water/gen_1773902316_295.txt water/gen_1773902324_298.txt water/gen_1773902327_299.txt water/gen_1773902333_301.txt water/gen_1773902341_304.txt water/gen_1773902344_305.txt water/gen_1773902350_307.txt water/gen_1773902358_310.txt water/gen_1773902361_311.txt water/gen_1773902367_313.txt water/gen_1773902375_316.txt water/gen_1773902378_317.txt water/gen_1773902384_319.txt water/gen_1773902392_322.txt water/gen_1773902395_323.txt water/gen_1773902401_325.txt water/gen_1773902409_328.txt water/gen_1773902412_329.txt water/gen_1773902418_331.txt water/gen_1773902427_334.txt water/gen_1773902430_335.txt water/gen_1773902435_337.txt water/gen_1773902444_340.txt water/gen_1773902447_341.txt water/gen_1773902453_343.txt water/gen_1773902461_346.txt water/gen_1773902464_347.txt water/gen_1773902470_349.txt water/gen_1773902478_352.txt water/gen_1773902481_353.txt water/gen_1773902487_355.txt water/gen_1773902495_358.txt water/gen_1773902498_359.txt water/gen_1773902504_361.txt water/gen_1773902512_364.txt water/gen_1773902515_365.txt water/gen_1773902521_367.txt water/gen_1773902529_370.txt water/gen_1773902532_371.txt water/gen_1773902538_373.txt water/gen_1773902547_376.txt water/gen_1773902549_377.txt water/gen_1773902555_379.txt water/gen_1773902564_382.txt water/gen_1773902567_383.txt water/gen_1773902572_385.txt water/gen_1773902581_388.txt water/gen_1773902583_389.txt water/gen_1773902589_391.txt water/gen_1773902597_394.txt water/gen_1773902600_395.txt water/gen_1773902606_397.txt water/gen_1773902614_400.txt water/gen_1773902617_401.txt water/gen_1773902623_403.txt water/gen_1773902631_406.txt water/gen_1773902634_407.txt water/gen_1773902640_409.txt water/gen_1773902648_412.txt water/gen_1773902651_413.txt water/gen_1773902656_415.txt water/gen_1773902665_418.txt water/gen_1773902667_419.txt water/gen_1773902673_421.txt water/gen_1773902681_424.txt water/gen_1773902684_425.txt water/gen_1773902690_427.txt water/gen_1773902698_430.txt water/gen_1773902701_431.txt water/gen_1773902707_433.txt water/gen_1773902715_436.txt water/gen_1773902718_437.txt water/gen_1773902724_439.txt water/gen_1773902732_442.txt water/gen_1773902735_443.txt water/gen_1773902741_445.txt water/gen_1773902749_448.txt water/gen_1773902752_449.txt water/gen_1773902757_451.txt water/gen_1773902766_454.txt water/gen_1773902768_455.txt water/gen_1773902774_457.txt water/gen_1773902783_460.txt water/gen_1773902786_461.txt water/gen_1773902791_463.txt water/gen_1773902800_466.txt water/gen_1773902803_467.txt water/gen_1773902809_469.txt water/gen_1773902818_472.txt water/gen_1773902821_473.txt water/gen_1773902826_475.txt water/gen_1773902835_478.txt water/gen_1773902838_479.txt water/gen_1773902844_481.txt water/gen_1773902852_484.txt water/gen_1773902855_485.txt water/gen_1773902861_487.txt water/gen_1773902869_490.txt water/gen_1773902872_491.txt water/gen_1773902878_493.txt water/gen_1773902886_496.txt water/gen_1773902889_497.txt water/gen_1773902895_499.txt water/gen_1773902903_502.txt water/gen_1773902906_503.txt water/gen_1773902912_505.txt water/gen_1773902921_508.txt water/gen_1773902923_509.txt water/gen_1773902929_511.txt water/gen_1773902938_514.txt water/gen_1773902941_515.txt water/gen_1773902947_517.txt water/gen_1773902956_520.txt water/gen_1773902958_521.txt water/gen_1773902964_523.txt water/gen_1773902973_526.txt water/gen_1773902976_527.txt water/gen_1773902982_529.txt water/gen_1773902990_532.txt water/gen_1773902993_533.txt water/gen_1773902999_535.txt water/gen_1773903008_538.txt water/gen_1773903011_539.txt water/gen_1773903017_541.txt water/gen_1773903025_544.txt water/gen_1773903028_545.txt water/gen_1773903034_547.txt water/gen_1773903043_550.txt water/gen_1773903045_551.txt water/gen_1773903051_553.txt water/gen_1773903060_556.txt water/gen_1773903069_559.txt water/gen_1773903077_562.txt water/gen_1773903080_563.txt water/gen_1773903086_565.txt water/gen_1773903095_568.txt water/gen_1773903098_569.txt water/gen_1773903103_571.txt water/gen_1773903112_574.txt water/gen_1773903115_575.txt water/gen_1773903121_577.txt water/gen_1773903129_580.txt water/gen_1773903132_581.txt water/gen_1773903137_583.txt water/gen_1773903146_586.txt water/gen_1773903149_587.txt water/gen_1773903154_589.txt water/gen_1773903163_592.txt water/gen_1773903166_593.txt water/gen_1773903171_595.txt water/gen_1773903180_598.txt water/gen_1773903183_599.txt water/gen_1773903188_601.txt water/gen_1773903197_604.txt water/gen_1773903199_605.txt water/gen_1773903205_607.txt water/gen_1773903213_610.txt water/gen_1773903216_611.txt water/gen_1773903222_613.txt water/gen_1773903230_616.txt water/gen_1773903239_619.txt water/gen_1773903247_622.txt water/gen_1773903250_623.txt water/gen_1773903255_625.txt]
[trainer] micro-train burst (20652 bytes, novelty 0.03) — and lo, it feeds again.
[syntropy] action=explore | trend=0.0000 | field_dev=0.013 | purpose_align=0.237 | lr_mul=1.30
[aml] burst complete: 32 steps, avg loss 1.5663 (memory freed)
[dna] fire wrote 31 bytes to ecology
[dna] fire wrote 16 bytes to ecology
[dna] fire wrote 29 bytes to ecology
[dna] fire wrote 112 bytes to ecology
[dna] fire wrote 37 bytes to ecology
[dna] fire wrote 77 bytes to ecology
[dna] fire wrote 80 bytes to ecology
[dna] fire wrote 48 bytes to ecology
[dna] fire wrote 24 bytes to ecology
[dna] fire wrote 43 bytes to ecology
[dna] fire wrote 38 bytes to ecology
[dna] fire wrote 193 bytes to ecology
[dna] fire wrote 131 bytes to ecology
[dna] fire wrote 11 bytes to ecology
[dna] fire wrote 165 bytes to ecology
[dna] fire wrote 33 bytes to ecology
[dna] fire wrote 38 bytes to ecology
[dna] fire wrote 14 bytes to ecology
[dna] fire wrote 103 bytes to ecology
[dna] fire wrote 69 bytes to ecology
[dna] fire wrote 68 bytes to ecology
[dna] fire wrote 88 bytes to ecology
[debug-onto] tick=50 corpus=142863 stage=2 freeze=0
[dna] fire wrote 37 bytes to ecology
[dna] fire wrote 43 bytes to ecology
[dna] fire wrote 47 bytes to ecology
[dna] fire wrote 51 bytes to ecology
[dna] fire wrote 87 bytes to ecology
[dna] fire wrote 48 bytes to ecology
[dna] fire wrote 33 bytes to ecology
[dna] fire wrote 50 bytes to ecology
[dna] fire wrote 38 bytes to ecology
[dna] fire wrote 41 bytes to ecology
[dna] fire wrote 166 bytes to ecology
[dna] fire wrote 55 bytes to ecology
[dna] fire wrote 43 bytes to ecology
[dna] fire wrote 81 bytes to ecology
[dna] fire wrote 116 bytes to ecology
[dna] fire wrote 29 bytes to ecology
[dna] fire wrote 50 bytes to ecology
[dna] fire wrote 81 bytes to ecology
[dna] fire wrote 31 bytes to ecology
[dna] fire wrote 29 bytes to ecology
[debug-onto] tick=100 corpus=142863 stage=2 freeze=0
[dna] fire wrote 158 bytes to ecology
[dna] fire wrote 50 bytes to ecology
[dna] fire wrote 108 bytes to ecology
[dna] fire wrote 50 bytes to ecology
[dna] fire wrote 95 bytes to ecology
[dna] fire wrote 169 bytes to ecology
[dna] fire wrote 42 bytes to ecology
[dna] fire wrote 42 bytes to ecology
[dna] fire wrote 60 bytes to ecology
[dna] fire wrote 45 bytes to ecology
[dna] fire wrote 42 bytes to ecology
[dna] fire wrote 49 bytes to ecology
[dna] fire wrote 44 bytes to ecology
[dna] fire wrote 27 bytes to ecology
[dna] fire wrote 99 bytes to ecology
[dna] fire wrote 42 bytes to ecology
[dna] fire wrote 65 bytes to ecology
[dna] fire wrote 19 bytes to ecology
[dna] fire wrote 172 bytes to ecology
[dna] fire wrote 62 bytes to ecology
[debug-onto] tick=150 corpus=142863 stage=2 freeze=0
[dna] fire wrote 20 bytes to ecology
[dna] fire wrote 92 bytes to ecology
[dna] fire wrote 41 bytes to ecology
[dna] fire wrote 60 bytes to ecology
[dna] fire wrote 23 bytes to ecology
[dna] fire wrote 27 bytes to ecology
[dna] fire wrote 68 bytes to ecology
[dna] fire wrote 67 bytes to ecology
[dna] fire wrote 53 bytes to ecology
[dna] fire wrote 102 bytes to ecology
[dna] fire wrote 8 bytes to ecology
[dna] fire wrote 78 bytes to ecology
[dna] fire wrote 43 bytes to ecology
[dna] fire wrote 88 bytes to ecology
[dna] fire wrote 47 bytes to ecology
[dna] fire wrote 28 bytes to ecology
[dna] fire wrote 14 bytes to ecology
[debug-onto] tick=200 corpus=142863 stage=2 freeze=0
[dna] fire wrote 54 bytes to ecology
[dna] fire wrote 56 bytes to ecology
[dna] fire wrote 38 bytes to ecology
[dna] fire wrote 81 bytes to ecology
[dna] fire wrote 47 bytes to ecology
[dna] fire wrote 60 bytes to ecology
[dna] fire wrote 142 bytes to ecology
[dna] fire wrote 33 bytes to ecology
[dna] fire wrote 51 bytes to ecology
[dna] fire wrote 16 bytes to ecology
[dna] fire wrote 79 bytes to ecology
[dna] fire wrote 78 bytes to ecology
[dna] fire wrote 71 bytes to ecology
[dna] fire wrote 76 bytes to ecology
[dna] fire wrote 7 bytes to ecology
[dna] fire wrote 76 bytes to ecology
[dna] fire wrote 175 bytes to ecology
[dna] fire wrote 12 bytes to ecology
[dna] fire wrote 86 bytes to ecology
[dna] fire wrote 52 bytes to ecology
[dna] fire wrote 26 bytes to ecology
[dna] fire wrote 42 bytes to ecology
[dna] fire wrote 32 bytes to ecology
[debug-onto] tick=250 corpus=142863 stage=2 freeze=0
[dna] fire wrote 83 bytes to ecology
[dna] fire wrote 50 bytes to ecology
[dna] fire wrote 31 bytes to ecology
[dna] fire wrote 11 bytes to ecology
[dna] fire wrote 30 bytes to ecology
[dna] fire wrote 39 bytes to ecology
[dna] fire wrote 52 bytes to ecology
[dna] fire wrote 16 bytes to ecology
[dna] fire wrote 108 bytes to ecology
[dna] fire wrote 50 bytes to ecology
[dna] fire wrote 95 bytes to ecology
[dna] fire wrote 174 bytes to ecology
[dna] fire wrote 24 bytes to ecology
[dna] fire wrote 53 bytes to ecology
[dna] fire wrote 42 bytes to ecology
[dna] fire wrote 97 bytes to ecology
[dna] fire wrote 124 bytes to ecology
[dna] fire wrote 163 bytes to ecology
[dna] fire wrote 9 bytes to ecology
[dna] fire wrote 43 bytes to ecology
[debug-onto] tick=300 corpus=142863 stage=2 freeze=0
[dna] fire wrote 38 bytes to ecology
[dna] fire wrote 24 bytes to ecology
[dna] fire wrote 35 bytes to ecology
[dna] fire wrote 63 bytes to ecology
[dna] fire wrote 84 bytes to ecology
[dna] fire wrote 110 bytes to ecology
[dna] fire wrote 63 bytes to ecology
[dna] fire wrote 33 bytes to ecology
[dna] fire wrote 102 bytes to ecology
[dna] fire wrote 68 bytes to ecology
[dna] fire wrote 53 bytes to ecology
[dna] fire wrote 67 bytes to ecology
[dna] fire wrote 27 bytes to ecology
[dna] fire wrote 27 bytes to ecology
[dna] fire wrote 47 bytes to ecology
[dna] fire wrote 274 bytes to ecology
[dna] fire wrote 50 bytes to ecology
[dna] fire wrote 78 bytes to ecology
[dna] fire wrote 9 bytes to ecology
[dna] fire wrote 100 bytes to ecology
[dna] fire wrote 9 bytes to ecology
[debug-onto] tick=350 corpus=142863 stage=2 freeze=0
[dna] fire wrote 93 bytes to ecology
[dna] fire wrote 30 bytes to ecology
[dna] fire wrote 30 bytes to ecology
[dna] fire wrote 43 bytes to ecology
[dna] fire wrote 80 bytes to ecology
[dna] fire wrote 85 bytes to ecology
[dna] fire wrote 42 bytes to ecology
[dna] fire wrote 52 bytes to ecology
[dna] fire wrote 68 bytes to ecology
[dna] fire wrote 59 bytes to ecology
[dna] fire wrote 78 bytes to ecology
[dna] fire wrote 76 bytes to ecology
[dna] fire wrote 48 bytes to ecology
[dna] fire wrote 28 bytes to ecology
[dna] fire wrote 26 bytes to ecology
[dna] fire wrote 87 bytes to ecology
[dna] fire wrote 54 bytes to ecology
[dna] fire wrote 93 bytes to ecology
[dna] fire wrote 96 bytes to ecology
[dna] fire wrote 45 bytes to ecology
[debug-onto] tick=400 corpus=142863 stage=2 freeze=0
[dna] fire wrote 57 bytes to ecology
[dna] fire wrote 110 bytes to ecology
[dna] fire wrote 60 bytes to ecology
[dna] fire wrote 50 bytes to ecology
[dna] fire wrote 103 bytes to ecology
[dna] fire wrote 108 bytes to ecology
[dna] fire wrote 44 bytes to ecology
[dna] fire wrote 37 bytes to ecology
[dna] fire wrote 37 bytes to ecology
[dna] fire wrote 58 bytes to ecology
[dna] fire wrote 82 bytes to ecology
[dna] fire wrote 133 bytes to ecology
[dna] fire wrote 24 bytes to ecology
[dna] fire wrote 35 bytes to ecology
[dna] fire wrote 33 bytes to ecology
[dna] fire wrote 48 bytes to ecology
[dna] fire wrote 47 bytes to ecology
[dna] fire wrote 68 bytes to ecology
[dna] fire wrote 137 bytes to ecology
[dna] fire wrote 126 bytes to ecology
[dna] fire wrote 75 bytes to ecology
[debug-onto] tick=450 corpus=142863 stage=2 freeze=0
[dna] fire wrote 42 bytes to ecology
[dna] fire wrote 71 bytes to ecology
[dna] fire wrote 35 bytes to ecology
[dna] fire wrote 38 bytes to ecology
[dna] fire wrote 141 bytes to ecology
[dna] fire wrote 15 bytes to ecology
[dna] fire wrote 171 bytes to ecology
[dna] fire wrote 21 bytes to ecology
[dna] fire wrote 177 bytes to ecology
[dna] fire wrote 101 bytes to ecology
[dna] fire wrote 18 bytes to ecology
[dna] fire wrote 24 bytes to ecology
[dna] fire wrote 94 bytes to ecology
[dna] fire wrote 98 bytes to ecology
[dna] fire wrote 39 bytes to ecology
[dna] fire wrote 137 bytes to ecology
[dna] fire wrote 52 bytes to ecology
[dna] fire wrote 46 bytes to ecology
[dna] fire wrote 38 bytes to ecology
[dna] fire wrote 10 bytes to ecology
[dna] fire wrote 32 bytes to ecology
[dna] fire wrote 49 bytes to ecology
[dna] fire wrote 30 bytes to ecology
[dna] fire wrote 27 bytes to ecology
[debug-onto] tick=500 corpus=142863 stage=2 freeze=0
[dna] fire wrote 84 bytes to ecology
[dna] fire wrote 115 bytes to ecology
[dna] fire wrote 77 bytes to ecology
[dna] fire wrote 26 bytes to ecology
[dna] fire wrote 29 bytes to ecology
[dna] fire wrote 66 bytes to ecology
[dna] fire wrote 75 bytes to ecology
[dna] fire wrote 35 bytes to ecology
[dna] fire wrote 9 bytes to ecology
[dna] fire wrote 59 bytes to ecology
[dna] fire wrote 143 bytes to ecology
[dna] fire wrote 27 bytes to ecology
[dna] fire wrote 131 bytes to ecology
[dna] fire wrote 63 bytes to ecology
[dna] fire wrote 131 bytes to ecology
[dna] fire wrote 18 bytes to ecology
[dna] fire wrote 97 bytes to ecology
[dna] fire wrote 174 bytes to ecology
[dna] fire wrote 24 bytes to ecology
[dna] fire wrote 49 bytes to ecology
[dna] fire wrote 30 bytes to ecology
[debug-onto] tick=550 corpus=142863 stage=2 freeze=0
[dna] fire wrote 135 bytes to ecology
[dna] fire wrote 50 bytes to ecology
[dna] fire wrote 39 bytes to ecology
[dna] fire wrote 43 bytes to ecology
[dna] fire wrote 65 bytes to ecology
[dna] fire wrote 45 bytes to ecology
[dna] fire wrote 63 bytes to ecology
[dna] fire wrote 29 bytes to ecology
[dna] fire wrote 79 bytes to ecology
[dna] fire wrote 48 bytes to ecology
[dna] fire wrote 33 bytes to ecology
[dna] fire wrote 42 bytes to ecology
[dna] fire wrote 38 bytes to ecology
[dna] fire wrote 64 bytes to ecology
[dna] fire wrote 111 bytes to ecology
[dna] fire wrote 34 bytes to ecology
[dna] fire wrote 101 bytes to ecology
[dna] fire wrote 47 bytes to ecology
[dna] fire wrote 71 bytes to ecology
[debug-onto] tick=600 corpus=142863 stage=2 freeze=0
[dna] fire wrote 49 bytes to ecology
[dna] fire wrote 25 bytes to ecology
[dna] fire wrote 44 bytes to ecology
[dna] fire wrote 34 bytes to ecology
[dna] fire wrote 11 bytes to ecology
[dna] fire wrote 162 bytes to ecology
[dna] fire wrote 95 bytes to ecology
[dna] fire wrote 54 bytes to ecology
[dna] fire wrote 84 bytes to ecology
[dna] fire wrote 42 bytes to ecology
[dna] fire wrote 43 bytes to ecology
[dna] fire wrote 12 bytes to ecology
[dna] fire wrote 70 bytes to ecology
[dna] fire wrote 51 bytes to ecology
[dna] fire wrote 17 bytes to ecology
[dna] fire wrote 43 bytes to ecology
[dna] fire wrote 23 bytes to ecology
[dna] fire wrote 63 bytes to ecology
[dna] fire wrote 84 bytes to ecology
[dna] fire wrote 54 bytes to ecology
[debug-onto] tick=650 corpus=142863 stage=2 freeze=0
[dna] fire wrote 76 bytes to ecology
[dna] fire wrote 10 bytes to ecology
[dna] fire wrote 65 bytes to ecology
[dna] fire wrote 7 bytes to ecology
[dna] fire wrote 133 bytes to ecology

[evolution] Organism shutting down gracefully.
