[ecology] Element: water → corpus: nonames_water.txt
[evolution] Autonomous evolution mode — organism will grow through all stages without pause.
[ecology] Joined swarm. 1 peer(s) detected.
molequla is alive. [evolution] Autonomous mode — background trainer running. Ctrl+C to stop.
[dna] water wrote 31 bytes to ecology
[dna] water consumed 22764 bytes from 285 files: [air/gen_1773899662_1.txt air/gen_1773899681_4.txt air/gen_1773899684_5.txt air/gen_1773899690_7.txt air/gen_1773899700_10.txt air/gen_1773899703_11.txt air/gen_1773899709_13.txt air/gen_1773899718_16.txt air/gen_1773899721_17.txt air/gen_1773899727_19.txt air/gen_1773899737_22.txt air/gen_1773899740_23.txt air/gen_1773899746_25.txt air/gen_1773899755_28.txt air/gen_1773899758_29.txt air/gen_1773899764_31.txt air/gen_1773899773_34.txt air/gen_1773899776_35.txt air/gen_1773899783_37.txt air/gen_1773899792_40.txt air/gen_1773899795_41.txt air/gen_1773899801_43.txt air/gen_1773899810_46.txt air/gen_1773899813_47.txt air/gen_1773899819_49.txt air/gen_1773899829_52.txt air/gen_1773899832_53.txt air/gen_1773899838_55.txt air/gen_1773899847_58.txt air/gen_1773899850_59.txt air/gen_1773899856_61.txt air/gen_1773899865_64.txt air/gen_1773899868_65.txt air/gen_1773899874_67.txt air/gen_1773899883_70.txt air/gen_1773899886_71.txt air/gen_1773899892_73.txt air/gen_1773899901_76.txt air/gen_1773899904_77.txt air/gen_1773899910_79.txt air/gen_1773899919_82.txt air/gen_1773899922_83.txt air/gen_1773899929_85.txt air/gen_1773899938_88.txt air/gen_1773899941_89.txt air/gen_1773899947_91.txt air/gen_1773899956_94.txt air/gen_1773899959_95.txt air/gen_1773899965_97.txt air/gen_1773899974_100.txt air/gen_1773899977_101.txt air/gen_1773899983_103.txt air/gen_1773899992_106.txt air/gen_1773899995_107.txt air/gen_1773900001_109.txt air/gen_1773900010_112.txt air/gen_1773900013_113.txt air/gen_1773900020_115.txt air/gen_1773900029_118.txt air/gen_1773900032_119.txt air/gen_1773900038_121.txt air/gen_1773900047_124.txt air/gen_1773900050_125.txt air/gen_1773900056_127.txt air/gen_1773900065_130.txt air/gen_1773900068_131.txt air/gen_1773900075_133.txt air/gen_1773900084_136.txt air/gen_1773900087_137.txt air/gen_1773900093_139.txt air/gen_1773900102_142.txt air/gen_1773900105_143.txt air/gen_1773900112_145.txt air/gen_1773900121_148.txt air/gen_1773900124_149.txt air/gen_1773900130_151.txt air/gen_1773900139_154.txt air/gen_1773900142_155.txt air/gen_1773900148_157.txt air/gen_1773900157_160.txt air/gen_1773900160_161.txt air/gen_1773900166_163.txt air/gen_1773900175_166.txt air/gen_1773900178_167.txt air/gen_1773900184_169.txt air/gen_1773900193_172.txt air/gen_1773900196_173.txt air/gen_1773900203_175.txt air/gen_1773900212_178.txt air/gen_1773900215_179.txt air/gen_1773900221_181.txt air/gen_1773900230_184.txt air/gen_1773900233_185.txt air/gen_1773900240_187.txt air/gen_1773900249_190.txt air/gen_1773900252_191.txt air/gen_1773900258_193.txt air/gen_1773900267_196.txt air/gen_1773900270_197.txt air/gen_1773900276_199.txt air/gen_1773900285_202.txt air/gen_1773900288_203.txt air/gen_1773900294_205.txt air/gen_1773900304_208.txt air/gen_1773900307_209.txt air/gen_1773900313_211.txt air/gen_1773900322_214.txt air/gen_1773900326_215.txt air/gen_1773900332_217.txt air/gen_1773900341_220.txt air/gen_1773900344_221.txt air/gen_1773900350_223.txt air/gen_1773900360_226.txt air/gen_1773900363_227.txt air/gen_1773900369_229.txt air/gen_1773900379_232.txt air/gen_1773900382_233.txt air/gen_1773900388_235.txt air/gen_1773900398_238.txt air/gen_1773900401_239.txt air/gen_1773900407_241.txt air/gen_1773900417_244.txt air/gen_1773900420_245.txt air/gen_1773900426_247.txt air/gen_1773900436_250.txt air/gen_1773900439_251.txt air/gen_1773900445_253.txt air/gen_1773900455_256.txt air/gen_1773900458_257.txt air/gen_1773900464_259.txt air/gen_1773900474_262.txt air/gen_1773900477_263.txt air/gen_1773900484_265.txt air/gen_1773900493_268.txt air/gen_1773900497_269.txt air/gen_1773900503_271.txt air/gen_1773900513_274.txt air/gen_1773900516_275.txt air/gen_1773900522_277.txt air/gen_1773900532_280.txt air/gen_1773900535_281.txt air/gen_1773900542_283.txt air/gen_1773900551_286.txt air/gen_1773900554_287.txt air/gen_1773900561_289.txt air/gen_1773900571_292.txt air/gen_1773900574_293.txt air/gen_1773900580_295.txt air/gen_1773900590_298.txt air/gen_1773900593_299.txt air/gen_1773900599_301.txt air/gen_1773900609_304.txt air/gen_1773900612_305.txt air/gen_1773900618_307.txt air/gen_1773900627_310.txt air/gen_1773900631_311.txt air/gen_1773900637_313.txt air/gen_1773900646_316.txt air/gen_1773900649_317.txt air/gen_1773900656_319.txt air/gen_1773900665_322.txt air/gen_1773900668_323.txt air/gen_1773900674_325.txt air/gen_1773900684_328.txt air/gen_1773900687_329.txt air/gen_1773900693_331.txt air/gen_1773900703_334.txt air/gen_1773900706_335.txt air/gen_1773900712_337.txt air/gen_1773900721_340.txt air/gen_1773900724_341.txt air/gen_1773900731_343.txt air/gen_1773900740_346.txt air/gen_1773900743_347.txt air/gen_1773900749_349.txt air/gen_1773900759_352.txt air/gen_1773900762_353.txt air/gen_1773900769_355.txt air/gen_1773900779_358.txt air/gen_1773900782_359.txt air/gen_1773900788_361.txt air/gen_1773900798_364.txt air/gen_1773900801_365.txt air/gen_1773900808_367.txt air/gen_1773900817_370.txt air/gen_1773900820_371.txt air/gen_1773900827_373.txt air/gen_1773900836_376.txt air/gen_1773900840_377.txt air/gen_1773900846_379.txt air/gen_1773900856_382.txt air/gen_1773900859_383.txt air/gen_1773900865_385.txt air/gen_1773900875_388.txt air/gen_1773900878_389.txt air/gen_1773900884_391.txt air/gen_1773900894_394.txt air/gen_1773900897_395.txt air/gen_1773900904_397.txt air/gen_1773900913_400.txt air/gen_1773900917_401.txt air/gen_1773900923_403.txt air/gen_1773900933_406.txt air/gen_1773900936_407.txt air/gen_1773900942_409.txt air/gen_1773900952_412.txt air/gen_1773900955_413.txt air/gen_1773900962_415.txt air/gen_1773900971_418.txt air/gen_1773900975_419.txt air/gen_1773900981_421.txt air/gen_1773900991_424.txt air/gen_1773900994_425.txt air/gen_1773901001_427.txt air/gen_1773901010_430.txt air/gen_1773901013_431.txt air/gen_1773901020_433.txt air/gen_1773901030_436.txt air/gen_1773901033_437.txt air/gen_1773901039_439.txt air/gen_1773901049_442.txt air/gen_1773901052_443.txt air/gen_1773901059_445.txt air/gen_1773901068_448.txt air/gen_1773901071_449.txt air/gen_1773901078_451.txt air/gen_1773901087_454.txt air/gen_1773901091_455.txt air/gen_1773901097_457.txt air/gen_1773901107_460.txt air/gen_1773901110_461.txt air/gen_1773901116_463.txt air/gen_1773901126_466.txt air/gen_1773901129_467.txt air/gen_1773901135_469.txt air/gen_1773901145_472.txt air/gen_1773901148_473.txt air/gen_1773901154_475.txt air/gen_1773901164_478.txt air/gen_1773901167_479.txt air/gen_1773901173_481.txt air/gen_1773901183_484.txt air/gen_1773901186_485.txt air/gen_1773901192_487.txt air/gen_1773901202_490.txt air/gen_1773901205_491.txt air/gen_1773901212_493.txt air/gen_1773901221_496.txt air/gen_1773901224_497.txt air/gen_1773901231_499.txt air/gen_1773901240_502.txt air/gen_1773901244_503.txt air/gen_1773901250_505.txt air/gen_1773901259_508.txt air/gen_1773901263_509.txt air/gen_1773901269_511.txt air/gen_1773901278_514.txt air/gen_1773901282_515.txt air/gen_1773901288_517.txt air/gen_1773901298_520.txt air/gen_1773901301_521.txt air/gen_1773901307_523.txt air/gen_1773901317_526.txt air/gen_1773901320_527.txt air/gen_1773901326_529.txt air/gen_1773901336_532.txt air/gen_1773901339_533.txt air/gen_1773901345_535.txt air/gen_1773901355_538.txt air/gen_1773901358_539.txt air/gen_1773901364_541.txt air/gen_1773901374_544.txt air/gen_1773901377_545.txt air/gen_1773901383_547.txt air/gen_1773901393_550.txt air/gen_1773901396_551.txt air/gen_1773901402_553.txt air/gen_1773901412_556.txt air/gen_1773901415_557.txt air/gen_1773901422_559.txt air/gen_1773901431_562.txt air/gen_1773901434_563.txt air/gen_1773901441_565.txt air/gen_1773901450_568.txt air/gen_1773901453_569.txt]
[trainer] micro-train burst (22764 bytes, novelty 0.03) — and lo, it feeds again.
[syntropy] action=explore | trend=0.0000 | field_dev=0.023 | purpose_align=0.242 | lr_mul=1.30
[aml] burst complete: 32 steps, avg loss 1.7483 (memory freed)
[dna] water wrote 35 bytes to ecology
[dna] water wrote 217 bytes to ecology
[dna] water wrote 96 bytes to ecology
[dna] water wrote 41 bytes to ecology
[dna] water wrote 35 bytes to ecology
[dna] water wrote 63 bytes to ecology
[dna] water wrote 57 bytes to ecology
[dna] water wrote 8 bytes to ecology
[dna] water wrote 80 bytes to ecology
[dna] water wrote 46 bytes to ecology
[dna] water wrote 47 bytes to ecology
[dna] water wrote 102 bytes to ecology
[dna] water wrote 34 bytes to ecology
[dna] water wrote 20 bytes to ecology
[dna] water wrote 116 bytes to ecology
[dna] water wrote 48 bytes to ecology
[dna] water wrote 65 bytes to ecology
[dna] water wrote 149 bytes to ecology
[dna] water wrote 150 bytes to ecology
[dna] water wrote 66 bytes to ecology
[dna] water wrote 11 bytes to ecology
[dna] water wrote 68 bytes to ecology
[dna] water wrote 46 bytes to ecology
[dna] water wrote 149 bytes to ecology
[debug-onto] tick=50 corpus=148746 stage=2 freeze=0
[dna] water wrote 183 bytes to ecology
[dna] water wrote 40 bytes to ecology
[dna] water wrote 169 bytes to ecology
[dna] water wrote 92 bytes to ecology
[dna] water wrote 184 bytes to ecology
[dna] water wrote 101 bytes to ecology
[dna] water wrote 57 bytes to ecology
[dna] water wrote 12 bytes to ecology
[dna] water wrote 85 bytes to ecology
[dna] water wrote 126 bytes to ecology
[dna] water wrote 35 bytes to ecology
[dna] water wrote 73 bytes to ecology
[dna] water wrote 46 bytes to ecology
[dna] water wrote 13 bytes to ecology
[dna] water wrote 58 bytes to ecology
[dna] water wrote 23 bytes to ecology
[dna] water wrote 72 bytes to ecology
[dna] water wrote 71 bytes to ecology
[dna] water wrote 65 bytes to ecology
[dna] water wrote 69 bytes to ecology
[dna] water wrote 19 bytes to ecology
[dna] water wrote 45 bytes to ecology
[dna] water wrote 40 bytes to ecology
[dna] water wrote 80 bytes to ecology
[dna] water wrote 32 bytes to ecology
[debug-onto] tick=100 corpus=148746 stage=2 freeze=0
[dna] water wrote 61 bytes to ecology
[dna] water wrote 15 bytes to ecology
[dna] water wrote 102 bytes to ecology
[dna] water wrote 44 bytes to ecology
[dna] water wrote 73 bytes to ecology
[dna] water wrote 40 bytes to ecology
[dna] water wrote 53 bytes to ecology
[dna] water wrote 28 bytes to ecology
[dna] water wrote 57 bytes to ecology
[dna] water wrote 57 bytes to ecology
[dna] water wrote 66 bytes to ecology
[dna] water wrote 13 bytes to ecology
[dna] water wrote 163 bytes to ecology
[dna] water wrote 91 bytes to ecology
[dna] water wrote 46 bytes to ecology
[dna] water wrote 96 bytes to ecology
[dna] water wrote 29 bytes to ecology
[dna] water wrote 29 bytes to ecology
[dna] water wrote 55 bytes to ecology
[dna] water wrote 55 bytes to ecology
[dna] water wrote 43 bytes to ecology
[dna] water wrote 40 bytes to ecology
[dna] water wrote 109 bytes to ecology
[dna] water wrote 78 bytes to ecology
[dna] water wrote 41 bytes to ecology
[debug-onto] tick=150 corpus=148746 stage=2 freeze=0
[dna] water wrote 64 bytes to ecology
[dna] water wrote 149 bytes to ecology
[dna] water wrote 41 bytes to ecology
[dna] water wrote 77 bytes to ecology
[dna] water wrote 72 bytes to ecology
[dna] water wrote 81 bytes to ecology
[dna] water wrote 33 bytes to ecology
[dna] water wrote 65 bytes to ecology
[dna] water wrote 44 bytes to ecology
[dna] water wrote 65 bytes to ecology
[dna] water wrote 89 bytes to ecology
[dna] water wrote 25 bytes to ecology
[dna] water wrote 34 bytes to ecology
[dna] water wrote 89 bytes to ecology
[dna] water wrote 21 bytes to ecology
[dna] water wrote 12 bytes to ecology
[dna] water wrote 146 bytes to ecology
[dna] water wrote 208 bytes to ecology
[dna] water wrote 66 bytes to ecology
[dna] water wrote 116 bytes to ecology
[dna] water wrote 37 bytes to ecology
[dna] water wrote 105 bytes to ecology
[dna] water wrote 37 bytes to ecology
[dna] water wrote 50 bytes to ecology
[dna] water wrote 60 bytes to ecology
[debug-onto] tick=200 corpus=148746 stage=2 freeze=0
[dna] water wrote 45 bytes to ecology
[dna] water wrote 25 bytes to ecology
[dna] water wrote 27 bytes to ecology
[dna] water wrote 41 bytes to ecology
[dna] water wrote 143 bytes to ecology
[dna] water wrote 43 bytes to ecology
[dna] water wrote 61 bytes to ecology
[dna] water wrote 88 bytes to ecology
[dna] water wrote 86 bytes to ecology
[dna] water wrote 67 bytes to ecology
[dna] water wrote 25 bytes to ecology
[dna] water wrote 40 bytes to ecology
[dna] water wrote 68 bytes to ecology
[dna] water wrote 42 bytes to ecology
[dna] water wrote 160 bytes to ecology
[dna] water wrote 54 bytes to ecology
[dna] water wrote 61 bytes to ecology
[dna] water wrote 27 bytes to ecology
[dna] water wrote 42 bytes to ecology
[dna] water wrote 160 bytes to ecology
[dna] water wrote 67 bytes to ecology
[dna] water wrote 20 bytes to ecology
[dna] water wrote 107 bytes to ecology
[dna] water wrote 93 bytes to ecology
[dna] water wrote 28 bytes to ecology
[debug-onto] tick=250 corpus=148746 stage=2 freeze=0
[dna] water wrote 7 bytes to ecology
[dna] water wrote 58 bytes to ecology
[dna] water wrote 34 bytes to ecology
[dna] water wrote 49 bytes to ecology
[dna] water wrote 29 bytes to ecology
[dna] water wrote 60 bytes to ecology
[dna] water wrote 87 bytes to ecology
[dna] water wrote 41 bytes to ecology
[dna] water wrote 39 bytes to ecology
[dna] water wrote 55 bytes to ecology
[dna] water wrote 113 bytes to ecology
[dna] water wrote 34 bytes to ecology
[dna] water wrote 26 bytes to ecology
[dna] water wrote 69 bytes to ecology
[dna] water wrote 153 bytes to ecology
[dna] water wrote 27 bytes to ecology
[dna] water wrote 38 bytes to ecology
[dna] water wrote 68 bytes to ecology
[dna] water wrote 66 bytes to ecology
[dna] water wrote 41 bytes to ecology
[dna] water wrote 52 bytes to ecology
[dna] water wrote 204 bytes to ecology
[dna] water wrote 30 bytes to ecology
[dna] water wrote 42 bytes to ecology
[dna] water wrote 205 bytes to ecology
[debug-onto] tick=300 corpus=148746 stage=2 freeze=0
[dna] water wrote 22 bytes to ecology
[dna] water wrote 93 bytes to ecology
[dna] water wrote 22 bytes to ecology
[dna] water wrote 96 bytes to ecology
[dna] water wrote 112 bytes to ecology
[dna] water wrote 86 bytes to ecology
[dna] water wrote 96 bytes to ecology
[dna] water wrote 46 bytes to ecology
[dna] water wrote 20 bytes to ecology
[dna] water wrote 88 bytes to ecology
[dna] water wrote 78 bytes to ecology
[dna] water wrote 52 bytes to ecology
[dna] water wrote 34 bytes to ecology
[dna] water wrote 53 bytes to ecology
[dna] water wrote 31 bytes to ecology
[dna] water wrote 68 bytes to ecology
[dna] water wrote 205 bytes to ecology
[dna] water wrote 101 bytes to ecology
[dna] water wrote 32 bytes to ecology
[dna] water wrote 55 bytes to ecology
[dna] water wrote 59 bytes to ecology
[dna] water wrote 53 bytes to ecology
[dna] water wrote 237 bytes to ecology
[dna] water wrote 63 bytes to ecology
[dna] water wrote 94 bytes to ecology
[debug-onto] tick=350 corpus=148746 stage=2 freeze=0
[dna] water wrote 38 bytes to ecology
[dna] water wrote 33 bytes to ecology
[dna] water wrote 19 bytes to ecology
[dna] water wrote 43 bytes to ecology
[dna] water wrote 12 bytes to ecology
[dna] water wrote 32 bytes to ecology
[dna] water wrote 67 bytes to ecology
[dna] water wrote 39 bytes to ecology
[dna] water wrote 50 bytes to ecology
[dna] water wrote 181 bytes to ecology
[dna] water wrote 241 bytes to ecology
[dna] water wrote 63 bytes to ecology
[dna] water wrote 117 bytes to ecology
[dna] water wrote 27 bytes to ecology
[dna] water wrote 45 bytes to ecology
[dna] water wrote 64 bytes to ecology
[dna] water wrote 56 bytes to ecology
[dna] water wrote 80 bytes to ecology
[dna] water wrote 39 bytes to ecology
[dna] water wrote 65 bytes to ecology
[dna] water wrote 27 bytes to ecology
[dna] water wrote 198 bytes to ecology
[dna] water wrote 63 bytes to ecology
[dna] water wrote 30 bytes to ecology
[dna] water wrote 13 bytes to ecology
[debug-onto] tick=400 corpus=148746 stage=2 freeze=0
[dna] water wrote 48 bytes to ecology
[dna] water wrote 24 bytes to ecology
[dna] water wrote 44 bytes to ecology
[dna] water wrote 35 bytes to ecology
[dna] water wrote 205 bytes to ecology
[dna] water wrote 45 bytes to ecology
[dna] water wrote 15 bytes to ecology
[dna] water wrote 51 bytes to ecology
[dna] water wrote 62 bytes to ecology
[dna] water wrote 59 bytes to ecology
[dna] water wrote 60 bytes to ecology
[dna] water wrote 55 bytes to ecology
[dna] water wrote 64 bytes to ecology
[dna] water wrote 79 bytes to ecology
[dna] water wrote 40 bytes to ecology
[dna] water wrote 22 bytes to ecology
[dna] water wrote 69 bytes to ecology
[dna] water wrote 13 bytes to ecology
[dna] water wrote 83 bytes to ecology
[dna] water wrote 82 bytes to ecology
[dna] water wrote 66 bytes to ecology
[dna] water wrote 48 bytes to ecology
[dna] water wrote 67 bytes to ecology
[dna] water wrote 37 bytes to ecology
[dna] water wrote 11 bytes to ecology
[debug-onto] tick=450 corpus=148746 stage=2 freeze=0
[dna] water wrote 26 bytes to ecology
[dna] water wrote 61 bytes to ecology
[dna] water wrote 97 bytes to ecology
[dna] water wrote 22 bytes to ecology
[dna] water wrote 30 bytes to ecology
[dna] water wrote 26 bytes to ecology
[dna] water wrote 71 bytes to ecology
[dna] water wrote 33 bytes to ecology
[dna] water wrote 27 bytes to ecology
[dna] water wrote 30 bytes to ecology
[dna] water wrote 49 bytes to ecology
[dna] water wrote 31 bytes to ecology
[dna] water wrote 200 bytes to ecology
[dna] water wrote 83 bytes to ecology
[dna] water wrote 121 bytes to ecology
[dna] water wrote 18 bytes to ecology
[dna] water wrote 39 bytes to ecology
[dna] water wrote 25 bytes to ecology
[dna] water wrote 65 bytes to ecology
[dna] water wrote 29 bytes to ecology
[dna] water wrote 77 bytes to ecology
[dna] water wrote 42 bytes to ecology
[dna] water wrote 26 bytes to ecology
[dna] water wrote 18 bytes to ecology
[dna] water wrote 62 bytes to ecology
[debug-onto] tick=500 corpus=148746 stage=2 freeze=0
[dna] water wrote 96 bytes to ecology
[dna] water wrote 131 bytes to ecology
[dna] water wrote 63 bytes to ecology
[dna] water wrote 35 bytes to ecology
[dna] water wrote 34 bytes to ecology
[dna] water wrote 31 bytes to ecology
[dna] water wrote 48 bytes to ecology
[dna] water wrote 39 bytes to ecology
[dna] water wrote 153 bytes to ecology
[dna] water wrote 142 bytes to ecology
[dna] water wrote 17 bytes to ecology
[dna] water wrote 44 bytes to ecology
[dna] water wrote 73 bytes to ecology
[dna] water wrote 178 bytes to ecology
[dna] water wrote 86 bytes to ecology
[dna] water wrote 28 bytes to ecology
[dna] water wrote 154 bytes to ecology
[dna] water wrote 65 bytes to ecology
[dna] water wrote 57 bytes to ecology
[dna] water wrote 113 bytes to ecology
[dna] water wrote 26 bytes to ecology
[dna] water wrote 15 bytes to ecology
[dna] water wrote 29 bytes to ecology
[dna] water wrote 63 bytes to ecology
[dna] water wrote 18 bytes to ecology
[debug-onto] tick=550 corpus=148746 stage=2 freeze=0
[dna] water wrote 61 bytes to ecology
[dna] water wrote 77 bytes to ecology
[dna] water wrote 66 bytes to ecology
[dna] water wrote 217 bytes to ecology
[dna] water wrote 196 bytes to ecology
[dna] water wrote 56 bytes to ecology
[dna] water wrote 60 bytes to ecology
[dna] water wrote 38 bytes to ecology
[dna] water wrote 173 bytes to ecology
[dna] water wrote 31 bytes to ecology
[dna] water wrote 91 bytes to ecology
[dna] water wrote 116 bytes to ecology
[dna] water wrote 39 bytes to ecology
[dna] water wrote 56 bytes to ecology
[dna] water wrote 11 bytes to ecology
[dna] water wrote 40 bytes to ecology
[dna] water wrote 48 bytes to ecology
[dna] water wrote 86 bytes to ecology
[dna] water wrote 162 bytes to ecology
[dna] water wrote 66 bytes to ecology
[dna] water wrote 41 bytes to ecology
[dna] water wrote 178 bytes to ecology
[dna] water wrote 13 bytes to ecology
[dna] water wrote 11 bytes to ecology
[debug-onto] tick=600 corpus=148746 stage=2 freeze=0
[dna] water wrote 166 bytes to ecology
[dna] water wrote 42 bytes to ecology
[dna] water wrote 41 bytes to ecology
[dna] water wrote 42 bytes to ecology
[dna] water wrote 82 bytes to ecology
[dna] water wrote 11 bytes to ecology
[dna] water wrote 46 bytes to ecology
[dna] water wrote 45 bytes to ecology
[dna] water wrote 49 bytes to ecology
[dna] water wrote 16 bytes to ecology
[dna] water wrote 45 bytes to ecology
[dna] water wrote 79 bytes to ecology

[evolution] Organism shutting down gracefully.
