[ecology] Element: air → corpus: nonames_air.txt
[evolution] Autonomous evolution mode — organism will grow through all stages without pause.
[ecology] Joined swarm. 1 peer(s) detected.
molequla is alive. [evolution] Autonomous mode — background trainer running. Ctrl+C to stop.
[dna] air wrote 49 bytes to ecology
[dna] air consumed 24868 bytes from 608 files: [earth/gen_1774587165_1.txt earth/gen_1774587168_2.txt earth/gen_1774587171_3.txt earth/gen_1774587173_4.txt earth/gen_1774587176_5.txt earth/gen_1774587181_7.txt earth/gen_1774587184_8.txt earth/gen_1774587186_9.txt earth/gen_1774587189_10.txt earth/gen_1774587192_11.txt earth/gen_1774587197_13.txt earth/gen_1774587200_14.txt earth/gen_1774587202_15.txt earth/gen_1774587207_17.txt earth/gen_1774587212_19.txt earth/gen_1774587215_20.txt earth/gen_1774587217_21.txt earth/gen_1774587220_22.txt earth/gen_1774587223_23.txt earth/gen_1774587228_25.txt earth/gen_1774587230_26.txt earth/gen_1774587233_27.txt earth/gen_1774587235_28.txt earth/gen_1774587238_29.txt earth/gen_1774587243_31.txt earth/gen_1774587246_32.txt earth/gen_1774587248_33.txt earth/gen_1774587251_34.txt earth/gen_1774587254_35.txt earth/gen_1774587256_36.txt earth/gen_1774587259_37.txt earth/gen_1774587261_38.txt earth/gen_1774587264_39.txt earth/gen_1774587266_40.txt earth/gen_1774587269_41.txt earth/gen_1774587274_43.txt earth/gen_1774587277_44.txt earth/gen_1774587279_45.txt earth/gen_1774587282_46.txt earth/gen_1774587285_47.txt earth/gen_1774587290_49.txt earth/gen_1774587292_50.txt earth/gen_1774587295_51.txt earth/gen_1774587297_52.txt earth/gen_1774587300_53.txt earth/gen_1774587305_55.txt earth/gen_1774587308_56.txt earth/gen_1774587310_57.txt earth/gen_1774587313_58.txt earth/gen_1774587316_59.txt earth/gen_1774587321_61.txt earth/gen_1774587323_62.txt earth/gen_1774587326_63.txt earth/gen_1774587329_64.txt earth/gen_1774587331_65.txt earth/gen_1774587336_67.txt earth/gen_1774587339_68.txt earth/gen_1774587342_69.txt earth/gen_1774587344_70.txt earth/gen_1774587352_73.txt earth/gen_1774587355_74.txt earth/gen_1774587357_75.txt earth/gen_1774587360_76.txt earth/gen_1774587362_77.txt earth/gen_1774587365_78.txt earth/gen_1774587367_79.txt earth/gen_1774587370_80.txt earth/gen_1774587373_81.txt earth/gen_1774587375_82.txt earth/gen_1774587378_83.txt earth/gen_1774587383_85.txt earth/gen_1774587385_86.txt earth/gen_1774587388_87.txt earth/gen_1774587390_88.txt earth/gen_1774587398_91.txt earth/gen_1774587401_92.txt earth/gen_1774587403_93.txt earth/gen_1774587406_94.txt earth/gen_1774587408_95.txt earth/gen_1774587413_97.txt earth/gen_1774587416_98.txt earth/gen_1774587418_99.txt earth/gen_1774587421_100.txt earth/gen_1774587423_101.txt earth/gen_1774587426_102.txt earth/gen_1774587428_103.txt earth/gen_1774587431_104.txt earth/gen_1774587433_105.txt earth/gen_1774587436_106.txt earth/gen_1774587439_107.txt earth/gen_1774587444_109.txt earth/gen_1774587446_110.txt earth/gen_1774587449_111.txt earth/gen_1774587452_112.txt earth/gen_1774587454_113.txt earth/gen_1774587460_115.txt earth/gen_1774587462_116.txt earth/gen_1774587465_117.txt earth/gen_1774587467_118.txt earth/gen_1774587470_119.txt earth/gen_1774587475_121.txt earth/gen_1774587478_122.txt earth/gen_1774587480_123.txt earth/gen_1774587483_124.txt earth/gen_1774587486_125.txt earth/gen_1774587488_126.txt earth/gen_1774587491_127.txt earth/gen_1774587493_128.txt earth/gen_1774587496_129.txt earth/gen_1774587499_130.txt earth/gen_1774587501_131.txt earth/gen_1774587504_132.txt earth/gen_1774587506_133.txt earth/gen_1774587509_134.txt earth/gen_1774587512_135.txt earth/gen_1774587514_136.txt earth/gen_1774587517_137.txt earth/gen_1774587522_139.txt earth/gen_1774587525_140.txt earth/gen_1774587527_141.txt earth/gen_1774587530_142.txt earth/gen_1774587532_143.txt earth/gen_1774587537_145.txt earth/gen_1774587540_146.txt earth/gen_1774587543_147.txt earth/gen_1774587545_148.txt earth/gen_1774587548_149.txt earth/gen_1774587553_151.txt earth/gen_1774587556_152.txt earth/gen_1774587558_153.txt earth/gen_1774587561_154.txt earth/gen_1774587563_155.txt earth/gen_1774587566_156.txt earth/gen_1774587569_157.txt earth/gen_1774587571_158.txt earth/gen_1774587574_159.txt earth/gen_1774587576_160.txt earth/gen_1774587579_161.txt earth/gen_1774587584_163.txt earth/gen_1774587586_164.txt earth/gen_1774587589_165.txt earth/gen_1774587592_166.txt earth/gen_1774587594_167.txt earth/gen_1774587599_169.txt earth/gen_1774587602_170.txt earth/gen_1774587604_171.txt earth/gen_1774587607_172.txt earth/gen_1774587609_173.txt earth/gen_1774587614_175.txt earth/gen_1774587617_176.txt earth/gen_1774587619_177.txt earth/gen_1774587622_178.txt earth/gen_1774587625_179.txt earth/gen_1774587630_181.txt earth/gen_1774587632_182.txt earth/gen_1774587635_183.txt earth/gen_1774587637_184.txt earth/gen_1774587640_185.txt earth/gen_1774587645_187.txt earth/gen_1774587647_188.txt earth/gen_1774587650_189.txt earth/gen_1774587653_190.txt earth/gen_1774587655_191.txt earth/gen_1774587660_193.txt earth/gen_1774587663_194.txt earth/gen_1774587665_195.txt earth/gen_1774587668_196.txt earth/gen_1774587676_199.txt earth/gen_1774587678_200.txt earth/gen_1774587681_201.txt earth/gen_1774587684_202.txt earth/gen_1774587689_204.txt earth/gen_1774587691_205.txt earth/gen_1774587694_206.txt earth/gen_1774587697_207.txt earth/gen_1774587699_208.txt earth/gen_1774587702_209.txt earth/gen_1774587704_210.txt earth/gen_1774587707_211.txt earth/gen_1774587709_212.txt earth/gen_1774587712_213.txt earth/gen_1774587714_214.txt earth/gen_1774587717_215.txt earth/gen_1774587722_217.txt earth/gen_1774587725_218.txt earth/gen_1774587727_219.txt earth/gen_1774587730_220.txt earth/gen_1774587732_221.txt earth/gen_1774587738_223.txt earth/gen_1774587740_224.txt earth/gen_1774587743_225.txt earth/gen_1774587745_226.txt earth/gen_1774587748_227.txt earth/gen_1774587750_228.txt earth/gen_1774587753_229.txt earth/gen_1774587756_230.txt earth/gen_1774587758_231.txt earth/gen_1774587761_232.txt earth/gen_1774587763_233.txt earth/gen_1774587768_235.txt earth/gen_1774587771_236.txt earth/gen_1774587774_237.txt earth/gen_1774587776_238.txt earth/gen_1774587779_239.txt earth/gen_1774587781_240.txt earth/gen_1774587784_241.txt earth/gen_1774587786_242.txt earth/gen_1774587789_243.txt earth/gen_1774587791_244.txt earth/gen_1774587794_245.txt earth/gen_1774587797_246.txt earth/gen_1774587799_247.txt earth/gen_1774587802_248.txt earth/gen_1774587804_249.txt earth/gen_1774587807_250.txt earth/gen_1774587810_251.txt earth/gen_1774587812_252.txt earth/gen_1774587815_253.txt earth/gen_1774587817_254.txt earth/gen_1774587820_255.txt earth/gen_1774587822_256.txt earth/gen_1774587825_257.txt earth/gen_1774587830_259.txt earth/gen_1774587832_260.txt earth/gen_1774587835_261.txt earth/gen_1774587838_262.txt earth/gen_1774587840_263.txt earth/gen_1774587845_265.txt earth/gen_1774587848_266.txt earth/gen_1774587850_267.txt earth/gen_1774587853_268.txt earth/gen_1774587855_269.txt earth/gen_1774587858_270.txt earth/gen_1774587860_271.txt earth/gen_1774587863_272.txt earth/gen_1774587865_273.txt earth/gen_1774587868_274.txt earth/gen_1774587870_275.txt earth/gen_1774587873_276.txt earth/gen_1774587875_277.txt earth/gen_1774587878_278.txt earth/gen_1774587880_279.txt earth/gen_1774587883_280.txt earth/gen_1774587886_281.txt earth/gen_1774587888_282.txt earth/gen_1774587891_283.txt earth/gen_1774587893_284.txt earth/gen_1774587896_285.txt earth/gen_1774587898_286.txt earth/gen_1774587901_287.txt earth/gen_1774587903_288.txt earth/gen_1774587906_289.txt earth/gen_1774587909_290.txt earth/gen_1774587911_291.txt earth/gen_1774587914_292.txt earth/gen_1774587916_293.txt earth/gen_1774587921_295.txt earth/gen_1774587924_296.txt earth/gen_1774587926_297.txt earth/gen_1774587929_298.txt earth/gen_1774587931_299.txt earth/gen_1774587934_300.txt earth/gen_1774587936_301.txt earth/gen_1774587939_302.txt earth/gen_1774587942_303.txt earth/gen_1774587944_304.txt earth/gen_1774587947_305.txt earth/gen_1774587952_307.txt earth/gen_1774587954_308.txt earth/gen_1774587957_309.txt earth/gen_1774587960_310.txt earth/gen_1774587962_311.txt earth/gen_1774587965_312.txt earth/gen_1774587967_313.txt earth/gen_1774587970_314.txt earth/gen_1774587972_315.txt earth/gen_1774587975_316.txt earth/gen_1774587983_319.txt earth/gen_1774587985_320.txt earth/gen_1774587988_321.txt earth/gen_1774587990_322.txt earth/gen_1774587993_323.txt earth/gen_1774587998_325.txt earth/gen_1774588001_326.txt earth/gen_1774588003_327.txt earth/gen_1774588006_328.txt earth/gen_1774588008_329.txt earth/gen_1774588011_330.txt earth/gen_1774588013_331.txt earth/gen_1774588016_332.txt earth/gen_1774588019_333.txt earth/gen_1774588021_334.txt earth/gen_1774588024_335.txt earth/gen_1774588026_336.txt earth/gen_1774588029_337.txt earth/gen_1774588031_338.txt earth/gen_1774588034_339.txt earth/gen_1774588037_340.txt earth/gen_1774588039_341.txt earth/gen_1774588044_343.txt earth/gen_1774588047_344.txt earth/gen_1774588049_345.txt earth/gen_1774588052_346.txt earth/gen_1774588054_347.txt earth/gen_1774588057_348.txt earth/gen_1774588060_349.txt earth/gen_1774588062_350.txt earth/gen_1774588065_351.txt earth/gen_1774588067_352.txt earth/gen_1774588070_353.txt earth/gen_1774588072_354.txt earth/gen_1774588075_355.txt earth/gen_1774588078_356.txt earth/gen_1774588080_357.txt earth/gen_1774588083_358.txt earth/gen_1774588085_359.txt earth/gen_1774588090_361.txt earth/gen_1774588093_362.txt earth/gen_1774588096_363.txt earth/gen_1774588098_364.txt earth/gen_1774588101_365.txt earth/gen_1774588106_367.txt earth/gen_1774588108_368.txt earth/gen_1774588111_369.txt earth/gen_1774588114_370.txt earth/gen_1774588121_373.txt earth/gen_1774588124_374.txt earth/gen_1774588126_375.txt earth/gen_1774588129_376.txt earth/gen_1774588131_377.txt earth/gen_1774588136_379.txt earth/gen_1774588139_380.txt earth/gen_1774588142_381.txt earth/gen_1774588144_382.txt earth/gen_1774588147_383.txt earth/gen_1774588152_385.txt earth/gen_1774588154_386.txt earth/gen_1774588157_387.txt earth/gen_1774588160_388.txt earth/gen_1774588162_389.txt earth/gen_1774588167_391.txt earth/gen_1774588170_392.txt earth/gen_1774588172_393.txt earth/gen_1774588175_394.txt earth/gen_1774588177_395.txt earth/gen_1774588182_397.txt earth/gen_1774588185_398.txt earth/gen_1774588187_399.txt earth/gen_1774588190_400.txt earth/gen_1774588192_401.txt earth/gen_1774588197_403.txt earth/gen_1774588200_404.txt earth/gen_1774588202_405.txt earth/gen_1774588205_406.txt earth/gen_1774588207_407.txt earth/gen_1774588210_408.txt earth/gen_1774588212_409.txt earth/gen_1774588215_410.txt earth/gen_1774588218_411.txt earth/gen_1774588220_412.txt earth/gen_1774588223_413.txt earth/gen_1774588228_415.txt earth/gen_1774588230_416.txt earth/gen_1774588233_417.txt earth/gen_1774588235_418.txt earth/gen_1774588238_419.txt earth/gen_1774588240_420.txt earth/gen_1774588243_421.txt earth/gen_1774588245_422.txt earth/gen_1774588248_423.txt earth/gen_1774588250_424.txt earth/gen_1774588253_425.txt earth/gen_1774588255_426.txt earth/gen_1774588258_427.txt earth/gen_1774588261_428.txt earth/gen_1774588263_429.txt earth/gen_1774588266_430.txt earth/gen_1774588268_431.txt earth/gen_1774588273_433.txt earth/gen_1774588276_434.txt earth/gen_1774588278_435.txt earth/gen_1774588281_436.txt earth/gen_1774588286_438.txt earth/gen_1774588289_439.txt earth/gen_1774588291_440.txt earth/gen_1774588294_441.txt earth/gen_1774588296_442.txt earth/gen_1774588299_443.txt earth/gen_1774588304_445.txt earth/gen_1774588306_446.txt earth/gen_1774588309_447.txt earth/gen_1774588312_448.txt earth/gen_1774588314_449.txt earth/gen_1774588317_450.txt earth/gen_1774588319_451.txt earth/gen_1774588322_452.txt earth/gen_1774588324_453.txt earth/gen_1774588327_454.txt earth/gen_1774588329_455.txt earth/gen_1774588334_457.txt earth/gen_1774588337_458.txt earth/gen_1774588339_459.txt earth/gen_1774588342_460.txt earth/gen_1774588344_461.txt earth/gen_1774588350_463.txt earth/gen_1774588352_464.txt earth/gen_1774588355_465.txt earth/gen_1774588357_466.txt earth/gen_1774588360_467.txt earth/gen_1774588365_469.txt earth/gen_1774588367_470.txt earth/gen_1774588370_471.txt earth/gen_1774588373_472.txt earth/gen_1774588375_473.txt earth/gen_1774588378_474.txt earth/gen_1774588380_475.txt earth/gen_1774588383_476.txt earth/gen_1774588385_477.txt earth/gen_1774588388_478.txt earth/gen_1774588390_479.txt earth/gen_1774588395_481.txt earth/gen_1774588398_482.txt earth/gen_1774588400_483.txt earth/gen_1774588403_484.txt earth/gen_1774588405_485.txt earth/gen_1774588408_486.txt earth/gen_1774588411_487.txt earth/gen_1774588413_488.txt earth/gen_1774588416_489.txt earth/gen_1774588418_490.txt earth/gen_1774588421_491.txt earth/gen_1774588426_493.txt earth/gen_1774588428_494.txt earth/gen_1774588431_495.txt earth/gen_1774588433_496.txt earth/gen_1774588436_497.txt earth/gen_1774588441_499.txt earth/gen_1774588443_500.txt earth/gen_1774588446_501.txt earth/gen_1774588448_502.txt earth/gen_1774588451_503.txt earth/gen_1774588456_505.txt earth/gen_1774588458_506.txt earth/gen_1774588461_507.txt earth/gen_1774588464_508.txt earth/gen_1774588466_509.txt earth/gen_1774588469_510.txt earth/gen_1774588471_511.txt earth/gen_1774588474_512.txt earth/gen_1774588476_513.txt earth/gen_1774588479_514.txt earth/gen_1774588481_515.txt earth/gen_1774588486_517.txt earth/gen_1774588489_518.txt earth/gen_1774588491_519.txt earth/gen_1774588494_520.txt earth/gen_1774588496_521.txt earth/gen_1774588501_523.txt earth/gen_1774588504_524.txt earth/gen_1774588506_525.txt earth/gen_1774588509_526.txt earth/gen_1774588512_527.txt earth/gen_1774588517_529.txt earth/gen_1774588519_530.txt earth/gen_1774588522_531.txt earth/gen_1774588524_532.txt earth/gen_1774588527_533.txt earth/gen_1774588532_535.txt earth/gen_1774588534_536.txt earth/gen_1774588537_537.txt earth/gen_1774588540_538.txt earth/gen_1774588542_539.txt earth/gen_1774588547_541.txt earth/gen_1774588550_542.txt earth/gen_1774588552_543.txt earth/gen_1774588555_544.txt earth/gen_1774588557_545.txt earth/gen_1774588560_546.txt earth/gen_1774588563_547.txt earth/gen_1774588565_548.txt earth/gen_1774588568_549.txt earth/gen_1774588570_550.txt earth/gen_1774588573_551.txt earth/gen_1774588575_552.txt earth/gen_1774588578_553.txt earth/gen_1774588581_554.txt earth/gen_1774588583_555.txt earth/gen_1774588586_556.txt earth/gen_1774588588_557.txt earth/gen_1774588593_559.txt earth/gen_1774588596_560.txt earth/gen_1774588598_561.txt earth/gen_1774588601_562.txt earth/gen_1774588604_563.txt earth/gen_1774588609_565.txt earth/gen_1774588611_566.txt earth/gen_1774588614_567.txt earth/gen_1774588616_568.txt earth/gen_1774588619_569.txt earth/gen_1774588622_570.txt earth/gen_1774588624_571.txt earth/gen_1774588627_572.txt earth/gen_1774588630_573.txt earth/gen_1774588632_574.txt earth/gen_1774588635_575.txt earth/gen_1774588640_577.txt earth/gen_1774588643_578.txt earth/gen_1774588645_579.txt earth/gen_1774588648_580.txt earth/gen_1774588650_581.txt earth/gen_1774588653_582.txt earth/gen_1774588656_583.txt earth/gen_1774588658_584.txt earth/gen_1774588661_585.txt earth/gen_1774588664_586.txt earth/gen_1774588666_587.txt earth/gen_1774588669_588.txt earth/gen_1774588671_589.txt earth/gen_1774588674_590.txt earth/gen_1774588676_591.txt earth/gen_1774588679_592.txt earth/gen_1774588682_593.txt earth/gen_1774588687_595.txt earth/gen_1774588689_596.txt earth/gen_1774588692_597.txt earth/gen_1774588694_598.txt earth/gen_1774588697_599.txt earth/gen_1774588702_601.txt earth/gen_1774588705_602.txt earth/gen_1774588707_603.txt earth/gen_1774588710_604.txt earth/gen_1774588712_605.txt earth/gen_1774588718_607.txt earth/gen_1774588720_608.txt earth/gen_1774588723_609.txt earth/gen_1774588725_610.txt earth/gen_1774588728_611.txt earth/gen_1774588733_613.txt earth/gen_1774588735_614.txt earth/gen_1774588738_615.txt earth/gen_1774588741_616.txt earth/gen_1774588743_617.txt earth/gen_1774588746_618.txt earth/gen_1774588748_619.txt earth/gen_1774588751_620.txt earth/gen_1774588753_621.txt earth/gen_1774588756_622.txt earth/gen_1774588758_623.txt earth/gen_1774588764_625.txt earth/gen_1774588766_626.txt earth/gen_1774588769_627.txt earth/gen_1774588771_628.txt earth/gen_1774588774_629.txt earth/gen_1774588779_631.txt earth/gen_1774588781_632.txt earth/gen_1774588784_633.txt earth/gen_1774588787_634.txt earth/gen_1774588789_635.txt earth/gen_1774588794_637.txt earth/gen_1774588797_638.txt earth/gen_1774588800_639.txt earth/gen_1774588802_640.txt earth/gen_1774588805_641.txt earth/gen_1774588810_643.txt earth/gen_1774588812_644.txt earth/gen_1774588815_645.txt earth/gen_1774588818_646.txt earth/gen_1774588820_647.txt earth/gen_1774588825_649.txt earth/gen_1774588828_650.txt earth/gen_1774588831_651.txt earth/gen_1774588833_652.txt earth/gen_1774588836_653.txt earth/gen_1774588841_655.txt earth/gen_1774588844_656.txt earth/gen_1774588846_657.txt earth/gen_1774588849_658.txt earth/gen_1774588851_659.txt earth/gen_1774588854_660.txt earth/gen_1774588856_661.txt earth/gen_1774588859_662.txt earth/gen_1774588861_663.txt earth/gen_1774588864_664.txt earth/gen_1774588867_665.txt earth/gen_1774588869_666.txt earth/gen_1774588872_667.txt earth/gen_1774588874_668.txt earth/gen_1774588877_669.txt earth/gen_1774588879_670.txt earth/gen_1774588882_671.txt earth/gen_1774588887_673.txt earth/gen_1774588890_674.txt earth/gen_1774588892_675.txt earth/gen_1774588895_676.txt earth/gen_1774588897_677.txt earth/gen_1774588900_678.txt earth/gen_1774588903_679.txt earth/gen_1774588905_680.txt earth/gen_1774588908_681.txt earth/gen_1774588910_682.txt earth/gen_1774588913_683.txt earth/gen_1774588915_684.txt earth/gen_1774588918_685.txt earth/gen_1774588921_686.txt earth/gen_1774588923_687.txt earth/gen_1774588926_688.txt earth/gen_1774588928_689.txt earth/gen_1774588934_691.txt]
[trainer] micro-train burst (24868 bytes, novelty 0.03) — and lo, it feeds again.
[syntropy] action=explore | trend=0.0000 | field_dev=-0.007 | purpose_align=0.174 | lr_mul=1.30
[aml] burst complete: 32 steps, avg loss 2.1507 (memory freed)
[dna] air wrote 9 bytes to ecology
[dna] air wrote 41 bytes to ecology
[dna] air wrote 81 bytes to ecology
[dna] air wrote 80 bytes to ecology
[dna] air wrote 53 bytes to ecology
[dna] air wrote 32 bytes to ecology
[dna] air wrote 9 bytes to ecology
[dna] air wrote 38 bytes to ecology
[dna] air wrote 73 bytes to ecology
[dna] air wrote 62 bytes to ecology
[dna] air wrote 115 bytes to ecology
[dna] air wrote 61 bytes to ecology
[dna] air wrote 84 bytes to ecology
[dna] air wrote 276 bytes to ecology
[dna] air wrote 49 bytes to ecology
[dna] air wrote 42 bytes to ecology
[dna] air wrote 34 bytes to ecology
[dna] air wrote 126 bytes to ecology
[dna] air wrote 9 bytes to ecology
[dna] air wrote 39 bytes to ecology
[dna] air wrote 33 bytes to ecology
[dna] air wrote 34 bytes to ecology
[dna] air wrote 98 bytes to ecology
[dna] air wrote 47 bytes to ecology
[dna] air wrote 9 bytes to ecology
[dna] air wrote 9 bytes to ecology
[dna] air wrote 130 bytes to ecology
[dna] air wrote 78 bytes to ecology
[dna] air wrote 210 bytes to ecology
[dna] air wrote 33 bytes to ecology
[dna] air wrote 9 bytes to ecology
[dna] air wrote 9 bytes to ecology
[dna] air wrote 127 bytes to ecology
[dna] air wrote 45 bytes to ecology
[dna] air wrote 18 bytes to ecology
[dna] air wrote 64 bytes to ecology
[dna] air wrote 9 bytes to ecology
[dna] air wrote 9 bytes to ecology
[dna] air wrote 34 bytes to ecology
[dna] air wrote 291 bytes to ecology
[dna] air wrote 163 bytes to ecology
[dna] air wrote 52 bytes to ecology
[dna] air wrote 9 bytes to ecology
[dna] air wrote 9 bytes to ecology
[dna] air wrote 55 bytes to ecology
[dna] air wrote 177 bytes to ecology
[dna] air wrote 121 bytes to ecology
[dna] air wrote 53 bytes to ecology
[dna] air wrote 36 bytes to ecology
[debug-onto] tick=50 corpus=147792 stage=2 freeze=0
[dna] air wrote 49 bytes to ecology
[dna] air wrote 166 bytes to ecology
[dna] air wrote 226 bytes to ecology
[dna] air wrote 20 bytes to ecology
[dna] air wrote 43 bytes to ecology
[dna] air wrote 9 bytes to ecology
[dna] air wrote 31 bytes to ecology
[dna] air wrote 197 bytes to ecology
[dna] air wrote 43 bytes to ecology
[dna] air wrote 154 bytes to ecology
[dna] air wrote 54 bytes to ecology
[dna] air wrote 56 bytes to ecology
[dna] air wrote 33 bytes to ecology
[dna] air wrote 162 bytes to ecology
[dna] air wrote 44 bytes to ecology
[dna] air wrote 23 bytes to ecology
[dna] air wrote 33 bytes to ecology
[dna] air wrote 48 bytes to ecology
[dna] air wrote 69 bytes to ecology
[dna] air wrote 110 bytes to ecology
[dna] air wrote 36 bytes to ecology
[dna] air wrote 43 bytes to ecology
[dna] air wrote 20 bytes to ecology
[dna] air wrote 9 bytes to ecology
[dna] air wrote 38 bytes to ecology
[dna] air wrote 121 bytes to ecology
[dna] air wrote 70 bytes to ecology
[dna] air wrote 71 bytes to ecology
[dna] air wrote 42 bytes to ecology
[dna] air wrote 9 bytes to ecology
[dna] air wrote 55 bytes to ecology
[dna] air wrote 72 bytes to ecology
[dna] air wrote 36 bytes to ecology
[dna] air wrote 105 bytes to ecology
[dna] air wrote 31 bytes to ecology
[dna] air wrote 9 bytes to ecology
[dna] air wrote 9 bytes to ecology
[dna] air wrote 37 bytes to ecology
[dna] air wrote 59 bytes to ecology
[dna] air wrote 90 bytes to ecology
[dna] air wrote 40 bytes to ecology
[dna] air wrote 9 bytes to ecology
[dna] air wrote 18 bytes to ecology
[dna] air wrote 42 bytes to ecology
[dna] air wrote 204 bytes to ecology
[dna] air wrote 157 bytes to ecology
[dna] air wrote 64 bytes to ecology
[dna] air wrote 9 bytes to ecology
[dna] air wrote 81 bytes to ecology
[dna] air wrote 34 bytes to ecology
[debug-onto] tick=100 corpus=147792 stage=2 freeze=0
[dna] air wrote 32 bytes to ecology
[dna] air wrote 196 bytes to ecology
[dna] air wrote 42 bytes to ecology
[dna] air wrote 57 bytes to ecology
[dna] air wrote 50 bytes to ecology
[dna] air wrote 73 bytes to ecology
[dna] air wrote 44 bytes to ecology
[dna] air wrote 82 bytes to ecology
[dna] air wrote 67 bytes to ecology
[dna] air wrote 9 bytes to ecology
[dna] air wrote 21 bytes to ecology
[dna] air wrote 56 bytes to ecology
[dna] air wrote 106 bytes to ecology
[dna] air wrote 73 bytes to ecology
[dna] air wrote 99 bytes to ecology
[dna] air wrote 9 bytes to ecology
[dna] air wrote 9 bytes to ecology
[dna] air wrote 94 bytes to ecology
[dna] air wrote 101 bytes to ecology
[dna] air wrote 159 bytes to ecology
[dna] air wrote 55 bytes to ecology
[dna] air wrote 9 bytes to ecology
[dna] air wrote 9 bytes to ecology
[dna] air wrote 52 bytes to ecology
[dna] air wrote 90 bytes to ecology
[dna] air wrote 19 bytes to ecology
[dna] air wrote 69 bytes to ecology
[dna] air wrote 9 bytes to ecology
[dna] air wrote 9 bytes to ecology
[dna] air wrote 84 bytes to ecology
[dna] air wrote 81 bytes to ecology
[dna] air wrote 42 bytes to ecology
[dna] air wrote 83 bytes to ecology
[dna] air wrote 9 bytes to ecology
[dna] air wrote 56 bytes to ecology
[dna] air wrote 109 bytes to ecology
[dna] air wrote 57 bytes to ecology
[dna] air wrote 19 bytes to ecology
[dna] air wrote 215 bytes to ecology
[dna] air wrote 56 bytes to ecology
[dna] air wrote 9 bytes to ecology
[dna] air wrote 170 bytes to ecology
[dna] air wrote 24 bytes to ecology
[dna] air wrote 49 bytes to ecology
[dna] air wrote 38 bytes to ecology
[dna] air wrote 9 bytes to ecology
[dna] air wrote 77 bytes to ecology
[dna] air wrote 174 bytes to ecology
[dna] air wrote 51 bytes to ecology
[dna] air wrote 75 bytes to ecology
[debug-onto] tick=150 corpus=147792 stage=2 freeze=0
[dna] air wrote 58 bytes to ecology
[dna] air wrote 9 bytes to ecology
[dna] air wrote 78 bytes to ecology
[dna] air wrote 31 bytes to ecology
[dna] air wrote 83 bytes to ecology
[dna] air wrote 35 bytes to ecology
[dna] air wrote 53 bytes to ecology
[dna] air wrote 16 bytes to ecology
[dna] air wrote 71 bytes to ecology
[dna] air wrote 178 bytes to ecology
[dna] air wrote 31 bytes to ecology
[dna] air wrote 73 bytes to ecology
[dna] air wrote 79 bytes to ecology
[dna] air wrote 9 bytes to ecology
[dna] air wrote 9 bytes to ecology
[dna] air wrote 143 bytes to ecology
[dna] air wrote 108 bytes to ecology
[dna] air wrote 50 bytes to ecology
[dna] air wrote 58 bytes to ecology
[dna] air wrote 9 bytes to ecology
[dna] air wrote 9 bytes to ecology
[dna] air wrote 61 bytes to ecology
[dna] air wrote 76 bytes to ecology
[dna] air wrote 41 bytes to ecology
[dna] air wrote 46 bytes to ecology
[dna] air wrote 36 bytes to ecology
[dna] air wrote 9 bytes to ecology
[dna] air wrote 102 bytes to ecology
[dna] air wrote 66 bytes to ecology
[dna] air wrote 29 bytes to ecology
[dna] air wrote 87 bytes to ecology
[dna] air wrote 37 bytes to ecology
[dna] air wrote 9 bytes to ecology
[dna] air wrote 121 bytes to ecology
[dna] air wrote 120 bytes to ecology
[dna] air wrote 69 bytes to ecology
[dna] air wrote 152 bytes to ecology
[dna] air wrote 9 bytes to ecology
[dna] air wrote 9 bytes to ecology
[dna] air wrote 24 bytes to ecology
[dna] air wrote 110 bytes to ecology
[dna] air wrote 45 bytes to ecology
[dna] air wrote 122 bytes to ecology
[dna] air wrote 43 bytes to ecology
[dna] air wrote 42 bytes to ecology
[dna] air wrote 26 bytes to ecology
[dna] air wrote 32 bytes to ecology
[dna] air wrote 27 bytes to ecology
[dna] air wrote 140 bytes to ecology
[dna] air wrote 9 bytes to ecology
[debug-onto] tick=200 corpus=147792 stage=2 freeze=0
[dna] air wrote 9 bytes to ecology
[dna] air wrote 40 bytes to ecology
[dna] air wrote 101 bytes to ecology
[dna] air wrote 49 bytes to ecology
[dna] air wrote 67 bytes to ecology
[dna] air wrote 9 bytes to ecology
[dna] air wrote 9 bytes to ecology
[dna] air wrote 130 bytes to ecology
[dna] air wrote 60 bytes to ecology
[dna] air wrote 64 bytes to ecology
[dna] air wrote 68 bytes to ecology
[dna] air wrote 9 bytes to ecology
[dna] air wrote 9 bytes to ecology
[dna] air wrote 157 bytes to ecology
[dna] air wrote 40 bytes to ecology
[dna] air wrote 96 bytes to ecology
[dna] air wrote 36 bytes to ecology
[dna] air wrote 9 bytes to ecology
[dna] air wrote 9 bytes to ecology
[dna] air wrote 35 bytes to ecology
[dna] air wrote 177 bytes to ecology
[dna] air wrote 58 bytes to ecology
[dna] air wrote 65 bytes to ecology
[dna] air wrote 9 bytes to ecology
[dna] air wrote 69 bytes to ecology
[dna] air wrote 146 bytes to ecology
[dna] air wrote 125 bytes to ecology
[dna] air wrote 51 bytes to ecology
[dna] air wrote 267 bytes to ecology
[dna] air wrote 9 bytes to ecology
[dna] air wrote 57 bytes to ecology
[dna] air wrote 37 bytes to ecology
[dna] air wrote 64 bytes to ecology
[dna] air wrote 22 bytes to ecology
[dna] air wrote 19 bytes to ecology
[dna] air wrote 9 bytes to ecology
[dna] air wrote 70 bytes to ecology
[dna] air wrote 48 bytes to ecology
[dna] air wrote 97 bytes to ecology
[dna] air wrote 49 bytes to ecology
[dna] air wrote 103 bytes to ecology
[dna] air wrote 58 bytes to ecology
[dna] air wrote 20 bytes to ecology
[dna] air wrote 42 bytes to ecology
[dna] air wrote 45 bytes to ecology
[dna] air wrote 201 bytes to ecology
[dna] air wrote 97 bytes to ecology
[dna] air wrote 9 bytes to ecology
[dna] air wrote 110 bytes to ecology
[dna] air wrote 194 bytes to ecology
[debug-onto] tick=250 corpus=147792 stage=2 freeze=0
[dna] air wrote 95 bytes to ecology
[dna] air wrote 114 bytes to ecology
[dna] air wrote 36 bytes to ecology
[dna] air wrote 9 bytes to ecology
[dna] air wrote 9 bytes to ecology
[dna] air wrote 66 bytes to ecology
[dna] air wrote 39 bytes to ecology
[dna] air wrote 45 bytes to ecology
[dna] air wrote 44 bytes to ecology
[dna] air wrote 9 bytes to ecology
[dna] air wrote 9 bytes to ecology
[dna] air wrote 65 bytes to ecology
[dna] air wrote 79 bytes to ecology
[dna] air wrote 18 bytes to ecology
[dna] air wrote 73 bytes to ecology
[dna] air wrote 9 bytes to ecology
[dna] air wrote 9 bytes to ecology
[dna] air wrote 37 bytes to ecology
[dna] air wrote 89 bytes to ecology
[dna] air wrote 136 bytes to ecology
[dna] air wrote 232 bytes to ecology
[dna] air wrote 9 bytes to ecology
[dna] air wrote 9 bytes to ecology
[dna] air wrote 166 bytes to ecology
[dna] air wrote 36 bytes to ecology
[dna] air wrote 144 bytes to ecology
[dna] air wrote 30 bytes to ecology
[dna] air wrote 91 bytes to ecology
[dna] air wrote 23 bytes to ecology
[dna] air wrote 97 bytes to ecology
[dna] air wrote 147 bytes to ecology
[dna] air wrote 157 bytes to ecology
[dna] air wrote 59 bytes to ecology
[dna] air wrote 9 bytes to ecology
[dna] air wrote 9 bytes to ecology
[dna] air wrote 82 bytes to ecology
[dna] air wrote 31 bytes to ecology
[dna] air wrote 32 bytes to ecology
[dna] air wrote 56 bytes to ecology
[dna] air wrote 9 bytes to ecology
[dna] air wrote 9 bytes to ecology
[dna] air wrote 32 bytes to ecology
[dna] air wrote 29 bytes to ecology
[dna] air wrote 70 bytes to ecology
[dna] air wrote 218 bytes to ecology
[dna] air wrote 9 bytes to ecology
[dna] air wrote 70 bytes to ecology
[dna] air wrote 81 bytes to ecology
[dna] air wrote 45 bytes to ecology
[dna] air wrote 134 bytes to ecology
[debug-onto] tick=300 corpus=147792 stage=2 freeze=0
[dna] air wrote 102 bytes to ecology
[dna] air wrote 9 bytes to ecology
[dna] air wrote 9 bytes to ecology
[dna] air wrote 56 bytes to ecology
[dna] air wrote 37 bytes to ecology
[dna] air wrote 63 bytes to ecology
[dna] air wrote 90 bytes to ecology
[dna] air wrote 9 bytes to ecology
[dna] air wrote 9 bytes to ecology
[dna] air wrote 32 bytes to ecology
[dna] air wrote 26 bytes to ecology
[dna] air wrote 28 bytes to ecology
[dna] air wrote 46 bytes to ecology
[dna] air wrote 9 bytes to ecology
[dna] air wrote 71 bytes to ecology
[dna] air wrote 33 bytes to ecology
[dna] air wrote 56 bytes to ecology
[dna] air wrote 24 bytes to ecology
[dna] air wrote 78 bytes to ecology
[dna] air wrote 9 bytes to ecology
[dna] air wrote 136 bytes to ecology
[dna] air wrote 171 bytes to ecology
[dna] air wrote 139 bytes to ecology
[dna] air wrote 75 bytes to ecology
[dna] air wrote 36 bytes to ecology
[dna] air wrote 9 bytes to ecology
[dna] air wrote 9 bytes to ecology
[dna] air wrote 68 bytes to ecology
[dna] air wrote 69 bytes to ecology
[dna] air wrote 125 bytes to ecology
[dna] air wrote 68 bytes to ecology
[dna] air wrote 9 bytes to ecology
[dna] air wrote 9 bytes to ecology
[dna] air wrote 36 bytes to ecology
[dna] air wrote 30 bytes to ecology
[dna] air wrote 158 bytes to ecology
[dna] air wrote 31 bytes to ecology
[dna] air wrote 9 bytes to ecology
[dna] air wrote 9 bytes to ecology
[dna] air wrote 77 bytes to ecology
[dna] air wrote 33 bytes to ecology
[dna] air wrote 194 bytes to ecology
[dna] air wrote 42 bytes to ecology
[dna] air wrote 63 bytes to ecology
[dna] air wrote 112 bytes to ecology
[dna] air wrote 56 bytes to ecology
[dna] air wrote 42 bytes to ecology
[dna] air wrote 39 bytes to ecology
[dna] air wrote 14 bytes to ecology
[dna] air wrote 9 bytes to ecology
[debug-onto] tick=350 corpus=147792 stage=2 freeze=0
[dna] air wrote 83 bytes to ecology
[dna] air wrote 59 bytes to ecology
[dna] air wrote 86 bytes to ecology
[dna] air wrote 167 bytes to ecology
[dna] air wrote 37 bytes to ecology
[dna] air wrote 9 bytes to ecology
[dna] air wrote 9 bytes to ecology
[dna] air wrote 80 bytes to ecology
[dna] air wrote 62 bytes to ecology
[dna] air wrote 52 bytes to ecology
[dna] air wrote 154 bytes to ecology
[dna] air wrote 9 bytes to ecology
[dna] air wrote 64 bytes to ecology
[dna] air wrote 94 bytes to ecology
[dna] air wrote 47 bytes to ecology
[dna] air wrote 208 bytes to ecology
[dna] air wrote 119 bytes to ecology
[dna] air wrote 9 bytes to ecology
[dna] air wrote 22 bytes to ecology
[dna] air wrote 47 bytes to ecology
[dna] air wrote 108 bytes to ecology
[dna] air wrote 182 bytes to ecology
[dna] air wrote 68 bytes to ecology
[dna] air wrote 9 bytes to ecology
[dna] air wrote 9 bytes to ecology
[dna] air wrote 62 bytes to ecology
[dna] air wrote 40 bytes to ecology
[dna] air wrote 34 bytes to ecology
[dna] air wrote 149 bytes to ecology
[dna] air wrote 9 bytes to ecology
[dna] air wrote 9 bytes to ecology
[dna] air wrote 28 bytes to ecology
[dna] air wrote 124 bytes to ecology
[dna] air wrote 218 bytes to ecology
[dna] air wrote 67 bytes to ecology
[dna] air wrote 9 bytes to ecology
[dna] air wrote 9 bytes to ecology
[dna] air wrote 67 bytes to ecology
[dna] air wrote 29 bytes to ecology
[dna] air wrote 94 bytes to ecology
[dna] air wrote 113 bytes to ecology
[dna] air wrote 9 bytes to ecology
[dna] air wrote 28 bytes to ecology
[dna] air wrote 74 bytes to ecology
[dna] air wrote 39 bytes to ecology
[dna] air wrote 38 bytes to ecology
[dna] air wrote 182 bytes to ecology
[dna] air wrote 9 bytes to ecology
[dna] air wrote 9 bytes to ecology
[dna] air wrote 76 bytes to ecology
[debug-onto] tick=400 corpus=147792 stage=2 freeze=0
[dna] air wrote 66 bytes to ecology
[dna] air wrote 83 bytes to ecology
[dna] air wrote 59 bytes to ecology
[dna] air wrote 54 bytes to ecology
[dna] air wrote 58 bytes to ecology
[dna] air wrote 105 bytes to ecology
[dna] air wrote 47 bytes to ecology
[dna] air wrote 76 bytes to ecology
[dna] air wrote 87 bytes to ecology
[dna] air wrote 9 bytes to ecology
[dna] air wrote 9 bytes to ecology
[dna] air wrote 25 bytes to ecology
[dna] air wrote 45 bytes to ecology
[dna] air wrote 129 bytes to ecology
[dna] air wrote 24 bytes to ecology
[dna] air wrote 69 bytes to ecology
[dna] air wrote 123 bytes to ecology
[dna] air wrote 58 bytes to ecology
[dna] air wrote 146 bytes to ecology
[dna] air wrote 41 bytes to ecology
[dna] air wrote 57 bytes to ecology
[dna] air wrote 9 bytes to ecology
[dna] air wrote 79 bytes to ecology
[dna] air wrote 50 bytes to ecology
[dna] air wrote 89 bytes to ecology
[dna] air wrote 51 bytes to ecology
[dna] air wrote 114 bytes to ecology
[dna] air wrote 9 bytes to ecology
[dna] air wrote 9 bytes to ecology
[dna] air wrote 36 bytes to ecology
[dna] air wrote 53 bytes to ecology
[dna] air wrote 37 bytes to ecology
[dna] air wrote 51 bytes to ecology
[dna] air wrote 9 bytes to ecology
[dna] air wrote 33 bytes to ecology
[dna] air wrote 143 bytes to ecology
[dna] air wrote 57 bytes to ecology
[dna] air wrote 33 bytes to ecology
[dna] air wrote 49 bytes to ecology
[dna] air wrote 9 bytes to ecology
[dna] air wrote 32 bytes to ecology
[dna] air wrote 101 bytes to ecology
[dna] air wrote 30 bytes to ecology
[dna] air wrote 64 bytes to ecology
[dna] air wrote 51 bytes to ecology
[dna] air wrote 9 bytes to ecology
[dna] air wrote 101 bytes to ecology
[dna] air wrote 100 bytes to ecology
[dna] air wrote 56 bytes to ecology
[dna] air wrote 124 bytes to ecology
[debug-onto] tick=450 corpus=147792 stage=2 freeze=0
[dna] air wrote 35 bytes to ecology
[dna] air wrote 9 bytes to ecology
[dna] air wrote 9 bytes to ecology
[dna] air wrote 59 bytes to ecology
[dna] air wrote 27 bytes to ecology
[dna] air wrote 41 bytes to ecology
[dna] air wrote 54 bytes to ecology
[dna] air wrote 9 bytes to ecology
[dna] air wrote 9 bytes to ecology
[dna] air wrote 88 bytes to ecology
[dna] air wrote 45 bytes to ecology
[dna] air wrote 18 bytes to ecology
[dna] air wrote 76 bytes to ecology
[dna] air wrote 9 bytes to ecology
[dna] air wrote 27 bytes to ecology
[dna] air wrote 182 bytes to ecology
[dna] air wrote 40 bytes to ecology
[dna] air wrote 59 bytes to ecology
[dna] air wrote 86 bytes to ecology
[dna] air wrote 9 bytes to ecology
[dna] air wrote 9 bytes to ecology
[dna] air wrote 30 bytes to ecology
[dna] air wrote 86 bytes to ecology
[dna] air wrote 39 bytes to ecology
[dna] air wrote 34 bytes to ecology
[dna] air wrote 9 bytes to ecology
[dna] air wrote 25 bytes to ecology
[dna] air wrote 67 bytes to ecology
[dna] air wrote 68 bytes to ecology
[dna] air wrote 81 bytes to ecology
[dna] air wrote 37 bytes to ecology
[dna] air wrote 9 bytes to ecology
[dna] air wrote 9 bytes to ecology
[dna] air wrote 61 bytes to ecology
[dna] air wrote 118 bytes to ecology
[dna] air wrote 35 bytes to ecology
[dna] air wrote 97 bytes to ecology
[dna] air wrote 9 bytes to ecology
[dna] air wrote 29 bytes to ecology
[dna] air wrote 24 bytes to ecology
[dna] air wrote 148 bytes to ecology
[dna] air wrote 38 bytes to ecology
[dna] air wrote 96 bytes to ecology
[dna] air wrote 9 bytes to ecology
[dna] air wrote 45 bytes to ecology
[dna] air wrote 57 bytes to ecology
[dna] air wrote 138 bytes to ecology
[dna] air wrote 43 bytes to ecology
[dna] air wrote 119 bytes to ecology
[dna] air wrote 9 bytes to ecology
[debug-onto] tick=500 corpus=147792 stage=2 freeze=0
[dna] air wrote 31 bytes to ecology
[dna] air wrote 79 bytes to ecology
[dna] air wrote 70 bytes to ecology
[dna] air wrote 38 bytes to ecology
[dna] air wrote 111 bytes to ecology
[dna] air wrote 9 bytes to ecology
[dna] air wrote 9 bytes to ecology
[dna] air wrote 297 bytes to ecology
[dna] air wrote 48 bytes to ecology
[dna] air wrote 122 bytes to ecology
[dna] air wrote 50 bytes to ecology
[dna] air wrote 9 bytes to ecology
[dna] air wrote 70 bytes to ecology
[dna] air wrote 88 bytes to ecology
[dna] air wrote 59 bytes to ecology
[dna] air wrote 36 bytes to ecology
[dna] air wrote 85 bytes to ecology
[dna] air wrote 9 bytes to ecology
[dna] air wrote 9 bytes to ecology
[dna] air wrote 32 bytes to ecology
[dna] air wrote 185 bytes to ecology
[dna] air wrote 40 bytes to ecology
[dna] air wrote 80 bytes to ecology
[dna] air wrote 9 bytes to ecology
[dna] air wrote 43 bytes to ecology
[dna] air wrote 17 bytes to ecology
[dna] air wrote 41 bytes to ecology
[dna] air wrote 197 bytes to ecology
[dna] air wrote 34 bytes to ecology
[dna] air wrote 9 bytes to ecology
[dna] air wrote 156 bytes to ecology
[dna] air wrote 48 bytes to ecology
[dna] air wrote 54 bytes to ecology
[dna] air wrote 137 bytes to ecology
[dna] air wrote 40 bytes to ecology
[dna] air wrote 9 bytes to ecology
[dna] air wrote 9 bytes to ecology
[dna] air wrote 83 bytes to ecology
[dna] air wrote 28 bytes to ecology
[dna] air wrote 36 bytes to ecology
[dna] air wrote 57 bytes to ecology
[dna] air wrote 9 bytes to ecology
[dna] air wrote 148 bytes to ecology
[dna] air wrote 61 bytes to ecology
[dna] air wrote 28 bytes to ecology
[dna] air wrote 60 bytes to ecology
[dna] air wrote 205 bytes to ecology
[dna] air wrote 9 bytes to ecology
[dna] air wrote 34 bytes to ecology
[dna] air wrote 57 bytes to ecology
[debug-onto] tick=550 corpus=147792 stage=2 freeze=0
[dna] air wrote 69 bytes to ecology
[dna] air wrote 42 bytes to ecology
[dna] air wrote 58 bytes to ecology
[dna] air wrote 9 bytes to ecology
[dna] air wrote 34 bytes to ecology
[dna] air wrote 104 bytes to ecology
[dna] air wrote 60 bytes to ecology
[dna] air wrote 89 bytes to ecology
[dna] air wrote 158 bytes to ecology
[dna] air wrote 9 bytes to ecology
[dna] air wrote 9 bytes to ecology
[dna] air wrote 73 bytes to ecology
[dna] air wrote 82 bytes to ecology
[dna] air wrote 39 bytes to ecology
[dna] air wrote 92 bytes to ecology
[dna] air wrote 63 bytes to ecology
[dna] air wrote 9 bytes to ecology
[dna] air wrote 96 bytes to ecology
[dna] air wrote 30 bytes to ecology
[dna] air wrote 143 bytes to ecology
[dna] air wrote 23 bytes to ecology
[dna] air wrote 59 bytes to ecology
[dna] air wrote 9 bytes to ecology
[dna] air wrote 75 bytes to ecology
[dna] air wrote 52 bytes to ecology
[dna] air wrote 92 bytes to ecology
[dna] air wrote 62 bytes to ecology
[dna] air wrote 49 bytes to ecology
[dna] air wrote 56 bytes to ecology
[dna] air wrote 35 bytes to ecology
[dna] air wrote 37 bytes to ecology
[dna] air wrote 49 bytes to ecology
[dna] air wrote 123 bytes to ecology
[dna] air wrote 9 bytes to ecology
[dna] air wrote 56 bytes to ecology
[dna] air wrote 205 bytes to ecology
[dna] air wrote 42 bytes to ecology
[dna] air wrote 18 bytes to ecology
[dna] air wrote 81 bytes to ecology
[dna] air wrote 9 bytes to ecology
[dna] air wrote 59 bytes to ecology
[dna] air wrote 124 bytes to ecology
[dna] air wrote 30 bytes to ecology
[dna] air wrote 50 bytes to ecology
[dna] air wrote 93 bytes to ecology
[dna] air wrote 200 bytes to ecology
[dna] air wrote 9 bytes to ecology
[dna] air wrote 31 bytes to ecology
[dna] air wrote 59 bytes to ecology
[dna] air wrote 141 bytes to ecology
[debug-onto] tick=600 corpus=147792 stage=2 freeze=0
[dna] air wrote 173 bytes to ecology
[dna] air wrote 9 bytes to ecology
[dna] air wrote 155 bytes to ecology
[dna] air wrote 46 bytes to ecology
[dna] air wrote 40 bytes to ecology
[dna] air wrote 35 bytes to ecology
[dna] air wrote 43 bytes to ecology
[dna] air wrote 73 bytes to ecology
[dna] air wrote 9 bytes to ecology
[dna] air wrote 97 bytes to ecology
[dna] air wrote 41 bytes to ecology
[dna] air wrote 50 bytes to ecology
[dna] air wrote 26 bytes to ecology
[dna] air wrote 9 bytes to ecology
[dna] air wrote 9 bytes to ecology
[dna] air wrote 48 bytes to ecology
[dna] air wrote 38 bytes to ecology
[dna] air wrote 87 bytes to ecology
[dna] air wrote 59 bytes to ecology
[dna] air wrote 9 bytes to ecology
[dna] air wrote 9 bytes to ecology
[dna] air wrote 76 bytes to ecology
[dna] air wrote 97 bytes to ecology
[dna] air wrote 29 bytes to ecology
[dna] air wrote 115 bytes to ecology
[dna] air wrote 9 bytes to ecology
[dna] air wrote 88 bytes to ecology
[dna] air wrote 32 bytes to ecology
[dna] air wrote 185 bytes to ecology
[dna] air wrote 41 bytes to ecology
[dna] air wrote 38 bytes to ecology
[dna] air wrote 9 bytes to ecology
[dna] air wrote 9 bytes to ecology
[dna] air wrote 159 bytes to ecology
[dna] air wrote 72 bytes to ecology
[dna] air wrote 32 bytes to ecology
[dna] air wrote 39 bytes to ecology
[dna] air wrote 9 bytes to ecology
[dna] air wrote 9 bytes to ecology
[dna] air wrote 85 bytes to ecology
[dna] air wrote 60 bytes to ecology
[dna] air wrote 107 bytes to ecology
[dna] air wrote 70 bytes to ecology
[dna] air wrote 9 bytes to ecology
[dna] air wrote 26 bytes to ecology
[dna] air wrote 75 bytes to ecology
[dna] air wrote 47 bytes to ecology
[dna] air wrote 82 bytes to ecology
[dna] air wrote 29 bytes to ecology
[dna] air wrote 66 bytes to ecology
[debug-onto] tick=650 corpus=147792 stage=2 freeze=0
[dna] air wrote 9 bytes to ecology
[dna] air wrote 48 bytes to ecology
[dna] air wrote 63 bytes to ecology
[dna] air wrote 31 bytes to ecology

[evolution] Organism shutting down gracefully.
