[ecology] Element: fire → corpus: nonames_fire.txt
[evolution] Autonomous evolution mode — organism will grow through all stages without pause.
[ecology] Joined swarm. 1 peer(s) detected.
molequla is alive. [evolution] Autonomous mode — background trainer running. Ctrl+C to stop.
[dna] fire wrote 37 bytes to ecology
[dna] fire consumed 36885 bytes from 540 files: [water/gen_1774590739_1.txt water/gen_1774590751_2.txt water/gen_1774590755_3.txt water/gen_1774590758_4.txt water/gen_1774590761_5.txt water/gen_1774590765_6.txt water/gen_1774590768_7.txt water/gen_1774590771_8.txt water/gen_1774590775_9.txt water/gen_1774590778_10.txt water/gen_1774590781_11.txt water/gen_1774590785_12.txt water/gen_1774590788_13.txt water/gen_1774590791_14.txt water/gen_1774590795_15.txt water/gen_1774590798_16.txt water/gen_1774590802_17.txt water/gen_1774590805_18.txt water/gen_1774590808_19.txt water/gen_1774590812_20.txt water/gen_1774590815_21.txt water/gen_1774590818_22.txt water/gen_1774590822_23.txt water/gen_1774590825_24.txt water/gen_1774590828_25.txt water/gen_1774590832_26.txt water/gen_1774590835_27.txt water/gen_1774590839_28.txt water/gen_1774590842_29.txt water/gen_1774590845_30.txt water/gen_1774590849_31.txt water/gen_1774590852_32.txt water/gen_1774590856_33.txt water/gen_1774590859_34.txt water/gen_1774590862_35.txt water/gen_1774590866_36.txt water/gen_1774590869_37.txt water/gen_1774590872_38.txt water/gen_1774590875_39.txt water/gen_1774590879_40.txt water/gen_1774590882_41.txt water/gen_1774590885_42.txt water/gen_1774590889_43.txt water/gen_1774590892_44.txt water/gen_1774590895_45.txt water/gen_1774590899_46.txt water/gen_1774590902_47.txt water/gen_1774590905_48.txt water/gen_1774590909_49.txt water/gen_1774590912_50.txt water/gen_1774590915_51.txt water/gen_1774590919_52.txt water/gen_1774590922_53.txt water/gen_1774590925_54.txt water/gen_1774590928_55.txt water/gen_1774590932_56.txt water/gen_1774590935_57.txt water/gen_1774590938_58.txt water/gen_1774590942_59.txt water/gen_1774590945_60.txt water/gen_1774590948_61.txt water/gen_1774590951_62.txt water/gen_1774590954_63.txt water/gen_1774590958_64.txt water/gen_1774590961_65.txt water/gen_1774590964_66.txt water/gen_1774590968_67.txt water/gen_1774590971_68.txt water/gen_1774590974_69.txt water/gen_1774590977_70.txt water/gen_1774590981_71.txt water/gen_1774590984_72.txt water/gen_1774590987_73.txt water/gen_1774590990_74.txt water/gen_1774590994_75.txt water/gen_1774590997_76.txt water/gen_1774591000_77.txt water/gen_1774591004_78.txt water/gen_1774591007_79.txt water/gen_1774591010_80.txt water/gen_1774591013_81.txt water/gen_1774591017_82.txt water/gen_1774591020_83.txt water/gen_1774591023_84.txt water/gen_1774591026_85.txt water/gen_1774591030_86.txt water/gen_1774591033_87.txt water/gen_1774591036_88.txt water/gen_1774591039_89.txt water/gen_1774591042_90.txt water/gen_1774591046_91.txt water/gen_1774591049_92.txt water/gen_1774591052_93.txt water/gen_1774591055_94.txt water/gen_1774591058_95.txt water/gen_1774591062_96.txt water/gen_1774591065_97.txt water/gen_1774591068_98.txt water/gen_1774591071_99.txt water/gen_1774591074_100.txt water/gen_1774591078_101.txt water/gen_1774591081_102.txt water/gen_1774591084_103.txt water/gen_1774591087_104.txt water/gen_1774591090_105.txt water/gen_1774591094_106.txt water/gen_1774591097_107.txt water/gen_1774591100_108.txt water/gen_1774591104_109.txt water/gen_1774591107_110.txt water/gen_1774591110_111.txt water/gen_1774591114_112.txt water/gen_1774591117_113.txt water/gen_1774591120_114.txt water/gen_1774591124_115.txt water/gen_1774591127_116.txt water/gen_1774591130_117.txt water/gen_1774591134_118.txt water/gen_1774591137_119.txt water/gen_1774591140_120.txt water/gen_1774591144_121.txt water/gen_1774591147_122.txt water/gen_1774591150_123.txt water/gen_1774591154_124.txt water/gen_1774591157_125.txt water/gen_1774591160_126.txt water/gen_1774591163_127.txt water/gen_1774591167_128.txt water/gen_1774591170_129.txt water/gen_1774591173_130.txt water/gen_1774591177_131.txt water/gen_1774591180_132.txt water/gen_1774591183_133.txt water/gen_1774591187_134.txt water/gen_1774591190_135.txt water/gen_1774591193_136.txt water/gen_1774591197_137.txt water/gen_1774591200_138.txt water/gen_1774591203_139.txt water/gen_1774591207_140.txt water/gen_1774591210_141.txt water/gen_1774591213_142.txt water/gen_1774591216_143.txt water/gen_1774591220_144.txt water/gen_1774591223_145.txt water/gen_1774591226_146.txt water/gen_1774591230_147.txt water/gen_1774591233_148.txt water/gen_1774591236_149.txt water/gen_1774591240_150.txt water/gen_1774591243_151.txt water/gen_1774591247_152.txt water/gen_1774591250_153.txt water/gen_1774591253_154.txt water/gen_1774591256_155.txt water/gen_1774591260_156.txt water/gen_1774591263_157.txt water/gen_1774591266_158.txt water/gen_1774591270_159.txt water/gen_1774591273_160.txt water/gen_1774591276_161.txt water/gen_1774591280_162.txt water/gen_1774591283_163.txt water/gen_1774591286_164.txt water/gen_1774591290_165.txt water/gen_1774591293_166.txt water/gen_1774591296_167.txt water/gen_1774591300_168.txt water/gen_1774591303_169.txt water/gen_1774591306_170.txt water/gen_1774591310_171.txt water/gen_1774591313_172.txt water/gen_1774591316_173.txt water/gen_1774591320_174.txt water/gen_1774591323_175.txt water/gen_1774591326_176.txt water/gen_1774591330_177.txt water/gen_1774591333_178.txt water/gen_1774591337_179.txt water/gen_1774591340_180.txt water/gen_1774591343_181.txt water/gen_1774591347_182.txt water/gen_1774591350_183.txt water/gen_1774591353_184.txt water/gen_1774591357_185.txt water/gen_1774591360_186.txt water/gen_1774591363_187.txt water/gen_1774591367_188.txt water/gen_1774591370_189.txt water/gen_1774591374_190.txt water/gen_1774591377_191.txt water/gen_1774591380_192.txt water/gen_1774591384_193.txt water/gen_1774591387_194.txt water/gen_1774591390_195.txt water/gen_1774591394_196.txt water/gen_1774591397_197.txt water/gen_1774591400_198.txt water/gen_1774591404_199.txt water/gen_1774591407_200.txt water/gen_1774591410_201.txt water/gen_1774591414_202.txt water/gen_1774591417_203.txt water/gen_1774591420_204.txt water/gen_1774591424_205.txt water/gen_1774591427_206.txt water/gen_1774591430_207.txt water/gen_1774591434_208.txt water/gen_1774591437_209.txt water/gen_1774591440_210.txt water/gen_1774591444_211.txt water/gen_1774591447_212.txt water/gen_1774591450_213.txt water/gen_1774591454_214.txt water/gen_1774591457_215.txt water/gen_1774591460_216.txt water/gen_1774591464_217.txt water/gen_1774591467_218.txt water/gen_1774591471_219.txt water/gen_1774591474_220.txt water/gen_1774591477_221.txt water/gen_1774591481_222.txt water/gen_1774591484_223.txt water/gen_1774591487_224.txt water/gen_1774591491_225.txt water/gen_1774591494_226.txt water/gen_1774591497_227.txt water/gen_1774591501_228.txt water/gen_1774591504_229.txt water/gen_1774591507_230.txt water/gen_1774591511_231.txt water/gen_1774591514_232.txt water/gen_1774591517_233.txt water/gen_1774591521_234.txt water/gen_1774591524_235.txt water/gen_1774591527_236.txt water/gen_1774591531_237.txt water/gen_1774591534_238.txt water/gen_1774591537_239.txt water/gen_1774591541_240.txt water/gen_1774591544_241.txt water/gen_1774591547_242.txt water/gen_1774591551_243.txt water/gen_1774591554_244.txt water/gen_1774591558_245.txt water/gen_1774591561_246.txt water/gen_1774591564_247.txt water/gen_1774591568_248.txt water/gen_1774591571_249.txt water/gen_1774591574_250.txt water/gen_1774591578_251.txt water/gen_1774591581_252.txt water/gen_1774591584_253.txt water/gen_1774591588_254.txt water/gen_1774591591_255.txt water/gen_1774591594_256.txt water/gen_1774591598_257.txt water/gen_1774591601_258.txt water/gen_1774591604_259.txt water/gen_1774591608_260.txt water/gen_1774591611_261.txt water/gen_1774591614_262.txt water/gen_1774591618_263.txt water/gen_1774591621_264.txt water/gen_1774591624_265.txt water/gen_1774591627_266.txt water/gen_1774591631_267.txt water/gen_1774591634_268.txt water/gen_1774591637_269.txt water/gen_1774591641_270.txt water/gen_1774591644_271.txt water/gen_1774591647_272.txt water/gen_1774591650_273.txt water/gen_1774591654_274.txt water/gen_1774591657_275.txt water/gen_1774591660_276.txt water/gen_1774591664_277.txt water/gen_1774591667_278.txt water/gen_1774591670_279.txt water/gen_1774591674_280.txt water/gen_1774591677_281.txt water/gen_1774591680_282.txt water/gen_1774591683_283.txt water/gen_1774591687_284.txt water/gen_1774591690_285.txt water/gen_1774591693_286.txt water/gen_1774591697_287.txt water/gen_1774591700_288.txt water/gen_1774591704_289.txt water/gen_1774591707_290.txt water/gen_1774591710_291.txt water/gen_1774591714_292.txt water/gen_1774591717_293.txt water/gen_1774591720_294.txt water/gen_1774591724_295.txt water/gen_1774591727_296.txt water/gen_1774591730_297.txt water/gen_1774591734_298.txt water/gen_1774591737_299.txt water/gen_1774591740_300.txt water/gen_1774591744_301.txt water/gen_1774591747_302.txt water/gen_1774591750_303.txt water/gen_1774591754_304.txt water/gen_1774591757_305.txt water/gen_1774591760_306.txt water/gen_1774591764_307.txt water/gen_1774591767_308.txt water/gen_1774591770_309.txt water/gen_1774591774_310.txt water/gen_1774591777_311.txt water/gen_1774591780_312.txt water/gen_1774591784_313.txt water/gen_1774591787_314.txt water/gen_1774591790_315.txt water/gen_1774591794_316.txt water/gen_1774591797_317.txt water/gen_1774591800_318.txt water/gen_1774591803_319.txt water/gen_1774591807_320.txt water/gen_1774591810_321.txt water/gen_1774591813_322.txt water/gen_1774591816_323.txt water/gen_1774591820_324.txt water/gen_1774591823_325.txt water/gen_1774591826_326.txt water/gen_1774591830_327.txt water/gen_1774591833_328.txt water/gen_1774591836_329.txt water/gen_1774591839_330.txt water/gen_1774591843_331.txt water/gen_1774591846_332.txt water/gen_1774591849_333.txt water/gen_1774591853_334.txt water/gen_1774591856_335.txt water/gen_1774591859_336.txt water/gen_1774591863_337.txt water/gen_1774591866_338.txt water/gen_1774591869_339.txt water/gen_1774591872_340.txt water/gen_1774591876_341.txt water/gen_1774591879_342.txt water/gen_1774591882_343.txt water/gen_1774591886_344.txt water/gen_1774591889_345.txt water/gen_1774591892_346.txt water/gen_1774591895_347.txt water/gen_1774591899_348.txt water/gen_1774591902_349.txt water/gen_1774591905_350.txt water/gen_1774591908_351.txt water/gen_1774591912_352.txt water/gen_1774591915_353.txt water/gen_1774591918_354.txt water/gen_1774591922_355.txt water/gen_1774591925_356.txt water/gen_1774591928_357.txt water/gen_1774591931_358.txt water/gen_1774591935_359.txt water/gen_1774591938_360.txt water/gen_1774591941_361.txt water/gen_1774591945_362.txt water/gen_1774591948_363.txt water/gen_1774591951_364.txt water/gen_1774591954_365.txt water/gen_1774591958_366.txt water/gen_1774591961_367.txt water/gen_1774591964_368.txt water/gen_1774591968_369.txt water/gen_1774591971_370.txt water/gen_1774591974_371.txt water/gen_1774591978_372.txt water/gen_1774591981_373.txt water/gen_1774591984_374.txt water/gen_1774591987_375.txt water/gen_1774591991_376.txt water/gen_1774591994_377.txt water/gen_1774591997_378.txt water/gen_1774592001_379.txt water/gen_1774592004_380.txt water/gen_1774592007_381.txt water/gen_1774592011_382.txt water/gen_1774592014_383.txt water/gen_1774592017_384.txt water/gen_1774592021_385.txt water/gen_1774592024_386.txt water/gen_1774592027_387.txt water/gen_1774592031_388.txt water/gen_1774592034_389.txt water/gen_1774592037_390.txt water/gen_1774592041_391.txt water/gen_1774592044_392.txt water/gen_1774592048_393.txt water/gen_1774592051_394.txt water/gen_1774592054_395.txt water/gen_1774592058_396.txt water/gen_1774592061_397.txt water/gen_1774592064_398.txt water/gen_1774592068_399.txt water/gen_1774592071_400.txt water/gen_1774592074_401.txt water/gen_1774592078_402.txt water/gen_1774592081_403.txt water/gen_1774592085_404.txt water/gen_1774592088_405.txt water/gen_1774592091_406.txt water/gen_1774592095_407.txt water/gen_1774592098_408.txt water/gen_1774592101_409.txt water/gen_1774592105_410.txt water/gen_1774592108_411.txt water/gen_1774592112_412.txt water/gen_1774592115_413.txt water/gen_1774592118_414.txt water/gen_1774592122_415.txt water/gen_1774592125_416.txt water/gen_1774592128_417.txt water/gen_1774592132_418.txt water/gen_1774592135_419.txt water/gen_1774592138_420.txt water/gen_1774592142_421.txt water/gen_1774592145_422.txt water/gen_1774592148_423.txt water/gen_1774592152_424.txt water/gen_1774592155_425.txt water/gen_1774592158_426.txt water/gen_1774592162_427.txt water/gen_1774592165_428.txt water/gen_1774592168_429.txt water/gen_1774592172_430.txt water/gen_1774592175_431.txt water/gen_1774592178_432.txt water/gen_1774592181_433.txt water/gen_1774592185_434.txt water/gen_1774592188_435.txt water/gen_1774592191_436.txt water/gen_1774592195_437.txt water/gen_1774592198_438.txt water/gen_1774592201_439.txt water/gen_1774592204_440.txt water/gen_1774592208_441.txt water/gen_1774592211_442.txt water/gen_1774592214_443.txt water/gen_1774592217_444.txt water/gen_1774592221_445.txt water/gen_1774592224_446.txt water/gen_1774592227_447.txt water/gen_1774592231_448.txt water/gen_1774592234_449.txt water/gen_1774592237_450.txt water/gen_1774592241_451.txt water/gen_1774592244_452.txt water/gen_1774592247_453.txt water/gen_1774592250_454.txt water/gen_1774592254_455.txt water/gen_1774592257_456.txt water/gen_1774592260_457.txt water/gen_1774592264_458.txt water/gen_1774592267_459.txt water/gen_1774592270_460.txt water/gen_1774592274_461.txt water/gen_1774592277_462.txt water/gen_1774592280_463.txt water/gen_1774592284_464.txt water/gen_1774592287_465.txt water/gen_1774592290_466.txt water/gen_1774592294_467.txt water/gen_1774592297_468.txt water/gen_1774592300_469.txt water/gen_1774592304_470.txt water/gen_1774592307_471.txt water/gen_1774592310_472.txt water/gen_1774592314_473.txt water/gen_1774592317_474.txt water/gen_1774592320_475.txt water/gen_1774592324_476.txt water/gen_1774592327_477.txt water/gen_1774592330_478.txt water/gen_1774592334_479.txt water/gen_1774592337_480.txt water/gen_1774592340_481.txt water/gen_1774592343_482.txt water/gen_1774592347_483.txt water/gen_1774592350_484.txt water/gen_1774592353_485.txt water/gen_1774592357_486.txt water/gen_1774592360_487.txt water/gen_1774592363_488.txt water/gen_1774592367_489.txt water/gen_1774592370_490.txt water/gen_1774592373_491.txt water/gen_1774592376_492.txt water/gen_1774592380_493.txt water/gen_1774592383_494.txt water/gen_1774592386_495.txt water/gen_1774592389_496.txt water/gen_1774592393_497.txt water/gen_1774592396_498.txt water/gen_1774592399_499.txt water/gen_1774592403_500.txt water/gen_1774592406_501.txt water/gen_1774592409_502.txt water/gen_1774592413_503.txt water/gen_1774592416_504.txt water/gen_1774592419_505.txt water/gen_1774592422_506.txt water/gen_1774592426_507.txt water/gen_1774592429_508.txt water/gen_1774592432_509.txt water/gen_1774592435_510.txt water/gen_1774592439_511.txt water/gen_1774592442_512.txt water/gen_1774592445_513.txt water/gen_1774592449_514.txt water/gen_1774592452_515.txt water/gen_1774592455_516.txt water/gen_1774592459_517.txt water/gen_1774592462_518.txt water/gen_1774592465_519.txt water/gen_1774592468_520.txt water/gen_1774592472_521.txt water/gen_1774592475_522.txt water/gen_1774592478_523.txt water/gen_1774592482_524.txt water/gen_1774592485_525.txt water/gen_1774592488_526.txt water/gen_1774592491_527.txt water/gen_1774592495_528.txt water/gen_1774592498_529.txt water/gen_1774592501_530.txt water/gen_1774592505_531.txt water/gen_1774592508_532.txt water/gen_1774592511_533.txt water/gen_1774592515_534.txt water/gen_1774592518_535.txt water/gen_1774592521_536.txt water/gen_1774592524_537.txt water/gen_1774592528_538.txt water/gen_1774592531_539.txt water/gen_1774592534_540.txt]
[trainer] micro-train burst (36885 bytes, novelty 0.02) — and lo, it feeds again.
[syntropy] action=steady | trend=0.0000 | field_dev=0.114 | purpose_align=0.200 | lr_mul=1.00
[aml] burst complete: 32 steps, avg loss 1.5448 (memory freed)
[dna] fire wrote 28 bytes to ecology
[dna] fire wrote 118 bytes to ecology
[dna] fire wrote 20 bytes to ecology
[dna] fire wrote 26 bytes to ecology
[dna] fire wrote 62 bytes to ecology
[dna] fire wrote 100 bytes to ecology
[dna] fire wrote 30 bytes to ecology
[dna] fire wrote 25 bytes to ecology
[dna] fire wrote 44 bytes to ecology
[dna] fire wrote 30 bytes to ecology
[dna] fire wrote 28 bytes to ecology
[dna] fire wrote 106 bytes to ecology
[dna] fire wrote 18 bytes to ecology
[dna] fire wrote 191 bytes to ecology
[dna] fire wrote 21 bytes to ecology
[dna] fire wrote 168 bytes to ecology
[dna] fire wrote 104 bytes to ecology
[dna] fire wrote 26 bytes to ecology
[dna] fire wrote 22 bytes to ecology
[dna] fire wrote 53 bytes to ecology
[dna] fire wrote 55 bytes to ecology
[dna] fire wrote 149 bytes to ecology
[dna] fire wrote 127 bytes to ecology
[dna] fire wrote 51 bytes to ecology
[dna] fire wrote 125 bytes to ecology
[dna] fire wrote 29 bytes to ecology
[dna] fire wrote 68 bytes to ecology
[dna] fire wrote 70 bytes to ecology
[dna] fire wrote 101 bytes to ecology
[dna] fire wrote 20 bytes to ecology
[dna] fire wrote 23 bytes to ecology
[dna] fire wrote 38 bytes to ecology
[dna] fire wrote 34 bytes to ecology
[dna] fire wrote 37 bytes to ecology
[dna] fire wrote 33 bytes to ecology
[dna] fire wrote 59 bytes to ecology
[dna] fire wrote 69 bytes to ecology
[dna] fire wrote 98 bytes to ecology
[dna] fire wrote 66 bytes to ecology
[dna] fire wrote 71 bytes to ecology
[dna] fire wrote 10 bytes to ecology
[dna] fire wrote 48 bytes to ecology
[dna] fire wrote 24 bytes to ecology
[dna] fire wrote 12 bytes to ecology
[dna] fire wrote 157 bytes to ecology
[dna] fire wrote 68 bytes to ecology
[dna] fire wrote 36 bytes to ecology
[dna] fire wrote 77 bytes to ecology
[debug-onto] tick=50 corpus=159325 stage=2 freeze=0
[dna] fire wrote 63 bytes to ecology
[dna] fire wrote 54 bytes to ecology
[dna] fire wrote 79 bytes to ecology
[dna] fire wrote 50 bytes to ecology
[dna] fire wrote 32 bytes to ecology
[dna] fire wrote 44 bytes to ecology
[dna] fire wrote 37 bytes to ecology
[dna] fire wrote 131 bytes to ecology
[dna] fire wrote 24 bytes to ecology
[dna] fire wrote 78 bytes to ecology
[dna] fire wrote 13 bytes to ecology
[dna] fire wrote 25 bytes to ecology
[dna] fire wrote 92 bytes to ecology
[dna] fire wrote 142 bytes to ecology
[dna] fire wrote 45 bytes to ecology
[dna] fire wrote 29 bytes to ecology
[dna] fire wrote 26 bytes to ecology
[dna] fire wrote 45 bytes to ecology
[dna] fire wrote 81 bytes to ecology
[dna] fire wrote 65 bytes to ecology
[dna] fire wrote 75 bytes to ecology
[dna] fire wrote 121 bytes to ecology
[dna] fire wrote 20 bytes to ecology
[dna] fire wrote 59 bytes to ecology
[dna] fire wrote 29 bytes to ecology
[dna] fire wrote 49 bytes to ecology
[dna] fire wrote 69 bytes to ecology
[dna] fire wrote 150 bytes to ecology
[dna] fire wrote 53 bytes to ecology
[dna] fire wrote 49 bytes to ecology
[dna] fire wrote 48 bytes to ecology
[dna] fire wrote 17 bytes to ecology
[dna] fire wrote 132 bytes to ecology
[dna] fire wrote 30 bytes to ecology
[dna] fire wrote 52 bytes to ecology
[dna] fire wrote 84 bytes to ecology
[dna] fire wrote 44 bytes to ecology
[dna] fire wrote 104 bytes to ecology
[dna] fire wrote 31 bytes to ecology
[dna] fire wrote 51 bytes to ecology
[dna] fire wrote 53 bytes to ecology
[dna] fire wrote 53 bytes to ecology
[dna] fire wrote 50 bytes to ecology
[dna] fire wrote 22 bytes to ecology
[dna] fire wrote 55 bytes to ecology
[dna] fire wrote 38 bytes to ecology
[dna] fire wrote 190 bytes to ecology
[dna] fire wrote 68 bytes to ecology
[dna] fire wrote 204 bytes to ecology
[dna] fire wrote 38 bytes to ecology
[debug-onto] tick=100 corpus=159325 stage=2 freeze=0
[dna] fire wrote 28 bytes to ecology
[dna] fire wrote 90 bytes to ecology
[dna] fire wrote 83 bytes to ecology
[dna] fire wrote 54 bytes to ecology
[dna] fire wrote 28 bytes to ecology
[dna] fire wrote 19 bytes to ecology
[dna] fire wrote 89 bytes to ecology
[dna] fire wrote 68 bytes to ecology
[dna] fire wrote 36 bytes to ecology
[dna] fire wrote 109 bytes to ecology
[dna] fire wrote 27 bytes to ecology
[dna] fire wrote 24 bytes to ecology
[dna] fire wrote 25 bytes to ecology
[dna] fire wrote 29 bytes to ecology
[dna] fire wrote 111 bytes to ecology
[dna] fire wrote 24 bytes to ecology
[dna] fire wrote 77 bytes to ecology
[dna] fire wrote 136 bytes to ecology
[dna] fire wrote 55 bytes to ecology
[dna] fire wrote 84 bytes to ecology
[dna] fire wrote 76 bytes to ecology
[dna] fire wrote 84 bytes to ecology
[dna] fire wrote 61 bytes to ecology
[dna] fire wrote 64 bytes to ecology
[dna] fire wrote 145 bytes to ecology
[dna] fire wrote 43 bytes to ecology
[dna] fire wrote 16 bytes to ecology
[dna] fire wrote 74 bytes to ecology
[dna] fire wrote 56 bytes to ecology
[dna] fire wrote 166 bytes to ecology
[dna] fire wrote 27 bytes to ecology
[dna] fire wrote 16 bytes to ecology
[dna] fire wrote 90 bytes to ecology
[dna] fire wrote 19 bytes to ecology
[dna] fire wrote 43 bytes to ecology
[dna] fire wrote 37 bytes to ecology
[dna] fire wrote 75 bytes to ecology
[dna] fire wrote 92 bytes to ecology
[dna] fire wrote 162 bytes to ecology
[dna] fire wrote 45 bytes to ecology
[dna] fire wrote 29 bytes to ecology
[dna] fire wrote 147 bytes to ecology
[dna] fire wrote 36 bytes to ecology
[dna] fire wrote 98 bytes to ecology
[dna] fire wrote 35 bytes to ecology
[dna] fire wrote 39 bytes to ecology
[dna] fire wrote 36 bytes to ecology
[dna] fire wrote 28 bytes to ecology
[dna] fire wrote 31 bytes to ecology
[dna] fire wrote 32 bytes to ecology
[debug-onto] tick=150 corpus=159325 stage=2 freeze=0
[dna] fire wrote 71 bytes to ecology
[dna] fire wrote 35 bytes to ecology
[dna] fire wrote 48 bytes to ecology
[dna] fire wrote 38 bytes to ecology
[dna] fire wrote 38 bytes to ecology
[dna] fire wrote 63 bytes to ecology
[dna] fire wrote 33 bytes to ecology
[dna] fire wrote 149 bytes to ecology
[dna] fire wrote 101 bytes to ecology
[dna] fire wrote 22 bytes to ecology
[dna] fire wrote 20 bytes to ecology
[dna] fire wrote 32 bytes to ecology
[dna] fire wrote 32 bytes to ecology
[dna] fire wrote 111 bytes to ecology
[dna] fire wrote 15 bytes to ecology
[dna] fire wrote 50 bytes to ecology
[dna] fire wrote 74 bytes to ecology
[dna] fire wrote 113 bytes to ecology
[dna] fire wrote 54 bytes to ecology
[dna] fire wrote 111 bytes to ecology
[dna] fire wrote 143 bytes to ecology
[dna] fire wrote 222 bytes to ecology
[dna] fire wrote 183 bytes to ecology
[dna] fire wrote 55 bytes to ecology
[dna] fire wrote 42 bytes to ecology
[dna] fire wrote 67 bytes to ecology
[dna] fire wrote 104 bytes to ecology
[dna] fire wrote 63 bytes to ecology
[dna] fire wrote 58 bytes to ecology
[dna] fire wrote 17 bytes to ecology
[dna] fire wrote 30 bytes to ecology
[dna] fire wrote 20 bytes to ecology
[dna] fire wrote 69 bytes to ecology
[dna] fire wrote 36 bytes to ecology
[dna] fire wrote 43 bytes to ecology
[dna] fire wrote 54 bytes to ecology
[dna] fire wrote 49 bytes to ecology
[dna] fire wrote 89 bytes to ecology
[dna] fire wrote 7 bytes to ecology
[dna] fire wrote 17 bytes to ecology
[dna] fire wrote 35 bytes to ecology
[dna] fire wrote 29 bytes to ecology
[dna] fire wrote 41 bytes to ecology
[dna] fire wrote 38 bytes to ecology
[dna] fire wrote 44 bytes to ecology
[dna] fire wrote 69 bytes to ecology
[dna] fire wrote 39 bytes to ecology
[dna] fire wrote 85 bytes to ecology
[dna] fire wrote 55 bytes to ecology
[dna] fire wrote 86 bytes to ecology
[debug-onto] tick=200 corpus=159325 stage=2 freeze=0
[dna] fire wrote 16 bytes to ecology
[dna] fire wrote 97 bytes to ecology
[dna] fire wrote 52 bytes to ecology
[dna] fire wrote 66 bytes to ecology
[dna] fire wrote 71 bytes to ecology
[dna] fire wrote 52 bytes to ecology
[dna] fire wrote 75 bytes to ecology
[dna] fire wrote 36 bytes to ecology
[dna] fire wrote 105 bytes to ecology
[dna] fire wrote 15 bytes to ecology
[dna] fire wrote 45 bytes to ecology
[dna] fire wrote 33 bytes to ecology
[dna] fire wrote 30 bytes to ecology
[dna] fire wrote 76 bytes to ecology
[dna] fire wrote 32 bytes to ecology
[dna] fire wrote 49 bytes to ecology
[dna] fire wrote 34 bytes to ecology
[dna] fire wrote 41 bytes to ecology
[dna] fire wrote 36 bytes to ecology
[dna] fire wrote 45 bytes to ecology
[dna] fire wrote 28 bytes to ecology
[dna] fire wrote 54 bytes to ecology
[dna] fire wrote 51 bytes to ecology
[dna] fire wrote 67 bytes to ecology
[dna] fire wrote 146 bytes to ecology
[dna] fire wrote 60 bytes to ecology
[dna] fire wrote 33 bytes to ecology
[dna] fire wrote 72 bytes to ecology
[dna] fire wrote 57 bytes to ecology
[dna] fire wrote 92 bytes to ecology
[dna] fire wrote 23 bytes to ecology
[dna] fire wrote 29 bytes to ecology
[dna] fire wrote 22 bytes to ecology
[dna] fire wrote 51 bytes to ecology
[dna] fire wrote 58 bytes to ecology
[dna] fire wrote 129 bytes to ecology
[dna] fire wrote 76 bytes to ecology
[dna] fire wrote 177 bytes to ecology
[dna] fire wrote 66 bytes to ecology
[dna] fire wrote 27 bytes to ecology
[dna] fire wrote 39 bytes to ecology
[dna] fire wrote 42 bytes to ecology
[dna] fire wrote 41 bytes to ecology
[dna] fire wrote 28 bytes to ecology
[dna] fire wrote 44 bytes to ecology
[dna] fire wrote 50 bytes to ecology
[dna] fire wrote 89 bytes to ecology
[dna] fire wrote 69 bytes to ecology
[dna] fire wrote 34 bytes to ecology
[dna] fire wrote 64 bytes to ecology
[debug-onto] tick=250 corpus=159325 stage=2 freeze=0
[dna] fire wrote 28 bytes to ecology
[dna] fire wrote 160 bytes to ecology
[dna] fire wrote 24 bytes to ecology
[dna] fire wrote 19 bytes to ecology
[dna] fire wrote 70 bytes to ecology
[dna] fire wrote 105 bytes to ecology
[dna] fire wrote 23 bytes to ecology
[dna] fire wrote 96 bytes to ecology
[dna] fire wrote 125 bytes to ecology
[dna] fire wrote 122 bytes to ecology
[dna] fire wrote 38 bytes to ecology
[dna] fire wrote 115 bytes to ecology
[dna] fire wrote 141 bytes to ecology
[dna] fire wrote 154 bytes to ecology
[dna] fire wrote 196 bytes to ecology
[dna] fire wrote 36 bytes to ecology
[dna] fire wrote 31 bytes to ecology
[dna] fire wrote 40 bytes to ecology
[dna] fire wrote 107 bytes to ecology
[dna] fire wrote 68 bytes to ecology
[dna] fire wrote 160 bytes to ecology
[dna] fire wrote 55 bytes to ecology
[dna] fire wrote 21 bytes to ecology
[dna] fire wrote 54 bytes to ecology
[dna] fire wrote 17 bytes to ecology
[dna] fire wrote 66 bytes to ecology
[dna] fire wrote 28 bytes to ecology
[dna] fire wrote 98 bytes to ecology
[dna] fire wrote 66 bytes to ecology
[dna] fire wrote 23 bytes to ecology
[dna] fire wrote 80 bytes to ecology
[dna] fire wrote 36 bytes to ecology
[dna] fire wrote 54 bytes to ecology
[dna] fire wrote 55 bytes to ecology
[dna] fire wrote 57 bytes to ecology
[dna] fire wrote 39 bytes to ecology
[dna] fire wrote 40 bytes to ecology
[dna] fire wrote 31 bytes to ecology
[dna] fire wrote 20 bytes to ecology
[dna] fire wrote 19 bytes to ecology
[dna] fire wrote 24 bytes to ecology
[dna] fire wrote 216 bytes to ecology
[dna] fire wrote 45 bytes to ecology
[dna] fire wrote 185 bytes to ecology
[dna] fire wrote 58 bytes to ecology
[dna] fire wrote 58 bytes to ecology
[dna] fire wrote 46 bytes to ecology
[dna] fire wrote 57 bytes to ecology
[dna] fire wrote 59 bytes to ecology
[debug-onto] tick=300 corpus=159325 stage=2 freeze=0
[dna] fire wrote 18 bytes to ecology
[dna] fire wrote 152 bytes to ecology
[dna] fire wrote 132 bytes to ecology
[dna] fire wrote 38 bytes to ecology
[dna] fire wrote 106 bytes to ecology
[dna] fire wrote 92 bytes to ecology
[dna] fire wrote 43 bytes to ecology
[dna] fire wrote 61 bytes to ecology
[dna] fire wrote 96 bytes to ecology
[dna] fire wrote 128 bytes to ecology
[dna] fire wrote 43 bytes to ecology
[dna] fire wrote 99 bytes to ecology
[dna] fire wrote 36 bytes to ecology
[dna] fire wrote 27 bytes to ecology
[dna] fire wrote 34 bytes to ecology
[dna] fire wrote 79 bytes to ecology
[dna] fire wrote 45 bytes to ecology
[dna] fire wrote 37 bytes to ecology
[dna] fire wrote 95 bytes to ecology
[dna] fire wrote 52 bytes to ecology
[dna] fire wrote 76 bytes to ecology
[dna] fire wrote 51 bytes to ecology
[dna] fire wrote 49 bytes to ecology
[dna] fire wrote 45 bytes to ecology
[dna] fire wrote 136 bytes to ecology
[dna] fire wrote 25 bytes to ecology
[dna] fire wrote 60 bytes to ecology
[dna] fire wrote 57 bytes to ecology
[dna] fire wrote 52 bytes to ecology
[dna] fire wrote 33 bytes to ecology
[dna] fire wrote 48 bytes to ecology
[dna] fire wrote 129 bytes to ecology
[dna] fire wrote 29 bytes to ecology
[dna] fire wrote 69 bytes to ecology
[dna] fire wrote 35 bytes to ecology
[dna] fire wrote 40 bytes to ecology
[dna] fire wrote 69 bytes to ecology
[dna] fire wrote 57 bytes to ecology
[dna] fire wrote 38 bytes to ecology
[dna] fire wrote 27 bytes to ecology
[dna] fire wrote 39 bytes to ecology
[dna] fire wrote 39 bytes to ecology
[dna] fire wrote 100 bytes to ecology
[dna] fire wrote 83 bytes to ecology
[dna] fire wrote 160 bytes to ecology
[dna] fire wrote 56 bytes to ecology
[dna] fire wrote 34 bytes to ecology
[dna] fire wrote 47 bytes to ecology
[dna] fire wrote 71 bytes to ecology
[dna] fire wrote 44 bytes to ecology
[debug-onto] tick=350 corpus=159325 stage=2 freeze=0
[dna] fire wrote 32 bytes to ecology
[dna] fire wrote 69 bytes to ecology
[dna] fire wrote 36 bytes to ecology
[dna] fire wrote 221 bytes to ecology
[dna] fire wrote 39 bytes to ecology
[dna] fire wrote 177 bytes to ecology
[dna] fire wrote 37 bytes to ecology
[dna] fire wrote 129 bytes to ecology
[dna] fire wrote 37 bytes to ecology
[dna] fire wrote 44 bytes to ecology
[dna] fire wrote 49 bytes to ecology
[dna] fire wrote 74 bytes to ecology
[dna] fire wrote 85 bytes to ecology
[dna] fire wrote 93 bytes to ecology
[dna] fire wrote 48 bytes to ecology
[dna] fire wrote 36 bytes to ecology
[dna] fire wrote 33 bytes to ecology
[dna] fire wrote 30 bytes to ecology
[dna] fire wrote 68 bytes to ecology
[dna] fire wrote 20 bytes to ecology
[dna] fire wrote 71 bytes to ecology
[dna] fire wrote 107 bytes to ecology
[dna] fire wrote 93 bytes to ecology
[dna] fire wrote 57 bytes to ecology
[dna] fire wrote 77 bytes to ecology
[dna] fire wrote 132 bytes to ecology
[dna] fire wrote 103 bytes to ecology
[dna] fire wrote 12 bytes to ecology
[dna] fire wrote 36 bytes to ecology
[dna] fire wrote 32 bytes to ecology
[dna] fire wrote 53 bytes to ecology
[dna] fire wrote 63 bytes to ecology
[dna] fire wrote 211 bytes to ecology
[dna] fire wrote 97 bytes to ecology
[dna] fire wrote 34 bytes to ecology
[dna] fire wrote 99 bytes to ecology
[dna] fire wrote 34 bytes to ecology
[dna] fire wrote 22 bytes to ecology
[dna] fire wrote 164 bytes to ecology
[dna] fire wrote 24 bytes to ecology
[dna] fire wrote 70 bytes to ecology
[dna] fire wrote 28 bytes to ecology
[dna] fire wrote 42 bytes to ecology
[dna] fire wrote 62 bytes to ecology
[dna] fire wrote 106 bytes to ecology
[dna] fire wrote 44 bytes to ecology
[dna] fire wrote 67 bytes to ecology
[dna] fire wrote 174 bytes to ecology
[dna] fire wrote 70 bytes to ecology
[dna] fire wrote 29 bytes to ecology
[debug-onto] tick=400 corpus=159325 stage=2 freeze=0
[dna] fire wrote 29 bytes to ecology
[dna] fire wrote 53 bytes to ecology
[dna] fire wrote 30 bytes to ecology
[dna] fire wrote 53 bytes to ecology
[dna] fire wrote 112 bytes to ecology
[dna] fire wrote 51 bytes to ecology
[dna] fire wrote 57 bytes to ecology
[dna] fire wrote 50 bytes to ecology
[dna] fire wrote 10 bytes to ecology
[dna] fire wrote 44 bytes to ecology
[dna] fire wrote 54 bytes to ecology
[dna] fire wrote 13 bytes to ecology
[dna] fire wrote 97 bytes to ecology
[dna] fire wrote 29 bytes to ecology
[dna] fire wrote 93 bytes to ecology
[dna] fire wrote 73 bytes to ecology
[dna] fire wrote 28 bytes to ecology
[dna] fire wrote 33 bytes to ecology
[dna] fire wrote 131 bytes to ecology
[dna] fire wrote 31 bytes to ecology
[dna] fire wrote 45 bytes to ecology
[dna] fire wrote 96 bytes to ecology
[dna] fire wrote 33 bytes to ecology
[dna] fire wrote 14 bytes to ecology
[dna] fire wrote 95 bytes to ecology
[dna] fire wrote 127 bytes to ecology
[dna] fire wrote 52 bytes to ecology
[dna] fire wrote 78 bytes to ecology
[dna] fire wrote 30 bytes to ecology
[dna] fire wrote 26 bytes to ecology
[dna] fire wrote 55 bytes to ecology
[dna] fire wrote 77 bytes to ecology
[dna] fire wrote 28 bytes to ecology
[dna] fire wrote 93 bytes to ecology
[dna] fire wrote 20 bytes to ecology
[dna] fire wrote 71 bytes to ecology
[dna] fire wrote 88 bytes to ecology
[dna] fire wrote 146 bytes to ecology
[dna] fire wrote 42 bytes to ecology
[dna] fire wrote 53 bytes to ecology
[dna] fire wrote 141 bytes to ecology
[dna] fire wrote 59 bytes to ecology
[dna] fire wrote 29 bytes to ecology
[dna] fire wrote 72 bytes to ecology
[dna] fire wrote 53 bytes to ecology
[dna] fire wrote 23 bytes to ecology
[dna] fire wrote 44 bytes to ecology
[dna] fire wrote 57 bytes to ecology
[dna] fire wrote 74 bytes to ecology
[dna] fire wrote 36 bytes to ecology
[debug-onto] tick=450 corpus=159325 stage=2 freeze=0
[dna] fire wrote 45 bytes to ecology
[dna] fire wrote 29 bytes to ecology
[dna] fire wrote 14 bytes to ecology
[dna] fire wrote 102 bytes to ecology
[dna] fire wrote 81 bytes to ecology
[dna] fire wrote 32 bytes to ecology
[dna] fire wrote 35 bytes to ecology
[dna] fire wrote 33 bytes to ecology
[dna] fire wrote 170 bytes to ecology
[dna] fire wrote 71 bytes to ecology
[dna] fire wrote 151 bytes to ecology
[dna] fire wrote 68 bytes to ecology
[dna] fire wrote 8 bytes to ecology
[dna] fire wrote 17 bytes to ecology
[dna] fire wrote 43 bytes to ecology
[dna] fire wrote 42 bytes to ecology
[dna] fire wrote 24 bytes to ecology
[dna] fire wrote 37 bytes to ecology
[dna] fire wrote 41 bytes to ecology
[dna] fire wrote 25 bytes to ecology
[dna] fire wrote 27 bytes to ecology
[dna] fire wrote 37 bytes to ecology
[dna] fire wrote 38 bytes to ecology
[dna] fire wrote 38 bytes to ecology
[dna] fire wrote 127 bytes to ecology
[dna] fire wrote 37 bytes to ecology
[dna] fire wrote 125 bytes to ecology
[dna] fire wrote 47 bytes to ecology
[dna] fire wrote 41 bytes to ecology
[dna] fire wrote 37 bytes to ecology
[dna] fire wrote 62 bytes to ecology
[dna] fire wrote 26 bytes to ecology
[dna] fire wrote 28 bytes to ecology
[dna] fire wrote 46 bytes to ecology
[dna] fire wrote 119 bytes to ecology
[dna] fire wrote 21 bytes to ecology
[dna] fire wrote 38 bytes to ecology
[dna] fire wrote 55 bytes to ecology
[dna] fire wrote 31 bytes to ecology
[dna] fire wrote 34 bytes to ecology
[dna] fire wrote 214 bytes to ecology
[dna] fire wrote 21 bytes to ecology
[dna] fire wrote 166 bytes to ecology
[dna] fire wrote 30 bytes to ecology
[dna] fire wrote 92 bytes to ecology
[dna] fire wrote 30 bytes to ecology
[dna] fire wrote 60 bytes to ecology
[dna] fire wrote 38 bytes to ecology
[dna] fire wrote 44 bytes to ecology
[debug-onto] tick=500 corpus=159325 stage=2 freeze=0
[dna] fire wrote 24 bytes to ecology
[dna] fire wrote 46 bytes to ecology
[dna] fire wrote 70 bytes to ecology
[dna] fire wrote 41 bytes to ecology
[dna] fire wrote 42 bytes to ecology
[dna] fire wrote 139 bytes to ecology
[dna] fire wrote 94 bytes to ecology
[dna] fire wrote 45 bytes to ecology
[dna] fire wrote 95 bytes to ecology
[dna] fire wrote 52 bytes to ecology
[dna] fire wrote 71 bytes to ecology
[dna] fire wrote 41 bytes to ecology
[dna] fire wrote 43 bytes to ecology
[dna] fire wrote 49 bytes to ecology
[dna] fire wrote 39 bytes to ecology
[dna] fire wrote 91 bytes to ecology
[dna] fire wrote 85 bytes to ecology
[dna] fire wrote 34 bytes to ecology
[dna] fire wrote 109 bytes to ecology
[dna] fire wrote 33 bytes to ecology
[dna] fire wrote 60 bytes to ecology
[dna] fire wrote 116 bytes to ecology
[dna] fire wrote 31 bytes to ecology
[dna] fire wrote 85 bytes to ecology
[dna] fire wrote 50 bytes to ecology
[dna] fire wrote 81 bytes to ecology
[dna] fire wrote 56 bytes to ecology
[dna] fire wrote 47 bytes to ecology
[dna] fire wrote 173 bytes to ecology
[dna] fire wrote 26 bytes to ecology
[dna] fire wrote 23 bytes to ecology
[dna] fire wrote 115 bytes to ecology
[dna] fire wrote 150 bytes to ecology
[dna] fire wrote 46 bytes to ecology
[dna] fire wrote 14 bytes to ecology
[dna] fire wrote 108 bytes to ecology
[dna] fire wrote 35 bytes to ecology
[dna] fire wrote 21 bytes to ecology
[dna] fire wrote 68 bytes to ecology
[dna] fire wrote 26 bytes to ecology
[dna] fire wrote 68 bytes to ecology
[dna] fire wrote 217 bytes to ecology
[dna] fire wrote 70 bytes to ecology
[dna] fire wrote 87 bytes to ecology
[dna] fire wrote 88 bytes to ecology
[dna] fire wrote 52 bytes to ecology
[dna] fire wrote 33 bytes to ecology
[dna] fire wrote 121 bytes to ecology
[dna] fire wrote 33 bytes to ecology
[dna] fire wrote 21 bytes to ecology
[debug-onto] tick=550 corpus=159325 stage=2 freeze=0
[dna] fire wrote 66 bytes to ecology
[dna] fire wrote 83 bytes to ecology
[dna] fire wrote 53 bytes to ecology
[dna] fire wrote 45 bytes to ecology
[dna] fire wrote 209 bytes to ecology
[dna] fire wrote 33 bytes to ecology
[dna] fire wrote 32 bytes to ecology
[dna] fire wrote 30 bytes to ecology
[dna] fire wrote 15 bytes to ecology
[dna] fire wrote 33 bytes to ecology
[dna] fire wrote 62 bytes to ecology
[dna] fire wrote 86 bytes to ecology
[dna] fire wrote 22 bytes to ecology
[dna] fire wrote 29 bytes to ecology
[dna] fire wrote 84 bytes to ecology
[dna] fire wrote 38 bytes to ecology
[dna] fire wrote 51 bytes to ecology
[dna] fire wrote 51 bytes to ecology
[dna] fire wrote 197 bytes to ecology
[dna] fire wrote 33 bytes to ecology
[dna] fire wrote 93 bytes to ecology
[dna] fire wrote 32 bytes to ecology
[dna] fire wrote 35 bytes to ecology
[dna] fire wrote 27 bytes to ecology
[dna] fire wrote 242 bytes to ecology
[dna] fire wrote 85 bytes to ecology
[dna] fire wrote 50 bytes to ecology
[dna] fire wrote 112 bytes to ecology
[dna] fire wrote 7 bytes to ecology
[dna] fire wrote 56 bytes to ecology
[dna] fire wrote 55 bytes to ecology
[dna] fire wrote 110 bytes to ecology
[dna] fire wrote 18 bytes to ecology
[dna] fire wrote 30 bytes to ecology
[dna] fire wrote 90 bytes to ecology
[dna] fire wrote 48 bytes to ecology
[dna] fire wrote 136 bytes to ecology
[dna] fire wrote 53 bytes to ecology
[dna] fire wrote 73 bytes to ecology
[dna] fire wrote 111 bytes to ecology
[dna] fire wrote 76 bytes to ecology
[dna] fire wrote 39 bytes to ecology

[evolution] Organism shutting down gracefully.
