[ecology] Element: water → corpus: nonames_water.txt
[evolution] Autonomous evolution mode — organism will grow through all stages without pause.
[ecology] Joined swarm. 1 peer(s) detected.
molequla is alive. [evolution] Autonomous mode — background trainer running. Ctrl+C to stop.
[dna] water wrote 32 bytes to ecology
[dna] water consumed 39774 bytes from 654 files: [air/gen_1774588939_1.txt air/gen_1774588949_2.txt air/gen_1774588952_3.txt air/gen_1774588955_4.txt air/gen_1774588957_5.txt air/gen_1774588960_6.txt air/gen_1774588963_7.txt air/gen_1774588966_8.txt air/gen_1774588968_9.txt air/gen_1774588971_10.txt air/gen_1774588974_11.txt air/gen_1774588976_12.txt air/gen_1774588979_13.txt air/gen_1774588982_14.txt air/gen_1774588985_15.txt air/gen_1774588988_16.txt air/gen_1774588990_17.txt air/gen_1774588993_18.txt air/gen_1774588996_19.txt air/gen_1774588998_20.txt air/gen_1774589001_21.txt air/gen_1774589004_22.txt air/gen_1774589006_23.txt air/gen_1774589009_24.txt air/gen_1774589012_25.txt air/gen_1774589014_26.txt air/gen_1774589017_27.txt air/gen_1774589020_28.txt air/gen_1774589023_29.txt air/gen_1774589025_30.txt air/gen_1774589028_31.txt air/gen_1774589031_32.txt air/gen_1774589033_33.txt air/gen_1774589036_34.txt air/gen_1774589039_35.txt air/gen_1774589041_36.txt air/gen_1774589044_37.txt air/gen_1774589047_38.txt air/gen_1774589049_39.txt air/gen_1774589052_40.txt air/gen_1774589055_41.txt air/gen_1774589058_42.txt air/gen_1774589060_43.txt air/gen_1774589063_44.txt air/gen_1774589066_45.txt air/gen_1774589068_46.txt air/gen_1774589071_47.txt air/gen_1774589074_48.txt air/gen_1774589076_49.txt air/gen_1774589079_50.txt air/gen_1774589082_51.txt air/gen_1774589084_52.txt air/gen_1774589087_53.txt air/gen_1774589090_54.txt air/gen_1774589092_55.txt air/gen_1774589095_56.txt air/gen_1774589098_57.txt air/gen_1774589100_58.txt air/gen_1774589103_59.txt air/gen_1774589106_60.txt air/gen_1774589108_61.txt air/gen_1774589111_62.txt air/gen_1774589114_63.txt air/gen_1774589116_64.txt air/gen_1774589119_65.txt air/gen_1774589121_66.txt air/gen_1774589124_67.txt air/gen_1774589127_68.txt air/gen_1774589129_69.txt air/gen_1774589132_70.txt air/gen_1774589135_71.txt air/gen_1774589137_72.txt air/gen_1774589140_73.txt air/gen_1774589143_74.txt air/gen_1774589145_75.txt air/gen_1774589148_76.txt air/gen_1774589151_77.txt air/gen_1774589153_78.txt air/gen_1774589156_79.txt air/gen_1774589159_80.txt air/gen_1774589161_81.txt air/gen_1774589164_82.txt air/gen_1774589167_83.txt air/gen_1774589169_84.txt air/gen_1774589172_85.txt air/gen_1774589175_86.txt air/gen_1774589177_87.txt air/gen_1774589180_88.txt air/gen_1774589183_89.txt air/gen_1774589185_90.txt air/gen_1774589188_91.txt air/gen_1774589191_92.txt air/gen_1774589194_93.txt air/gen_1774589196_94.txt air/gen_1774589199_95.txt air/gen_1774589202_96.txt air/gen_1774589205_97.txt air/gen_1774589207_98.txt air/gen_1774589210_99.txt air/gen_1774589213_100.txt air/gen_1774589216_101.txt air/gen_1774589218_102.txt air/gen_1774589221_103.txt air/gen_1774589224_104.txt air/gen_1774589227_105.txt air/gen_1774589229_106.txt air/gen_1774589232_107.txt air/gen_1774589235_108.txt air/gen_1774589238_109.txt air/gen_1774589240_110.txt air/gen_1774589243_111.txt air/gen_1774589246_112.txt air/gen_1774589249_113.txt air/gen_1774589251_114.txt air/gen_1774589254_115.txt air/gen_1774589257_116.txt air/gen_1774589260_117.txt air/gen_1774589263_118.txt air/gen_1774589265_119.txt air/gen_1774589268_120.txt air/gen_1774589271_121.txt air/gen_1774589274_122.txt air/gen_1774589277_123.txt air/gen_1774589279_124.txt air/gen_1774589282_125.txt air/gen_1774589285_126.txt air/gen_1774589288_127.txt air/gen_1774589291_128.txt air/gen_1774589293_129.txt air/gen_1774589296_130.txt air/gen_1774589299_131.txt air/gen_1774589302_132.txt air/gen_1774589305_133.txt air/gen_1774589307_134.txt air/gen_1774589310_135.txt air/gen_1774589313_136.txt air/gen_1774589316_137.txt air/gen_1774589318_138.txt air/gen_1774589321_139.txt air/gen_1774589324_140.txt air/gen_1774589326_141.txt air/gen_1774589329_142.txt air/gen_1774589332_143.txt air/gen_1774589334_144.txt air/gen_1774589337_145.txt air/gen_1774589340_146.txt air/gen_1774589343_147.txt air/gen_1774589345_148.txt air/gen_1774589348_149.txt air/gen_1774589351_150.txt air/gen_1774589353_151.txt air/gen_1774589356_152.txt air/gen_1774589359_153.txt air/gen_1774589362_154.txt air/gen_1774589364_155.txt air/gen_1774589367_156.txt air/gen_1774589370_157.txt air/gen_1774589373_158.txt air/gen_1774589375_159.txt air/gen_1774589378_160.txt air/gen_1774589381_161.txt air/gen_1774589383_162.txt air/gen_1774589386_163.txt air/gen_1774589389_164.txt air/gen_1774589392_165.txt air/gen_1774589394_166.txt air/gen_1774589397_167.txt air/gen_1774589400_168.txt air/gen_1774589403_169.txt air/gen_1774589405_170.txt air/gen_1774589408_171.txt air/gen_1774589411_172.txt air/gen_1774589413_173.txt air/gen_1774589416_174.txt air/gen_1774589419_175.txt air/gen_1774589421_176.txt air/gen_1774589424_177.txt air/gen_1774589427_178.txt air/gen_1774589430_179.txt air/gen_1774589432_180.txt air/gen_1774589435_181.txt air/gen_1774589438_182.txt air/gen_1774589440_183.txt air/gen_1774589443_184.txt air/gen_1774589446_185.txt air/gen_1774589449_186.txt air/gen_1774589451_187.txt air/gen_1774589454_188.txt air/gen_1774589457_189.txt air/gen_1774589459_190.txt air/gen_1774589462_191.txt air/gen_1774589465_192.txt air/gen_1774589468_193.txt air/gen_1774589471_194.txt air/gen_1774589473_195.txt air/gen_1774589476_196.txt air/gen_1774589479_197.txt air/gen_1774589481_198.txt air/gen_1774589484_199.txt air/gen_1774589487_200.txt air/gen_1774589490_201.txt air/gen_1774589492_202.txt air/gen_1774589495_203.txt air/gen_1774589498_204.txt air/gen_1774589500_205.txt air/gen_1774589503_206.txt air/gen_1774589506_207.txt air/gen_1774589509_208.txt air/gen_1774589511_209.txt air/gen_1774589514_210.txt air/gen_1774589517_211.txt air/gen_1774589519_212.txt air/gen_1774589522_213.txt air/gen_1774589525_214.txt air/gen_1774589528_215.txt air/gen_1774589531_216.txt air/gen_1774589533_217.txt air/gen_1774589536_218.txt air/gen_1774589539_219.txt air/gen_1774589542_220.txt air/gen_1774589544_221.txt air/gen_1774589547_222.txt air/gen_1774589550_223.txt air/gen_1774589553_224.txt air/gen_1774589555_225.txt air/gen_1774589558_226.txt air/gen_1774589561_227.txt air/gen_1774589564_228.txt air/gen_1774589567_229.txt air/gen_1774589570_230.txt air/gen_1774589572_231.txt air/gen_1774589575_232.txt air/gen_1774589578_233.txt air/gen_1774589580_234.txt air/gen_1774589583_235.txt air/gen_1774589586_236.txt air/gen_1774589589_237.txt air/gen_1774589591_238.txt air/gen_1774589594_239.txt air/gen_1774589597_240.txt air/gen_1774589600_241.txt air/gen_1774589602_242.txt air/gen_1774589605_243.txt air/gen_1774589608_244.txt air/gen_1774589610_245.txt air/gen_1774589613_246.txt air/gen_1774589616_247.txt air/gen_1774589618_248.txt air/gen_1774589621_249.txt air/gen_1774589624_250.txt air/gen_1774589627_251.txt air/gen_1774589629_252.txt air/gen_1774589632_253.txt air/gen_1774589635_254.txt air/gen_1774589638_255.txt air/gen_1774589640_256.txt air/gen_1774589643_257.txt air/gen_1774589646_258.txt air/gen_1774589649_259.txt air/gen_1774589652_260.txt air/gen_1774589654_261.txt air/gen_1774589657_262.txt air/gen_1774589660_263.txt air/gen_1774589663_264.txt air/gen_1774589665_265.txt air/gen_1774589668_266.txt air/gen_1774589671_267.txt air/gen_1774589674_268.txt air/gen_1774589676_269.txt air/gen_1774589679_270.txt air/gen_1774589682_271.txt air/gen_1774589685_272.txt air/gen_1774589687_273.txt air/gen_1774589690_274.txt air/gen_1774589693_275.txt air/gen_1774589696_276.txt air/gen_1774589699_277.txt air/gen_1774589701_278.txt air/gen_1774589704_279.txt air/gen_1774589707_280.txt air/gen_1774589710_281.txt air/gen_1774589712_282.txt air/gen_1774589715_283.txt air/gen_1774589718_284.txt air/gen_1774589721_285.txt air/gen_1774589723_286.txt air/gen_1774589726_287.txt air/gen_1774589729_288.txt air/gen_1774589732_289.txt air/gen_1774589734_290.txt air/gen_1774589737_291.txt air/gen_1774589740_292.txt air/gen_1774589742_293.txt air/gen_1774589745_294.txt air/gen_1774589748_295.txt air/gen_1774589751_296.txt air/gen_1774589753_297.txt air/gen_1774589756_298.txt air/gen_1774589759_299.txt air/gen_1774589761_300.txt air/gen_1774589764_301.txt air/gen_1774589767_302.txt air/gen_1774589769_303.txt air/gen_1774589772_304.txt air/gen_1774589775_305.txt air/gen_1774589777_306.txt air/gen_1774589780_307.txt air/gen_1774589783_308.txt air/gen_1774589785_309.txt air/gen_1774589788_310.txt air/gen_1774589791_311.txt air/gen_1774589793_312.txt air/gen_1774589796_313.txt air/gen_1774589799_314.txt air/gen_1774589801_315.txt air/gen_1774589804_316.txt air/gen_1774589807_317.txt air/gen_1774589810_318.txt air/gen_1774589812_319.txt air/gen_1774589815_320.txt air/gen_1774589818_321.txt air/gen_1774589820_322.txt air/gen_1774589823_323.txt air/gen_1774589826_324.txt air/gen_1774589828_325.txt air/gen_1774589831_326.txt air/gen_1774589834_327.txt air/gen_1774589837_328.txt air/gen_1774589839_329.txt air/gen_1774589842_330.txt air/gen_1774589845_331.txt air/gen_1774589848_332.txt air/gen_1774589850_333.txt air/gen_1774589853_334.txt air/gen_1774589856_335.txt air/gen_1774589859_336.txt air/gen_1774589862_337.txt air/gen_1774589864_338.txt air/gen_1774589867_339.txt air/gen_1774589870_340.txt air/gen_1774589872_341.txt air/gen_1774589875_342.txt air/gen_1774589878_343.txt air/gen_1774589880_344.txt air/gen_1774589883_345.txt air/gen_1774589886_346.txt air/gen_1774589889_347.txt air/gen_1774589891_348.txt air/gen_1774589894_349.txt air/gen_1774589897_350.txt air/gen_1774589900_351.txt air/gen_1774589902_352.txt air/gen_1774589905_353.txt air/gen_1774589908_354.txt air/gen_1774589910_355.txt air/gen_1774589913_356.txt air/gen_1774589916_357.txt air/gen_1774589918_358.txt air/gen_1774589921_359.txt air/gen_1774589924_360.txt air/gen_1774589927_361.txt air/gen_1774589929_362.txt air/gen_1774589932_363.txt air/gen_1774589935_364.txt air/gen_1774589937_365.txt air/gen_1774589940_366.txt air/gen_1774589943_367.txt air/gen_1774589946_368.txt air/gen_1774589948_369.txt air/gen_1774589951_370.txt air/gen_1774589954_371.txt air/gen_1774589957_372.txt air/gen_1774589959_373.txt air/gen_1774589962_374.txt air/gen_1774589965_375.txt air/gen_1774589968_376.txt air/gen_1774589970_377.txt air/gen_1774589973_378.txt air/gen_1774589976_379.txt air/gen_1774589979_380.txt air/gen_1774589981_381.txt air/gen_1774589984_382.txt air/gen_1774589987_383.txt air/gen_1774589990_384.txt air/gen_1774589992_385.txt air/gen_1774589995_386.txt air/gen_1774589998_387.txt air/gen_1774590001_388.txt air/gen_1774590003_389.txt air/gen_1774590006_390.txt air/gen_1774590009_391.txt air/gen_1774590011_392.txt air/gen_1774590014_393.txt air/gen_1774590017_394.txt air/gen_1774590020_395.txt air/gen_1774590022_396.txt air/gen_1774590025_397.txt air/gen_1774590028_398.txt air/gen_1774590031_399.txt air/gen_1774590033_400.txt air/gen_1774590036_401.txt air/gen_1774590039_402.txt air/gen_1774590042_403.txt air/gen_1774590044_404.txt air/gen_1774590047_405.txt air/gen_1774590050_406.txt air/gen_1774590053_407.txt air/gen_1774590055_408.txt air/gen_1774590058_409.txt air/gen_1774590061_410.txt air/gen_1774590063_411.txt air/gen_1774590066_412.txt air/gen_1774590069_413.txt air/gen_1774590072_414.txt air/gen_1774590074_415.txt air/gen_1774590077_416.txt air/gen_1774590080_417.txt air/gen_1774590083_418.txt air/gen_1774590086_419.txt air/gen_1774590088_420.txt air/gen_1774590091_421.txt air/gen_1774590094_422.txt air/gen_1774590097_423.txt air/gen_1774590099_424.txt air/gen_1774590102_425.txt air/gen_1774590105_426.txt air/gen_1774590108_427.txt air/gen_1774590110_428.txt air/gen_1774590113_429.txt air/gen_1774590116_430.txt air/gen_1774590119_431.txt air/gen_1774590122_432.txt air/gen_1774590124_433.txt air/gen_1774590127_434.txt air/gen_1774590130_435.txt air/gen_1774590133_436.txt air/gen_1774590136_437.txt air/gen_1774590138_438.txt air/gen_1774590141_439.txt air/gen_1774590144_440.txt air/gen_1774590147_441.txt air/gen_1774590149_442.txt air/gen_1774590152_443.txt air/gen_1774590155_444.txt air/gen_1774590158_445.txt air/gen_1774590160_446.txt air/gen_1774590163_447.txt air/gen_1774590166_448.txt air/gen_1774590169_449.txt air/gen_1774590172_450.txt air/gen_1774590174_451.txt air/gen_1774590177_452.txt air/gen_1774590180_453.txt air/gen_1774590183_454.txt air/gen_1774590186_455.txt air/gen_1774590188_456.txt air/gen_1774590191_457.txt air/gen_1774590194_458.txt air/gen_1774590196_459.txt air/gen_1774590199_460.txt air/gen_1774590202_461.txt air/gen_1774590205_462.txt air/gen_1774590207_463.txt air/gen_1774590210_464.txt air/gen_1774590213_465.txt air/gen_1774590216_466.txt air/gen_1774590218_467.txt air/gen_1774590221_468.txt air/gen_1774590224_469.txt air/gen_1774590227_470.txt air/gen_1774590229_471.txt air/gen_1774590232_472.txt air/gen_1774590235_473.txt air/gen_1774590237_474.txt air/gen_1774590240_475.txt air/gen_1774590243_476.txt air/gen_1774590246_477.txt air/gen_1774590248_478.txt air/gen_1774590251_479.txt air/gen_1774590254_480.txt air/gen_1774590257_481.txt air/gen_1774590260_482.txt air/gen_1774590262_483.txt air/gen_1774590265_484.txt air/gen_1774590268_485.txt air/gen_1774590271_486.txt air/gen_1774590273_487.txt air/gen_1774590276_488.txt air/gen_1774590279_489.txt air/gen_1774590282_490.txt air/gen_1774590284_491.txt air/gen_1774590287_492.txt air/gen_1774590290_493.txt air/gen_1774590293_494.txt air/gen_1774590295_495.txt air/gen_1774590298_496.txt air/gen_1774590301_497.txt air/gen_1774590304_498.txt air/gen_1774590306_499.txt air/gen_1774590309_500.txt air/gen_1774590312_501.txt air/gen_1774590315_502.txt air/gen_1774590317_503.txt air/gen_1774590320_504.txt air/gen_1774590323_505.txt air/gen_1774590326_506.txt air/gen_1774590328_507.txt air/gen_1774590331_508.txt air/gen_1774590334_509.txt air/gen_1774590337_510.txt air/gen_1774590340_511.txt air/gen_1774590342_512.txt air/gen_1774590345_513.txt air/gen_1774590348_514.txt air/gen_1774590351_515.txt air/gen_1774590353_516.txt air/gen_1774590356_517.txt air/gen_1774590359_518.txt air/gen_1774590362_519.txt air/gen_1774590364_520.txt air/gen_1774590367_521.txt air/gen_1774590370_522.txt air/gen_1774590373_523.txt air/gen_1774590375_524.txt air/gen_1774590378_525.txt air/gen_1774590381_526.txt air/gen_1774590384_527.txt air/gen_1774590386_528.txt air/gen_1774590389_529.txt air/gen_1774590392_530.txt air/gen_1774590395_531.txt air/gen_1774590397_532.txt air/gen_1774590400_533.txt air/gen_1774590403_534.txt air/gen_1774590405_535.txt air/gen_1774590408_536.txt air/gen_1774590411_537.txt air/gen_1774590414_538.txt air/gen_1774590416_539.txt air/gen_1774590419_540.txt air/gen_1774590422_541.txt air/gen_1774590424_542.txt air/gen_1774590427_543.txt air/gen_1774590430_544.txt air/gen_1774590433_545.txt air/gen_1774590435_546.txt air/gen_1774590438_547.txt air/gen_1774590441_548.txt air/gen_1774590444_549.txt air/gen_1774590446_550.txt air/gen_1774590449_551.txt air/gen_1774590452_552.txt air/gen_1774590455_553.txt air/gen_1774590457_554.txt air/gen_1774590460_555.txt air/gen_1774590463_556.txt air/gen_1774590466_557.txt air/gen_1774590468_558.txt air/gen_1774590471_559.txt air/gen_1774590474_560.txt air/gen_1774590477_561.txt air/gen_1774590479_562.txt air/gen_1774590482_563.txt air/gen_1774590485_564.txt air/gen_1774590488_565.txt air/gen_1774590490_566.txt air/gen_1774590493_567.txt air/gen_1774590496_568.txt air/gen_1774590499_569.txt air/gen_1774590501_570.txt air/gen_1774590504_571.txt air/gen_1774590507_572.txt air/gen_1774590510_573.txt air/gen_1774590512_574.txt air/gen_1774590515_575.txt air/gen_1774590518_576.txt air/gen_1774590521_577.txt air/gen_1774590523_578.txt air/gen_1774590526_579.txt air/gen_1774590529_580.txt air/gen_1774590532_581.txt air/gen_1774590534_582.txt air/gen_1774590537_583.txt air/gen_1774590540_584.txt air/gen_1774590543_585.txt air/gen_1774590545_586.txt air/gen_1774590548_587.txt air/gen_1774590551_588.txt air/gen_1774590554_589.txt air/gen_1774590556_590.txt air/gen_1774590559_591.txt air/gen_1774590562_592.txt air/gen_1774590565_593.txt air/gen_1774590567_594.txt air/gen_1774590570_595.txt air/gen_1774590573_596.txt air/gen_1774590576_597.txt air/gen_1774590578_598.txt air/gen_1774590581_599.txt air/gen_1774590584_600.txt air/gen_1774590587_601.txt air/gen_1774590589_602.txt air/gen_1774590592_603.txt air/gen_1774590595_604.txt air/gen_1774590598_605.txt air/gen_1774590600_606.txt air/gen_1774590603_607.txt air/gen_1774590606_608.txt air/gen_1774590609_609.txt air/gen_1774590611_610.txt air/gen_1774590614_611.txt air/gen_1774590617_612.txt air/gen_1774590620_613.txt air/gen_1774590622_614.txt air/gen_1774590625_615.txt air/gen_1774590628_616.txt air/gen_1774590631_617.txt air/gen_1774590633_618.txt air/gen_1774590636_619.txt air/gen_1774590639_620.txt air/gen_1774590641_621.txt air/gen_1774590644_622.txt air/gen_1774590647_623.txt air/gen_1774590650_624.txt air/gen_1774590652_625.txt air/gen_1774590655_626.txt air/gen_1774590658_627.txt air/gen_1774590661_628.txt air/gen_1774590663_629.txt air/gen_1774590666_630.txt air/gen_1774590669_631.txt air/gen_1774590672_632.txt air/gen_1774590674_633.txt air/gen_1774590677_634.txt air/gen_1774590680_635.txt air/gen_1774590683_636.txt air/gen_1774590685_637.txt air/gen_1774590688_638.txt air/gen_1774590691_639.txt air/gen_1774590694_640.txt air/gen_1774590696_641.txt air/gen_1774590699_642.txt air/gen_1774590702_643.txt air/gen_1774590705_644.txt air/gen_1774590707_645.txt air/gen_1774590710_646.txt air/gen_1774590713_647.txt air/gen_1774590716_648.txt air/gen_1774590718_649.txt air/gen_1774590721_650.txt air/gen_1774590724_651.txt air/gen_1774590727_652.txt air/gen_1774590729_653.txt air/gen_1774590732_654.txt]
[trainer] micro-train burst (39774 bytes, novelty 0.02) — and lo, it feeds again.
[syntropy] action=explore | trend=0.0000 | field_dev=0.011 | purpose_align=0.197 | lr_mul=1.30
[aml] burst complete: 32 steps, avg loss 1.7415 (memory freed)
[dna] water wrote 38 bytes to ecology
[dna] water wrote 13 bytes to ecology
[dna] water wrote 37 bytes to ecology
[dna] water wrote 42 bytes to ecology
[dna] water wrote 175 bytes to ecology
[dna] water wrote 149 bytes to ecology
[dna] water wrote 202 bytes to ecology
[dna] water wrote 35 bytes to ecology
[dna] water wrote 33 bytes to ecology
[dna] water wrote 82 bytes to ecology
[dna] water wrote 75 bytes to ecology
[dna] water wrote 19 bytes to ecology
[dna] water wrote 55 bytes to ecology
[dna] water wrote 92 bytes to ecology
[dna] water wrote 96 bytes to ecology
[dna] water wrote 100 bytes to ecology
[dna] water wrote 115 bytes to ecology
[dna] water wrote 45 bytes to ecology
[dna] water wrote 64 bytes to ecology
[dna] water wrote 128 bytes to ecology
[dna] water wrote 49 bytes to ecology
[dna] water wrote 69 bytes to ecology
[dna] water wrote 33 bytes to ecology
[dna] water wrote 54 bytes to ecology
[dna] water wrote 26 bytes to ecology
[dna] water wrote 23 bytes to ecology
[dna] water wrote 34 bytes to ecology
[dna] water wrote 69 bytes to ecology
[dna] water wrote 130 bytes to ecology
[dna] water wrote 36 bytes to ecology
[dna] water wrote 36 bytes to ecology
[dna] water wrote 61 bytes to ecology
[dna] water wrote 33 bytes to ecology
[dna] water wrote 55 bytes to ecology
[dna] water wrote 36 bytes to ecology
[dna] water wrote 24 bytes to ecology
[dna] water wrote 96 bytes to ecology
[dna] water wrote 151 bytes to ecology
[dna] water wrote 73 bytes to ecology
[dna] water wrote 27 bytes to ecology
[dna] water wrote 37 bytes to ecology
[dna] water wrote 29 bytes to ecology
[dna] water wrote 52 bytes to ecology
[dna] water wrote 26 bytes to ecology
[dna] water wrote 36 bytes to ecology
[dna] water wrote 104 bytes to ecology
[dna] water wrote 58 bytes to ecology
[dna] water wrote 39 bytes to ecology
[dna] water wrote 44 bytes to ecology
[debug-onto] tick=50 corpus=166125 stage=2 freeze=0
[dna] water wrote 84 bytes to ecology
[dna] water wrote 58 bytes to ecology
[dna] water wrote 46 bytes to ecology
[dna] water wrote 45 bytes to ecology
[dna] water wrote 88 bytes to ecology
[dna] water wrote 66 bytes to ecology
[dna] water wrote 89 bytes to ecology
[dna] water wrote 82 bytes to ecology
[dna] water wrote 41 bytes to ecology
[dna] water wrote 22 bytes to ecology
[dna] water wrote 33 bytes to ecology
[dna] water wrote 58 bytes to ecology
[dna] water wrote 55 bytes to ecology
[dna] water wrote 54 bytes to ecology
[dna] water wrote 92 bytes to ecology
[dna] water wrote 41 bytes to ecology
[dna] water wrote 45 bytes to ecology
[dna] water wrote 50 bytes to ecology
[dna] water wrote 78 bytes to ecology
[dna] water wrote 45 bytes to ecology
[dna] water wrote 133 bytes to ecology
[dna] water wrote 38 bytes to ecology
[dna] water wrote 22 bytes to ecology
[dna] water wrote 46 bytes to ecology
[dna] water wrote 37 bytes to ecology
[dna] water wrote 71 bytes to ecology
[dna] water wrote 24 bytes to ecology
[dna] water wrote 30 bytes to ecology
[dna] water wrote 57 bytes to ecology
[dna] water wrote 53 bytes to ecology
[dna] water wrote 82 bytes to ecology
[dna] water wrote 46 bytes to ecology
[dna] water wrote 20 bytes to ecology
[dna] water wrote 70 bytes to ecology
[dna] water wrote 44 bytes to ecology
[dna] water wrote 47 bytes to ecology
[dna] water wrote 39 bytes to ecology
[dna] water wrote 72 bytes to ecology
[dna] water wrote 32 bytes to ecology
[dna] water wrote 51 bytes to ecology
[dna] water wrote 168 bytes to ecology
[dna] water wrote 70 bytes to ecology
[dna] water wrote 27 bytes to ecology
[dna] water wrote 34 bytes to ecology
[dna] water wrote 87 bytes to ecology
[dna] water wrote 50 bytes to ecology
[dna] water wrote 43 bytes to ecology
[dna] water wrote 116 bytes to ecology
[dna] water wrote 79 bytes to ecology
[dna] water wrote 52 bytes to ecology
[debug-onto] tick=100 corpus=166125 stage=2 freeze=0
[dna] water wrote 88 bytes to ecology
[dna] water wrote 37 bytes to ecology
[dna] water wrote 36 bytes to ecology
[dna] water wrote 27 bytes to ecology
[dna] water wrote 58 bytes to ecology
[dna] water wrote 53 bytes to ecology
[dna] water wrote 144 bytes to ecology
[dna] water wrote 121 bytes to ecology
[dna] water wrote 84 bytes to ecology
[dna] water wrote 31 bytes to ecology
[dna] water wrote 126 bytes to ecology
[dna] water wrote 27 bytes to ecology
[dna] water wrote 73 bytes to ecology
[dna] water wrote 38 bytes to ecology
[dna] water wrote 41 bytes to ecology
[dna] water wrote 96 bytes to ecology
[dna] water wrote 214 bytes to ecology
[dna] water wrote 56 bytes to ecology
[dna] water wrote 234 bytes to ecology
[dna] water wrote 52 bytes to ecology
[dna] water wrote 54 bytes to ecology
[dna] water wrote 75 bytes to ecology
[dna] water wrote 29 bytes to ecology
[dna] water wrote 56 bytes to ecology
[dna] water wrote 68 bytes to ecology
[dna] water wrote 65 bytes to ecology
[dna] water wrote 54 bytes to ecology
[dna] water wrote 62 bytes to ecology
[dna] water wrote 18 bytes to ecology
[dna] water wrote 24 bytes to ecology
[dna] water wrote 95 bytes to ecology
[dna] water wrote 32 bytes to ecology
[dna] water wrote 53 bytes to ecology
[dna] water wrote 26 bytes to ecology
[dna] water wrote 41 bytes to ecology
[dna] water wrote 51 bytes to ecology
[dna] water wrote 39 bytes to ecology
[dna] water wrote 45 bytes to ecology
[dna] water wrote 34 bytes to ecology
[dna] water wrote 49 bytes to ecology
[dna] water wrote 27 bytes to ecology
[dna] water wrote 35 bytes to ecology
[dna] water wrote 49 bytes to ecology
[dna] water wrote 73 bytes to ecology
[dna] water wrote 28 bytes to ecology
[dna] water wrote 57 bytes to ecology
[dna] water wrote 25 bytes to ecology
[dna] water wrote 149 bytes to ecology
[dna] water wrote 35 bytes to ecology
[dna] water wrote 32 bytes to ecology
[debug-onto] tick=150 corpus=166125 stage=2 freeze=0
[dna] water wrote 225 bytes to ecology
[dna] water wrote 33 bytes to ecology
[dna] water wrote 36 bytes to ecology
[dna] water wrote 32 bytes to ecology
[dna] water wrote 56 bytes to ecology
[dna] water wrote 67 bytes to ecology
[dna] water wrote 55 bytes to ecology
[dna] water wrote 40 bytes to ecology
[dna] water wrote 33 bytes to ecology
[dna] water wrote 45 bytes to ecology
[dna] water wrote 52 bytes to ecology
[dna] water wrote 38 bytes to ecology
[dna] water wrote 31 bytes to ecology
[dna] water wrote 222 bytes to ecology
[dna] water wrote 26 bytes to ecology
[dna] water wrote 61 bytes to ecology
[dna] water wrote 72 bytes to ecology
[dna] water wrote 52 bytes to ecology
[dna] water wrote 69 bytes to ecology
[dna] water wrote 54 bytes to ecology
[dna] water wrote 89 bytes to ecology
[dna] water wrote 158 bytes to ecology
[dna] water wrote 75 bytes to ecology
[dna] water wrote 178 bytes to ecology
[dna] water wrote 194 bytes to ecology
[dna] water wrote 48 bytes to ecology
[dna] water wrote 124 bytes to ecology
[dna] water wrote 31 bytes to ecology
[dna] water wrote 157 bytes to ecology
[dna] water wrote 102 bytes to ecology
[dna] water wrote 57 bytes to ecology
[dna] water wrote 70 bytes to ecology
[dna] water wrote 126 bytes to ecology
[dna] water wrote 21 bytes to ecology
[dna] water wrote 128 bytes to ecology
[dna] water wrote 240 bytes to ecology
[dna] water wrote 101 bytes to ecology
[dna] water wrote 145 bytes to ecology
[dna] water wrote 84 bytes to ecology
[dna] water wrote 121 bytes to ecology
[dna] water wrote 110 bytes to ecology
[dna] water wrote 93 bytes to ecology
[dna] water wrote 46 bytes to ecology
[dna] water wrote 132 bytes to ecology
[dna] water wrote 169 bytes to ecology
[dna] water wrote 49 bytes to ecology
[dna] water wrote 35 bytes to ecology
[dna] water wrote 45 bytes to ecology
[dna] water wrote 139 bytes to ecology
[dna] water wrote 49 bytes to ecology
[debug-onto] tick=200 corpus=166125 stage=2 freeze=0
[dna] water wrote 70 bytes to ecology
[dna] water wrote 32 bytes to ecology
[dna] water wrote 35 bytes to ecology
[dna] water wrote 75 bytes to ecology
[dna] water wrote 31 bytes to ecology
[dna] water wrote 72 bytes to ecology
[dna] water wrote 100 bytes to ecology
[dna] water wrote 70 bytes to ecology
[dna] water wrote 61 bytes to ecology
[dna] water wrote 52 bytes to ecology
[dna] water wrote 84 bytes to ecology
[dna] water wrote 107 bytes to ecology
[dna] water wrote 112 bytes to ecology
[dna] water wrote 165 bytes to ecology
[dna] water wrote 69 bytes to ecology
[dna] water wrote 107 bytes to ecology
[dna] water wrote 53 bytes to ecology
[dna] water wrote 105 bytes to ecology
[dna] water wrote 112 bytes to ecology
[dna] water wrote 127 bytes to ecology
[dna] water wrote 127 bytes to ecology
[dna] water wrote 61 bytes to ecology
[dna] water wrote 133 bytes to ecology
[dna] water wrote 59 bytes to ecology
[dna] water wrote 24 bytes to ecology
[dna] water wrote 57 bytes to ecology
[dna] water wrote 69 bytes to ecology
[dna] water wrote 30 bytes to ecology
[dna] water wrote 26 bytes to ecology
[dna] water wrote 52 bytes to ecology
[dna] water wrote 87 bytes to ecology
[dna] water wrote 149 bytes to ecology
[dna] water wrote 84 bytes to ecology
[dna] water wrote 25 bytes to ecology
[dna] water wrote 54 bytes to ecology
[dna] water wrote 55 bytes to ecology
[dna] water wrote 27 bytes to ecology
[dna] water wrote 57 bytes to ecology
[dna] water wrote 31 bytes to ecology
[dna] water wrote 40 bytes to ecology
[dna] water wrote 178 bytes to ecology
[dna] water wrote 176 bytes to ecology
[dna] water wrote 195 bytes to ecology
[dna] water wrote 151 bytes to ecology
[dna] water wrote 38 bytes to ecology
[dna] water wrote 76 bytes to ecology
[dna] water wrote 174 bytes to ecology
[dna] water wrote 41 bytes to ecology
[dna] water wrote 43 bytes to ecology
[dna] water wrote 60 bytes to ecology
[debug-onto] tick=250 corpus=166125 stage=2 freeze=0
[dna] water wrote 62 bytes to ecology
[dna] water wrote 119 bytes to ecology
[dna] water wrote 61 bytes to ecology
[dna] water wrote 67 bytes to ecology
[dna] water wrote 28 bytes to ecology
[dna] water wrote 42 bytes to ecology
[dna] water wrote 57 bytes to ecology
[dna] water wrote 98 bytes to ecology
[dna] water wrote 48 bytes to ecology
[dna] water wrote 52 bytes to ecology
[dna] water wrote 87 bytes to ecology
[dna] water wrote 69 bytes to ecology
[dna] water wrote 76 bytes to ecology
[dna] water wrote 47 bytes to ecology
[dna] water wrote 113 bytes to ecology
[dna] water wrote 45 bytes to ecology
[dna] water wrote 33 bytes to ecology
[dna] water wrote 69 bytes to ecology
[dna] water wrote 57 bytes to ecology
[dna] water wrote 34 bytes to ecology
[dna] water wrote 94 bytes to ecology
[dna] water wrote 67 bytes to ecology
[dna] water wrote 111 bytes to ecology
[dna] water wrote 36 bytes to ecology
[dna] water wrote 67 bytes to ecology
[dna] water wrote 64 bytes to ecology
[dna] water wrote 74 bytes to ecology
[dna] water wrote 62 bytes to ecology
[dna] water wrote 26 bytes to ecology
[dna] water wrote 40 bytes to ecology
[dna] water wrote 30 bytes to ecology
[dna] water wrote 56 bytes to ecology
[dna] water wrote 51 bytes to ecology
[dna] water wrote 42 bytes to ecology
[dna] water wrote 125 bytes to ecology
[dna] water wrote 48 bytes to ecology
[dna] water wrote 54 bytes to ecology
[dna] water wrote 126 bytes to ecology
[dna] water wrote 121 bytes to ecology
[dna] water wrote 195 bytes to ecology
[dna] water wrote 140 bytes to ecology
[dna] water wrote 88 bytes to ecology
[dna] water wrote 101 bytes to ecology
[dna] water wrote 62 bytes to ecology
[dna] water wrote 52 bytes to ecology
[dna] water wrote 79 bytes to ecology
[dna] water wrote 55 bytes to ecology
[dna] water wrote 32 bytes to ecology
[dna] water wrote 43 bytes to ecology
[dna] water wrote 33 bytes to ecology
[debug-onto] tick=300 corpus=166125 stage=2 freeze=0
[dna] water wrote 67 bytes to ecology
[dna] water wrote 81 bytes to ecology
[dna] water wrote 54 bytes to ecology
[dna] water wrote 25 bytes to ecology
[dna] water wrote 70 bytes to ecology
[dna] water wrote 142 bytes to ecology
[dna] water wrote 127 bytes to ecology
[dna] water wrote 77 bytes to ecology
[dna] water wrote 109 bytes to ecology
[dna] water wrote 41 bytes to ecology
[dna] water wrote 56 bytes to ecology
[dna] water wrote 76 bytes to ecology
[dna] water wrote 56 bytes to ecology
[dna] water wrote 44 bytes to ecology
[dna] water wrote 178 bytes to ecology
[dna] water wrote 49 bytes to ecology
[dna] water wrote 27 bytes to ecology
[dna] water wrote 59 bytes to ecology
[dna] water wrote 42 bytes to ecology
[dna] water wrote 66 bytes to ecology
[dna] water wrote 48 bytes to ecology
[dna] water wrote 122 bytes to ecology
[dna] water wrote 46 bytes to ecology
[dna] water wrote 34 bytes to ecology
[dna] water wrote 61 bytes to ecology
[dna] water wrote 52 bytes to ecology
[dna] water wrote 31 bytes to ecology
[dna] water wrote 83 bytes to ecology
[dna] water wrote 77 bytes to ecology
[dna] water wrote 42 bytes to ecology
[dna] water wrote 69 bytes to ecology
[dna] water wrote 134 bytes to ecology
[dna] water wrote 40 bytes to ecology
[dna] water wrote 37 bytes to ecology
[dna] water wrote 159 bytes to ecology
[dna] water wrote 100 bytes to ecology
[dna] water wrote 49 bytes to ecology
[dna] water wrote 64 bytes to ecology
[dna] water wrote 82 bytes to ecology
[dna] water wrote 71 bytes to ecology
[dna] water wrote 22 bytes to ecology
[dna] water wrote 72 bytes to ecology
[dna] water wrote 60 bytes to ecology
[dna] water wrote 62 bytes to ecology
[dna] water wrote 43 bytes to ecology
[dna] water wrote 56 bytes to ecology
[dna] water wrote 47 bytes to ecology
[dna] water wrote 49 bytes to ecology
[dna] water wrote 23 bytes to ecology
[dna] water wrote 41 bytes to ecology
[debug-onto] tick=350 corpus=166125 stage=2 freeze=0
[dna] water wrote 46 bytes to ecology
[dna] water wrote 33 bytes to ecology
[dna] water wrote 24 bytes to ecology
[dna] water wrote 79 bytes to ecology
[dna] water wrote 34 bytes to ecology
[dna] water wrote 26 bytes to ecology
[dna] water wrote 47 bytes to ecology
[dna] water wrote 49 bytes to ecology
[dna] water wrote 31 bytes to ecology
[dna] water wrote 71 bytes to ecology
[dna] water wrote 69 bytes to ecology
[dna] water wrote 69 bytes to ecology
[dna] water wrote 39 bytes to ecology
[dna] water wrote 103 bytes to ecology
[dna] water wrote 41 bytes to ecology
[dna] water wrote 120 bytes to ecology
[dna] water wrote 74 bytes to ecology
[dna] water wrote 34 bytes to ecology
[dna] water wrote 129 bytes to ecology
[dna] water wrote 29 bytes to ecology
[dna] water wrote 64 bytes to ecology
[dna] water wrote 67 bytes to ecology
[dna] water wrote 135 bytes to ecology
[dna] water wrote 67 bytes to ecology
[dna] water wrote 38 bytes to ecology
[dna] water wrote 78 bytes to ecology
[dna] water wrote 56 bytes to ecology
[dna] water wrote 68 bytes to ecology
[dna] water wrote 22 bytes to ecology
[dna] water wrote 58 bytes to ecology
[dna] water wrote 68 bytes to ecology
[dna] water wrote 36 bytes to ecology
[dna] water wrote 31 bytes to ecology
[dna] water wrote 31 bytes to ecology
[dna] water wrote 20 bytes to ecology
[dna] water wrote 48 bytes to ecology
[dna] water wrote 34 bytes to ecology
[dna] water wrote 26 bytes to ecology
[dna] water wrote 105 bytes to ecology
[dna] water wrote 46 bytes to ecology
[dna] water wrote 98 bytes to ecology
[dna] water wrote 39 bytes to ecology
[dna] water wrote 134 bytes to ecology
[dna] water wrote 54 bytes to ecology
[dna] water wrote 39 bytes to ecology
[dna] water wrote 36 bytes to ecology
[dna] water wrote 19 bytes to ecology
[dna] water wrote 66 bytes to ecology
[dna] water wrote 30 bytes to ecology
[dna] water wrote 53 bytes to ecology
[debug-onto] tick=400 corpus=166125 stage=2 freeze=0
[dna] water wrote 27 bytes to ecology
[dna] water wrote 102 bytes to ecology
[dna] water wrote 37 bytes to ecology
[dna] water wrote 58 bytes to ecology
[dna] water wrote 26 bytes to ecology
[dna] water wrote 206 bytes to ecology
[dna] water wrote 75 bytes to ecology
[dna] water wrote 100 bytes to ecology
[dna] water wrote 98 bytes to ecology
[dna] water wrote 131 bytes to ecology
[dna] water wrote 53 bytes to ecology
[dna] water wrote 114 bytes to ecology
[dna] water wrote 42 bytes to ecology
[dna] water wrote 88 bytes to ecology
[dna] water wrote 99 bytes to ecology
[dna] water wrote 32 bytes to ecology
[dna] water wrote 43 bytes to ecology
[dna] water wrote 128 bytes to ecology
[dna] water wrote 31 bytes to ecology
[dna] water wrote 52 bytes to ecology
[dna] water wrote 36 bytes to ecology
[dna] water wrote 99 bytes to ecology
[dna] water wrote 74 bytes to ecology
[dna] water wrote 48 bytes to ecology
[dna] water wrote 30 bytes to ecology
[dna] water wrote 164 bytes to ecology
[dna] water wrote 89 bytes to ecology
[dna] water wrote 110 bytes to ecology
[dna] water wrote 135 bytes to ecology
[dna] water wrote 128 bytes to ecology
[dna] water wrote 36 bytes to ecology
[dna] water wrote 88 bytes to ecology
[dna] water wrote 148 bytes to ecology
[dna] water wrote 46 bytes to ecology
[dna] water wrote 60 bytes to ecology
[dna] water wrote 38 bytes to ecology
[dna] water wrote 27 bytes to ecology
[dna] water wrote 49 bytes to ecology
[dna] water wrote 25 bytes to ecology
[dna] water wrote 44 bytes to ecology
[dna] water wrote 131 bytes to ecology
[dna] water wrote 55 bytes to ecology
[dna] water wrote 25 bytes to ecology
[dna] water wrote 30 bytes to ecology
[dna] water wrote 53 bytes to ecology
[dna] water wrote 22 bytes to ecology
[dna] water wrote 23 bytes to ecology
[dna] water wrote 102 bytes to ecology
[dna] water wrote 126 bytes to ecology
[dna] water wrote 34 bytes to ecology
[debug-onto] tick=450 corpus=166125 stage=2 freeze=0
[dna] water wrote 41 bytes to ecology
[dna] water wrote 42 bytes to ecology
[dna] water wrote 28 bytes to ecology
[dna] water wrote 100 bytes to ecology
[dna] water wrote 24 bytes to ecology
[dna] water wrote 51 bytes to ecology
[dna] water wrote 154 bytes to ecology
[dna] water wrote 32 bytes to ecology
[dna] water wrote 37 bytes to ecology
[dna] water wrote 122 bytes to ecology
[dna] water wrote 49 bytes to ecology
[dna] water wrote 51 bytes to ecology
[dna] water wrote 50 bytes to ecology
[dna] water wrote 13 bytes to ecology
[dna] water wrote 40 bytes to ecology
[dna] water wrote 24 bytes to ecology
[dna] water wrote 63 bytes to ecology
[dna] water wrote 76 bytes to ecology
[dna] water wrote 96 bytes to ecology
[dna] water wrote 111 bytes to ecology
[dna] water wrote 74 bytes to ecology
[dna] water wrote 72 bytes to ecology
[dna] water wrote 65 bytes to ecology
[dna] water wrote 87 bytes to ecology
[dna] water wrote 30 bytes to ecology
[dna] water wrote 93 bytes to ecology
[dna] water wrote 113 bytes to ecology
[dna] water wrote 79 bytes to ecology
[dna] water wrote 65 bytes to ecology
[dna] water wrote 37 bytes to ecology
[dna] water wrote 33 bytes to ecology
[dna] water wrote 51 bytes to ecology
[dna] water wrote 35 bytes to ecology
[dna] water wrote 55 bytes to ecology
[dna] water wrote 69 bytes to ecology
[dna] water wrote 17 bytes to ecology
[dna] water wrote 63 bytes to ecology
[dna] water wrote 31 bytes to ecology
[dna] water wrote 69 bytes to ecology
[dna] water wrote 52 bytes to ecology
[dna] water wrote 57 bytes to ecology
[dna] water wrote 30 bytes to ecology
[dna] water wrote 85 bytes to ecology
[dna] water wrote 67 bytes to ecology
[dna] water wrote 53 bytes to ecology
[dna] water wrote 34 bytes to ecology
[dna] water wrote 133 bytes to ecology
[dna] water wrote 33 bytes to ecology
[dna] water wrote 36 bytes to ecology
[dna] water wrote 58 bytes to ecology
[debug-onto] tick=500 corpus=166125 stage=2 freeze=0
[dna] water wrote 41 bytes to ecology
[dna] water wrote 26 bytes to ecology
[dna] water wrote 144 bytes to ecology
[dna] water wrote 87 bytes to ecology
[dna] water wrote 11 bytes to ecology
[dna] water wrote 28 bytes to ecology
[dna] water wrote 74 bytes to ecology
[dna] water wrote 102 bytes to ecology
[dna] water wrote 95 bytes to ecology
[dna] water wrote 113 bytes to ecology
[dna] water wrote 65 bytes to ecology
[dna] water wrote 74 bytes to ecology
[dna] water wrote 37 bytes to ecology
[dna] water wrote 116 bytes to ecology
[dna] water wrote 62 bytes to ecology
[dna] water wrote 37 bytes to ecology
[dna] water wrote 46 bytes to ecology
[dna] water wrote 106 bytes to ecology
[dna] water wrote 82 bytes to ecology
[dna] water wrote 26 bytes to ecology
[dna] water wrote 29 bytes to ecology
[dna] water wrote 150 bytes to ecology
[dna] water wrote 60 bytes to ecology
[dna] water wrote 44 bytes to ecology
[dna] water wrote 95 bytes to ecology
[dna] water wrote 186 bytes to ecology
[dna] water wrote 47 bytes to ecology
[dna] water wrote 108 bytes to ecology
[dna] water wrote 95 bytes to ecology
[dna] water wrote 247 bytes to ecology
[dna] water wrote 51 bytes to ecology
[dna] water wrote 109 bytes to ecology
[dna] water wrote 24 bytes to ecology
[dna] water wrote 71 bytes to ecology
[dna] water wrote 77 bytes to ecology
[dna] water wrote 50 bytes to ecology
[dna] water wrote 59 bytes to ecology
[dna] water wrote 66 bytes to ecology
[dna] water wrote 95 bytes to ecology
[dna] water wrote 52 bytes to ecology

[evolution] Organism shutting down gracefully.
