[ecology] Element: earth → corpus: nonames_earth.txt
[evolution] Autonomous evolution mode — organism will grow through all stages without pause.
[init] Stage 0 (embryo): embd=16, layer=1, head=1 — warmup 400 steps (400 backprop + 0 notorch, sqrt-scaled 1x)
  [aml] step 0/160 | loss 6.4888 (avg 6.4888) | lr 0.001000 | seq 8
  [aml] step 10/160 | loss 6.1825 (avg 6.4557) | lr 0.001450 | seq 8
  [aml] step 20/160 | loss 6.2642 (avg 6.3038) | lr 0.001900 | seq 8
  [aml] step 30/160 | loss 5.7501 (avg 6.1964) | lr 0.002350 | seq 8
  [aml] step 40/160 | loss 5.4195 (avg 6.0749) | lr 0.002800 | seq 8
  [aml] step 50/160 | loss 4.6384 (avg 5.9175) | lr 0.003250 | seq 8
  [aml] step 60/160 | loss 4.8857 (avg 5.7526) | lr 0.003700 | seq 8
  [aml] step 70/160 | loss 5.3672 (avg 5.6367) | lr 0.004150 | seq 8
  [aml] step 80/160 | loss 2.9647 (avg 5.5270) | lr 0.004600 | seq 8
  [aml] step 90/160 | loss 4.1324 (avg 5.3812) | lr 0.005050 | seq 8
  [aml] step 100/160 | loss 5.0864 (avg 5.2941) | lr 0.005500 | seq 8
  [aml] step 110/160 | loss 5.2729 (avg 5.1654) | lr 0.005950 | seq 8
  [aml] step 120/160 | loss 3.9780 (avg 5.0935) | lr 0.006400 | seq 8
  [aml] step 130/160 | loss 5.7772 (avg 5.0469) | lr 0.006850 | seq 8
  [aml] step 140/160 | loss 3.0263 (avg 4.9987) | lr 0.007300 | seq 8
  [aml] step 150/160 | loss 2.7414 (avg 4.9505) | lr 0.007750 | seq 8
[aml] training complete: 160 steps, avg loss 4.9082 (memory freed)
  [aml] step 0/120 | loss 5.1957 (avg 5.1957) | lr 0.008200 | seq 16
  [aml] step 10/120 | loss 4.4469 (avg 4.6597) | lr 0.008650 | seq 16
  [aml] step 20/120 | loss 3.4584 (avg 4.5993) | lr 0.009100 | seq 16
  [aml] step 30/120 | loss 3.5766 (avg 4.3550) | lr 0.009550 | seq 16
  [aml] step 40/120 | loss 3.4892 (avg 4.3806) | lr 0.010000 | seq 16
  [aml] step 50/120 | loss 3.1802 (avg 4.3441) | lr 0.010000 | seq 16
  [aml] step 60/120 | loss 4.1513 (avg 4.3242) | lr 0.010000 | seq 16
  [aml] step 70/120 | loss 4.9873 (avg 4.2405) | lr 0.010000 | seq 16
  [aml] step 80/120 | loss 4.9952 (avg 4.1909) | lr 0.009999 | seq 16
  [aml] step 90/120 | loss 4.5101 (avg 4.0885) | lr 0.009999 | seq 16
  [aml] step 100/120 | loss 3.8659 (avg 4.0267) | lr 0.009999 | seq 16
  [aml] step 110/120 | loss 5.1688 (avg 3.9443) | lr 0.009999 | seq 16
[aml] training complete: 120 steps, avg loss 3.9526 (memory freed)
  [aml] step 0/120 | loss 2.6114 (avg 2.6114) | lr 0.009999 | seq 32
  [aml] step 10/120 | loss 4.9020 (avg 3.8887) | lr 0.009999 | seq 32
  [aml] step 20/120 | loss 4.3737 (avg 3.7774) | lr 0.009999 | seq 32
  [aml] step 30/120 | loss 3.7312 (avg 3.4849) | lr 0.009999 | seq 32
  [aml] step 40/120 | loss 3.9040 (avg 3.4195) | lr 0.009999 | seq 32
  [aml] step 50/120 | loss 3.9405 (avg 3.3866) | lr 0.009999 | seq 32
  [aml] step 60/120 | loss 2.7408 (avg 3.3328) | lr 0.009999 | seq 32
  [aml] step 70/120 | loss 1.3885 (avg 3.3146) | lr 0.009999 | seq 32
  [aml] step 80/120 | loss 4.5785 (avg 3.3095) | lr 0.009999 | seq 32
  [aml] step 90/120 | loss 1.5104 (avg 3.2581) | lr 0.009999 | seq 32
  [aml] step 100/120 | loss 0.9711 (avg 3.2717) | lr 0.009999 | seq 32
  [aml] step 110/120 | loss 0.9076 (avg 3.1489) | lr 0.009999 | seq 32
[aml] training complete: 120 steps, avg loss 3.0595 (memory freed)

[stage 0 — embryo] What it sounds like now:
  Q: Hello.
  A: A blocks are not built in compact within you alternature a goot is the groundwater and in one during the care horizont materials over tension years agained by a firm to the backbone butte, and depth of a conversion of a control layers are the soil formation,?
  Q: Who are you?
  A: ...
  Q: What do you know?
  A: c is a m is the most excavation — a is a floodplain, no wood stacked or ice lesson of reducing a middens under pressure transfert stillness is a crust of grains real force.

[growth] ONTOGENESIS: stage 0 -> 1
  embd: 16 -> 32, layer: 1 -> 1, head: 1 -> 2
[growth] Done. Freeze for 500 steps.
[init] Stage 1 (infant): embd=32, layer=1, head=2 — warmup 800 steps (800 backprop + 0 notorch, sqrt-scaled 2x)
  [aml] step 0/320 | loss 6.6230 (avg 6.6230) | lr 0.000500 | seq 8
  [aml] step 10/320 | loss 1.7426 (avg 4.6808) | lr 0.000725 | seq 8
  [aml] step 20/320 | loss 5.7758 (avg 4.2615) | lr 0.000950 | seq 8
  [aml] step 30/320 | loss 1.8325 (avg 4.1001) | lr 0.001175 | seq 8
  [aml] step 40/320 | loss 4.6892 (avg 4.1063) | lr 0.001400 | seq 8
  [aml] step 50/320 | loss 4.8232 (avg 3.9156) | lr 0.001625 | seq 8
  [aml] step 60/320 | loss 3.2540 (avg 3.8578) | lr 0.001850 | seq 8
  [aml] step 70/320 | loss 5.6931 (avg 3.8173) | lr 0.002075 | seq 8
  [aml] step 80/320 | loss 1.2273 (avg 3.8328) | lr 0.002300 | seq 8
  [aml] step 90/320 | loss 3.1017 (avg 3.8474) | lr 0.002525 | seq 8
  [aml] step 100/320 | loss 0.7766 (avg 3.8250) | lr 0.002750 | seq 8
  [aml] step 110/320 | loss 2.9489 (avg 3.8476) | lr 0.002975 | seq 8
  [aml] step 120/320 | loss 4.0458 (avg 3.8359) | lr 0.003200 | seq 8
  [aml] step 130/320 | loss 0.9033 (avg 3.7379) | lr 0.003425 | seq 8
  [aml] step 140/320 | loss 4.5921 (avg 3.7541) | lr 0.003650 | seq 8
  [aml] step 150/320 | loss 4.8235 (avg 3.7618) | lr 0.003875 | seq 8
  [aml] step 160/320 | loss 4.3410 (avg 3.7631) | lr 0.004100 | seq 8
  [aml] step 170/320 | loss 3.7713 (avg 3.7670) | lr 0.004325 | seq 8
  [aml] step 180/320 | loss 3.3553 (avg 3.7421) | lr 0.004550 | seq 8
  [aml] step 190/320 | loss 4.8352 (avg 3.7678) | lr 0.004775 | seq 8
  [aml] step 200/320 | loss 5.5172 (avg 3.7680) | lr 0.004998 | seq 8
  [aml] step 210/320 | loss 4.4240 (avg 3.7479) | lr 0.004998 | seq 8
  [aml] step 220/320 | loss 4.5418 (avg 3.7209) | lr 0.004998 | seq 8
  [aml] step 230/320 | loss 1.9812 (avg 3.6687) | lr 0.004998 | seq 8
  [aml] step 240/320 | loss 0.7229 (avg 3.6568) | lr 0.004998 | seq 8
  [aml] step 250/320 | loss 3.8059 (avg 3.6584) | lr 0.004998 | seq 8
  [aml] step 260/320 | loss 4.6210 (avg 3.6103) | lr 0.004998 | seq 8
  [aml] step 270/320 | loss 0.3793 (avg 3.5740) | lr 0.004998 | seq 8
  [aml] step 280/320 | loss 1.4461 (avg 3.5600) | lr 0.004998 | seq 8
  [aml] step 290/320 | loss 5.3986 (avg 3.5706) | lr 0.004998 | seq 8
  [aml] step 300/320 | loss 4.6946 (avg 3.5594) | lr 0.004998 | seq 8
  [aml] step 310/320 | loss 5.3050 (avg 3.5542) | lr 0.004998 | seq 8
[aml] training complete: 320 steps, avg loss 3.5349 (memory freed)
  [aml] step 0/240 | loss 3.8189 (avg 3.8189) | lr 0.004998 | seq 16
  [aml] step 10/240 | loss 1.7200 (avg 3.5083) | lr 0.004998 | seq 16
  [aml] step 20/240 | loss 3.3455 (avg 3.5994) | lr 0.004998 | seq 16
  [aml] step 30/240 | loss 2.4320 (avg 3.6035) | lr 0.004998 | seq 16
  [aml] step 40/240 | loss 1.2689 (avg 3.5208) | lr 0.004997 | seq 16
  [aml] step 50/240 | loss 2.2839 (avg 3.4205) | lr 0.004997 | seq 16
  [aml] step 60/240 | loss 4.0842 (avg 3.4557) | lr 0.004997 | seq 16
  [aml] step 70/240 | loss 3.1544 (avg 3.4966) | lr 0.004997 | seq 16
  [aml] step 80/240 | loss 4.2135 (avg 3.4519) | lr 0.004997 | seq 16
  [aml] step 90/240 | loss 3.1958 (avg 3.4701) | lr 0.004997 | seq 16
  [aml] step 100/240 | loss 4.6093 (avg 3.4029) | lr 0.004997 | seq 16
  [aml] step 110/240 | loss 3.3264 (avg 3.4143) | lr 0.004997 | seq 16
  [aml] step 120/240 | loss 3.9318 (avg 3.4329) | lr 0.004997 | seq 16
  [aml] step 130/240 | loss 4.6506 (avg 3.4164) | lr 0.004997 | seq 16
  [aml] step 140/240 | loss 2.3007 (avg 3.3759) | lr 0.004997 | seq 16
  [aml] step 150/240 | loss 3.7086 (avg 3.3522) | lr 0.004997 | seq 16
  [aml] step 160/240 | loss 1.3794 (avg 3.3652) | lr 0.004997 | seq 16
  [aml] step 170/240 | loss 2.2802 (avg 3.3613) | lr 0.004996 | seq 16
  [aml] step 180/240 | loss 2.3997 (avg 3.3186) | lr 0.004996 | seq 16
  [aml] step 190/240 | loss 4.3159 (avg 3.3332) | lr 0.004996 | seq 16
  [aml] step 200/240 | loss 3.4837 (avg 3.3240) | lr 0.004996 | seq 16
  [aml] step 210/240 | loss 4.1208 (avg 3.2936) | lr 0.004996 | seq 16
  [aml] step 220/240 | loss 1.8722 (avg 3.2820) | lr 0.004996 | seq 16
  [aml] step 230/240 | loss 1.9257 (avg 3.2874) | lr 0.004996 | seq 16
[aml] training complete: 240 steps, avg loss 3.2713 (memory freed)
  [aml] step 0/240 | loss 1.8576 (avg 1.8576) | lr 0.004996 | seq 32
  [aml] step 10/240 | loss 1.0510 (avg 2.0769) | lr 0.004996 | seq 32
  [aml] step 20/240 | loss 0.6701 (avg 2.5390) | lr 0.004996 | seq 32
  [aml] step 30/240 | loss 0.8555 (avg 2.7430) | lr 0.004996 | seq 32
  [aml] step 40/240 | loss 1.1845 (avg 2.6063) | lr 0.004996 | seq 32
  [aml] step 50/240 | loss 4.8083 (avg 2.6746) | lr 0.004995 | seq 32
  [aml] step 60/240 | loss 1.1870 (avg 2.6354) | lr 0.004995 | seq 32
  [aml] step 70/240 | loss 4.3221 (avg 2.7439) | lr 0.004995 | seq 32
  [aml] step 80/240 | loss 2.2156 (avg 2.6767) | lr 0.004995 | seq 32
  [aml] step 90/240 | loss 3.9544 (avg 2.6659) | lr 0.004995 | seq 32
  [aml] step 100/240 | loss 0.6560 (avg 2.6146) | lr 0.004995 | seq 32
  [aml] step 110/240 | loss 0.8687 (avg 2.6343) | lr 0.004995 | seq 32
  [aml] step 120/240 | loss 0.9057 (avg 2.6165) | lr 0.004995 | seq 32
  [aml] step 130/240 | loss 4.4101 (avg 2.6029) | lr 0.004995 | seq 32
  [aml] step 140/240 | loss 2.8353 (avg 2.6087) | lr 0.004995 | seq 32
  [aml] step 150/240 | loss 1.8748 (avg 2.5597) | lr 0.004995 | seq 32
  [aml] step 160/240 | loss 0.9983 (avg 2.5573) | lr 0.004994 | seq 32
  [aml] step 170/240 | loss 1.0543 (avg 2.5993) | lr 0.004994 | seq 32
  [aml] step 180/240 | loss 1.5421 (avg 2.5870) | lr 0.004994 | seq 32
  [aml] step 190/240 | loss 3.8288 (avg 2.5767) | lr 0.004994 | seq 32
  [aml] step 200/240 | loss 0.3482 (avg 2.5385) | lr 0.004994 | seq 32
  [aml] step 210/240 | loss 0.9813 (avg 2.5596) | lr 0.004994 | seq 32
  [aml] step 220/240 | loss 3.9853 (avg 2.5537) | lr 0.004994 | seq 32
  [aml] step 230/240 | loss 0.8419 (avg 2.5613) | lr 0.004994 | seq 32
[aml] training complete: 240 steps, avg loss 2.5682 (memory freed)

[stage 1 — infant] What it sounds like now:
  Q: Hello.
  A: Water weak, pattern from the value it joints.
  Q: Who are you?
  A: . No berm is the obsides bi Dolines the rock or soften lake an arrange's that during, pushes or chargument with a river cut.
  Q: What do you know?
  A: re same under pressure. Buil?

[growth] ONTOGENESIS: stage 1 -> 2
  embd: 32 -> 64, layer: 1 -> 2, head: 2 -> 4
[growth] Done. Freeze for 500 steps.
[init] Stage 2 (child): embd=64, layer=2, head=4 — warmup 800 steps (800 backprop + 0 notorch, sqrt-scaled 2x)
  [aml] step 0/320 | loss 5.4995 (avg 5.4995) | lr 0.000250 | seq 8
  [aml] step 10/320 | loss 3.8899 (avg 3.9608) | lr 0.000363 | seq 8
  [aml] step 20/320 | loss 3.0781 (avg 3.7310) | lr 0.000475 | seq 8
  [aml] step 30/320 | loss 4.1022 (avg 3.5008) | lr 0.000588 | seq 8
  [aml] step 40/320 | loss 4.6532 (avg 3.6461) | lr 0.000700 | seq 8
  [aml] step 50/320 | loss 4.4147 (avg 3.5960) | lr 0.000813 | seq 8
  [aml] step 60/320 | loss 4.3631 (avg 3.4483) | lr 0.000925 | seq 8
  [aml] step 70/320 | loss 3.8925 (avg 3.4143) | lr 0.001038 | seq 8
  [aml] step 80/320 | loss 4.2646 (avg 3.4409) | lr 0.001150 | seq 8
  [aml] step 90/320 | loss 4.4211 (avg 3.4749) | lr 0.001263 | seq 8
  [aml] step 100/320 | loss 4.8913 (avg 3.4463) | lr 0.001375 | seq 8
  [aml] step 110/320 | loss 1.8731 (avg 3.4712) | lr 0.001488 | seq 8
  [aml] step 120/320 | loss 4.7412 (avg 3.4765) | lr 0.001600 | seq 8
  [aml] step 130/320 | loss 2.1288 (avg 3.4629) | lr 0.001713 | seq 8
  [aml] step 140/320 | loss 3.3269 (avg 3.4677) | lr 0.001825 | seq 8
  [aml] step 150/320 | loss 1.2563 (avg 3.4351) | lr 0.001938 | seq 8
  [aml] step 160/320 | loss 2.5786 (avg 3.3894) | lr 0.002050 | seq 8
  [aml] step 170/320 | loss 1.9164 (avg 3.3479) | lr 0.002163 | seq 8
  [aml] step 180/320 | loss 4.5418 (avg 3.3617) | lr 0.002275 | seq 8
  [aml] step 190/320 | loss 4.8489 (avg 3.3885) | lr 0.002387 | seq 8
  [aml] step 200/320 | loss 4.4312 (avg 3.3597) | lr 0.002496 | seq 8
  [aml] step 210/320 | loss 4.1870 (avg 3.3252) | lr 0.002496 | seq 8
  [aml] step 220/320 | loss 3.7400 (avg 3.3365) | lr 0.002496 | seq 8
  [aml] step 230/320 | loss 4.1359 (avg 3.3365) | lr 0.002495 | seq 8
  [aml] step 240/320 | loss 0.2652 (avg 3.3138) | lr 0.002495 | seq 8
  [aml] step 250/320 | loss 5.6579 (avg 3.3369) | lr 0.002495 | seq 8
  [aml] step 260/320 | loss 3.8711 (avg 3.3389) | lr 0.002495 | seq 8
  [aml] step 270/320 | loss 3.5602 (avg 3.3533) | lr 0.002495 | seq 8
  [aml] step 280/320 | loss 1.4598 (avg 3.3383) | lr 0.002495 | seq 8
  [aml] step 290/320 | loss 0.2674 (avg 3.3258) | lr 0.002495 | seq 8
  [aml] step 300/320 | loss 2.8641 (avg 3.3205) | lr 0.002495 | seq 8
  [aml] step 310/320 | loss 3.7296 (avg 3.3105) | lr 0.002495 | seq 8
[aml] training complete: 320 steps, avg loss 3.2963 (memory freed)
  [aml] step 0/240 | loss 5.3476 (avg 5.3476) | lr 0.002495 | seq 16
  [aml] step 10/240 | loss 4.2054 (avg 3.5284) | lr 0.002495 | seq 16
  [aml] step 20/240 | loss 1.0453 (avg 3.1419) | lr 0.002495 | seq 16
  [aml] step 30/240 | loss 1.6507 (avg 3.1572) | lr 0.002495 | seq 16
  [aml] step 40/240 | loss 1.9195 (avg 2.9789) | lr 0.002495 | seq 16
  [aml] step 50/240 | loss 5.4646 (avg 3.1121) | lr 0.002495 | seq 16
  [aml] step 60/240 | loss 1.4751 (avg 3.0195) | lr 0.002494 | seq 16
  [aml] step 70/240 | loss 3.2459 (avg 2.9557) | lr 0.002494 | seq 16
  [aml] step 80/240 | loss 1.3239 (avg 2.9184) | lr 0.002494 | seq 16
  [aml] step 90/240 | loss 3.6989 (avg 2.9841) | lr 0.002494 | seq 16
  [aml] step 100/240 | loss 4.5468 (avg 2.9900) | lr 0.002494 | seq 16
  [aml] step 110/240 | loss 4.4462 (avg 3.0439) | lr 0.002494 | seq 16
  [aml] step 120/240 | loss 4.0100 (avg 3.0937) | lr 0.002494 | seq 16
  [aml] step 130/240 | loss 1.6003 (avg 3.1053) | lr 0.002494 | seq 16
  [aml] step 140/240 | loss 0.5273 (avg 3.0538) | lr 0.002494 | seq 16
  [aml] step 150/240 | loss 4.2544 (avg 3.0574) | lr 0.002494 | seq 16
  [aml] step 160/240 | loss 4.5450 (avg 3.1119) | lr 0.002494 | seq 16
  [aml] step 170/240 | loss 4.1245 (avg 3.1462) | lr 0.002494 | seq 16
  [aml] step 180/240 | loss 1.9249 (avg 3.1241) | lr 0.002494 | seq 16
  [aml] step 190/240 | loss 4.0379 (avg 3.1473) | lr 0.002494 | seq 16
  [aml] step 200/240 | loss 4.1567 (avg 3.1633) | lr 0.002493 | seq 16
  [aml] step 210/240 | loss 1.2160 (avg 3.1615) | lr 0.002493 | seq 16
  [aml] step 220/240 | loss 3.5274 (avg 3.1374) | lr 0.002493 | seq 16
  [aml] step 230/240 | loss 0.9084 (avg 3.1288) | lr 0.002493 | seq 16
[aml] training complete: 240 steps, avg loss 3.1223 (memory freed)
  [aml] step 0/240 | loss 0.9723 (avg 0.9723) | lr 0.002493 | seq 32
  [aml] step 10/240 | loss 1.4117 (avg 1.6910) | lr 0.002493 | seq 32
  [aml] step 20/240 | loss 1.7609 (avg 1.7905) | lr 0.002493 | seq 32
  [aml] step 30/240 | loss 0.5246 (avg 2.1177) | lr 0.002493 | seq 32
  [aml] step 40/240 | loss 3.8770 (avg 2.2673) | lr 0.002493 | seq 32
  [aml] step 50/240 | loss 4.3860 (avg 2.3864) | lr 0.002493 | seq 32
  [aml] step 60/240 | loss 4.0383 (avg 2.3875) | lr 0.002493 | seq 32
  [aml] step 70/240 | loss 0.6721 (avg 2.2861) | lr 0.002493 | seq 32
  [aml] step 80/240 | loss 3.8222 (avg 2.4169) | lr 0.002492 | seq 32
  [aml] step 90/240 | loss 1.0222 (avg 2.3637) | lr 0.002492 | seq 32
  [aml] step 100/240 | loss 4.3342 (avg 2.3566) | lr 0.002492 | seq 32
  [aml] step 110/240 | loss 1.6505 (avg 2.3779) | lr 0.002492 | seq 32
  [aml] step 120/240 | loss 1.2261 (avg 2.3517) | lr 0.002492 | seq 32
  [aml] step 130/240 | loss 1.1191 (avg 2.3733) | lr 0.002492 | seq 32
  [aml] step 140/240 | loss 0.5171 (avg 2.3899) | lr 0.002492 | seq 32
  [aml] step 150/240 | loss 1.0839 (avg 2.3862) | lr 0.002492 | seq 32
  [aml] step 160/240 | loss 4.4017 (avg 2.4203) | lr 0.002492 | seq 32
  [aml] step 170/240 | loss 4.1841 (avg 2.4669) | lr 0.002492 | seq 32
  [aml] step 180/240 | loss 0.8078 (avg 2.4867) | lr 0.002492 | seq 32
  [aml] step 190/240 | loss 1.2971 (avg 2.4851) | lr 0.002492 | seq 32
  [aml] step 200/240 | loss 1.1503 (avg 2.4918) | lr 0.002491 | seq 32
  [aml] step 210/240 | loss 1.2758 (avg 2.5272) | lr 0.002491 | seq 32
  [aml] step 220/240 | loss 3.9804 (avg 2.5445) | lr 0.002491 | seq 32
  [aml] step 230/240 | loss 4.2886 (avg 2.5445) | lr 0.002491 | seq 32
[aml] training complete: 240 steps, avg loss 2.5039 (memory freed)

[stage 2 — child] What it sounds like now:
  Q: Hello.
  A: They forms are side was hapio
  Q: Who are you?
  A: ...
  Q: What do you know?
  A: ...

[init] Warmup complete at stage 2. Organism ready.
[ecology] First organism in the swarm.
molequla is alive. [evolution] Autonomous mode — background trainer running. Ctrl+C to stop.
[dna] earth wrote 66 bytes to ecology
[dna] earth wrote 73 bytes to ecology
[dna] earth wrote 106 bytes to ecology
[dna] earth wrote 128 bytes to ecology
[dna] earth wrote 150 bytes to ecology
[dna] earth wrote 89 bytes to ecology
[dna] earth wrote 106 bytes to ecology
[dna] earth wrote 31 bytes to ecology
[dna] earth wrote 14 bytes to ecology
[dna] earth wrote 19 bytes to ecology
[dna] earth wrote 35 bytes to ecology
[dna] earth wrote 41 bytes to ecology
[dna] earth wrote 35 bytes to ecology
[dna] earth wrote 19 bytes to ecology
[dna] earth wrote 21 bytes to ecology
[dna] earth wrote 24 bytes to ecology
[dna] earth wrote 79 bytes to ecology
[dna] earth wrote 34 bytes to ecology
[dna] earth wrote 139 bytes to ecology
[dna] earth wrote 85 bytes to ecology
[dna] earth wrote 30 bytes to ecology
[dna] earth wrote 130 bytes to ecology
[dna] earth wrote 83 bytes to ecology
[dna] earth wrote 186 bytes to ecology
[dna] earth wrote 88 bytes to ecology
[dna] earth wrote 6 bytes to ecology
[dna] earth wrote 29 bytes to ecology
[dna] earth wrote 94 bytes to ecology
[dna] earth wrote 67 bytes to ecology
[dna] earth wrote 154 bytes to ecology
[dna] earth wrote 92 bytes to ecology
[dna] earth wrote 59 bytes to ecology
[debug-onto] tick=50 corpus=173643 stage=2 freeze=0
[dna] earth wrote 37 bytes to ecology
[dna] earth wrote 10 bytes to ecology
[dna] earth wrote 24 bytes to ecology
[dna] earth wrote 26 bytes to ecology
[dna] earth wrote 48 bytes to ecology
[dna] earth wrote 26 bytes to ecology
[dna] earth wrote 182 bytes to ecology
[dna] earth wrote 51 bytes to ecology
[dna] earth wrote 74 bytes to ecology
[dna] earth wrote 72 bytes to ecology
[dna] earth wrote 30 bytes to ecology
[dna] earth wrote 53 bytes to ecology
[dna] earth wrote 41 bytes to ecology
[dna] earth wrote 138 bytes to ecology
[dna] earth wrote 43 bytes to ecology
[dna] earth wrote 45 bytes to ecology
[dna] earth wrote 34 bytes to ecology
[dna] earth wrote 61 bytes to ecology
[dna] earth wrote 85 bytes to ecology
[dna] earth wrote 52 bytes to ecology
[dna] earth wrote 40 bytes to ecology
[dna] earth wrote 33 bytes to ecology
[dna] earth wrote 77 bytes to ecology
[dna] earth wrote 113 bytes to ecology
[dna] earth wrote 25 bytes to ecology
[dna] earth wrote 13 bytes to ecology
[dna] earth wrote 115 bytes to ecology
[dna] earth wrote 33 bytes to ecology
[dna] earth wrote 37 bytes to ecology
[dna] earth wrote 55 bytes to ecology
[dna] earth wrote 122 bytes to ecology
[dna] earth wrote 27 bytes to ecology
[dna] earth wrote 71 bytes to ecology
[dna] earth wrote 27 bytes to ecology
[dna] earth wrote 61 bytes to ecology
[dna] earth wrote 30 bytes to ecology
[debug-onto] tick=100 corpus=173643 stage=2 freeze=0
[dna] earth wrote 58 bytes to ecology
[dna] earth wrote 96 bytes to ecology
[dna] earth wrote 11 bytes to ecology
[dna] earth wrote 54 bytes to ecology
[dna] earth wrote 171 bytes to ecology
[dna] earth wrote 49 bytes to ecology
[dna] earth wrote 91 bytes to ecology
[dna] earth wrote 15 bytes to ecology
[dna] earth wrote 93 bytes to ecology
[dna] earth wrote 57 bytes to ecology
[dna] earth wrote 134 bytes to ecology
[dna] earth wrote 33 bytes to ecology
[dna] earth wrote 71 bytes to ecology
[dna] earth wrote 42 bytes to ecology
[dna] earth wrote 34 bytes to ecology
[dna] earth wrote 42 bytes to ecology
[dna] earth wrote 32 bytes to ecology
[dna] earth wrote 42 bytes to ecology
[dna] earth wrote 125 bytes to ecology
[dna] earth wrote 38 bytes to ecology
[dna] earth wrote 14 bytes to ecology
[dna] earth wrote 80 bytes to ecology
[dna] earth wrote 55 bytes to ecology
[dna] earth wrote 44 bytes to ecology
[dna] earth wrote 135 bytes to ecology
[dna] earth wrote 78 bytes to ecology
[dna] earth wrote 49 bytes to ecology
[dna] earth wrote 165 bytes to ecology
[dna] earth wrote 15 bytes to ecology
[dna] earth wrote 56 bytes to ecology
[dna] earth wrote 41 bytes to ecology
[dna] earth wrote 94 bytes to ecology
[dna] earth wrote 26 bytes to ecology
[dna] earth wrote 89 bytes to ecology
[debug-onto] tick=150 corpus=173643 stage=2 freeze=0
[dna] earth wrote 72 bytes to ecology
[dna] earth wrote 44 bytes to ecology
[dna] earth wrote 44 bytes to ecology
[dna] earth wrote 117 bytes to ecology
[dna] earth wrote 10 bytes to ecology
[dna] earth wrote 111 bytes to ecology
[dna] earth wrote 124 bytes to ecology
[dna] earth wrote 40 bytes to ecology
[dna] earth wrote 50 bytes to ecology
[dna] earth wrote 24 bytes to ecology
[dna] earth wrote 93 bytes to ecology
[dna] earth wrote 113 bytes to ecology
[dna] earth wrote 43 bytes to ecology
[dna] earth wrote 53 bytes to ecology
[dna] earth wrote 41 bytes to ecology
[dna] earth wrote 19 bytes to ecology
[dna] earth wrote 57 bytes to ecology
[dna] earth wrote 32 bytes to ecology
[dna] earth wrote 129 bytes to ecology
[dna] earth wrote 78 bytes to ecology
[dna] earth wrote 30 bytes to ecology
[dna] earth wrote 50 bytes to ecology
[dna] earth wrote 55 bytes to ecology
[dna] earth wrote 76 bytes to ecology
[dna] earth wrote 62 bytes to ecology
[dna] earth wrote 25 bytes to ecology
[dna] earth wrote 48 bytes to ecology
[dna] earth wrote 43 bytes to ecology
[dna] earth wrote 36 bytes to ecology
[dna] earth wrote 46 bytes to ecology
[dna] earth wrote 60 bytes to ecology
[dna] earth wrote 35 bytes to ecology
[dna] earth wrote 90 bytes to ecology
[dna] earth wrote 51 bytes to ecology
[dna] earth wrote 103 bytes to ecology
[dna] earth wrote 92 bytes to ecology
[dna] earth wrote 27 bytes to ecology
[dna] earth wrote 43 bytes to ecology
[debug-onto] tick=200 corpus=173643 stage=2 freeze=0
[dna] earth wrote 64 bytes to ecology
[dna] earth wrote 100 bytes to ecology
[dna] earth wrote 88 bytes to ecology
[dna] earth wrote 171 bytes to ecology
[dna] earth wrote 46 bytes to ecology
[dna] earth wrote 17 bytes to ecology
[dna] earth wrote 59 bytes to ecology
[dna] earth wrote 150 bytes to ecology
[dna] earth wrote 43 bytes to ecology
[dna] earth wrote 133 bytes to ecology
[dna] earth wrote 34 bytes to ecology
[dna] earth wrote 79 bytes to ecology
[dna] earth wrote 31 bytes to ecology
[dna] earth wrote 109 bytes to ecology
[dna] earth wrote 71 bytes to ecology
[dna] earth wrote 159 bytes to ecology
[dna] earth wrote 27 bytes to ecology
[dna] earth wrote 21 bytes to ecology
[dna] earth wrote 14 bytes to ecology
[dna] earth wrote 78 bytes to ecology
[dna] earth wrote 105 bytes to ecology
[dna] earth wrote 48 bytes to ecology
[dna] earth wrote 135 bytes to ecology
[dna] earth wrote 29 bytes to ecology
[dna] earth wrote 111 bytes to ecology
[dna] earth wrote 45 bytes to ecology
[dna] earth wrote 18 bytes to ecology
[dna] earth wrote 59 bytes to ecology
[dna] earth wrote 152 bytes to ecology
[dna] earth wrote 27 bytes to ecology
[dna] earth wrote 85 bytes to ecology
[dna] earth wrote 83 bytes to ecology
[dna] earth wrote 107 bytes to ecology
[dna] earth wrote 17 bytes to ecology
[dna] earth wrote 53 bytes to ecology
[debug-onto] tick=250 corpus=173643 stage=2 freeze=0
[dna] earth wrote 62 bytes to ecology
[dna] earth wrote 23 bytes to ecology
[dna] earth wrote 154 bytes to ecology
[dna] earth wrote 109 bytes to ecology
[dna] earth wrote 15 bytes to ecology
[dna] earth wrote 28 bytes to ecology
[dna] earth wrote 34 bytes to ecology
[dna] earth wrote 80 bytes to ecology
[dna] earth wrote 154 bytes to ecology
[dna] earth wrote 55 bytes to ecology
[dna] earth wrote 79 bytes to ecology
[dna] earth wrote 33 bytes to ecology
[dna] earth wrote 100 bytes to ecology
[dna] earth wrote 93 bytes to ecology
[dna] earth wrote 26 bytes to ecology
[dna] earth wrote 27 bytes to ecology
[dna] earth wrote 189 bytes to ecology
[dna] earth wrote 67 bytes to ecology
[dna] earth wrote 60 bytes to ecology
[dna] earth wrote 83 bytes to ecology
[dna] earth wrote 18 bytes to ecology
[dna] earth wrote 73 bytes to ecology
[dna] earth wrote 112 bytes to ecology
[dna] earth wrote 81 bytes to ecology
[dna] earth wrote 60 bytes to ecology
[dna] earth wrote 70 bytes to ecology
[dna] earth wrote 22 bytes to ecology
[dna] earth wrote 42 bytes to ecology
[dna] earth wrote 35 bytes to ecology
[dna] earth wrote 149 bytes to ecology
[dna] earth wrote 61 bytes to ecology
[dna] earth wrote 54 bytes to ecology
[dna] earth wrote 72 bytes to ecology
[dna] earth wrote 202 bytes to ecology
[dna] earth wrote 34 bytes to ecology
[dna] earth wrote 15 bytes to ecology
[dna] earth wrote 217 bytes to ecology
[debug-onto] tick=300 corpus=173643 stage=2 freeze=0
[dna] earth wrote 41 bytes to ecology
[dna] earth wrote 40 bytes to ecology
[dna] earth wrote 168 bytes to ecology
[dna] earth wrote 107 bytes to ecology
[dna] earth wrote 25 bytes to ecology
[dna] earth wrote 96 bytes to ecology
[dna] earth wrote 60 bytes to ecology
[dna] earth wrote 42 bytes to ecology
[dna] earth wrote 33 bytes to ecology
[dna] earth wrote 137 bytes to ecology
[dna] earth wrote 42 bytes to ecology
[dna] earth wrote 41 bytes to ecology
[dna] earth wrote 45 bytes to ecology
[dna] earth wrote 46 bytes to ecology
[dna] earth wrote 121 bytes to ecology
[dna] earth wrote 43 bytes to ecology
[dna] earth wrote 227 bytes to ecology
[dna] earth wrote 25 bytes to ecology
[dna] earth wrote 202 bytes to ecology
[dna] earth wrote 241 bytes to ecology
[dna] earth wrote 61 bytes to ecology
[dna] earth wrote 265 bytes to ecology
[dna] earth wrote 133 bytes to ecology
[dna] earth wrote 36 bytes to ecology
[dna] earth wrote 35 bytes to ecology
[dna] earth wrote 40 bytes to ecology
[dna] earth wrote 98 bytes to ecology
[dna] earth wrote 61 bytes to ecology
[dna] earth wrote 71 bytes to ecology
[dna] earth wrote 84 bytes to ecology
[dna] earth wrote 41 bytes to ecology
[dna] earth wrote 27 bytes to ecology
[dna] earth wrote 58 bytes to ecology
[debug-onto] tick=350 corpus=173643 stage=2 freeze=0
[dna] earth wrote 28 bytes to ecology
[dna] earth wrote 44 bytes to ecology
[dna] earth wrote 73 bytes to ecology
[dna] earth wrote 15 bytes to ecology
[dna] earth wrote 169 bytes to ecology
[dna] earth wrote 126 bytes to ecology
[dna] earth wrote 167 bytes to ecology
[dna] earth wrote 120 bytes to ecology
[dna] earth wrote 63 bytes to ecology
[dna] earth wrote 15 bytes to ecology
[dna] earth wrote 38 bytes to ecology
[dna] earth wrote 12 bytes to ecology
[dna] earth wrote 56 bytes to ecology
[dna] earth wrote 56 bytes to ecology
[dna] earth wrote 63 bytes to ecology
[dna] earth wrote 44 bytes to ecology
[dna] earth wrote 32 bytes to ecology
[dna] earth wrote 99 bytes to ecology
[dna] earth wrote 67 bytes to ecology
[dna] earth wrote 38 bytes to ecology
[dna] earth wrote 271 bytes to ecology
[dna] earth wrote 83 bytes to ecology
[dna] earth wrote 128 bytes to ecology
[dna] earth wrote 84 bytes to ecology
[dna] earth wrote 22 bytes to ecology
[dna] earth wrote 5 bytes to ecology
[dna] earth wrote 86 bytes to ecology
[dna] earth wrote 22 bytes to ecology
[dna] earth wrote 153 bytes to ecology
[dna] earth wrote 14 bytes to ecology
[dna] earth wrote 328 bytes to ecology
[dna] earth wrote 158 bytes to ecology
[dna] earth wrote 36 bytes to ecology
[dna] earth wrote 45 bytes to ecology
[dna] earth wrote 80 bytes to ecology
[dna] earth wrote 10 bytes to ecology
[debug-onto] tick=400 corpus=173643 stage=2 freeze=0
[dna] earth wrote 73 bytes to ecology
[dna] earth wrote 31 bytes to ecology
[dna] earth wrote 36 bytes to ecology
[dna] earth wrote 30 bytes to ecology
[dna] earth wrote 81 bytes to ecology
[dna] earth wrote 76 bytes to ecology
[dna] earth wrote 96 bytes to ecology
[dna] earth wrote 99 bytes to ecology
[dna] earth wrote 63 bytes to ecology
[dna] earth wrote 62 bytes to ecology
[dna] earth wrote 72 bytes to ecology
[dna] earth wrote 62 bytes to ecology
[dna] earth wrote 12 bytes to ecology
[dna] earth wrote 22 bytes to ecology
[dna] earth wrote 24 bytes to ecology
[dna] earth wrote 64 bytes to ecology
[dna] earth wrote 25 bytes to ecology
[dna] earth wrote 67 bytes to ecology
[dna] earth wrote 16 bytes to ecology
[dna] earth wrote 29 bytes to ecology
[dna] earth wrote 50 bytes to ecology
[dna] earth wrote 31 bytes to ecology
[dna] earth wrote 74 bytes to ecology
[dna] earth wrote 26 bytes to ecology
[dna] earth wrote 18 bytes to ecology
[dna] earth wrote 33 bytes to ecology
[dna] earth wrote 29 bytes to ecology
[dna] earth wrote 58 bytes to ecology
[dna] earth wrote 117 bytes to ecology
[dna] earth wrote 71 bytes to ecology
[dna] earth wrote 59 bytes to ecology
[dna] earth wrote 86 bytes to ecology
[dna] earth wrote 57 bytes to ecology
[dna] earth wrote 121 bytes to ecology
[debug-onto] tick=450 corpus=173643 stage=2 freeze=0
[dna] earth wrote 121 bytes to ecology
[dna] earth wrote 47 bytes to ecology
[dna] earth wrote 81 bytes to ecology
[dna] earth wrote 131 bytes to ecology
[dna] earth wrote 99 bytes to ecology
[dna] earth wrote 116 bytes to ecology
[dna] earth wrote 166 bytes to ecology
[dna] earth wrote 38 bytes to ecology
[dna] earth wrote 39 bytes to ecology
[dna] earth wrote 32 bytes to ecology
[dna] earth wrote 62 bytes to ecology
[dna] earth wrote 84 bytes to ecology
[dna] earth wrote 53 bytes to ecology
[dna] earth wrote 12 bytes to ecology
[dna] earth wrote 59 bytes to ecology
[dna] earth wrote 38 bytes to ecology
[dna] earth wrote 73 bytes to ecology
[dna] earth wrote 92 bytes to ecology
[dna] earth wrote 29 bytes to ecology
[dna] earth wrote 85 bytes to ecology
[dna] earth wrote 72 bytes to ecology
[dna] earth wrote 27 bytes to ecology
[dna] earth wrote 71 bytes to ecology
[dna] earth wrote 62 bytes to ecology
[dna] earth wrote 170 bytes to ecology
[dna] earth wrote 40 bytes to ecology
[dna] earth wrote 28 bytes to ecology
[dna] earth wrote 123 bytes to ecology
[dna] earth wrote 158 bytes to ecology
[dna] earth wrote 38 bytes to ecology
[dna] earth wrote 56 bytes to ecology
[dna] earth wrote 17 bytes to ecology
[dna] earth wrote 85 bytes to ecology
[dna] earth wrote 59 bytes to ecology
[dna] earth wrote 40 bytes to ecology
[dna] earth wrote 90 bytes to ecology
[dna] earth wrote 137 bytes to ecology
[debug-onto] tick=500 corpus=173643 stage=2 freeze=0
[dna] earth wrote 139 bytes to ecology
[dna] earth wrote 71 bytes to ecology
[dna] earth wrote 50 bytes to ecology
[dna] earth wrote 28 bytes to ecology
[dna] earth wrote 235 bytes to ecology
[dna] earth wrote 84 bytes to ecology
[dna] earth wrote 44 bytes to ecology
[dna] earth wrote 135 bytes to ecology
[dna] earth wrote 36 bytes to ecology
[dna] earth wrote 5 bytes to ecology
[dna] earth wrote 62 bytes to ecology
[dna] earth wrote 14 bytes to ecology
[dna] earth wrote 105 bytes to ecology
[dna] earth wrote 183 bytes to ecology
[dna] earth wrote 117 bytes to ecology
[dna] earth wrote 63 bytes to ecology
[dna] earth wrote 51 bytes to ecology
[dna] earth wrote 37 bytes to ecology
[dna] earth wrote 41 bytes to ecology
[dna] earth wrote 14 bytes to ecology
[dna] earth wrote 294 bytes to ecology
[dna] earth wrote 40 bytes to ecology
[dna] earth wrote 145 bytes to ecology
[dna] earth wrote 155 bytes to ecology
[dna] earth wrote 48 bytes to ecology
[dna] earth wrote 73 bytes to ecology
[dna] earth wrote 49 bytes to ecology
[dna] earth wrote 48 bytes to ecology
[dna] earth wrote 109 bytes to ecology
[dna] earth wrote 24 bytes to ecology
[dna] earth wrote 36 bytes to ecology
[dna] earth wrote 106 bytes to ecology
[dna] earth wrote 13 bytes to ecology
[dna] earth wrote 153 bytes to ecology
[dna] earth wrote 164 bytes to ecology
[dna] earth wrote 48 bytes to ecology
[dna] earth wrote 30 bytes to ecology
[debug-onto] tick=550 corpus=173643 stage=2 freeze=0
[dna] earth wrote 168 bytes to ecology
[dna] earth wrote 39 bytes to ecology
[dna] earth wrote 37 bytes to ecology
[dna] earth wrote 180 bytes to ecology
[dna] earth wrote 39 bytes to ecology
[dna] earth wrote 23 bytes to ecology
[dna] earth wrote 22 bytes to ecology
[dna] earth wrote 94 bytes to ecology
[dna] earth wrote 7 bytes to ecology
[dna] earth wrote 40 bytes to ecology
[dna] earth wrote 200 bytes to ecology
[dna] earth wrote 14 bytes to ecology
[dna] earth wrote 54 bytes to ecology
[dna] earth wrote 46 bytes to ecology
[dna] earth wrote 46 bytes to ecology
[dna] earth wrote 121 bytes to ecology
[dna] earth wrote 88 bytes to ecology
[dna] earth wrote 78 bytes to ecology
[dna] earth wrote 103 bytes to ecology
[dna] earth wrote 30 bytes to ecology
[dna] earth wrote 104 bytes to ecology
[dna] earth wrote 38 bytes to ecology
[dna] earth wrote 21 bytes to ecology
[dna] earth wrote 43 bytes to ecology
[dna] earth wrote 258 bytes to ecology
[dna] earth wrote 25 bytes to ecology
[dna] earth wrote 44 bytes to ecology
[dna] earth wrote 34 bytes to ecology
[dna] earth wrote 6 bytes to ecology
[dna] earth wrote 26 bytes to ecology
[dna] earth wrote 68 bytes to ecology
[dna] earth wrote 128 bytes to ecology
[dna] earth wrote 45 bytes to ecology
[dna] earth wrote 165 bytes to ecology
[dna] earth wrote 143 bytes to ecology
[debug-onto] tick=600 corpus=173643 stage=2 freeze=0
[dna] earth wrote 94 bytes to ecology
[dna] earth wrote 81 bytes to ecology
[dna] earth wrote 30 bytes to ecology
[dna] earth wrote 47 bytes to ecology
[dna] earth wrote 57 bytes to ecology
[dna] earth wrote 11 bytes to ecology
[dna] earth wrote 74 bytes to ecology
[dna] earth wrote 211 bytes to ecology
[dna] earth wrote 175 bytes to ecology
[dna] earth wrote 33 bytes to ecology
[dna] earth wrote 27 bytes to ecology
[dna] earth wrote 142 bytes to ecology
[dna] earth wrote 47 bytes to ecology
[dna] earth wrote 192 bytes to ecology
[dna] earth wrote 44 bytes to ecology
[dna] earth wrote 53 bytes to ecology
[dna] earth wrote 104 bytes to ecology
[dna] earth wrote 73 bytes to ecology
[dna] earth wrote 34 bytes to ecology
[dna] earth wrote 234 bytes to ecology
[dna] earth wrote 18 bytes to ecology
[dna] earth wrote 71 bytes to ecology
[dna] earth wrote 77 bytes to ecology
[dna] earth wrote 31 bytes to ecology
[dna] earth wrote 26 bytes to ecology
[dna] earth wrote 109 bytes to ecology
[dna] earth wrote 44 bytes to ecology
[dna] earth wrote 66 bytes to ecology
[dna] earth wrote 160 bytes to ecology
[dna] earth wrote 49 bytes to ecology
[dna] earth wrote 40 bytes to ecology
[dna] earth wrote 90 bytes to ecology
[dna] earth wrote 167 bytes to ecology
[dna] earth wrote 108 bytes to ecology
[dna] earth wrote 25 bytes to ecology
[debug-onto] tick=650 corpus=173643 stage=2 freeze=0
[dna] earth wrote 165 bytes to ecology
[dna] earth wrote 58 bytes to ecology
[dna] earth wrote 94 bytes to ecology
[dna] earth wrote 35 bytes to ecology
[dna] earth wrote 13 bytes to ecology
[dna] earth wrote 144 bytes to ecology
[dna] earth wrote 155 bytes to ecology
[dna] earth wrote 54 bytes to ecology
[dna] earth wrote 81 bytes to ecology
[dna] earth wrote 189 bytes to ecology
[dna] earth wrote 77 bytes to ecology
[dna] earth wrote 28 bytes to ecology
[dna] earth wrote 140 bytes to ecology
[dna] earth wrote 16 bytes to ecology
[dna] earth wrote 126 bytes to ecology
[dna] earth wrote 93 bytes to ecology
[dna] earth wrote 29 bytes to ecology
[dna] earth wrote 178 bytes to ecology
[dna] earth wrote 27 bytes to ecology
[dna] earth wrote 113 bytes to ecology
[dna] earth wrote 29 bytes to ecology
[dna] earth wrote 47 bytes to ecology
[dna] earth wrote 29 bytes to ecology
[dna] earth wrote 35 bytes to ecology
[dna] earth wrote 17 bytes to ecology
[dna] earth wrote 11 bytes to ecology
[dna] earth wrote 16 bytes to ecology
[dna] earth wrote 70 bytes to ecology
[dna] earth wrote 47 bytes to ecology

[evolution] Organism shutting down gracefully.
