[ecology] Element: fire → corpus: nonames_fire.txt
[evolution] Autonomous evolution mode — organism will grow through all stages without pause.
[ecology] Joined swarm. 1 peer(s) detected.
molequla is alive. [evolution] Autonomous mode — background trainer running. Ctrl+C to stop.
[dna] fire wrote 28 bytes to ecology
[dna] fire consumed 13419 bytes from 215 files: [water/gen_1774333479_1.txt water/gen_1774333494_4.txt water/gen_1774333503_7.txt water/gen_1774333511_10.txt water/gen_1774333520_13.txt water/gen_1774333528_16.txt water/gen_1774333537_19.txt water/gen_1774333545_22.txt water/gen_1774333554_25.txt water/gen_1774333562_28.txt water/gen_1774333571_31.txt water/gen_1774333579_34.txt water/gen_1774333587_37.txt water/gen_1774333596_40.txt water/gen_1774333604_43.txt water/gen_1774333612_46.txt water/gen_1774333621_49.txt water/gen_1774333629_52.txt water/gen_1774333637_55.txt water/gen_1774333645_58.txt water/gen_1774333654_61.txt water/gen_1774333662_64.txt water/gen_1774333670_67.txt water/gen_1774333678_70.txt water/gen_1774333686_73.txt water/gen_1774333695_76.txt water/gen_1774333703_79.txt water/gen_1774333711_82.txt water/gen_1774333719_85.txt water/gen_1774333728_88.txt water/gen_1774333736_91.txt water/gen_1774333744_94.txt water/gen_1774333753_97.txt water/gen_1774333761_100.txt water/gen_1774333769_103.txt water/gen_1774333778_106.txt water/gen_1774333786_109.txt water/gen_1774333794_112.txt water/gen_1774333803_115.txt water/gen_1774333811_118.txt water/gen_1774333819_121.txt water/gen_1774333827_124.txt water/gen_1774333836_127.txt water/gen_1774333844_130.txt water/gen_1774333853_133.txt water/gen_1774333861_136.txt water/gen_1774333869_139.txt water/gen_1774333878_142.txt water/gen_1774333886_145.txt water/gen_1774333895_148.txt water/gen_1774333903_151.txt water/gen_1774333912_154.txt water/gen_1774333920_157.txt water/gen_1774333929_160.txt water/gen_1774333937_163.txt water/gen_1774333946_166.txt water/gen_1774333954_169.txt water/gen_1774333963_172.txt water/gen_1774333971_175.txt water/gen_1774333979_178.txt water/gen_1774333988_181.txt water/gen_1774333996_184.txt water/gen_1774334005_187.txt water/gen_1774334013_190.txt water/gen_1774334022_193.txt water/gen_1774334030_196.txt water/gen_1774334039_199.txt water/gen_1774334047_202.txt water/gen_1774334055_205.txt water/gen_1774334064_208.txt water/gen_1774334072_211.txt water/gen_1774334081_214.txt water/gen_1774334089_217.txt water/gen_1774334098_220.txt water/gen_1774334106_223.txt water/gen_1774334115_226.txt water/gen_1774334123_229.txt water/gen_1774334131_232.txt water/gen_1774334140_235.txt water/gen_1774334148_238.txt water/gen_1774334157_241.txt water/gen_1774334165_244.txt water/gen_1774334173_247.txt water/gen_1774334182_250.txt water/gen_1774334190_253.txt water/gen_1774334198_256.txt water/gen_1774334207_259.txt water/gen_1774334215_262.txt water/gen_1774334224_265.txt water/gen_1774334232_268.txt water/gen_1774334240_271.txt water/gen_1774334249_274.txt water/gen_1774334257_277.txt water/gen_1774334265_280.txt water/gen_1774334274_283.txt water/gen_1774334282_286.txt water/gen_1774334291_289.txt water/gen_1774334299_292.txt water/gen_1774334307_295.txt water/gen_1774334316_298.txt water/gen_1774334324_301.txt water/gen_1774334333_304.txt water/gen_1774334341_307.txt water/gen_1774334350_310.txt water/gen_1774334358_313.txt water/gen_1774334366_316.txt water/gen_1774334375_319.txt water/gen_1774334383_322.txt water/gen_1774334392_325.txt water/gen_1774334400_328.txt water/gen_1774334408_331.txt water/gen_1774334417_334.txt water/gen_1774334425_337.txt water/gen_1774334434_340.txt water/gen_1774334442_343.txt water/gen_1774334450_346.txt water/gen_1774334459_349.txt water/gen_1774334467_352.txt water/gen_1774334475_355.txt water/gen_1774334484_358.txt water/gen_1774334492_361.txt water/gen_1774334500_364.txt water/gen_1774334509_367.txt water/gen_1774334517_370.txt water/gen_1774334525_373.txt water/gen_1774334534_376.txt water/gen_1774334542_379.txt water/gen_1774334550_382.txt water/gen_1774334559_385.txt water/gen_1774334567_388.txt water/gen_1774334575_391.txt water/gen_1774334584_394.txt water/gen_1774334592_397.txt water/gen_1774334600_400.txt water/gen_1774334608_403.txt water/gen_1774334617_406.txt water/gen_1774334625_409.txt water/gen_1774334633_412.txt water/gen_1774334642_415.txt water/gen_1774334650_418.txt water/gen_1774334658_421.txt water/gen_1774334667_424.txt water/gen_1774334675_427.txt water/gen_1774334683_430.txt water/gen_1774334692_433.txt water/gen_1774334700_436.txt water/gen_1774334708_439.txt water/gen_1774334717_442.txt water/gen_1774334725_445.txt water/gen_1774334733_448.txt water/gen_1774334741_451.txt water/gen_1774334750_454.txt water/gen_1774334758_457.txt water/gen_1774334767_460.txt water/gen_1774334775_463.txt water/gen_1774334783_466.txt water/gen_1774334791_469.txt water/gen_1774334800_472.txt water/gen_1774334808_475.txt water/gen_1774334816_478.txt water/gen_1774334824_481.txt water/gen_1774334833_484.txt water/gen_1774334841_487.txt water/gen_1774334849_490.txt water/gen_1774334857_493.txt water/gen_1774334865_496.txt water/gen_1774334874_499.txt water/gen_1774334882_502.txt water/gen_1774334890_505.txt water/gen_1774334898_508.txt water/gen_1774334906_511.txt water/gen_1774334914_514.txt water/gen_1774334923_517.txt water/gen_1774334931_520.txt water/gen_1774334939_523.txt water/gen_1774334948_526.txt water/gen_1774334956_529.txt water/gen_1774334964_532.txt water/gen_1774334973_535.txt water/gen_1774334981_538.txt water/gen_1774334989_541.txt water/gen_1774334997_544.txt water/gen_1774335005_547.txt water/gen_1774335014_550.txt water/gen_1774335022_553.txt water/gen_1774335030_556.txt water/gen_1774335038_559.txt water/gen_1774335046_562.txt water/gen_1774335055_565.txt water/gen_1774335063_568.txt water/gen_1774335071_571.txt water/gen_1774335079_574.txt water/gen_1774335087_577.txt water/gen_1774335095_580.txt water/gen_1774335104_583.txt water/gen_1774335112_586.txt water/gen_1774335120_589.txt water/gen_1774335128_592.txt water/gen_1774335137_595.txt water/gen_1774335145_598.txt water/gen_1774335153_601.txt water/gen_1774335161_604.txt water/gen_1774335170_607.txt water/gen_1774335178_610.txt water/gen_1774335186_613.txt water/gen_1774335194_616.txt water/gen_1774335203_619.txt water/gen_1774335211_622.txt water/gen_1774335219_625.txt water/gen_1774335228_628.txt water/gen_1774335236_631.txt water/gen_1774335244_634.txt water/gen_1774335253_637.txt water/gen_1774335261_640.txt water/gen_1774335270_643.txt]
[trainer] micro-train burst (13419 bytes, novelty 0.04) — and lo, it feeds again.
[syntropy] action=explore | trend=0.0000 | field_dev=0.041 | purpose_align=0.039 | lr_mul=1.30
[aml] burst complete: 32 steps, avg loss 1.8104 (memory freed)
[dna] fire wrote 83 bytes to ecology
[dna] fire wrote 79 bytes to ecology
[dna] fire wrote 72 bytes to ecology
[dna] fire wrote 50 bytes to ecology
[dna] fire wrote 57 bytes to ecology
[dna] fire wrote 92 bytes to ecology
[dna] fire wrote 58 bytes to ecology
[dna] fire wrote 28 bytes to ecology
[dna] fire wrote 25 bytes to ecology
[dna] fire wrote 53 bytes to ecology
[dna] fire wrote 18 bytes to ecology
[dna] fire wrote 112 bytes to ecology
[dna] fire wrote 52 bytes to ecology
[dna] fire wrote 32 bytes to ecology
[dna] fire wrote 146 bytes to ecology
[dna] fire wrote 22 bytes to ecology
[debug-onto] tick=50 corpus=135534 stage=2 freeze=0
[dna] fire wrote 71 bytes to ecology
[dna] fire wrote 123 bytes to ecology
[dna] fire wrote 72 bytes to ecology
[dna] fire wrote 70 bytes to ecology
[dna] fire wrote 51 bytes to ecology
[dna] fire wrote 102 bytes to ecology
[dna] fire wrote 90 bytes to ecology
[dna] fire wrote 50 bytes to ecology
[dna] fire wrote 113 bytes to ecology
[dna] fire wrote 263 bytes to ecology
[dna] fire wrote 18 bytes to ecology
[dna] fire wrote 21 bytes to ecology
[dna] fire wrote 89 bytes to ecology
[dna] fire wrote 74 bytes to ecology
[dna] fire wrote 39 bytes to ecology
[dna] fire wrote 78 bytes to ecology
[dna] fire wrote 53 bytes to ecology
[debug-onto] tick=100 corpus=135534 stage=2 freeze=0
[dna] fire wrote 55 bytes to ecology
[dna] fire wrote 34 bytes to ecology
[dna] fire wrote 26 bytes to ecology
[dna] fire wrote 92 bytes to ecology
[dna] fire wrote 23 bytes to ecology
[dna] fire wrote 73 bytes to ecology
[dna] fire wrote 26 bytes to ecology
[dna] fire wrote 104 bytes to ecology
[dna] fire wrote 35 bytes to ecology
[dna] fire wrote 10 bytes to ecology
[dna] fire wrote 16 bytes to ecology
[dna] fire wrote 73 bytes to ecology
[dna] fire wrote 66 bytes to ecology
[dna] fire wrote 17 bytes to ecology
[dna] fire wrote 22 bytes to ecology
[dna] fire wrote 113 bytes to ecology
[debug-onto] tick=150 corpus=135534 stage=2 freeze=0
[dna] fire wrote 91 bytes to ecology
[dna] fire wrote 46 bytes to ecology
[dna] fire wrote 57 bytes to ecology
[dna] fire wrote 290 bytes to ecology
[dna] fire wrote 28 bytes to ecology
[dna] fire wrote 132 bytes to ecology
[dna] fire wrote 72 bytes to ecology
[dna] fire wrote 62 bytes to ecology
[dna] fire wrote 42 bytes to ecology
[dna] fire wrote 42 bytes to ecology
[dna] fire wrote 18 bytes to ecology
[dna] fire wrote 55 bytes to ecology
[dna] fire wrote 48 bytes to ecology
[dna] fire wrote 78 bytes to ecology
[dna] fire wrote 53 bytes to ecology
[dna] fire wrote 33 bytes to ecology
[dna] fire wrote 48 bytes to ecology
[debug-onto] tick=200 corpus=135534 stage=2 freeze=0
[dna] fire wrote 151 bytes to ecology
[dna] fire wrote 18 bytes to ecology
[dna] fire wrote 94 bytes to ecology
[dna] fire wrote 129 bytes to ecology
[dna] fire wrote 49 bytes to ecology
[dna] fire wrote 13 bytes to ecology
[dna] fire wrote 37 bytes to ecology
[dna] fire wrote 110 bytes to ecology
[dna] fire wrote 116 bytes to ecology
[dna] fire wrote 130 bytes to ecology
[dna] fire wrote 203 bytes to ecology
[dna] fire wrote 96 bytes to ecology
[dna] fire wrote 60 bytes to ecology
[dna] fire wrote 49 bytes to ecology
[dna] fire wrote 62 bytes to ecology
[dna] fire wrote 45 bytes to ecology
[dna] fire wrote 18 bytes to ecology
[debug-onto] tick=250 corpus=135534 stage=2 freeze=0
[dna] fire wrote 60 bytes to ecology
[dna] fire wrote 33 bytes to ecology
[dna] fire wrote 69 bytes to ecology
[dna] fire wrote 191 bytes to ecology
[dna] fire wrote 158 bytes to ecology
[dna] fire wrote 53 bytes to ecology
[dna] fire wrote 131 bytes to ecology
[dna] fire wrote 26 bytes to ecology
[dna] fire wrote 197 bytes to ecology
[dna] fire wrote 41 bytes to ecology
[dna] fire wrote 40 bytes to ecology
[dna] fire wrote 116 bytes to ecology
[dna] fire wrote 60 bytes to ecology
[dna] fire wrote 27 bytes to ecology
[dna] fire wrote 43 bytes to ecology
[dna] fire wrote 33 bytes to ecology
[debug-onto] tick=300 corpus=135534 stage=2 freeze=0
[dna] fire wrote 40 bytes to ecology
[dna] fire wrote 63 bytes to ecology
[dna] fire wrote 47 bytes to ecology
[dna] fire wrote 74 bytes to ecology
[dna] fire wrote 37 bytes to ecology
[dna] fire wrote 64 bytes to ecology
[dna] fire wrote 117 bytes to ecology
[dna] fire wrote 34 bytes to ecology
[dna] fire wrote 30 bytes to ecology
[dna] fire wrote 70 bytes to ecology
[dna] fire wrote 28 bytes to ecology
[dna] fire wrote 66 bytes to ecology
[dna] fire wrote 130 bytes to ecology
[dna] fire wrote 51 bytes to ecology
[dna] fire wrote 74 bytes to ecology
[dna] fire wrote 228 bytes to ecology
[dna] fire wrote 12 bytes to ecology
[debug-onto] tick=350 corpus=135534 stage=2 freeze=0
[dna] fire wrote 73 bytes to ecology
[dna] fire wrote 26 bytes to ecology
[dna] fire wrote 45 bytes to ecology
[dna] fire wrote 35 bytes to ecology
[dna] fire wrote 169 bytes to ecology
[dna] fire wrote 29 bytes to ecology
[dna] fire wrote 38 bytes to ecology
[dna] fire wrote 47 bytes to ecology
[dna] fire wrote 33 bytes to ecology
[dna] fire wrote 46 bytes to ecology
[dna] fire wrote 86 bytes to ecology
[dna] fire wrote 22 bytes to ecology
[dna] fire wrote 45 bytes to ecology
[dna] fire wrote 56 bytes to ecology
[dna] fire wrote 116 bytes to ecology
[dna] fire wrote 43 bytes to ecology
[dna] fire wrote 105 bytes to ecology
[debug-onto] tick=400 corpus=135534 stage=2 freeze=0
[dna] fire wrote 30 bytes to ecology
[dna] fire wrote 77 bytes to ecology
[dna] fire wrote 35 bytes to ecology
[dna] fire wrote 12 bytes to ecology
[dna] fire wrote 51 bytes to ecology
[dna] fire wrote 114 bytes to ecology
[dna] fire wrote 41 bytes to ecology
[dna] fire wrote 67 bytes to ecology
[dna] fire wrote 65 bytes to ecology
[dna] fire wrote 167 bytes to ecology
[dna] fire wrote 39 bytes to ecology
[dna] fire wrote 82 bytes to ecology
[dna] fire wrote 21 bytes to ecology
[dna] fire wrote 52 bytes to ecology
[dna] fire wrote 93 bytes to ecology
[dna] fire wrote 15 bytes to ecology
[debug-onto] tick=450 corpus=135534 stage=2 freeze=0
[dna] fire wrote 14 bytes to ecology
[dna] fire wrote 27 bytes to ecology
[dna] fire wrote 15 bytes to ecology
[dna] fire wrote 55 bytes to ecology
[dna] fire wrote 88 bytes to ecology
[dna] fire wrote 90 bytes to ecology
[dna] fire wrote 64 bytes to ecology
[dna] fire wrote 61 bytes to ecology
[dna] fire wrote 90 bytes to ecology
[dna] fire wrote 90 bytes to ecology
[dna] fire wrote 15 bytes to ecology
[dna] fire wrote 77 bytes to ecology
[dna] fire wrote 64 bytes to ecology
[dna] fire wrote 26 bytes to ecology
[dna] fire wrote 50 bytes to ecology
[dna] fire wrote 55 bytes to ecology
[dna] fire wrote 103 bytes to ecology
[debug-onto] tick=500 corpus=135534 stage=2 freeze=0
[dna] fire wrote 115 bytes to ecology
[dna] fire wrote 13 bytes to ecology
[dna] fire wrote 50 bytes to ecology
[dna] fire wrote 67 bytes to ecology
[dna] fire wrote 69 bytes to ecology
[dna] fire wrote 35 bytes to ecology
[dna] fire wrote 67 bytes to ecology
[dna] fire wrote 15 bytes to ecology
[dna] fire wrote 135 bytes to ecology
[dna] fire wrote 16 bytes to ecology
[dna] fire wrote 44 bytes to ecology
[dna] fire wrote 35 bytes to ecology
[dna] fire wrote 39 bytes to ecology
[dna] fire wrote 98 bytes to ecology
[dna] fire wrote 55 bytes to ecology
[dna] fire wrote 65 bytes to ecology
[dna] fire wrote 51 bytes to ecology
[debug-onto] tick=550 corpus=135534 stage=2 freeze=0
[dna] fire wrote 49 bytes to ecology
[dna] fire wrote 97 bytes to ecology
[dna] fire wrote 19 bytes to ecology
[dna] fire wrote 82 bytes to ecology
[dna] fire wrote 29 bytes to ecology
[dna] fire wrote 63 bytes to ecology
[dna] fire wrote 51 bytes to ecology
[dna] fire wrote 118 bytes to ecology
[dna] fire wrote 102 bytes to ecology
[dna] fire wrote 66 bytes to ecology
[dna] fire wrote 122 bytes to ecology
[dna] fire wrote 24 bytes to ecology
[dna] fire wrote 29 bytes to ecology
[dna] fire wrote 54 bytes to ecology
[dna] fire wrote 55 bytes to ecology
[dna] fire wrote 34 bytes to ecology
[debug-onto] tick=600 corpus=135534 stage=2 freeze=0
[dna] fire wrote 33 bytes to ecology
[dna] fire wrote 58 bytes to ecology
[dna] fire wrote 36 bytes to ecology
[dna] fire wrote 60 bytes to ecology
[dna] fire wrote 108 bytes to ecology
[dna] fire wrote 39 bytes to ecology
[dna] fire wrote 35 bytes to ecology
[dna] fire wrote 42 bytes to ecology
[dna] fire wrote 107 bytes to ecology
[dna] fire wrote 67 bytes to ecology
[dna] fire wrote 63 bytes to ecology
[dna] fire wrote 67 bytes to ecology
[dna] fire wrote 47 bytes to ecology
[dna] fire wrote 19 bytes to ecology
[dna] fire wrote 155 bytes to ecology
[dna] fire wrote 28 bytes to ecology
[dna] fire wrote 220 bytes to ecology
[debug-onto] tick=650 corpus=135534 stage=2 freeze=0
[dna] fire wrote 54 bytes to ecology
[dna] fire wrote 42 bytes to ecology
[dna] fire wrote 78 bytes to ecology
[dna] fire wrote 28 bytes to ecology
[dna] fire wrote 92 bytes to ecology
[dna] fire wrote 43 bytes to ecology
[dna] fire wrote 46 bytes to ecology
[dna] fire wrote 57 bytes to ecology
[dna] fire wrote 47 bytes to ecology
[dna] fire wrote 42 bytes to ecology
[dna] fire wrote 151 bytes to ecology
[dna] fire wrote 30 bytes to ecology

[evolution] Organism shutting down gracefully.
