[ecology] Element: air → corpus: nonames_air.txt
[evolution] Autonomous evolution mode — organism will grow through all stages without pause.
[ecology] Joined swarm. 1 peer(s) detected.
molequla is alive. [evolution] Autonomous mode — background trainer running. Ctrl+C to stop.
[dna] air wrote 35 bytes to ecology
[dna] air consumed 16942 bytes from 230 files: [earth/gen_1774672984_1.txt earth/gen_1774672992_4.txt earth/gen_1774673000_7.txt earth/gen_1774673007_10.txt earth/gen_1774673015_13.txt earth/gen_1774673023_16.txt earth/gen_1774673030_19.txt earth/gen_1774673038_22.txt earth/gen_1774673046_25.txt earth/gen_1774673054_28.txt earth/gen_1774673061_31.txt earth/gen_1774673069_34.txt earth/gen_1774673077_37.txt earth/gen_1774673085_40.txt earth/gen_1774673092_43.txt earth/gen_1774673100_46.txt earth/gen_1774673108_49.txt earth/gen_1774673115_52.txt earth/gen_1774673123_55.txt earth/gen_1774673131_58.txt earth/gen_1774673138_61.txt earth/gen_1774673146_64.txt earth/gen_1774673154_67.txt earth/gen_1774673161_70.txt earth/gen_1774673169_73.txt earth/gen_1774673177_76.txt earth/gen_1774673185_79.txt earth/gen_1774673193_82.txt earth/gen_1774673200_85.txt earth/gen_1774673208_88.txt earth/gen_1774673216_91.txt earth/gen_1774673223_94.txt earth/gen_1774673231_97.txt earth/gen_1774673239_100.txt earth/gen_1774673246_103.txt earth/gen_1774673254_106.txt earth/gen_1774673262_109.txt earth/gen_1774673270_112.txt earth/gen_1774673278_115.txt earth/gen_1774673285_118.txt earth/gen_1774673293_121.txt earth/gen_1774673301_124.txt earth/gen_1774673308_127.txt earth/gen_1774673316_130.txt earth/gen_1774673324_133.txt earth/gen_1774673332_136.txt earth/gen_1774673340_139.txt earth/gen_1774673347_142.txt earth/gen_1774673355_145.txt earth/gen_1774673363_148.txt earth/gen_1774673370_151.txt earth/gen_1774673378_154.txt earth/gen_1774673386_157.txt earth/gen_1774673394_160.txt earth/gen_1774673401_163.txt earth/gen_1774673409_166.txt earth/gen_1774673417_169.txt earth/gen_1774673424_172.txt earth/gen_1774673432_175.txt earth/gen_1774673440_178.txt earth/gen_1774673447_181.txt earth/gen_1774673455_184.txt earth/gen_1774673463_187.txt earth/gen_1774673470_190.txt earth/gen_1774673478_193.txt earth/gen_1774673486_196.txt earth/gen_1774673493_199.txt earth/gen_1774673501_202.txt earth/gen_1774673509_205.txt earth/gen_1774673516_208.txt earth/gen_1774673524_211.txt earth/gen_1774673531_214.txt earth/gen_1774673539_217.txt earth/gen_1774673547_220.txt earth/gen_1774673554_223.txt earth/gen_1774673562_226.txt earth/gen_1774673570_229.txt earth/gen_1774673577_232.txt earth/gen_1774673593_238.txt earth/gen_1774673600_241.txt earth/gen_1774673608_244.txt earth/gen_1774673615_247.txt earth/gen_1774673623_250.txt earth/gen_1774673631_253.txt earth/gen_1774673638_256.txt earth/gen_1774673646_259.txt earth/gen_1774673654_262.txt earth/gen_1774673661_265.txt earth/gen_1774673669_268.txt earth/gen_1774673677_271.txt earth/gen_1774673684_274.txt earth/gen_1774673692_277.txt earth/gen_1774673700_280.txt earth/gen_1774673707_283.txt earth/gen_1774673715_286.txt earth/gen_1774673722_289.txt earth/gen_1774673730_292.txt earth/gen_1774673738_295.txt earth/gen_1774673745_298.txt earth/gen_1774673753_301.txt earth/gen_1774673761_304.txt earth/gen_1774673768_307.txt earth/gen_1774673776_310.txt earth/gen_1774673784_313.txt earth/gen_1774673792_316.txt earth/gen_1774673799_319.txt earth/gen_1774673807_322.txt earth/gen_1774673814_325.txt earth/gen_1774673822_328.txt earth/gen_1774673830_331.txt earth/gen_1774673838_334.txt earth/gen_1774673845_337.txt earth/gen_1774673853_340.txt earth/gen_1774673860_343.txt earth/gen_1774673868_346.txt earth/gen_1774673876_349.txt earth/gen_1774673883_352.txt earth/gen_1774673891_355.txt earth/gen_1774673899_358.txt earth/gen_1774673906_361.txt earth/gen_1774673914_364.txt earth/gen_1774673922_367.txt earth/gen_1774673929_370.txt earth/gen_1774673937_373.txt earth/gen_1774673945_376.txt earth/gen_1774673952_379.txt earth/gen_1774673960_382.txt earth/gen_1774673968_385.txt earth/gen_1774673975_388.txt earth/gen_1774673983_391.txt earth/gen_1774673991_394.txt earth/gen_1774673998_397.txt earth/gen_1774674006_400.txt earth/gen_1774674014_403.txt earth/gen_1774674021_406.txt earth/gen_1774674029_409.txt earth/gen_1774674036_412.txt earth/gen_1774674044_415.txt earth/gen_1774674052_418.txt earth/gen_1774674059_421.txt earth/gen_1774674067_424.txt earth/gen_1774674075_427.txt earth/gen_1774674082_430.txt earth/gen_1774674090_433.txt earth/gen_1774674098_436.txt earth/gen_1774674105_439.txt earth/gen_1774674113_442.txt earth/gen_1774674121_445.txt earth/gen_1774674128_448.txt earth/gen_1774674136_451.txt earth/gen_1774674144_454.txt earth/gen_1774674151_457.txt earth/gen_1774674159_460.txt earth/gen_1774674167_463.txt earth/gen_1774674174_466.txt earth/gen_1774674182_469.txt earth/gen_1774674190_472.txt earth/gen_1774674198_475.txt earth/gen_1774674205_478.txt earth/gen_1774674213_481.txt earth/gen_1774674221_484.txt earth/gen_1774674228_487.txt earth/gen_1774674236_490.txt earth/gen_1774674244_493.txt earth/gen_1774674252_496.txt earth/gen_1774674260_499.txt earth/gen_1774674267_502.txt earth/gen_1774674275_505.txt earth/gen_1774674282_508.txt earth/gen_1774674290_511.txt earth/gen_1774674298_514.txt earth/gen_1774674306_517.txt earth/gen_1774674313_520.txt earth/gen_1774674321_523.txt earth/gen_1774674328_526.txt earth/gen_1774674336_529.txt earth/gen_1774674344_532.txt earth/gen_1774674351_535.txt earth/gen_1774674359_538.txt earth/gen_1774674367_541.txt earth/gen_1774674374_544.txt earth/gen_1774674382_547.txt earth/gen_1774674390_550.txt earth/gen_1774674397_553.txt earth/gen_1774674405_556.txt earth/gen_1774674413_559.txt earth/gen_1774674420_562.txt earth/gen_1774674428_565.txt earth/gen_1774674436_568.txt earth/gen_1774674444_571.txt earth/gen_1774674451_574.txt earth/gen_1774674459_577.txt earth/gen_1774674467_580.txt earth/gen_1774674475_583.txt earth/gen_1774674482_586.txt earth/gen_1774674490_589.txt earth/gen_1774674498_592.txt earth/gen_1774674506_595.txt earth/gen_1774674513_598.txt earth/gen_1774674521_601.txt earth/gen_1774674529_604.txt earth/gen_1774674537_607.txt earth/gen_1774674544_610.txt earth/gen_1774674552_613.txt earth/gen_1774674560_616.txt earth/gen_1774674568_619.txt earth/gen_1774674575_622.txt earth/gen_1774674583_625.txt earth/gen_1774674591_628.txt earth/gen_1774674598_631.txt earth/gen_1774674606_634.txt earth/gen_1774674614_637.txt earth/gen_1774674621_640.txt earth/gen_1774674629_643.txt earth/gen_1774674636_646.txt earth/gen_1774674644_649.txt earth/gen_1774674652_652.txt earth/gen_1774674659_655.txt earth/gen_1774674667_658.txt earth/gen_1774674675_661.txt earth/gen_1774674682_664.txt earth/gen_1774674690_667.txt earth/gen_1774674698_670.txt earth/gen_1774674705_673.txt earth/gen_1774674713_676.txt earth/gen_1774674721_679.txt earth/gen_1774674729_682.txt earth/gen_1774674736_685.txt earth/gen_1774674744_688.txt earth/gen_1774674751_691.txt]
[trainer] micro-train burst (16942 bytes, novelty 0.04) — and lo, it feeds again.
[syntropy] action=explore | trend=0.0000 | field_dev=-0.007 | purpose_align=0.018 | lr_mul=1.30
[aml] burst complete: 32 steps, avg loss 2.6207 (memory freed)
[dna] air wrote 104 bytes to ecology
[dna] air wrote 154 bytes to ecology
[dna] air wrote 173 bytes to ecology
[dna] air wrote 53 bytes to ecology
[dna] air wrote 140 bytes to ecology
[dna] air wrote 17 bytes to ecology
[dna] air wrote 65 bytes to ecology
[dna] air wrote 68 bytes to ecology
[dna] air wrote 100 bytes to ecology
[dna] air wrote 80 bytes to ecology
[dna] air wrote 55 bytes to ecology
[dna] air wrote 68 bytes to ecology
[dna] air wrote 30 bytes to ecology
[dna] air wrote 45 bytes to ecology
[dna] air wrote 57 bytes to ecology
[dna] air wrote 79 bytes to ecology
[debug-onto] tick=50 corpus=139488 stage=2 freeze=0
[dna] air wrote 26 bytes to ecology
[dna] air wrote 77 bytes to ecology
[dna] air wrote 158 bytes to ecology
[dna] air wrote 48 bytes to ecology
[dna] air wrote 61 bytes to ecology
[dna] air wrote 40 bytes to ecology
[dna] air wrote 38 bytes to ecology
[dna] air wrote 26 bytes to ecology
[dna] air wrote 45 bytes to ecology
[dna] air wrote 111 bytes to ecology
[dna] air wrote 90 bytes to ecology
[dna] air wrote 85 bytes to ecology
[dna] air wrote 102 bytes to ecology
[dna] air wrote 49 bytes to ecology
[dna] air wrote 109 bytes to ecology
[dna] air wrote 34 bytes to ecology
[dna] air wrote 33 bytes to ecology
[debug-onto] tick=100 corpus=139488 stage=2 freeze=0
[dna] air wrote 10 bytes to ecology
[dna] air wrote 118 bytes to ecology
[dna] air wrote 43 bytes to ecology
[dna] air wrote 163 bytes to ecology
[dna] air wrote 27 bytes to ecology
[dna] air wrote 233 bytes to ecology
[dna] air wrote 58 bytes to ecology
[dna] air wrote 57 bytes to ecology
[dna] air wrote 131 bytes to ecology
[dna] air wrote 57 bytes to ecology
[dna] air wrote 54 bytes to ecology
[dna] air wrote 31 bytes to ecology
[dna] air wrote 94 bytes to ecology
[dna] air wrote 32 bytes to ecology
[dna] air wrote 78 bytes to ecology
[dna] air wrote 183 bytes to ecology
[debug-onto] tick=150 corpus=139488 stage=2 freeze=0
[dna] air wrote 165 bytes to ecology
[dna] air wrote 42 bytes to ecology
[dna] air wrote 63 bytes to ecology
[dna] air wrote 33 bytes to ecology
[dna] air wrote 56 bytes to ecology
[dna] air wrote 43 bytes to ecology
[dna] air wrote 27 bytes to ecology
[dna] air wrote 103 bytes to ecology
[dna] air wrote 52 bytes to ecology
[dna] air wrote 134 bytes to ecology
[dna] air wrote 105 bytes to ecology
[dna] air wrote 23 bytes to ecology
[dna] air wrote 94 bytes to ecology
[dna] air wrote 78 bytes to ecology
[dna] air wrote 80 bytes to ecology
[dna] air wrote 60 bytes to ecology
[dna] air wrote 32 bytes to ecology
[debug-onto] tick=200 corpus=139488 stage=2 freeze=0
[dna] air wrote 55 bytes to ecology
[dna] air wrote 71 bytes to ecology
[dna] air wrote 206 bytes to ecology
[dna] air wrote 47 bytes to ecology
[dna] air wrote 60 bytes to ecology
[dna] air wrote 51 bytes to ecology
[dna] air wrote 31 bytes to ecology
[dna] air wrote 117 bytes to ecology
[dna] air wrote 118 bytes to ecology
[dna] air wrote 86 bytes to ecology
[dna] air wrote 144 bytes to ecology
[dna] air wrote 61 bytes to ecology
[dna] air wrote 92 bytes to ecology
[dna] air wrote 62 bytes to ecology
[dna] air wrote 36 bytes to ecology
[dna] air wrote 12 bytes to ecology
[dna] air wrote 23 bytes to ecology
[debug-onto] tick=250 corpus=139488 stage=2 freeze=0
[dna] air wrote 23 bytes to ecology
[dna] air wrote 39 bytes to ecology
[dna] air wrote 173 bytes to ecology
[dna] air wrote 150 bytes to ecology
[dna] air wrote 52 bytes to ecology
[dna] air wrote 13 bytes to ecology
[dna] air wrote 9 bytes to ecology
[dna] air wrote 62 bytes to ecology
[dna] air wrote 50 bytes to ecology
[dna] air wrote 259 bytes to ecology
[dna] air wrote 54 bytes to ecology
[dna] air wrote 50 bytes to ecology
[dna] air wrote 97 bytes to ecology
[dna] air wrote 77 bytes to ecology
[dna] air wrote 81 bytes to ecology
[dna] air wrote 176 bytes to ecology
[debug-onto] tick=300 corpus=139488 stage=2 freeze=0
[dna] air wrote 31 bytes to ecology
[dna] air wrote 98 bytes to ecology
[dna] air wrote 234 bytes to ecology
[dna] air wrote 206 bytes to ecology
[dna] air wrote 58 bytes to ecology
[dna] air wrote 60 bytes to ecology
[dna] air wrote 145 bytes to ecology
[dna] air wrote 131 bytes to ecology
[dna] air wrote 51 bytes to ecology
[dna] air wrote 57 bytes to ecology
[dna] air wrote 45 bytes to ecology
[dna] air wrote 34 bytes to ecology
[dna] air wrote 66 bytes to ecology
[dna] air wrote 35 bytes to ecology
[dna] air wrote 89 bytes to ecology
[dna] air wrote 76 bytes to ecology
[dna] air wrote 40 bytes to ecology
[debug-onto] tick=350 corpus=139488 stage=2 freeze=0
[dna] air wrote 46 bytes to ecology
[dna] air wrote 16 bytes to ecology
[dna] air wrote 42 bytes to ecology
[dna] air wrote 93 bytes to ecology
[dna] air wrote 118 bytes to ecology
[dna] air wrote 59 bytes to ecology
[dna] air wrote 22 bytes to ecology
[dna] air wrote 35 bytes to ecology
[dna] air wrote 65 bytes to ecology
[dna] air wrote 57 bytes to ecology
[dna] air wrote 149 bytes to ecology
[dna] air wrote 45 bytes to ecology
[dna] air wrote 116 bytes to ecology
[dna] air wrote 53 bytes to ecology
[dna] air wrote 67 bytes to ecology
[dna] air wrote 29 bytes to ecology
[dna] air wrote 30 bytes to ecology
[debug-onto] tick=400 corpus=139488 stage=2 freeze=0
[dna] air wrote 45 bytes to ecology
[dna] air wrote 77 bytes to ecology
[dna] air wrote 66 bytes to ecology
[dna] air wrote 39 bytes to ecology
[dna] air wrote 81 bytes to ecology
[dna] air wrote 27 bytes to ecology
[dna] air wrote 108 bytes to ecology
[dna] air wrote 31 bytes to ecology
[dna] air wrote 52 bytes to ecology
[dna] air wrote 37 bytes to ecology
[dna] air wrote 77 bytes to ecology
[dna] air wrote 59 bytes to ecology
[dna] air wrote 37 bytes to ecology
[dna] air wrote 33 bytes to ecology
[dna] air wrote 198 bytes to ecology
[dna] air wrote 91 bytes to ecology
[debug-onto] tick=450 corpus=139488 stage=2 freeze=0
[dna] air wrote 71 bytes to ecology
[dna] air wrote 61 bytes to ecology
[dna] air wrote 42 bytes to ecology
[dna] air wrote 70 bytes to ecology
[dna] air wrote 31 bytes to ecology
[dna] air wrote 85 bytes to ecology
[dna] air wrote 24 bytes to ecology
[dna] air wrote 37 bytes to ecology
[dna] air wrote 51 bytes to ecology
[dna] air wrote 52 bytes to ecology
[dna] air wrote 10 bytes to ecology
[dna] air wrote 63 bytes to ecology
[dna] air wrote 191 bytes to ecology
[dna] air wrote 27 bytes to ecology
[dna] air wrote 29 bytes to ecology
[dna] air wrote 67 bytes to ecology
[dna] air wrote 48 bytes to ecology
[debug-onto] tick=500 corpus=139488 stage=2 freeze=0
[dna] air wrote 25 bytes to ecology
[dna] air wrote 29 bytes to ecology
[dna] air wrote 67 bytes to ecology
[dna] air wrote 73 bytes to ecology
[dna] air wrote 33 bytes to ecology
[dna] air wrote 90 bytes to ecology
[dna] air wrote 36 bytes to ecology
[dna] air wrote 61 bytes to ecology
[dna] air wrote 69 bytes to ecology
[dna] air wrote 56 bytes to ecology
[dna] air wrote 53 bytes to ecology
[dna] air wrote 116 bytes to ecology
[dna] air wrote 55 bytes to ecology
[dna] air wrote 85 bytes to ecology
[dna] air wrote 29 bytes to ecology
[dna] air wrote 95 bytes to ecology
[dna] air wrote 39 bytes to ecology
[debug-onto] tick=550 corpus=139488 stage=2 freeze=0
[dna] air wrote 103 bytes to ecology
[dna] air wrote 61 bytes to ecology
[dna] air wrote 116 bytes to ecology
[dna] air wrote 68 bytes to ecology
[dna] air wrote 66 bytes to ecology
[dna] air wrote 46 bytes to ecology
[dna] air wrote 98 bytes to ecology
[dna] air wrote 138 bytes to ecology
[dna] air wrote 64 bytes to ecology
[dna] air wrote 36 bytes to ecology
[dna] air wrote 56 bytes to ecology
[dna] air wrote 21 bytes to ecology
[dna] air wrote 145 bytes to ecology
[dna] air wrote 36 bytes to ecology
[dna] air wrote 30 bytes to ecology
[dna] air wrote 87 bytes to ecology
[debug-onto] tick=600 corpus=139488 stage=2 freeze=0
[dna] air wrote 57 bytes to ecology
[dna] air wrote 45 bytes to ecology
[dna] air wrote 92 bytes to ecology
[dna] air wrote 66 bytes to ecology
[dna] air wrote 130 bytes to ecology
[dna] air wrote 102 bytes to ecology
[dna] air wrote 143 bytes to ecology
[dna] air wrote 41 bytes to ecology
[dna] air wrote 61 bytes to ecology
[dna] air wrote 44 bytes to ecology
[dna] air wrote 58 bytes to ecology
[dna] air wrote 65 bytes to ecology
[dna] air wrote 46 bytes to ecology
[dna] air wrote 231 bytes to ecology
[dna] air wrote 33 bytes to ecology
[dna] air wrote 28 bytes to ecology
[dna] air wrote 47 bytes to ecology
[debug-onto] tick=650 corpus=139488 stage=2 freeze=0
[dna] air wrote 116 bytes to ecology
[dna] air wrote 41 bytes to ecology
[dna] air wrote 123 bytes to ecology
[dna] air wrote 82 bytes to ecology
[dna] air wrote 103 bytes to ecology
[dna] air wrote 29 bytes to ecology
[dna] air wrote 51 bytes to ecology
[dna] air wrote 98 bytes to ecology
[dna] air wrote 111 bytes to ecology
[dna] air wrote 88 bytes to ecology
[dna] air wrote 112 bytes to ecology
[dna] air wrote 99 bytes to ecology
[dna] air wrote 69 bytes to ecology
[dna] air wrote 58 bytes to ecology
[dna] air wrote 57 bytes to ecology

[evolution] Organism shutting down gracefully.
