[ecology] Element: water → corpus: nonames_water.txt
[evolution] Autonomous evolution mode — organism will grow through all stages without pause.
[ecology] Joined swarm. 1 peer(s) detected.
molequla is alive. [evolution] Autonomous mode — background trainer running. Ctrl+C to stop.
[dna] water wrote 28 bytes to ecology
[dna] water consumed 16874 bytes from 232 files: [air/gen_1774674757_1.txt air/gen_1774674772_4.txt air/gen_1774674780_7.txt air/gen_1774674787_10.txt air/gen_1774674795_13.txt air/gen_1774674803_16.txt air/gen_1774674810_19.txt air/gen_1774674818_22.txt air/gen_1774674826_25.txt air/gen_1774674833_28.txt air/gen_1774674841_31.txt air/gen_1774674849_34.txt air/gen_1774674856_37.txt air/gen_1774674864_40.txt air/gen_1774674872_43.txt air/gen_1774674880_46.txt air/gen_1774674887_49.txt air/gen_1774674895_52.txt air/gen_1774674903_55.txt air/gen_1774674911_58.txt air/gen_1774674918_61.txt air/gen_1774674926_64.txt air/gen_1774674933_67.txt air/gen_1774674941_70.txt air/gen_1774674949_73.txt air/gen_1774674956_76.txt air/gen_1774674964_79.txt air/gen_1774674971_82.txt air/gen_1774674979_85.txt air/gen_1774674987_88.txt air/gen_1774674994_91.txt air/gen_1774675002_94.txt air/gen_1774675010_97.txt air/gen_1774675017_100.txt air/gen_1774675025_103.txt air/gen_1774675033_106.txt air/gen_1774675040_109.txt air/gen_1774675048_112.txt air/gen_1774675056_115.txt air/gen_1774675063_118.txt air/gen_1774675071_121.txt air/gen_1774675079_124.txt air/gen_1774675086_127.txt air/gen_1774675094_130.txt air/gen_1774675102_133.txt air/gen_1774675109_136.txt air/gen_1774675117_139.txt air/gen_1774675125_142.txt air/gen_1774675132_145.txt air/gen_1774675140_148.txt air/gen_1774675148_151.txt air/gen_1774675155_154.txt air/gen_1774675163_157.txt air/gen_1774675171_160.txt air/gen_1774675179_163.txt air/gen_1774675186_166.txt air/gen_1774675194_169.txt air/gen_1774675202_172.txt air/gen_1774675209_175.txt air/gen_1774675217_178.txt air/gen_1774675224_181.txt air/gen_1774675232_184.txt air/gen_1774675240_187.txt air/gen_1774675247_190.txt air/gen_1774675255_193.txt air/gen_1774675263_196.txt air/gen_1774675271_199.txt air/gen_1774675278_202.txt air/gen_1774675286_205.txt air/gen_1774675294_208.txt air/gen_1774675302_211.txt air/gen_1774675309_214.txt air/gen_1774675317_217.txt air/gen_1774675325_220.txt air/gen_1774675333_223.txt air/gen_1774675341_226.txt air/gen_1774675349_229.txt air/gen_1774675356_232.txt air/gen_1774675364_235.txt air/gen_1774675372_238.txt air/gen_1774675379_241.txt air/gen_1774675387_244.txt air/gen_1774675395_247.txt air/gen_1774675403_250.txt air/gen_1774675411_253.txt air/gen_1774675419_256.txt air/gen_1774675426_259.txt air/gen_1774675434_262.txt air/gen_1774675442_265.txt air/gen_1774675450_268.txt air/gen_1774675457_271.txt air/gen_1774675465_274.txt air/gen_1774675473_277.txt air/gen_1774675481_280.txt air/gen_1774675489_283.txt air/gen_1774675496_286.txt air/gen_1774675504_289.txt air/gen_1774675512_292.txt air/gen_1774675520_295.txt air/gen_1774675528_298.txt air/gen_1774675535_301.txt air/gen_1774675543_304.txt air/gen_1774675551_307.txt air/gen_1774675559_310.txt air/gen_1774675567_313.txt air/gen_1774675575_316.txt air/gen_1774675583_319.txt air/gen_1774675590_322.txt air/gen_1774675598_325.txt air/gen_1774675606_328.txt air/gen_1774675614_331.txt air/gen_1774675621_334.txt air/gen_1774675629_337.txt air/gen_1774675637_340.txt air/gen_1774675644_343.txt air/gen_1774675652_346.txt air/gen_1774675660_349.txt air/gen_1774675668_352.txt air/gen_1774675675_355.txt air/gen_1774675683_358.txt air/gen_1774675691_361.txt air/gen_1774675699_364.txt air/gen_1774675707_367.txt air/gen_1774675714_370.txt air/gen_1774675722_373.txt air/gen_1774675730_376.txt air/gen_1774675738_379.txt air/gen_1774675746_382.txt air/gen_1774675754_385.txt air/gen_1774675761_388.txt air/gen_1774675769_391.txt air/gen_1774675777_394.txt air/gen_1774675785_397.txt air/gen_1774675793_400.txt air/gen_1774675801_403.txt air/gen_1774675808_406.txt air/gen_1774675816_409.txt air/gen_1774675824_412.txt air/gen_1774675832_415.txt air/gen_1774675840_418.txt air/gen_1774675848_421.txt air/gen_1774675855_424.txt air/gen_1774675863_427.txt air/gen_1774675871_430.txt air/gen_1774675879_433.txt air/gen_1774675887_436.txt air/gen_1774675895_439.txt air/gen_1774675902_442.txt air/gen_1774675910_445.txt air/gen_1774675918_448.txt air/gen_1774675926_451.txt air/gen_1774675934_454.txt air/gen_1774675942_457.txt air/gen_1774675950_460.txt air/gen_1774675958_463.txt air/gen_1774675966_466.txt air/gen_1774675973_469.txt air/gen_1774675981_472.txt air/gen_1774675989_475.txt air/gen_1774675997_478.txt air/gen_1774676005_481.txt air/gen_1774676013_484.txt air/gen_1774676021_487.txt air/gen_1774676029_490.txt air/gen_1774676036_493.txt air/gen_1774676044_496.txt air/gen_1774676052_499.txt air/gen_1774676060_502.txt air/gen_1774676068_505.txt air/gen_1774676075_508.txt air/gen_1774676083_511.txt air/gen_1774676091_514.txt air/gen_1774676099_517.txt air/gen_1774676107_520.txt air/gen_1774676115_523.txt air/gen_1774676122_526.txt air/gen_1774676130_529.txt air/gen_1774676138_532.txt air/gen_1774676146_535.txt air/gen_1774676153_538.txt air/gen_1774676161_541.txt air/gen_1774676169_544.txt air/gen_1774676176_547.txt air/gen_1774676184_550.txt air/gen_1774676192_553.txt air/gen_1774676200_556.txt air/gen_1774676207_559.txt air/gen_1774676215_562.txt air/gen_1774676222_565.txt air/gen_1774676230_568.txt air/gen_1774676238_571.txt air/gen_1774676245_574.txt air/gen_1774676253_577.txt air/gen_1774676261_580.txt air/gen_1774676268_583.txt air/gen_1774676276_586.txt air/gen_1774676284_589.txt air/gen_1774676291_592.txt air/gen_1774676299_595.txt air/gen_1774676306_598.txt air/gen_1774676314_601.txt air/gen_1774676322_604.txt air/gen_1774676329_607.txt air/gen_1774676337_610.txt air/gen_1774676345_613.txt air/gen_1774676352_616.txt air/gen_1774676360_619.txt air/gen_1774676368_622.txt air/gen_1774676375_625.txt air/gen_1774676383_628.txt air/gen_1774676391_631.txt air/gen_1774676398_634.txt air/gen_1774676406_637.txt air/gen_1774676414_640.txt air/gen_1774676421_643.txt air/gen_1774676429_646.txt air/gen_1774676436_649.txt air/gen_1774676444_652.txt air/gen_1774676452_655.txt air/gen_1774676459_658.txt air/gen_1774676467_661.txt air/gen_1774676475_664.txt air/gen_1774676482_667.txt air/gen_1774676490_670.txt air/gen_1774676498_673.txt air/gen_1774676505_676.txt air/gen_1774676513_679.txt air/gen_1774676521_682.txt air/gen_1774676528_685.txt air/gen_1774676536_688.txt air/gen_1774676543_691.txt air/gen_1774676551_694.txt]
[trainer] micro-train burst (16874 bytes, novelty 0.03) — and lo, it feeds again.
[syntropy] action=explore | trend=0.0000 | field_dev=-0.020 | purpose_align=0.001 | lr_mul=1.30
[aml] burst complete: 32 steps, avg loss 1.7641 (memory freed)
[dna] water wrote 16 bytes to ecology
[dna] water wrote 93 bytes to ecology
[dna] water wrote 53 bytes to ecology
[dna] water wrote 64 bytes to ecology
[dna] water wrote 37 bytes to ecology
[dna] water wrote 61 bytes to ecology
[dna] water wrote 33 bytes to ecology
[dna] water wrote 64 bytes to ecology
[dna] water wrote 52 bytes to ecology
[dna] water wrote 33 bytes to ecology
[dna] water wrote 51 bytes to ecology
[dna] water wrote 171 bytes to ecology
[dna] water wrote 55 bytes to ecology
[dna] water wrote 44 bytes to ecology
[dna] water wrote 67 bytes to ecology
[dna] water wrote 39 bytes to ecology
[dna] water wrote 24 bytes to ecology
[dna] water wrote 80 bytes to ecology
[dna] water wrote 20 bytes to ecology
[dna] water wrote 41 bytes to ecology
[dna] water wrote 40 bytes to ecology
[dna] water wrote 99 bytes to ecology
[dna] water wrote 35 bytes to ecology
[dna] water wrote 74 bytes to ecology
[dna] water wrote 31 bytes to ecology
[dna] water wrote 87 bytes to ecology
[dna] water wrote 6 bytes to ecology
[dna] water wrote 46 bytes to ecology
[dna] water wrote 26 bytes to ecology
[dna] water wrote 10 bytes to ecology
[dna] water wrote 43 bytes to ecology
[dna] water wrote 41 bytes to ecology
[dna] water wrote 149 bytes to ecology
[dna] water wrote 28 bytes to ecology
[dna] water wrote 41 bytes to ecology
[dna] water wrote 75 bytes to ecology
[dna] water wrote 135 bytes to ecology
[dna] water wrote 25 bytes to ecology
[dna] water wrote 70 bytes to ecology
[debug-onto] tick=50 corpus=142803 stage=2 freeze=0
[dna] water wrote 221 bytes to ecology
[dna] water wrote 70 bytes to ecology
[dna] water wrote 65 bytes to ecology
[dna] water wrote 34 bytes to ecology
[dna] water wrote 76 bytes to ecology
[dna] water wrote 132 bytes to ecology
[dna] water wrote 73 bytes to ecology
[dna] water wrote 76 bytes to ecology
[dna] water wrote 47 bytes to ecology
[dna] water wrote 82 bytes to ecology
[dna] water wrote 113 bytes to ecology
[dna] water wrote 33 bytes to ecology
[dna] water wrote 39 bytes to ecology
[dna] water wrote 37 bytes to ecology
[dna] water wrote 71 bytes to ecology
[dna] water wrote 18 bytes to ecology
[dna] water wrote 62 bytes to ecology
[dna] water wrote 21 bytes to ecology
[dna] water wrote 36 bytes to ecology
[dna] water wrote 14 bytes to ecology
[dna] water wrote 43 bytes to ecology
[dna] water wrote 60 bytes to ecology
[dna] water wrote 32 bytes to ecology
[dna] water wrote 133 bytes to ecology
[dna] water wrote 57 bytes to ecology
[dna] water wrote 81 bytes to ecology
[dna] water wrote 68 bytes to ecology
[dna] water wrote 101 bytes to ecology
[dna] water wrote 98 bytes to ecology
[dna] water wrote 21 bytes to ecology
[dna] water wrote 165 bytes to ecology
[dna] water wrote 86 bytes to ecology
[dna] water wrote 39 bytes to ecology
[dna] water wrote 36 bytes to ecology
[dna] water wrote 126 bytes to ecology
[dna] water wrote 82 bytes to ecology
[dna] water wrote 170 bytes to ecology
[dna] water wrote 14 bytes to ecology
[dna] water wrote 32 bytes to ecology
[dna] water wrote 37 bytes to ecology
[dna] water wrote 92 bytes to ecology
[dna] water wrote 33 bytes to ecology
[debug-onto] tick=100 corpus=142803 stage=2 freeze=0
[dna] water wrote 59 bytes to ecology
[dna] water wrote 35 bytes to ecology
[dna] water wrote 72 bytes to ecology
[dna] water wrote 89 bytes to ecology
[dna] water wrote 102 bytes to ecology
[dna] water wrote 32 bytes to ecology
[dna] water wrote 40 bytes to ecology
[dna] water wrote 26 bytes to ecology
[dna] water wrote 39 bytes to ecology
[dna] water wrote 27 bytes to ecology
[dna] water wrote 139 bytes to ecology
[dna] water wrote 69 bytes to ecology
[dna] water wrote 89 bytes to ecology
[dna] water wrote 73 bytes to ecology
[dna] water wrote 10 bytes to ecology
[dna] water wrote 121 bytes to ecology
[dna] water wrote 67 bytes to ecology
[dna] water wrote 41 bytes to ecology
[dna] water wrote 13 bytes to ecology
[dna] water wrote 13 bytes to ecology
[dna] water wrote 38 bytes to ecology
[dna] water wrote 22 bytes to ecology
[dna] water wrote 45 bytes to ecology
[dna] water wrote 56 bytes to ecology
[dna] water wrote 39 bytes to ecology
[dna] water wrote 86 bytes to ecology
[dna] water wrote 79 bytes to ecology
[dna] water wrote 28 bytes to ecology
[dna] water wrote 22 bytes to ecology
[dna] water wrote 190 bytes to ecology
[dna] water wrote 51 bytes to ecology
[dna] water wrote 30 bytes to ecology
[dna] water wrote 18 bytes to ecology
[dna] water wrote 9 bytes to ecology
[dna] water wrote 17 bytes to ecology
[dna] water wrote 39 bytes to ecology
[dna] water wrote 57 bytes to ecology
[dna] water wrote 25 bytes to ecology
[dna] water wrote 68 bytes to ecology
[dna] water wrote 35 bytes to ecology
[debug-onto] tick=150 corpus=142803 stage=2 freeze=0
[dna] water wrote 33 bytes to ecology
[dna] water wrote 187 bytes to ecology
[dna] water wrote 84 bytes to ecology
[dna] water wrote 110 bytes to ecology
[dna] water wrote 184 bytes to ecology
[dna] water wrote 10 bytes to ecology
[dna] water wrote 60 bytes to ecology
[dna] water wrote 37 bytes to ecology
[dna] water wrote 52 bytes to ecology
[dna] water wrote 35 bytes to ecology
[dna] water wrote 49 bytes to ecology
[dna] water wrote 35 bytes to ecology
[dna] water wrote 43 bytes to ecology
[dna] water wrote 60 bytes to ecology
[dna] water wrote 42 bytes to ecology
[dna] water wrote 125 bytes to ecology
[dna] water wrote 43 bytes to ecology
[dna] water wrote 59 bytes to ecology
[dna] water wrote 81 bytes to ecology
[dna] water wrote 102 bytes to ecology
[dna] water wrote 12 bytes to ecology
[dna] water wrote 78 bytes to ecology
[dna] water wrote 58 bytes to ecology
[dna] water wrote 15 bytes to ecology
[dna] water wrote 50 bytes to ecology
[dna] water wrote 38 bytes to ecology
[dna] water wrote 92 bytes to ecology
[dna] water wrote 25 bytes to ecology
[dna] water wrote 80 bytes to ecology
[dna] water wrote 53 bytes to ecology
[dna] water wrote 127 bytes to ecology
[dna] water wrote 22 bytes to ecology
[dna] water wrote 43 bytes to ecology
[dna] water wrote 91 bytes to ecology
[dna] water wrote 70 bytes to ecology
[dna] water wrote 82 bytes to ecology
[dna] water wrote 17 bytes to ecology
[dna] water wrote 255 bytes to ecology
[dna] water wrote 92 bytes to ecology
[debug-onto] tick=200 corpus=142803 stage=2 freeze=0
[dna] water wrote 21 bytes to ecology
[dna] water wrote 49 bytes to ecology
[dna] water wrote 39 bytes to ecology
[dna] water wrote 209 bytes to ecology
[dna] water wrote 54 bytes to ecology
[dna] water wrote 66 bytes to ecology
[dna] water wrote 124 bytes to ecology
[dna] water wrote 74 bytes to ecology
[dna] water wrote 48 bytes to ecology
[dna] water wrote 18 bytes to ecology
[dna] water wrote 62 bytes to ecology
[dna] water wrote 59 bytes to ecology
[dna] water wrote 18 bytes to ecology
[dna] water wrote 15 bytes to ecology
[dna] water wrote 50 bytes to ecology
[dna] water wrote 47 bytes to ecology
[dna] water wrote 97 bytes to ecology
[dna] water wrote 28 bytes to ecology
[dna] water wrote 46 bytes to ecology
[dna] water wrote 111 bytes to ecology
[dna] water wrote 10 bytes to ecology
[dna] water wrote 88 bytes to ecology
[dna] water wrote 87 bytes to ecology
[dna] water wrote 41 bytes to ecology
[dna] water wrote 50 bytes to ecology
[dna] water wrote 40 bytes to ecology
[dna] water wrote 35 bytes to ecology
[dna] water wrote 59 bytes to ecology
[dna] water wrote 78 bytes to ecology
[dna] water wrote 109 bytes to ecology
[dna] water wrote 32 bytes to ecology
[dna] water wrote 83 bytes to ecology
[dna] water wrote 41 bytes to ecology
[dna] water wrote 91 bytes to ecology
[dna] water wrote 79 bytes to ecology
[dna] water wrote 24 bytes to ecology
[dna] water wrote 105 bytes to ecology
[dna] water wrote 34 bytes to ecology
[dna] water wrote 58 bytes to ecology
[debug-onto] tick=250 corpus=142803 stage=2 freeze=0
[dna] water wrote 10 bytes to ecology
[dna] water wrote 66 bytes to ecology
[dna] water wrote 29 bytes to ecology
[dna] water wrote 43 bytes to ecology
[dna] water wrote 69 bytes to ecology
[dna] water wrote 27 bytes to ecology
[dna] water wrote 81 bytes to ecology
[dna] water wrote 33 bytes to ecology
[dna] water wrote 68 bytes to ecology
[dna] water wrote 11 bytes to ecology
[dna] water wrote 32 bytes to ecology
[dna] water wrote 24 bytes to ecology
[dna] water wrote 75 bytes to ecology
[dna] water wrote 41 bytes to ecology
[dna] water wrote 59 bytes to ecology
[dna] water wrote 130 bytes to ecology
[dna] water wrote 49 bytes to ecology
[dna] water wrote 40 bytes to ecology
[dna] water wrote 49 bytes to ecology
[dna] water wrote 73 bytes to ecology
[dna] water wrote 20 bytes to ecology
[dna] water wrote 48 bytes to ecology
[dna] water wrote 129 bytes to ecology
[dna] water wrote 29 bytes to ecology
[dna] water wrote 58 bytes to ecology
[dna] water wrote 29 bytes to ecology
[dna] water wrote 112 bytes to ecology
[dna] water wrote 54 bytes to ecology
[dna] water wrote 23 bytes to ecology
[dna] water wrote 79 bytes to ecology
[dna] water wrote 114 bytes to ecology
[dna] water wrote 38 bytes to ecology
[dna] water wrote 97 bytes to ecology
[dna] water wrote 77 bytes to ecology
[dna] water wrote 91 bytes to ecology
[dna] water wrote 33 bytes to ecology
[dna] water wrote 26 bytes to ecology
[dna] water wrote 101 bytes to ecology
[debug-onto] tick=300 corpus=142803 stage=2 freeze=0
[dna] water wrote 56 bytes to ecology
[dna] water wrote 52 bytes to ecology
[dna] water wrote 27 bytes to ecology
[dna] water wrote 34 bytes to ecology
[dna] water wrote 68 bytes to ecology
[dna] water wrote 42 bytes to ecology
[dna] water wrote 90 bytes to ecology
[dna] water wrote 22 bytes to ecology
[dna] water wrote 71 bytes to ecology
[dna] water wrote 71 bytes to ecology
[dna] water wrote 38 bytes to ecology
[dna] water wrote 89 bytes to ecology
[dna] water wrote 39 bytes to ecology
[dna] water wrote 77 bytes to ecology
[dna] water wrote 25 bytes to ecology
[dna] water wrote 114 bytes to ecology
[dna] water wrote 85 bytes to ecology
[dna] water wrote 37 bytes to ecology
[dna] water wrote 64 bytes to ecology
[dna] water wrote 176 bytes to ecology
[dna] water wrote 161 bytes to ecology
[dna] water wrote 25 bytes to ecology
[dna] water wrote 49 bytes to ecology
[dna] water wrote 60 bytes to ecology
[dna] water wrote 32 bytes to ecology
[dna] water wrote 33 bytes to ecology
[dna] water wrote 23 bytes to ecology
[dna] water wrote 65 bytes to ecology
[dna] water wrote 16 bytes to ecology
[dna] water wrote 116 bytes to ecology
[dna] water wrote 63 bytes to ecology
[dna] water wrote 32 bytes to ecology
[dna] water wrote 44 bytes to ecology
[dna] water wrote 36 bytes to ecology
[dna] water wrote 121 bytes to ecology
[dna] water wrote 53 bytes to ecology
[dna] water wrote 20 bytes to ecology
[dna] water wrote 33 bytes to ecology
[dna] water wrote 39 bytes to ecology
[dna] water wrote 55 bytes to ecology
[dna] water wrote 207 bytes to ecology
[debug-onto] tick=350 corpus=142803 stage=2 freeze=0
[dna] water wrote 45 bytes to ecology
[dna] water wrote 35 bytes to ecology
[dna] water wrote 59 bytes to ecology
[dna] water wrote 133 bytes to ecology
[dna] water wrote 123 bytes to ecology
[dna] water wrote 66 bytes to ecology
[dna] water wrote 52 bytes to ecology
[dna] water wrote 50 bytes to ecology
[dna] water wrote 47 bytes to ecology
[dna] water wrote 32 bytes to ecology
[dna] water wrote 24 bytes to ecology
[dna] water wrote 37 bytes to ecology
[dna] water wrote 63 bytes to ecology
[dna] water wrote 63 bytes to ecology
[dna] water wrote 143 bytes to ecology
[dna] water wrote 109 bytes to ecology
[dna] water wrote 11 bytes to ecology
[dna] water wrote 35 bytes to ecology
[dna] water wrote 259 bytes to ecology
[dna] water wrote 16 bytes to ecology
[dna] water wrote 128 bytes to ecology
[dna] water wrote 31 bytes to ecology
[dna] water wrote 57 bytes to ecology
[dna] water wrote 41 bytes to ecology
[dna] water wrote 96 bytes to ecology
[dna] water wrote 52 bytes to ecology
[dna] water wrote 144 bytes to ecology
[dna] water wrote 76 bytes to ecology
[dna] water wrote 35 bytes to ecology
[dna] water wrote 34 bytes to ecology
[dna] water wrote 52 bytes to ecology
[dna] water wrote 64 bytes to ecology
[dna] water wrote 119 bytes to ecology
[dna] water wrote 171 bytes to ecology
[dna] water wrote 79 bytes to ecology
[dna] water wrote 99 bytes to ecology
[dna] water wrote 61 bytes to ecology
[dna] water wrote 73 bytes to ecology
[dna] water wrote 50 bytes to ecology
[debug-onto] tick=400 corpus=142803 stage=2 freeze=0
[dna] water wrote 49 bytes to ecology
[dna] water wrote 19 bytes to ecology
[dna] water wrote 40 bytes to ecology
[dna] water wrote 23 bytes to ecology
[dna] water wrote 45 bytes to ecology
[dna] water wrote 56 bytes to ecology
[dna] water wrote 72 bytes to ecology
[dna] water wrote 156 bytes to ecology
[dna] water wrote 12 bytes to ecology
[dna] water wrote 32 bytes to ecology
[dna] water wrote 48 bytes to ecology
[dna] water wrote 24 bytes to ecology
[dna] water wrote 35 bytes to ecology
[dna] water wrote 19 bytes to ecology
[dna] water wrote 36 bytes to ecology
[dna] water wrote 98 bytes to ecology
[dna] water wrote 41 bytes to ecology
[dna] water wrote 65 bytes to ecology
[dna] water wrote 62 bytes to ecology
[dna] water wrote 24 bytes to ecology
[dna] water wrote 77 bytes to ecology
[dna] water wrote 26 bytes to ecology
[dna] water wrote 19 bytes to ecology
[dna] water wrote 42 bytes to ecology
[dna] water wrote 38 bytes to ecology
[dna] water wrote 169 bytes to ecology
[dna] water wrote 18 bytes to ecology
[dna] water wrote 57 bytes to ecology
[dna] water wrote 79 bytes to ecology
[dna] water wrote 113 bytes to ecology
[dna] water wrote 167 bytes to ecology
[dna] water wrote 45 bytes to ecology
[dna] water wrote 30 bytes to ecology
[dna] water wrote 39 bytes to ecology
[dna] water wrote 25 bytes to ecology
[dna] water wrote 42 bytes to ecology
[dna] water wrote 53 bytes to ecology
[dna] water wrote 74 bytes to ecology
[dna] water wrote 78 bytes to ecology
[dna] water wrote 89 bytes to ecology
[dna] water wrote 81 bytes to ecology
[debug-onto] tick=450 corpus=142803 stage=2 freeze=0
[dna] water wrote 34 bytes to ecology
[dna] water wrote 85 bytes to ecology
[dna] water wrote 75 bytes to ecology
[dna] water wrote 90 bytes to ecology
[dna] water wrote 109 bytes to ecology
[dna] water wrote 82 bytes to ecology
[dna] water wrote 35 bytes to ecology
[dna] water wrote 74 bytes to ecology
[dna] water wrote 81 bytes to ecology
[dna] water wrote 17 bytes to ecology
[dna] water wrote 144 bytes to ecology
[dna] water wrote 24 bytes to ecology
[dna] water wrote 32 bytes to ecology
[dna] water wrote 40 bytes to ecology
[dna] water wrote 35 bytes to ecology
[dna] water wrote 94 bytes to ecology
[dna] water wrote 86 bytes to ecology
[dna] water wrote 81 bytes to ecology
[dna] water wrote 36 bytes to ecology
[dna] water wrote 55 bytes to ecology
[dna] water wrote 58 bytes to ecology
[dna] water wrote 120 bytes to ecology
[dna] water wrote 103 bytes to ecology
[dna] water wrote 27 bytes to ecology
[dna] water wrote 46 bytes to ecology
[dna] water wrote 94 bytes to ecology
[dna] water wrote 21 bytes to ecology
[dna] water wrote 18 bytes to ecology
[dna] water wrote 126 bytes to ecology
[dna] water wrote 8 bytes to ecology
[dna] water wrote 147 bytes to ecology
[dna] water wrote 61 bytes to ecology
[dna] water wrote 23 bytes to ecology
[dna] water wrote 37 bytes to ecology
[dna] water wrote 124 bytes to ecology
[dna] water wrote 21 bytes to ecology
[dna] water wrote 70 bytes to ecology
[dna] water wrote 19 bytes to ecology
[dna] water wrote 126 bytes to ecology
[dna] water wrote 76 bytes to ecology
[dna] water wrote 33 bytes to ecology
[dna] water wrote 29 bytes to ecology
[debug-onto] tick=500 corpus=142803 stage=2 freeze=0
[dna] water wrote 61 bytes to ecology
[dna] water wrote 28 bytes to ecology
[dna] water wrote 69 bytes to ecology
[dna] water wrote 131 bytes to ecology
[dna] water wrote 33 bytes to ecology
[dna] water wrote 45 bytes to ecology
[dna] water wrote 10 bytes to ecology
[dna] water wrote 48 bytes to ecology
[dna] water wrote 8 bytes to ecology
[dna] water wrote 55 bytes to ecology
[dna] water wrote 60 bytes to ecology
[dna] water wrote 19 bytes to ecology
[dna] water wrote 81 bytes to ecology
[dna] water wrote 66 bytes to ecology
[dna] water wrote 110 bytes to ecology
[dna] water wrote 84 bytes to ecology
[dna] water wrote 17 bytes to ecology
[dna] water wrote 52 bytes to ecology
[dna] water wrote 36 bytes to ecology
[dna] water wrote 17 bytes to ecology
[dna] water wrote 39 bytes to ecology
[dna] water wrote 25 bytes to ecology
[dna] water wrote 28 bytes to ecology
[dna] water wrote 44 bytes to ecology
[dna] water wrote 145 bytes to ecology
[dna] water wrote 30 bytes to ecology
[dna] water wrote 275 bytes to ecology
[dna] water wrote 71 bytes to ecology
[dna] water wrote 28 bytes to ecology
[dna] water wrote 26 bytes to ecology
[dna] water wrote 15 bytes to ecology
[dna] water wrote 18 bytes to ecology
[dna] water wrote 66 bytes to ecology
[dna] water wrote 29 bytes to ecology
[dna] water wrote 50 bytes to ecology
[dna] water wrote 53 bytes to ecology
[dna] water wrote 280 bytes to ecology
[dna] water wrote 94 bytes to ecology
[dna] water wrote 83 bytes to ecology
[debug-onto] tick=550 corpus=142803 stage=2 freeze=0
[dna] water wrote 47 bytes to ecology
[dna] water wrote 80 bytes to ecology
[dna] water wrote 87 bytes to ecology
[dna] water wrote 57 bytes to ecology
[dna] water wrote 146 bytes to ecology
[dna] water wrote 42 bytes to ecology
[dna] water wrote 119 bytes to ecology
[dna] water wrote 132 bytes to ecology
[dna] water wrote 139 bytes to ecology
[dna] water wrote 33 bytes to ecology
[dna] water wrote 73 bytes to ecology
[dna] water wrote 82 bytes to ecology
[dna] water wrote 53 bytes to ecology
[dna] water wrote 26 bytes to ecology
[dna] water wrote 31 bytes to ecology
[dna] water wrote 114 bytes to ecology
[dna] water wrote 21 bytes to ecology
[dna] water wrote 42 bytes to ecology
[dna] water wrote 24 bytes to ecology
[dna] water wrote 12 bytes to ecology
[dna] water wrote 9 bytes to ecology
[dna] water wrote 35 bytes to ecology
[dna] water wrote 46 bytes to ecology
[dna] water wrote 29 bytes to ecology
[dna] water wrote 93 bytes to ecology
[dna] water wrote 73 bytes to ecology
[dna] water wrote 81 bytes to ecology
[dna] water wrote 185 bytes to ecology
[dna] water wrote 19 bytes to ecology
[dna] water wrote 18 bytes to ecology
[dna] water wrote 70 bytes to ecology
[dna] water wrote 28 bytes to ecology
[dna] water wrote 23 bytes to ecology
[dna] water wrote 29 bytes to ecology
[dna] water wrote 62 bytes to ecology
[dna] water wrote 23 bytes to ecology
[dna] water wrote 94 bytes to ecology
[dna] water wrote 52 bytes to ecology
[dna] water wrote 32 bytes to ecology
[debug-onto] tick=600 corpus=142803 stage=2 freeze=0
[dna] water wrote 36 bytes to ecology
[dna] water wrote 29 bytes to ecology
[dna] water wrote 16 bytes to ecology
[dna] water wrote 54 bytes to ecology
[dna] water wrote 43 bytes to ecology
[dna] water wrote 154 bytes to ecology
[dna] water wrote 69 bytes to ecology
[dna] water wrote 42 bytes to ecology
[dna] water wrote 30 bytes to ecology
[dna] water wrote 23 bytes to ecology
[dna] water wrote 9 bytes to ecology
[dna] water wrote 79 bytes to ecology
[dna] water wrote 35 bytes to ecology
[dna] water wrote 51 bytes to ecology
[dna] water wrote 44 bytes to ecology
[dna] water wrote 56 bytes to ecology
[dna] water wrote 159 bytes to ecology
[dna] water wrote 26 bytes to ecology
[dna] water wrote 65 bytes to ecology
[dna] water wrote 59 bytes to ecology
[dna] water wrote 50 bytes to ecology
[dna] water wrote 37 bytes to ecology
[dna] water wrote 33 bytes to ecology
[dna] water wrote 27 bytes to ecology
[dna] water wrote 46 bytes to ecology
[dna] water wrote 52 bytes to ecology
[dna] water wrote 42 bytes to ecology

[evolution] Organism shutting down gracefully.
