[ecology] Element: air → corpus: nonames_air.txt
[evolution] Autonomous evolution mode — organism will grow through all stages without pause.
[ecology] Joined swarm. 1 peer(s) detected.
molequla is alive. [evolution] Autonomous mode — background trainer running. Ctrl+C to stop.
[dna] air wrote 119 bytes to ecology
[dna] air consumed 16103 bytes from 225 files: [earth/gen_1774503778_1.txt earth/gen_1774503786_4.txt earth/gen_1774503794_7.txt earth/gen_1774503802_10.txt earth/gen_1774503809_13.txt earth/gen_1774503817_16.txt earth/gen_1774503825_19.txt earth/gen_1774503832_22.txt earth/gen_1774503840_25.txt earth/gen_1774503848_28.txt earth/gen_1774503855_31.txt earth/gen_1774503863_34.txt earth/gen_1774503871_37.txt earth/gen_1774503878_40.txt earth/gen_1774503886_43.txt earth/gen_1774503894_46.txt earth/gen_1774503901_49.txt earth/gen_1774503909_52.txt earth/gen_1774503917_55.txt earth/gen_1774503925_58.txt earth/gen_1774503933_61.txt earth/gen_1774503941_64.txt earth/gen_1774503949_67.txt earth/gen_1774503956_70.txt earth/gen_1774503964_73.txt earth/gen_1774503972_76.txt earth/gen_1774503980_79.txt earth/gen_1774503988_82.txt earth/gen_1774503996_85.txt earth/gen_1774504004_88.txt earth/gen_1774504012_91.txt earth/gen_1774504020_94.txt earth/gen_1774504027_97.txt earth/gen_1774504035_100.txt earth/gen_1774504043_103.txt earth/gen_1774504051_106.txt earth/gen_1774504059_109.txt earth/gen_1774504066_112.txt earth/gen_1774504074_115.txt earth/gen_1774504082_118.txt earth/gen_1774504090_121.txt earth/gen_1774504098_124.txt earth/gen_1774504106_127.txt earth/gen_1774504114_130.txt earth/gen_1774504121_133.txt earth/gen_1774504129_136.txt earth/gen_1774504137_139.txt earth/gen_1774504145_142.txt earth/gen_1774504153_145.txt earth/gen_1774504161_148.txt earth/gen_1774504169_151.txt earth/gen_1774504177_154.txt earth/gen_1774504184_157.txt earth/gen_1774504192_160.txt earth/gen_1774504200_163.txt earth/gen_1774504208_166.txt earth/gen_1774504216_169.txt earth/gen_1774504224_172.txt earth/gen_1774504232_175.txt earth/gen_1774504240_178.txt earth/gen_1774504248_181.txt earth/gen_1774504256_184.txt earth/gen_1774504264_187.txt earth/gen_1774504271_190.txt earth/gen_1774504279_193.txt earth/gen_1774504287_196.txt earth/gen_1774504295_199.txt earth/gen_1774504303_202.txt earth/gen_1774504311_205.txt earth/gen_1774504318_208.txt earth/gen_1774504326_211.txt earth/gen_1774504334_214.txt earth/gen_1774504342_217.txt earth/gen_1774504350_220.txt earth/gen_1774504358_223.txt earth/gen_1774504366_226.txt earth/gen_1774504374_229.txt earth/gen_1774504381_232.txt earth/gen_1774504389_235.txt earth/gen_1774504397_238.txt earth/gen_1774504405_241.txt earth/gen_1774504413_244.txt earth/gen_1774504421_247.txt earth/gen_1774504428_250.txt earth/gen_1774504436_253.txt earth/gen_1774504444_256.txt earth/gen_1774504452_259.txt earth/gen_1774504460_262.txt earth/gen_1774504468_265.txt earth/gen_1774504476_268.txt earth/gen_1774504483_271.txt earth/gen_1774504491_274.txt earth/gen_1774504499_277.txt earth/gen_1774504507_280.txt earth/gen_1774504515_283.txt earth/gen_1774504523_286.txt earth/gen_1774504531_289.txt earth/gen_1774504539_292.txt earth/gen_1774504547_295.txt earth/gen_1774504555_298.txt earth/gen_1774504563_301.txt earth/gen_1774504570_304.txt earth/gen_1774504578_307.txt earth/gen_1774504586_310.txt earth/gen_1774504594_313.txt earth/gen_1774504602_316.txt earth/gen_1774504609_319.txt earth/gen_1774504617_322.txt earth/gen_1774504625_325.txt earth/gen_1774504633_328.txt earth/gen_1774504641_331.txt earth/gen_1774504648_334.txt earth/gen_1774504656_337.txt earth/gen_1774504664_340.txt earth/gen_1774504672_343.txt earth/gen_1774504680_346.txt earth/gen_1774504688_349.txt earth/gen_1774504696_352.txt earth/gen_1774504703_355.txt earth/gen_1774504711_358.txt earth/gen_1774504719_361.txt earth/gen_1774504727_364.txt earth/gen_1774504735_367.txt earth/gen_1774504743_370.txt earth/gen_1774504751_373.txt earth/gen_1774504759_376.txt earth/gen_1774504767_379.txt earth/gen_1774504775_382.txt earth/gen_1774504783_385.txt earth/gen_1774504791_388.txt earth/gen_1774504799_391.txt earth/gen_1774504808_394.txt earth/gen_1774504815_397.txt earth/gen_1774504823_400.txt earth/gen_1774504831_403.txt earth/gen_1774504839_406.txt earth/gen_1774504847_409.txt earth/gen_1774504855_412.txt earth/gen_1774504863_415.txt earth/gen_1774504871_418.txt earth/gen_1774504878_421.txt earth/gen_1774504886_424.txt earth/gen_1774504895_427.txt earth/gen_1774504903_430.txt earth/gen_1774504911_433.txt earth/gen_1774504919_436.txt earth/gen_1774504926_439.txt earth/gen_1774504934_442.txt earth/gen_1774504942_445.txt earth/gen_1774504950_448.txt earth/gen_1774504958_451.txt earth/gen_1774504966_454.txt earth/gen_1774504974_457.txt earth/gen_1774504982_460.txt earth/gen_1774504990_463.txt earth/gen_1774504998_466.txt earth/gen_1774505006_469.txt earth/gen_1774505014_472.txt earth/gen_1774505022_475.txt earth/gen_1774505030_478.txt earth/gen_1774505037_481.txt earth/gen_1774505045_484.txt earth/gen_1774505053_487.txt earth/gen_1774505061_490.txt earth/gen_1774505069_493.txt earth/gen_1774505077_496.txt earth/gen_1774505085_499.txt earth/gen_1774505093_502.txt earth/gen_1774505101_505.txt earth/gen_1774505109_508.txt earth/gen_1774505117_511.txt earth/gen_1774505125_514.txt earth/gen_1774505133_517.txt earth/gen_1774505141_520.txt earth/gen_1774505149_523.txt earth/gen_1774505156_526.txt earth/gen_1774505164_529.txt earth/gen_1774505172_532.txt earth/gen_1774505180_535.txt earth/gen_1774505188_538.txt earth/gen_1774505196_541.txt earth/gen_1774505203_544.txt earth/gen_1774505211_547.txt earth/gen_1774505219_550.txt earth/gen_1774505227_553.txt earth/gen_1774505235_556.txt earth/gen_1774505243_559.txt earth/gen_1774505251_562.txt earth/gen_1774505258_565.txt earth/gen_1774505266_568.txt earth/gen_1774505274_571.txt earth/gen_1774505282_574.txt earth/gen_1774505290_577.txt earth/gen_1774505298_580.txt earth/gen_1774505306_583.txt earth/gen_1774505314_586.txt earth/gen_1774505322_589.txt earth/gen_1774505331_592.txt earth/gen_1774505339_595.txt earth/gen_1774505346_598.txt earth/gen_1774505354_601.txt earth/gen_1774505362_604.txt earth/gen_1774505370_607.txt earth/gen_1774505378_610.txt earth/gen_1774505386_613.txt earth/gen_1774505394_616.txt earth/gen_1774505402_619.txt earth/gen_1774505410_622.txt earth/gen_1774505418_625.txt earth/gen_1774505426_628.txt earth/gen_1774505434_631.txt earth/gen_1774505442_634.txt earth/gen_1774505450_637.txt earth/gen_1774505458_640.txt earth/gen_1774505466_643.txt earth/gen_1774505474_646.txt earth/gen_1774505482_649.txt earth/gen_1774505490_652.txt earth/gen_1774505498_655.txt earth/gen_1774505506_658.txt earth/gen_1774505514_661.txt earth/gen_1774505523_664.txt earth/gen_1774505531_667.txt earth/gen_1774505539_670.txt earth/gen_1774505547_673.txt]
[trainer] micro-train burst (16103 bytes, novelty 0.04) — and lo, it feeds again.
[syntropy] action=explore | trend=0.0000 | field_dev=0.062 | purpose_align=-0.138 | lr_mul=1.30
[aml] burst complete: 32 steps, avg loss 2.5986 (memory freed)
[dna] air wrote 79 bytes to ecology
[dna] air wrote 67 bytes to ecology
[dna] air wrote 251 bytes to ecology
[dna] air wrote 40 bytes to ecology
[dna] air wrote 32 bytes to ecology
[dna] air wrote 38 bytes to ecology
[dna] air wrote 60 bytes to ecology
[dna] air wrote 49 bytes to ecology
[dna] air wrote 106 bytes to ecology
[dna] air wrote 75 bytes to ecology
[dna] air wrote 73 bytes to ecology
[dna] air wrote 129 bytes to ecology
[dna] air wrote 166 bytes to ecology
[dna] air wrote 174 bytes to ecology
[dna] air wrote 34 bytes to ecology
[dna] air wrote 67 bytes to ecology
[debug-onto] tick=50 corpus=138644 stage=2 freeze=0
[dna] air wrote 26 bytes to ecology
[dna] air wrote 21 bytes to ecology
[dna] air wrote 32 bytes to ecology
[dna] air wrote 65 bytes to ecology
[dna] air wrote 38 bytes to ecology
[dna] air wrote 89 bytes to ecology
[dna] air wrote 78 bytes to ecology
[dna] air wrote 36 bytes to ecology
[dna] air wrote 104 bytes to ecology
[dna] air wrote 64 bytes to ecology
[dna] air wrote 215 bytes to ecology
[dna] air wrote 60 bytes to ecology
[dna] air wrote 120 bytes to ecology
[dna] air wrote 62 bytes to ecology
[dna] air wrote 130 bytes to ecology
[dna] air wrote 67 bytes to ecology
[dna] air wrote 104 bytes to ecology
[debug-onto] tick=100 corpus=138644 stage=2 freeze=0
[dna] air wrote 106 bytes to ecology
[dna] air wrote 119 bytes to ecology
[dna] air wrote 46 bytes to ecology
[dna] air wrote 36 bytes to ecology
[dna] air wrote 38 bytes to ecology
[dna] air wrote 113 bytes to ecology
[dna] air wrote 36 bytes to ecology
[dna] air wrote 32 bytes to ecology
[dna] air wrote 81 bytes to ecology
[dna] air wrote 28 bytes to ecology
[dna] air wrote 77 bytes to ecology
[dna] air wrote 83 bytes to ecology
[dna] air wrote 49 bytes to ecology
[dna] air wrote 61 bytes to ecology
[dna] air wrote 139 bytes to ecology
[dna] air wrote 41 bytes to ecology
[debug-onto] tick=150 corpus=138644 stage=2 freeze=0
[dna] air wrote 49 bytes to ecology
[dna] air wrote 339 bytes to ecology
[dna] air wrote 93 bytes to ecology
[dna] air wrote 60 bytes to ecology
[dna] air wrote 37 bytes to ecology
[dna] air wrote 185 bytes to ecology
[dna] air wrote 114 bytes to ecology
[dna] air wrote 253 bytes to ecology
[dna] air wrote 38 bytes to ecology
[dna] air wrote 45 bytes to ecology
[dna] air wrote 13 bytes to ecology
[dna] air wrote 38 bytes to ecology
[dna] air wrote 79 bytes to ecology
[dna] air wrote 9 bytes to ecology
[dna] air wrote 57 bytes to ecology
[dna] air wrote 202 bytes to ecology
[dna] air wrote 146 bytes to ecology
[debug-onto] tick=200 corpus=138644 stage=2 freeze=0
[dna] air wrote 34 bytes to ecology
[dna] air wrote 30 bytes to ecology
[dna] air wrote 51 bytes to ecology
[dna] air wrote 47 bytes to ecology
[dna] air wrote 37 bytes to ecology
[dna] air wrote 78 bytes to ecology
[dna] air wrote 22 bytes to ecology
[dna] air wrote 12 bytes to ecology
[dna] air wrote 63 bytes to ecology
[dna] air wrote 65 bytes to ecology
[dna] air wrote 116 bytes to ecology
[dna] air wrote 118 bytes to ecology
[dna] air wrote 42 bytes to ecology
[dna] air wrote 50 bytes to ecology
[dna] air wrote 13 bytes to ecology
[dna] air wrote 115 bytes to ecology
[dna] air wrote 81 bytes to ecology
[debug-onto] tick=250 corpus=138644 stage=2 freeze=0
[dna] air wrote 46 bytes to ecology
[dna] air wrote 50 bytes to ecology
[dna] air wrote 86 bytes to ecology
[dna] air wrote 151 bytes to ecology
[dna] air wrote 71 bytes to ecology
[dna] air wrote 20 bytes to ecology
[dna] air wrote 47 bytes to ecology
[dna] air wrote 106 bytes to ecology
[dna] air wrote 165 bytes to ecology
[dna] air wrote 76 bytes to ecology
[dna] air wrote 100 bytes to ecology
[dna] air wrote 27 bytes to ecology
[dna] air wrote 65 bytes to ecology
[dna] air wrote 41 bytes to ecology
[dna] air wrote 19 bytes to ecology
[dna] air wrote 39 bytes to ecology
[debug-onto] tick=300 corpus=138644 stage=2 freeze=0
[dna] air wrote 78 bytes to ecology
[dna] air wrote 53 bytes to ecology
[dna] air wrote 60 bytes to ecology
[dna] air wrote 27 bytes to ecology
[dna] air wrote 131 bytes to ecology
[dna] air wrote 57 bytes to ecology
[dna] air wrote 158 bytes to ecology
[dna] air wrote 57 bytes to ecology
[dna] air wrote 28 bytes to ecology
[dna] air wrote 29 bytes to ecology
[dna] air wrote 32 bytes to ecology
[dna] air wrote 42 bytes to ecology
[dna] air wrote 98 bytes to ecology
[dna] air wrote 95 bytes to ecology
[dna] air wrote 52 bytes to ecology
[dna] air wrote 48 bytes to ecology
[dna] air wrote 95 bytes to ecology
[debug-onto] tick=350 corpus=138644 stage=2 freeze=0
[dna] air wrote 198 bytes to ecology
[dna] air wrote 36 bytes to ecology
[dna] air wrote 41 bytes to ecology
[dna] air wrote 71 bytes to ecology
[dna] air wrote 46 bytes to ecology
[dna] air wrote 81 bytes to ecology
[dna] air wrote 62 bytes to ecology
[dna] air wrote 65 bytes to ecology
[dna] air wrote 44 bytes to ecology
[dna] air wrote 36 bytes to ecology
[dna] air wrote 104 bytes to ecology
[dna] air wrote 78 bytes to ecology
[dna] air wrote 48 bytes to ecology
[dna] air wrote 29 bytes to ecology
[dna] air wrote 59 bytes to ecology
[dna] air wrote 48 bytes to ecology
[dna] air wrote 108 bytes to ecology
[debug-onto] tick=400 corpus=138644 stage=2 freeze=0
[dna] air wrote 10 bytes to ecology
[dna] air wrote 118 bytes to ecology
[dna] air wrote 50 bytes to ecology
[dna] air wrote 85 bytes to ecology
[dna] air wrote 35 bytes to ecology
[dna] air wrote 94 bytes to ecology
[dna] air wrote 13 bytes to ecology
[dna] air wrote 75 bytes to ecology
[dna] air wrote 28 bytes to ecology
[dna] air wrote 28 bytes to ecology
[dna] air wrote 146 bytes to ecology
[dna] air wrote 121 bytes to ecology
[dna] air wrote 136 bytes to ecology
[dna] air wrote 146 bytes to ecology
[dna] air wrote 75 bytes to ecology
[dna] air wrote 48 bytes to ecology
[debug-onto] tick=450 corpus=138644 stage=2 freeze=0
[dna] air wrote 137 bytes to ecology
[dna] air wrote 36 bytes to ecology
[dna] air wrote 31 bytes to ecology
[dna] air wrote 92 bytes to ecology
[dna] air wrote 273 bytes to ecology
[dna] air wrote 73 bytes to ecology
[dna] air wrote 61 bytes to ecology
[dna] air wrote 25 bytes to ecology
[dna] air wrote 84 bytes to ecology
[dna] air wrote 28 bytes to ecology
[dna] air wrote 37 bytes to ecology
[dna] air wrote 70 bytes to ecology
[dna] air wrote 50 bytes to ecology
[dna] air wrote 138 bytes to ecology
[dna] air wrote 104 bytes to ecology
[dna] air wrote 134 bytes to ecology
[dna] air wrote 61 bytes to ecology
[debug-onto] tick=500 corpus=138644 stage=2 freeze=0
[dna] air wrote 133 bytes to ecology
[dna] air wrote 95 bytes to ecology
[dna] air wrote 78 bytes to ecology
[dna] air wrote 18 bytes to ecology
[dna] air wrote 57 bytes to ecology
[dna] air wrote 128 bytes to ecology
[dna] air wrote 64 bytes to ecology
[dna] air wrote 37 bytes to ecology
[dna] air wrote 61 bytes to ecology
[dna] air wrote 52 bytes to ecology
[dna] air wrote 40 bytes to ecology
[dna] air wrote 16 bytes to ecology
[dna] air wrote 104 bytes to ecology
[dna] air wrote 57 bytes to ecology
[dna] air wrote 70 bytes to ecology
[dna] air wrote 218 bytes to ecology
[dna] air wrote 17 bytes to ecology
[debug-onto] tick=550 corpus=138644 stage=2 freeze=0
[dna] air wrote 47 bytes to ecology
[dna] air wrote 163 bytes to ecology
[dna] air wrote 45 bytes to ecology
[dna] air wrote 35 bytes to ecology
[dna] air wrote 306 bytes to ecology
[dna] air wrote 23 bytes to ecology
[dna] air wrote 56 bytes to ecology
[dna] air wrote 65 bytes to ecology
[dna] air wrote 181 bytes to ecology
[dna] air wrote 123 bytes to ecology
[dna] air wrote 127 bytes to ecology
[dna] air wrote 36 bytes to ecology
[dna] air wrote 68 bytes to ecology
[dna] air wrote 85 bytes to ecology
[dna] air wrote 37 bytes to ecology
[dna] air wrote 58 bytes to ecology
[debug-onto] tick=600 corpus=138644 stage=2 freeze=0
[dna] air wrote 95 bytes to ecology
[dna] air wrote 108 bytes to ecology
[dna] air wrote 72 bytes to ecology
[dna] air wrote 74 bytes to ecology
[dna] air wrote 50 bytes to ecology
[dna] air wrote 61 bytes to ecology
[dna] air wrote 59 bytes to ecology
[dna] air wrote 83 bytes to ecology
[dna] air wrote 77 bytes to ecology
[dna] air wrote 32 bytes to ecology
[dna] air wrote 36 bytes to ecology
[dna] air wrote 53 bytes to ecology
[dna] air wrote 14 bytes to ecology
[dna] air wrote 148 bytes to ecology
[dna] air wrote 60 bytes to ecology
[dna] air wrote 237 bytes to ecology
[dna] air wrote 158 bytes to ecology
[debug-onto] tick=650 corpus=138644 stage=2 freeze=0
[dna] air wrote 52 bytes to ecology
[dna] air wrote 38 bytes to ecology
[dna] air wrote 42 bytes to ecology
[dna] air wrote 37 bytes to ecology
[dna] air wrote 12 bytes to ecology
[dna] air wrote 82 bytes to ecology
[dna] air wrote 144 bytes to ecology
[dna] air wrote 44 bytes to ecology
[dna] air wrote 149 bytes to ecology
[dna] air wrote 64 bytes to ecology
[dna] air wrote 78 bytes to ecology
[dna] air wrote 31 bytes to ecology

[evolution] Organism shutting down gracefully.
