[ecology] Element: earth → corpus: nonames_earth.txt
[evolution] Autonomous evolution mode — organism will grow through all stages without pause.
[init] Stage 0 (embryo): embd=16, layer=1, head=1 — warmup 400 steps (400 backprop + 0 notorch, sqrt-scaled 1x)
  [aml] step 0/160 | loss 6.6249 (avg 6.6249) | lr 0.001000 | seq 8
  [aml] step 10/160 | loss 6.1134 (avg 6.4290) | lr 0.001450 | seq 8
  [aml] step 20/160 | loss 6.2657 (avg 6.2995) | lr 0.001900 | seq 8
  [aml] step 30/160 | loss 5.6896 (avg 6.1998) | lr 0.002350 | seq 8
  [aml] step 40/160 | loss 5.4009 (avg 6.0805) | lr 0.002800 | seq 8
  [aml] step 50/160 | loss 4.6613 (avg 5.9271) | lr 0.003250 | seq 8
  [aml] step 60/160 | loss 4.8526 (avg 5.7649) | lr 0.003700 | seq 8
  [aml] step 70/160 | loss 5.2646 (avg 5.6456) | lr 0.004150 | seq 8
  [aml] step 80/160 | loss 3.0200 (avg 5.5109) | lr 0.004600 | seq 8
  [aml] step 90/160 | loss 4.2401 (avg 5.3688) | lr 0.005050 | seq 8
  [aml] step 100/160 | loss 4.8414 (avg 5.2882) | lr 0.005500 | seq 8
  [aml] step 110/160 | loss 5.4491 (avg 5.1590) | lr 0.005950 | seq 8
  [aml] step 120/160 | loss 3.8191 (avg 5.0893) | lr 0.006400 | seq 8
  [aml] step 130/160 | loss 6.0014 (avg 5.0513) | lr 0.006850 | seq 8
  [aml] step 140/160 | loss 2.9721 (avg 5.0072) | lr 0.007300 | seq 8
  [aml] step 150/160 | loss 2.8793 (avg 4.9827) | lr 0.007750 | seq 8
[aml] training complete: 160 steps, avg loss 4.9362 (memory freed)
  [aml] step 0/120 | loss 4.7640 (avg 4.7640) | lr 0.008200 | seq 16
  [aml] step 10/120 | loss 4.1892 (avg 4.4595) | lr 0.008650 | seq 16
  [aml] step 20/120 | loss 3.4150 (avg 4.4211) | lr 0.009100 | seq 16
  [aml] step 30/120 | loss 3.3485 (avg 4.1993) | lr 0.009550 | seq 16
  [aml] step 40/120 | loss 2.8903 (avg 4.2237) | lr 0.010000 | seq 16
  [aml] step 50/120 | loss 3.0219 (avg 4.2036) | lr 0.010000 | seq 16
  [aml] step 60/120 | loss 4.4264 (avg 4.2032) | lr 0.010000 | seq 16
  [aml] step 70/120 | loss 4.9922 (avg 4.1357) | lr 0.010000 | seq 16
  [aml] step 80/120 | loss 5.0637 (avg 4.0872) | lr 0.009999 | seq 16
  [aml] step 90/120 | loss 4.5255 (avg 4.0090) | lr 0.009999 | seq 16
  [aml] step 100/120 | loss 3.8715 (avg 3.9532) | lr 0.009999 | seq 16
  [aml] step 110/120 | loss 5.1786 (avg 3.8778) | lr 0.009999 | seq 16
[aml] training complete: 120 steps, avg loss 3.8932 (memory freed)
  [aml] step 0/120 | loss 2.6583 (avg 2.6583) | lr 0.009999 | seq 32
  [aml] step 10/120 | loss 4.8896 (avg 3.9693) | lr 0.009999 | seq 32
  [aml] step 20/120 | loss 4.3660 (avg 3.7991) | lr 0.009999 | seq 32
  [aml] step 30/120 | loss 3.8791 (avg 3.5263) | lr 0.009999 | seq 32
  [aml] step 40/120 | loss 4.0313 (avg 3.4660) | lr 0.009999 | seq 32
  [aml] step 50/120 | loss 3.8898 (avg 3.4309) | lr 0.009999 | seq 32
  [aml] step 60/120 | loss 2.7549 (avg 3.3658) | lr 0.009999 | seq 32
  [aml] step 70/120 | loss 1.3822 (avg 3.3382) | lr 0.009999 | seq 32
  [aml] step 80/120 | loss 4.5337 (avg 3.3292) | lr 0.009999 | seq 32
  [aml] step 90/120 | loss 1.5119 (avg 3.2768) | lr 0.009999 | seq 32
  [aml] step 100/120 | loss 0.8050 (avg 3.2809) | lr 0.009999 | seq 32
  [aml] step 110/120 | loss 0.8583 (avg 3.1561) | lr 0.009999 | seq 32
[aml] training complete: 120 steps, avg loss 3.0596 (memory freed)

[stage 0 — embryo] What it sounds like now:
  Q: Hello.
  A: The d because its in plate on and in one scratching.
  Q: Who are you?
  A: p edges d stones nails curved fracture temperat highlandscape that the piers, the soil temperately or natural bridge.
  Q: What do you know?
  A: ...

[growth] ONTOGENESIS: stage 0 -> 1
  embd: 16 -> 32, layer: 1 -> 1, head: 1 -> 2
[growth] Done. Freeze for 500 steps.
[init] Stage 1 (infant): embd=32, layer=1, head=2 — warmup 800 steps (800 backprop + 0 notorch, sqrt-scaled 2x)
  [aml] step 0/320 | loss 4.9117 (avg 4.9117) | lr 0.000500 | seq 8
  [aml] step 10/320 | loss 5.2349 (avg 4.9246) | lr 0.000725 | seq 8
  [aml] step 20/320 | loss 3.3476 (avg 4.8523) | lr 0.000950 | seq 8
  [aml] step 30/320 | loss 4.7296 (avg 4.7007) | lr 0.001175 | seq 8
  [aml] step 40/320 | loss 4.6405 (avg 4.5583) | lr 0.001400 | seq 8
  [aml] step 50/320 | loss 3.7325 (avg 4.4658) | lr 0.001625 | seq 8
  [aml] step 60/320 | loss 1.4083 (avg 4.3006) | lr 0.001850 | seq 8
  [aml] step 70/320 | loss 2.4732 (avg 4.2145) | lr 0.002075 | seq 8
  [aml] step 80/320 | loss 2.1767 (avg 4.1747) | lr 0.002300 | seq 8
  [aml] step 90/320 | loss 5.7080 (avg 4.1736) | lr 0.002525 | seq 8
  [aml] step 100/320 | loss 3.3924 (avg 4.1503) | lr 0.002750 | seq 8
  [aml] step 110/320 | loss 4.5354 (avg 4.1270) | lr 0.002975 | seq 8
  [aml] step 120/320 | loss 4.0128 (avg 4.1140) | lr 0.003200 | seq 8
  [aml] step 130/320 | loss 2.2867 (avg 4.0617) | lr 0.003425 | seq 8
  [aml] step 140/320 | loss 1.7479 (avg 3.9970) | lr 0.003650 | seq 8
  [aml] step 150/320 | loss 0.7951 (avg 3.9334) | lr 0.003875 | seq 8
  [aml] step 160/320 | loss 4.2005 (avg 3.9498) | lr 0.004100 | seq 8
  [aml] step 170/320 | loss 5.7936 (avg 3.9476) | lr 0.004325 | seq 8
  [aml] step 180/320 | loss 3.1677 (avg 3.9085) | lr 0.004550 | seq 8
  [aml] step 190/320 | loss 4.1459 (avg 3.9180) | lr 0.004775 | seq 8
  [aml] step 200/320 | loss 5.3403 (avg 3.8878) | lr 0.004998 | seq 8
  [aml] step 210/320 | loss 4.1947 (avg 3.8450) | lr 0.004998 | seq 8
  [aml] step 220/320 | loss 1.4237 (avg 3.7912) | lr 0.004998 | seq 8
  [aml] step 230/320 | loss 0.2956 (avg 3.7771) | lr 0.004998 | seq 8
  [aml] step 240/320 | loss 4.7632 (avg 3.7619) | lr 0.004998 | seq 8
  [aml] step 250/320 | loss 3.4418 (avg 3.7449) | lr 0.004998 | seq 8
  [aml] step 260/320 | loss 3.0764 (avg 3.7407) | lr 0.004998 | seq 8
  [aml] step 270/320 | loss 2.3963 (avg 3.7378) | lr 0.004998 | seq 8
  [aml] step 280/320 | loss 4.2131 (avg 3.7215) | lr 0.004998 | seq 8
  [aml] step 290/320 | loss 4.6181 (avg 3.7312) | lr 0.004998 | seq 8
  [aml] step 300/320 | loss 2.8905 (avg 3.7356) | lr 0.004998 | seq 8
  [aml] step 310/320 | loss 1.7439 (avg 3.6976) | lr 0.004998 | seq 8
[aml] training complete: 320 steps, avg loss 3.7152 (memory freed)
  [aml] step 0/240 | loss 1.9353 (avg 1.9353) | lr 0.004998 | seq 16
  [aml] step 10/240 | loss 1.7144 (avg 3.0641) | lr 0.004998 | seq 16
  [aml] step 20/240 | loss 1.5582 (avg 3.1351) | lr 0.004998 | seq 16
  [aml] step 30/240 | loss 2.5524 (avg 3.2491) | lr 0.004998 | seq 16
  [aml] step 40/240 | loss 2.8767 (avg 3.1693) | lr 0.004997 | seq 16
  [aml] step 50/240 | loss 4.5486 (avg 3.1971) | lr 0.004997 | seq 16
  [aml] step 60/240 | loss 1.6548 (avg 3.1207) | lr 0.004997 | seq 16
  [aml] step 70/240 | loss 4.4869 (avg 3.1124) | lr 0.004997 | seq 16
  [aml] step 80/240 | loss 1.4987 (avg 3.0526) | lr 0.004997 | seq 16
  [aml] step 90/240 | loss 4.8167 (avg 3.1247) | lr 0.004997 | seq 16
  [aml] step 100/240 | loss 5.2129 (avg 3.1780) | lr 0.004997 | seq 16
  [aml] step 110/240 | loss 4.0657 (avg 3.1391) | lr 0.004997 | seq 16
  [aml] step 120/240 | loss 3.1858 (avg 3.1761) | lr 0.004997 | seq 16
  [aml] step 130/240 | loss 1.6238 (avg 3.1719) | lr 0.004997 | seq 16
  [aml] step 140/240 | loss 5.1836 (avg 3.1938) | lr 0.004997 | seq 16
  [aml] step 150/240 | loss 5.4010 (avg 3.2249) | lr 0.004997 | seq 16
  [aml] step 160/240 | loss 4.5496 (avg 3.2356) | lr 0.004997 | seq 16
  [aml] step 170/240 | loss 1.4270 (avg 3.2316) | lr 0.004996 | seq 16
  [aml] step 180/240 | loss 1.0154 (avg 3.2548) | lr 0.004996 | seq 16
  [aml] step 190/240 | loss 1.8780 (avg 3.2674) | lr 0.004996 | seq 16
  [aml] step 200/240 | loss 4.3515 (avg 3.2528) | lr 0.004996 | seq 16
  [aml] step 210/240 | loss 4.1485 (avg 3.2221) | lr 0.004996 | seq 16
  [aml] step 220/240 | loss 4.1824 (avg 3.2586) | lr 0.004996 | seq 16
  [aml] step 230/240 | loss 4.1335 (avg 3.2389) | lr 0.004996 | seq 16
[aml] training complete: 240 steps, avg loss 3.2316 (memory freed)
  [aml] step 0/240 | loss 4.3239 (avg 4.3239) | lr 0.004996 | seq 32
  [aml] step 10/240 | loss 4.6471 (avg 2.6430) | lr 0.004996 | seq 32
  [aml] step 20/240 | loss 1.5035 (avg 3.0276) | lr 0.004996 | seq 32
  [aml] step 30/240 | loss 4.5742 (avg 3.0285) | lr 0.004996 | seq 32
  [aml] step 40/240 | loss 4.5951 (avg 3.2077) | lr 0.004996 | seq 32
  [aml] step 50/240 | loss 3.9793 (avg 3.0976) | lr 0.004995 | seq 32
  [aml] step 60/240 | loss 0.5358 (avg 2.9877) | lr 0.004995 | seq 32
  [aml] step 70/240 | loss 4.3384 (avg 2.9565) | lr 0.004995 | seq 32
  [aml] step 80/240 | loss 0.3249 (avg 2.9206) | lr 0.004995 | seq 32
  [aml] step 90/240 | loss 4.1112 (avg 2.8961) | lr 0.004995 | seq 32
  [aml] step 100/240 | loss 1.2586 (avg 2.8883) | lr 0.004995 | seq 32
  [aml] step 110/240 | loss 3.6145 (avg 2.8445) | lr 0.004995 | seq 32
  [aml] step 120/240 | loss 4.5351 (avg 2.8494) | lr 0.004995 | seq 32
  [aml] step 130/240 | loss 0.6016 (avg 2.8141) | lr 0.004995 | seq 32
  [aml] step 140/240 | loss 0.5376 (avg 2.7824) | lr 0.004995 | seq 32
  [aml] step 150/240 | loss 1.2991 (avg 2.7434) | lr 0.004995 | seq 32
  [aml] step 160/240 | loss 0.9656 (avg 2.7535) | lr 0.004994 | seq 32
  [aml] step 170/240 | loss 4.0328 (avg 2.7465) | lr 0.004994 | seq 32
  [aml] step 180/240 | loss 3.9314 (avg 2.7044) | lr 0.004994 | seq 32
  [aml] step 190/240 | loss 0.9475 (avg 2.6668) | lr 0.004994 | seq 32
  [aml] step 200/240 | loss 0.6693 (avg 2.6780) | lr 0.004994 | seq 32
  [aml] step 210/240 | loss 0.7696 (avg 2.6953) | lr 0.004994 | seq 32
  [aml] step 220/240 | loss 1.1787 (avg 2.6703) | lr 0.004994 | seq 32
  [aml] step 230/240 | loss 4.7409 (avg 2.6768) | lr 0.004994 | seq 32
[aml] training complete: 240 steps, avg loss 2.6686 (memory freed)

[stage 1 — infant] What it sounds like now:
  Q: Hello.
  A: Flative permanent aggregate: That holdsom in rock?
  Q: Who are you?
  A: reflective degrees ofer rock from the surface here not about dest paho
  Q: What do you know?
  A: the lesson of the lin geology, or a slowly.

[growth] ONTOGENESIS: stage 1 -> 2
  embd: 32 -> 64, layer: 1 -> 2, head: 2 -> 4
[growth] Done. Freeze for 500 steps.
[init] Stage 2 (child): embd=64, layer=2, head=4 — warmup 800 steps (800 backprop + 0 notorch, sqrt-scaled 2x)
  [aml] step 0/320 | loss 0.1819 (avg 0.1819) | lr 0.000250 | seq 8
  [aml] step 10/320 | loss 4.8075 (avg 3.2983) | lr 0.000363 | seq 8
  [aml] step 20/320 | loss 5.4076 (avg 3.5177) | lr 0.000475 | seq 8
  [aml] step 30/320 | loss 0.6976 (avg 3.4308) | lr 0.000588 | seq 8
  [aml] step 40/320 | loss 1.7206 (avg 3.4239) | lr 0.000700 | seq 8
  [aml] step 50/320 | loss 4.9121 (avg 3.4620) | lr 0.000813 | seq 8
  [aml] step 60/320 | loss 3.7096 (avg 3.3956) | lr 0.000925 | seq 8
  [aml] step 70/320 | loss 4.2760 (avg 3.3855) | lr 0.001038 | seq 8
  [aml] step 80/320 | loss 0.0490 (avg 3.3581) | lr 0.001150 | seq 8
  [aml] step 90/320 | loss 4.8292 (avg 3.3780) | lr 0.001263 | seq 8
  [aml] step 100/320 | loss 3.1780 (avg 3.3638) | lr 0.001375 | seq 8
  [aml] step 110/320 | loss 3.7497 (avg 3.3838) | lr 0.001488 | seq 8
  [aml] step 120/320 | loss 1.9676 (avg 3.3146) | lr 0.001600 | seq 8
  [aml] step 130/320 | loss 5.5140 (avg 3.3042) | lr 0.001713 | seq 8
  [aml] step 140/320 | loss 4.4528 (avg 3.2820) | lr 0.001825 | seq 8
  [aml] step 150/320 | loss 0.1201 (avg 3.3182) | lr 0.001938 | seq 8
  [aml] step 160/320 | loss 6.0268 (avg 3.3484) | lr 0.002050 | seq 8
  [aml] step 170/320 | loss 1.8254 (avg 3.3487) | lr 0.002163 | seq 8
  [aml] step 180/320 | loss 3.3156 (avg 3.3352) | lr 0.002275 | seq 8
  [aml] step 190/320 | loss 5.0703 (avg 3.3260) | lr 0.002387 | seq 8
  [aml] step 200/320 | loss 4.3346 (avg 3.3270) | lr 0.002496 | seq 8
  [aml] step 210/320 | loss 3.0354 (avg 3.3254) | lr 0.002496 | seq 8
  [aml] step 220/320 | loss 3.5581 (avg 3.3382) | lr 0.002496 | seq 8
  [aml] step 230/320 | loss 1.5535 (avg 3.3350) | lr 0.002495 | seq 8
  [aml] step 240/320 | loss 4.0299 (avg 3.3237) | lr 0.002495 | seq 8
  [aml] step 250/320 | loss 4.2878 (avg 3.3241) | lr 0.002495 | seq 8
  [aml] step 260/320 | loss 0.2821 (avg 3.2960) | lr 0.002495 | seq 8
  [aml] step 270/320 | loss 1.5875 (avg 3.2967) | lr 0.002495 | seq 8
  [aml] step 280/320 | loss 0.9192 (avg 3.3367) | lr 0.002495 | seq 8
  [aml] step 290/320 | loss 1.9410 (avg 3.3191) | lr 0.002495 | seq 8
  [aml] step 300/320 | loss 1.7665 (avg 3.2967) | lr 0.002495 | seq 8
  [aml] step 310/320 | loss 4.1210 (avg 3.3183) | lr 0.002495 | seq 8
[aml] training complete: 320 steps, avg loss 3.3095 (memory freed)
  [aml] step 0/240 | loss 2.3033 (avg 2.3033) | lr 0.002495 | seq 16
  [aml] step 10/240 | loss 1.6979 (avg 2.2242) | lr 0.002495 | seq 16
  [aml] step 20/240 | loss 0.8492 (avg 2.3532) | lr 0.002495 | seq 16
  [aml] step 30/240 | loss 2.1269 (avg 2.8547) | lr 0.002495 | seq 16
  [aml] step 40/240 | loss 4.3039 (avg 3.0525) | lr 0.002495 | seq 16
  [aml] step 50/240 | loss 4.0292 (avg 2.9686) | lr 0.002495 | seq 16
  [aml] step 60/240 | loss 4.6903 (avg 3.0530) | lr 0.002494 | seq 16
  [aml] step 70/240 | loss 3.5839 (avg 3.0121) | lr 0.002494 | seq 16
  [aml] step 80/240 | loss 4.8544 (avg 3.0232) | lr 0.002494 | seq 16
  [aml] step 90/240 | loss 2.7854 (avg 3.0899) | lr 0.002494 | seq 16
  [aml] step 100/240 | loss 4.3783 (avg 3.1724) | lr 0.002494 | seq 16
  [aml] step 110/240 | loss 1.6780 (avg 3.1860) | lr 0.002494 | seq 16
  [aml] step 120/240 | loss 1.0990 (avg 3.1360) | lr 0.002494 | seq 16
  [aml] step 130/240 | loss 1.5487 (avg 3.0896) | lr 0.002494 | seq 16
  [aml] step 140/240 | loss 4.2260 (avg 3.1195) | lr 0.002494 | seq 16
  [aml] step 150/240 | loss 4.2754 (avg 3.0863) | lr 0.002494 | seq 16
  [aml] step 160/240 | loss 2.0132 (avg 3.0300) | lr 0.002494 | seq 16
  [aml] step 170/240 | loss 4.1596 (avg 3.0467) | lr 0.002494 | seq 16
  [aml] step 180/240 | loss 3.6594 (avg 3.0599) | lr 0.002494 | seq 16
  [aml] step 190/240 | loss 1.4504 (avg 3.0655) | lr 0.002494 | seq 16
  [aml] step 200/240 | loss 1.8810 (avg 3.0527) | lr 0.002493 | seq 16
  [aml] step 210/240 | loss 3.6009 (avg 3.0428) | lr 0.002493 | seq 16
  [aml] step 220/240 | loss 1.5218 (avg 3.0078) | lr 0.002493 | seq 16
  [aml] step 230/240 | loss 2.0336 (avg 3.0159) | lr 0.002493 | seq 16
[aml] training complete: 240 steps, avg loss 3.0020 (memory freed)
  [aml] step 0/240 | loss 4.3757 (avg 4.3757) | lr 0.002493 | seq 32
  [aml] step 10/240 | loss 0.6457 (avg 2.3506) | lr 0.002493 | seq 32
  [aml] step 20/240 | loss 1.0107 (avg 2.2694) | lr 0.002493 | seq 32
  [aml] step 30/240 | loss 4.1359 (avg 2.2955) | lr 0.002493 | seq 32
  [aml] step 40/240 | loss 4.4422 (avg 2.4070) | lr 0.002493 | seq 32
  [aml] step 50/240 | loss 4.1872 (avg 2.4082) | lr 0.002493 | seq 32
  [aml] step 60/240 | loss 4.5003 (avg 2.5461) | lr 0.002493 | seq 32
  [aml] step 70/240 | loss 0.3173 (avg 2.5801) | lr 0.002493 | seq 32
  [aml] step 80/240 | loss 1.5036 (avg 2.6346) | lr 0.002492 | seq 32
  [aml] step 90/240 | loss 3.9151 (avg 2.6230) | lr 0.002492 | seq 32
  [aml] step 100/240 | loss 4.2634 (avg 2.6121) | lr 0.002492 | seq 32
  [aml] step 110/240 | loss 4.7191 (avg 2.5931) | lr 0.002492 | seq 32
  [aml] step 120/240 | loss 0.8860 (avg 2.6547) | lr 0.002492 | seq 32
  [aml] step 130/240 | loss 4.0546 (avg 2.6735) | lr 0.002492 | seq 32
  [aml] step 140/240 | loss 4.3119 (avg 2.6876) | lr 0.002492 | seq 32
  [aml] step 150/240 | loss 1.5625 (avg 2.6505) | lr 0.002492 | seq 32
  [aml] step 160/240 | loss 3.5720 (avg 2.6748) | lr 0.002492 | seq 32
  [aml] step 170/240 | loss 0.9661 (avg 2.6561) | lr 0.002492 | seq 32
  [aml] step 180/240 | loss 0.5875 (avg 2.6523) | lr 0.002492 | seq 32
  [aml] step 190/240 | loss 1.6229 (avg 2.6480) | lr 0.002492 | seq 32
  [aml] step 200/240 | loss 3.9284 (avg 2.6571) | lr 0.002491 | seq 32
  [aml] step 210/240 | loss 1.3213 (avg 2.6257) | lr 0.002491 | seq 32
  [aml] step 220/240 | loss 1.1115 (avg 2.6004) | lr 0.002491 | seq 32
  [aml] step 230/240 | loss 4.7447 (avg 2.5747) | lr 0.002491 | seq 32
[aml] training complete: 240 steps, avg loss 2.5582 (memory freed)

[stage 2 — child] What it sounds like now:
  Q: Hello.
  A: It is a of sediment surrounding sal flat, and something to behind replace than the soft count of the during to flows,: What is the lesson is a A bling.
  Q: Who are you?
  A: ...
  Q: What do you know?
  A: ...

[init] Warmup complete at stage 2. Organism ready.
[ecology] First organism in the swarm.
molequla is alive. [evolution] Autonomous mode — background trainer running. Ctrl+C to stop.
[dna] earth wrote 74 bytes to ecology
[dna] earth wrote 86 bytes to ecology
[dna] earth wrote 104 bytes to ecology
[dna] earth wrote 65 bytes to ecology
[dna] earth wrote 70 bytes to ecology
[dna] earth wrote 32 bytes to ecology
[dna] earth wrote 149 bytes to ecology
[dna] earth wrote 45 bytes to ecology
[dna] earth wrote 101 bytes to ecology
[dna] earth wrote 32 bytes to ecology
[dna] earth wrote 51 bytes to ecology
[dna] earth wrote 39 bytes to ecology
[dna] earth wrote 32 bytes to ecology
[dna] earth wrote 51 bytes to ecology
[dna] earth wrote 33 bytes to ecology
[dna] earth wrote 25 bytes to ecology
[dna] earth wrote 31 bytes to ecology
[debug-onto] tick=50 corpus=173643 stage=2 freeze=0
[dna] earth wrote 24 bytes to ecology
[dna] earth wrote 108 bytes to ecology
[dna] earth wrote 20 bytes to ecology
[dna] earth wrote 19 bytes to ecology
[dna] earth wrote 41 bytes to ecology
[dna] earth wrote 203 bytes to ecology
[dna] earth wrote 51 bytes to ecology
[dna] earth wrote 156 bytes to ecology
[dna] earth wrote 50 bytes to ecology
[dna] earth wrote 97 bytes to ecology
[dna] earth wrote 31 bytes to ecology
[dna] earth wrote 30 bytes to ecology
[dna] earth wrote 73 bytes to ecology
[dna] earth wrote 56 bytes to ecology
[dna] earth wrote 63 bytes to ecology
[dna] earth wrote 8 bytes to ecology
[dna] earth wrote 94 bytes to ecology
[debug-onto] tick=100 corpus=173643 stage=2 freeze=0
[dna] earth wrote 103 bytes to ecology
[dna] earth wrote 19 bytes to ecology
[dna] earth wrote 56 bytes to ecology
[dna] earth wrote 31 bytes to ecology
[dna] earth wrote 59 bytes to ecology
[dna] earth wrote 67 bytes to ecology
[dna] earth wrote 101 bytes to ecology
[dna] earth wrote 70 bytes to ecology
[dna] earth wrote 73 bytes to ecology
[dna] earth wrote 42 bytes to ecology
[dna] earth wrote 84 bytes to ecology
[dna] earth wrote 83 bytes to ecology
[dna] earth wrote 76 bytes to ecology
[dna] earth wrote 39 bytes to ecology
[dna] earth wrote 43 bytes to ecology
[dna] earth wrote 36 bytes to ecology
[debug-onto] tick=150 corpus=173643 stage=2 freeze=0
[dna] earth wrote 66 bytes to ecology
[dna] earth wrote 51 bytes to ecology
[dna] earth wrote 65 bytes to ecology
[dna] earth wrote 86 bytes to ecology
[dna] earth wrote 74 bytes to ecology
[dna] earth wrote 73 bytes to ecology
[dna] earth wrote 43 bytes to ecology
[dna] earth wrote 85 bytes to ecology
[dna] earth wrote 57 bytes to ecology
[dna] earth wrote 89 bytes to ecology
[dna] earth wrote 90 bytes to ecology
[dna] earth wrote 102 bytes to ecology
[dna] earth wrote 29 bytes to ecology
[dna] earth wrote 84 bytes to ecology
[dna] earth wrote 42 bytes to ecology
[dna] earth wrote 79 bytes to ecology
[dna] earth wrote 55 bytes to ecology
[debug-onto] tick=200 corpus=173643 stage=2 freeze=0
[dna] earth wrote 139 bytes to ecology
[dna] earth wrote 46 bytes to ecology
[dna] earth wrote 69 bytes to ecology
[dna] earth wrote 37 bytes to ecology
[dna] earth wrote 115 bytes to ecology
[dna] earth wrote 178 bytes to ecology
[dna] earth wrote 54 bytes to ecology
[dna] earth wrote 49 bytes to ecology
[dna] earth wrote 193 bytes to ecology
[dna] earth wrote 71 bytes to ecology
[dna] earth wrote 99 bytes to ecology
[dna] earth wrote 84 bytes to ecology
[dna] earth wrote 61 bytes to ecology
[dna] earth wrote 69 bytes to ecology
[dna] earth wrote 66 bytes to ecology
[dna] earth wrote 41 bytes to ecology
[dna] earth wrote 98 bytes to ecology
[debug-onto] tick=250 corpus=173643 stage=2 freeze=0
[dna] earth wrote 28 bytes to ecology
[dna] earth wrote 92 bytes to ecology
[dna] earth wrote 110 bytes to ecology
[dna] earth wrote 50 bytes to ecology
[dna] earth wrote 23 bytes to ecology
[dna] earth wrote 38 bytes to ecology
[dna] earth wrote 34 bytes to ecology
[dna] earth wrote 39 bytes to ecology
[dna] earth wrote 34 bytes to ecology
[dna] earth wrote 170 bytes to ecology
[dna] earth wrote 89 bytes to ecology
[dna] earth wrote 76 bytes to ecology
[dna] earth wrote 63 bytes to ecology
[dna] earth wrote 79 bytes to ecology
[dna] earth wrote 186 bytes to ecology
[dna] earth wrote 110 bytes to ecology
[debug-onto] tick=300 corpus=173643 stage=2 freeze=0
[dna] earth wrote 67 bytes to ecology
[dna] earth wrote 63 bytes to ecology
[dna] earth wrote 76 bytes to ecology
[dna] earth wrote 74 bytes to ecology
[dna] earth wrote 39 bytes to ecology
[dna] earth wrote 90 bytes to ecology
[dna] earth wrote 79 bytes to ecology
[dna] earth wrote 7 bytes to ecology
[dna] earth wrote 312 bytes to ecology
[dna] earth wrote 47 bytes to ecology
[dna] earth wrote 54 bytes to ecology
[dna] earth wrote 203 bytes to ecology
[dna] earth wrote 115 bytes to ecology
[dna] earth wrote 28 bytes to ecology
[dna] earth wrote 38 bytes to ecology
[dna] earth wrote 35 bytes to ecology
[dna] earth wrote 48 bytes to ecology
[debug-onto] tick=350 corpus=173643 stage=2 freeze=0
[dna] earth wrote 128 bytes to ecology
[dna] earth wrote 30 bytes to ecology
[dna] earth wrote 74 bytes to ecology
[dna] earth wrote 64 bytes to ecology
[dna] earth wrote 66 bytes to ecology
[dna] earth wrote 23 bytes to ecology
[dna] earth wrote 33 bytes to ecology
[dna] earth wrote 27 bytes to ecology
[dna] earth wrote 33 bytes to ecology
[dna] earth wrote 70 bytes to ecology
[dna] earth wrote 23 bytes to ecology
[dna] earth wrote 53 bytes to ecology
[dna] earth wrote 89 bytes to ecology
[dna] earth wrote 77 bytes to ecology
[dna] earth wrote 75 bytes to ecology
[dna] earth wrote 43 bytes to ecology
[dna] earth wrote 74 bytes to ecology
[debug-onto] tick=400 corpus=173643 stage=2 freeze=0
[dna] earth wrote 162 bytes to ecology
[dna] earth wrote 48 bytes to ecology
[dna] earth wrote 56 bytes to ecology
[dna] earth wrote 42 bytes to ecology
[dna] earth wrote 149 bytes to ecology
[dna] earth wrote 79 bytes to ecology
[dna] earth wrote 56 bytes to ecology
[dna] earth wrote 85 bytes to ecology
[dna] earth wrote 46 bytes to ecology
[dna] earth wrote 58 bytes to ecology
[dna] earth wrote 50 bytes to ecology
[dna] earth wrote 49 bytes to ecology
[dna] earth wrote 58 bytes to ecology
[dna] earth wrote 105 bytes to ecology
[dna] earth wrote 40 bytes to ecology
[dna] earth wrote 43 bytes to ecology
[debug-onto] tick=450 corpus=173643 stage=2 freeze=0
[dna] earth wrote 98 bytes to ecology
[dna] earth wrote 37 bytes to ecology
[dna] earth wrote 19 bytes to ecology
[dna] earth wrote 36 bytes to ecology
[dna] earth wrote 44 bytes to ecology
[dna] earth wrote 33 bytes to ecology
[dna] earth wrote 41 bytes to ecology
[dna] earth wrote 53 bytes to ecology
[dna] earth wrote 7 bytes to ecology
[dna] earth wrote 134 bytes to ecology
[dna] earth wrote 49 bytes to ecology
[dna] earth wrote 71 bytes to ecology
[dna] earth wrote 154 bytes to ecology
[dna] earth wrote 110 bytes to ecology
[dna] earth wrote 40 bytes to ecology
[dna] earth wrote 28 bytes to ecology
[dna] earth wrote 41 bytes to ecology
[debug-onto] tick=500 corpus=173643 stage=2 freeze=0
[dna] earth wrote 61 bytes to ecology
[dna] earth wrote 37 bytes to ecology
[dna] earth wrote 55 bytes to ecology
[dna] earth wrote 60 bytes to ecology
[dna] earth wrote 49 bytes to ecology
[dna] earth wrote 252 bytes to ecology
[dna] earth wrote 39 bytes to ecology
[dna] earth wrote 89 bytes to ecology
[dna] earth wrote 82 bytes to ecology
[dna] earth wrote 28 bytes to ecology
[dna] earth wrote 131 bytes to ecology
[dna] earth wrote 42 bytes to ecology
[dna] earth wrote 23 bytes to ecology
[dna] earth wrote 71 bytes to ecology
[dna] earth wrote 28 bytes to ecology
[dna] earth wrote 62 bytes to ecology
[dna] earth wrote 80 bytes to ecology
[debug-onto] tick=550 corpus=173643 stage=2 freeze=0
[dna] earth wrote 94 bytes to ecology
[dna] earth wrote 74 bytes to ecology
[dna] earth wrote 201 bytes to ecology
[dna] earth wrote 85 bytes to ecology
[dna] earth wrote 108 bytes to ecology
[dna] earth wrote 71 bytes to ecology
[dna] earth wrote 118 bytes to ecology
[dna] earth wrote 155 bytes to ecology
[dna] earth wrote 66 bytes to ecology
[dna] earth wrote 182 bytes to ecology
[dna] earth wrote 125 bytes to ecology
[dna] earth wrote 55 bytes to ecology
[dna] earth wrote 115 bytes to ecology
[dna] earth wrote 126 bytes to ecology
[dna] earth wrote 33 bytes to ecology
[dna] earth wrote 89 bytes to ecology
[debug-onto] tick=600 corpus=173643 stage=2 freeze=0
[dna] earth wrote 59 bytes to ecology
[dna] earth wrote 67 bytes to ecology
[dna] earth wrote 36 bytes to ecology
[dna] earth wrote 63 bytes to ecology
[dna] earth wrote 130 bytes to ecology
[dna] earth wrote 31 bytes to ecology
[dna] earth wrote 36 bytes to ecology
[dna] earth wrote 68 bytes to ecology
[dna] earth wrote 51 bytes to ecology
[dna] earth wrote 20 bytes to ecology
[dna] earth wrote 12 bytes to ecology
[dna] earth wrote 52 bytes to ecology
[dna] earth wrote 125 bytes to ecology
[dna] earth wrote 67 bytes to ecology
[dna] earth wrote 64 bytes to ecology
[dna] earth wrote 70 bytes to ecology
[dna] earth wrote 31 bytes to ecology
[debug-onto] tick=650 corpus=173643 stage=2 freeze=0
[dna] earth wrote 192 bytes to ecology
[dna] earth wrote 48 bytes to ecology
[dna] earth wrote 91 bytes to ecology
[dna] earth wrote 47 bytes to ecology
[dna] earth wrote 61 bytes to ecology
[dna] earth wrote 219 bytes to ecology
[dna] earth wrote 80 bytes to ecology
[dna] earth wrote 33 bytes to ecology

[evolution] Organism shutting down gracefully.
