[ecology] Element: fire → corpus: nonames_fire.txt
[evolution] Autonomous evolution mode — organism will grow through all stages without pause.
[ecology] Joined swarm. 1 peer(s) detected.
molequla is alive. [evolution] Autonomous mode — background trainer running. Ctrl+C to stop.
[dna] fire wrote 131 bytes to ecology
[dna] fire consumed 13932 bytes from 287 files: [water/gen_1774507351_1.txt water/gen_1774507367_4.txt water/gen_1774507370_5.txt water/gen_1774507375_7.txt water/gen_1774507384_10.txt water/gen_1774507393_13.txt water/gen_1774507402_16.txt water/gen_1774507405_17.txt water/gen_1774507411_19.txt water/gen_1774507419_22.txt water/gen_1774507422_23.txt water/gen_1774507428_25.txt water/gen_1774507437_28.txt water/gen_1774507445_31.txt water/gen_1774507454_34.txt water/gen_1774507457_35.txt water/gen_1774507462_37.txt water/gen_1774507471_40.txt water/gen_1774507479_43.txt water/gen_1774507488_46.txt water/gen_1774507491_47.txt water/gen_1774507496_49.txt water/gen_1774507505_52.txt water/gen_1774507513_55.txt water/gen_1774507521_58.txt water/gen_1774507524_59.txt water/gen_1774507530_61.txt water/gen_1774507538_64.txt water/gen_1774507541_65.txt water/gen_1774507547_67.txt water/gen_1774507555_70.txt water/gen_1774507558_71.txt water/gen_1774507564_73.txt water/gen_1774507573_76.txt water/gen_1774507575_77.txt water/gen_1774507581_79.txt water/gen_1774507590_82.txt water/gen_1774507593_83.txt water/gen_1774507598_85.txt water/gen_1774507607_88.txt water/gen_1774507615_91.txt water/gen_1774507623_94.txt water/gen_1774507626_95.txt water/gen_1774507632_97.txt water/gen_1774507640_100.txt water/gen_1774507643_101.txt water/gen_1774507649_103.txt water/gen_1774507657_106.txt water/gen_1774507666_109.txt water/gen_1774507674_112.txt water/gen_1774507682_115.txt water/gen_1774507691_118.txt water/gen_1774507694_119.txt water/gen_1774507699_121.txt water/gen_1774507708_124.txt water/gen_1774507711_125.txt water/gen_1774507716_127.txt water/gen_1774507725_130.txt water/gen_1774507733_133.txt water/gen_1774507742_136.txt water/gen_1774507744_137.txt water/gen_1774507750_139.txt water/gen_1774507758_142.txt water/gen_1774507761_143.txt water/gen_1774507767_145.txt water/gen_1774507775_148.txt water/gen_1774507784_151.txt water/gen_1774507792_154.txt water/gen_1774507800_157.txt water/gen_1774507809_160.txt water/gen_1774507817_163.txt water/gen_1774507826_166.txt water/gen_1774507829_167.txt water/gen_1774507834_169.txt water/gen_1774507843_172.txt water/gen_1774507845_173.txt water/gen_1774507851_175.txt water/gen_1774507859_178.txt water/gen_1774507862_179.txt water/gen_1774507868_181.txt water/gen_1774507876_184.txt water/gen_1774507879_185.txt water/gen_1774507885_187.txt water/gen_1774507893_190.txt water/gen_1774507896_191.txt water/gen_1774507901_193.txt water/gen_1774507910_196.txt water/gen_1774507918_199.txt water/gen_1774507927_202.txt water/gen_1774507935_205.txt water/gen_1774507944_208.txt water/gen_1774507946_209.txt water/gen_1774507952_211.txt water/gen_1774507960_214.txt water/gen_1774507969_217.txt water/gen_1774507977_220.txt water/gen_1774507980_221.txt water/gen_1774507986_223.txt water/gen_1774507994_226.txt water/gen_1774507997_227.txt water/gen_1774508003_229.txt water/gen_1774508011_232.txt water/gen_1774508014_233.txt water/gen_1774508019_235.txt water/gen_1774508028_238.txt water/gen_1774508031_239.txt water/gen_1774508036_241.txt water/gen_1774508045_244.txt water/gen_1774508048_245.txt water/gen_1774508053_247.txt water/gen_1774508062_250.txt water/gen_1774508065_251.txt water/gen_1774508070_253.txt water/gen_1774508079_256.txt water/gen_1774508082_257.txt water/gen_1774508088_259.txt water/gen_1774508096_262.txt water/gen_1774508099_263.txt water/gen_1774508105_265.txt water/gen_1774508113_268.txt water/gen_1774508116_269.txt water/gen_1774508122_271.txt water/gen_1774508130_274.txt water/gen_1774508133_275.txt water/gen_1774508138_277.txt water/gen_1774508147_280.txt water/gen_1774508149_281.txt water/gen_1774508155_283.txt water/gen_1774508163_286.txt water/gen_1774508166_287.txt water/gen_1774508172_289.txt water/gen_1774508180_292.txt water/gen_1774508183_293.txt water/gen_1774508188_295.txt water/gen_1774508197_298.txt water/gen_1774508199_299.txt water/gen_1774508205_301.txt water/gen_1774508213_304.txt water/gen_1774508216_305.txt water/gen_1774508222_307.txt water/gen_1774508230_310.txt water/gen_1774508233_311.txt water/gen_1774508238_313.txt water/gen_1774508247_316.txt water/gen_1774508255_319.txt water/gen_1774508263_322.txt water/gen_1774508272_325.txt water/gen_1774508281_328.txt water/gen_1774508283_329.txt water/gen_1774508289_331.txt water/gen_1774508298_334.txt water/gen_1774508301_335.txt water/gen_1774508307_337.txt water/gen_1774508316_340.txt water/gen_1774508318_341.txt water/gen_1774508324_343.txt water/gen_1774508333_346.txt water/gen_1774508335_347.txt water/gen_1774508341_349.txt water/gen_1774508350_352.txt water/gen_1774508358_355.txt water/gen_1774508366_358.txt water/gen_1774508369_359.txt water/gen_1774508375_361.txt water/gen_1774508383_364.txt water/gen_1774508392_367.txt water/gen_1774508400_370.txt water/gen_1774508403_371.txt water/gen_1774508408_373.txt water/gen_1774508416_376.txt water/gen_1774508419_377.txt water/gen_1774508425_379.txt water/gen_1774508433_382.txt water/gen_1774508436_383.txt water/gen_1774508441_385.txt water/gen_1774508450_388.txt water/gen_1774508452_389.txt water/gen_1774508458_391.txt water/gen_1774508466_394.txt water/gen_1774508469_395.txt water/gen_1774508474_397.txt water/gen_1774508482_400.txt water/gen_1774508485_401.txt water/gen_1774508491_403.txt water/gen_1774508499_406.txt water/gen_1774508502_407.txt water/gen_1774508507_409.txt water/gen_1774508515_412.txt water/gen_1774508518_413.txt water/gen_1774508523_415.txt water/gen_1774508532_418.txt water/gen_1774508534_419.txt water/gen_1774508540_421.txt water/gen_1774508548_424.txt water/gen_1774508551_425.txt water/gen_1774508556_427.txt water/gen_1774508564_430.txt water/gen_1774508567_431.txt water/gen_1774508572_433.txt water/gen_1774508581_436.txt water/gen_1774508583_437.txt water/gen_1774508589_439.txt water/gen_1774508597_442.txt water/gen_1774508600_443.txt water/gen_1774508605_445.txt water/gen_1774508614_448.txt water/gen_1774508616_449.txt water/gen_1774508622_451.txt water/gen_1774508630_454.txt water/gen_1774508633_455.txt water/gen_1774508638_457.txt water/gen_1774508646_460.txt water/gen_1774508655_463.txt water/gen_1774508663_466.txt water/gen_1774508665_467.txt water/gen_1774508671_469.txt water/gen_1774508679_472.txt water/gen_1774508687_475.txt water/gen_1774508695_478.txt water/gen_1774508704_481.txt water/gen_1774508712_484.txt water/gen_1774508715_485.txt water/gen_1774508720_487.txt water/gen_1774508728_490.txt water/gen_1774508731_491.txt water/gen_1774508736_493.txt water/gen_1774508745_496.txt water/gen_1774508753_499.txt water/gen_1774508761_502.txt water/gen_1774508769_505.txt water/gen_1774508777_508.txt water/gen_1774508786_511.txt water/gen_1774508794_514.txt water/gen_1774508802_517.txt water/gen_1774508810_520.txt water/gen_1774508818_523.txt water/gen_1774508826_526.txt water/gen_1774508829_527.txt water/gen_1774508835_529.txt water/gen_1774508843_532.txt water/gen_1774508845_533.txt water/gen_1774508851_535.txt water/gen_1774508859_538.txt water/gen_1774508867_541.txt water/gen_1774508875_544.txt water/gen_1774508878_545.txt water/gen_1774508883_547.txt water/gen_1774508892_550.txt water/gen_1774508894_551.txt water/gen_1774508900_553.txt water/gen_1774508908_556.txt water/gen_1774508917_559.txt water/gen_1774508925_562.txt water/gen_1774508928_563.txt water/gen_1774508933_565.txt water/gen_1774508941_568.txt water/gen_1774508944_569.txt water/gen_1774508950_571.txt water/gen_1774508958_574.txt water/gen_1774508961_575.txt water/gen_1774508966_577.txt water/gen_1774508975_580.txt water/gen_1774508977_581.txt water/gen_1774508983_583.txt water/gen_1774508991_586.txt water/gen_1774508999_589.txt water/gen_1774509008_592.txt water/gen_1774509016_595.txt water/gen_1774509024_598.txt water/gen_1774509032_601.txt water/gen_1774509040_604.txt water/gen_1774509043_605.txt water/gen_1774509049_607.txt water/gen_1774509057_610.txt water/gen_1774509065_613.txt water/gen_1774509073_616.txt water/gen_1774509082_619.txt water/gen_1774509090_622.txt water/gen_1774509093_623.txt water/gen_1774509098_625.txt water/gen_1774509106_628.txt water/gen_1774509109_629.txt water/gen_1774509115_631.txt water/gen_1774509123_634.txt water/gen_1774509126_635.txt water/gen_1774509131_637.txt water/gen_1774509140_640.txt]
[trainer] micro-train burst (13932 bytes, novelty 0.05) — and lo, it feeds again.
[syntropy] action=explore | trend=0.0000 | field_dev=-0.051 | purpose_align=-0.112 | lr_mul=1.30
[aml] burst complete: 32 steps, avg loss 1.6341 (memory freed)
[dna] fire wrote 93 bytes to ecology
[dna] fire wrote 9 bytes to ecology
[dna] fire wrote 59 bytes to ecology
[dna] fire wrote 24 bytes to ecology
[dna] fire wrote 39 bytes to ecology
[dna] fire wrote 42 bytes to ecology
[dna] fire wrote 9 bytes to ecology
[dna] fire wrote 81 bytes to ecology
[dna] fire wrote 36 bytes to ecology
[dna] fire wrote 9 bytes to ecology
[dna] fire wrote 138 bytes to ecology
[dna] fire wrote 44 bytes to ecology
[dna] fire wrote 9 bytes to ecology
[dna] fire wrote 39 bytes to ecology
[dna] fire wrote 115 bytes to ecology
[dna] fire wrote 37 bytes to ecology
[dna] fire wrote 36 bytes to ecology
[dna] fire wrote 111 bytes to ecology
[dna] fire wrote 124 bytes to ecology
[dna] fire wrote 9 bytes to ecology
[dna] fire wrote 84 bytes to ecology
[debug-onto] tick=50 corpus=136119 stage=2 freeze=0
[dna] fire wrote 105 bytes to ecology
[dna] fire wrote 9 bytes to ecology
[dna] fire wrote 84 bytes to ecology
[dna] fire wrote 49 bytes to ecology
[dna] fire wrote 100 bytes to ecology
[dna] fire wrote 127 bytes to ecology
[dna] fire wrote 46 bytes to ecology
[dna] fire wrote 34 bytes to ecology
[dna] fire wrote 44 bytes to ecology
[dna] fire wrote 64 bytes to ecology
[dna] fire wrote 9 bytes to ecology
[dna] fire wrote 62 bytes to ecology
[dna] fire wrote 33 bytes to ecology
[dna] fire wrote 116 bytes to ecology
[dna] fire wrote 12 bytes to ecology
[dna] fire wrote 33 bytes to ecology
[dna] fire wrote 43 bytes to ecology
[dna] fire wrote 9 bytes to ecology
[dna] fire wrote 124 bytes to ecology
[dna] fire wrote 81 bytes to ecology
[debug-onto] tick=100 corpus=136119 stage=2 freeze=0
[dna] fire wrote 105 bytes to ecology
[dna] fire wrote 71 bytes to ecology
[dna] fire wrote 9 bytes to ecology
[dna] fire wrote 97 bytes to ecology
[dna] fire wrote 26 bytes to ecology
[dna] fire wrote 9 bytes to ecology
[dna] fire wrote 26 bytes to ecology
[dna] fire wrote 168 bytes to ecology
[dna] fire wrote 9 bytes to ecology
[dna] fire wrote 102 bytes to ecology
[dna] fire wrote 48 bytes to ecology
[dna] fire wrote 47 bytes to ecology
[dna] fire wrote 40 bytes to ecology
[dna] fire wrote 81 bytes to ecology
[dna] fire wrote 22 bytes to ecology
[dna] fire wrote 9 bytes to ecology
[dna] fire wrote 38 bytes to ecology
[dna] fire wrote 32 bytes to ecology
[dna] fire wrote 9 bytes to ecology
[dna] fire wrote 22 bytes to ecology
[dna] fire wrote 25 bytes to ecology
[dna] fire wrote 9 bytes to ecology
[debug-onto] tick=150 corpus=136119 stage=2 freeze=0
[dna] fire wrote 20 bytes to ecology
[dna] fire wrote 146 bytes to ecology
[dna] fire wrote 9 bytes to ecology
[dna] fire wrote 35 bytes to ecology
[dna] fire wrote 26 bytes to ecology
[dna] fire wrote 36 bytes to ecology
[dna] fire wrote 85 bytes to ecology
[dna] fire wrote 9 bytes to ecology
[dna] fire wrote 63 bytes to ecology
[dna] fire wrote 28 bytes to ecology
[dna] fire wrote 9 bytes to ecology
[dna] fire wrote 83 bytes to ecology
[dna] fire wrote 35 bytes to ecology
[dna] fire wrote 36 bytes to ecology
[dna] fire wrote 31 bytes to ecology
[dna] fire wrote 9 bytes to ecology
[dna] fire wrote 38 bytes to ecology
[dna] fire wrote 40 bytes to ecology
[dna] fire wrote 28 bytes to ecology
[dna] fire wrote 76 bytes to ecology
[dna] fire wrote 54 bytes to ecology
[debug-onto] tick=200 corpus=136119 stage=2 freeze=0
[dna] fire wrote 39 bytes to ecology
[dna] fire wrote 9 bytes to ecology
[dna] fire wrote 33 bytes to ecology
[dna] fire wrote 95 bytes to ecology
[dna] fire wrote 9 bytes to ecology
[dna] fire wrote 14 bytes to ecology
[dna] fire wrote 9 bytes to ecology
[dna] fire wrote 9 bytes to ecology
[dna] fire wrote 9 bytes to ecology
[dna] fire wrote 27 bytes to ecology
[dna] fire wrote 51 bytes to ecology
[dna] fire wrote 30 bytes to ecology
[dna] fire wrote 41 bytes to ecology
[dna] fire wrote 20 bytes to ecology
[dna] fire wrote 9 bytes to ecology
[dna] fire wrote 44 bytes to ecology
[dna] fire wrote 35 bytes to ecology
[dna] fire wrote 9 bytes to ecology
[dna] fire wrote 43 bytes to ecology
[dna] fire wrote 75 bytes to ecology
[dna] fire wrote 53 bytes to ecology
[dna] fire wrote 60 bytes to ecology
[debug-onto] tick=250 corpus=136119 stage=2 freeze=0
[dna] fire wrote 36 bytes to ecology
[dna] fire wrote 51 bytes to ecology
[dna] fire wrote 96 bytes to ecology
[dna] fire wrote 203 bytes to ecology
[dna] fire wrote 9 bytes to ecology
[dna] fire wrote 81 bytes to ecology
[dna] fire wrote 91 bytes to ecology
[dna] fire wrote 9 bytes to ecology
[dna] fire wrote 22 bytes to ecology
[dna] fire wrote 53 bytes to ecology
[dna] fire wrote 9 bytes to ecology
[dna] fire wrote 32 bytes to ecology
[dna] fire wrote 85 bytes to ecology
[dna] fire wrote 54 bytes to ecology
[dna] fire wrote 122 bytes to ecology
[dna] fire wrote 9 bytes to ecology
[dna] fire wrote 24 bytes to ecology
[dna] fire wrote 159 bytes to ecology
[dna] fire wrote 9 bytes to ecology
[dna] fire wrote 105 bytes to ecology
[dna] fire wrote 53 bytes to ecology
[dna] fire wrote 9 bytes to ecology
[debug-onto] tick=300 corpus=136119 stage=2 freeze=0
[dna] fire wrote 63 bytes to ecology
[dna] fire wrote 52 bytes to ecology
[dna] fire wrote 9 bytes to ecology
[dna] fire wrote 158 bytes to ecology
[dna] fire wrote 57 bytes to ecology
[dna] fire wrote 25 bytes to ecology
[dna] fire wrote 55 bytes to ecology
[dna] fire wrote 60 bytes to ecology
[dna] fire wrote 46 bytes to ecology
[dna] fire wrote 12 bytes to ecology
[dna] fire wrote 21 bytes to ecology
[dna] fire wrote 9 bytes to ecology
[dna] fire wrote 59 bytes to ecology
[dna] fire wrote 85 bytes to ecology
[dna] fire wrote 9 bytes to ecology
[dna] fire wrote 48 bytes to ecology
[dna] fire wrote 92 bytes to ecology
[dna] fire wrote 9 bytes to ecology
[dna] fire wrote 24 bytes to ecology
[dna] fire wrote 46 bytes to ecology
[dna] fire wrote 141 bytes to ecology
[debug-onto] tick=350 corpus=136119 stage=2 freeze=0
[dna] fire wrote 101 bytes to ecology
[dna] fire wrote 50 bytes to ecology
[dna] fire wrote 69 bytes to ecology
[dna] fire wrote 9 bytes to ecology
[dna] fire wrote 15 bytes to ecology
[dna] fire wrote 75 bytes to ecology
[dna] fire wrote 9 bytes to ecology
[dna] fire wrote 208 bytes to ecology
[dna] fire wrote 31 bytes to ecology
[dna] fire wrote 9 bytes to ecology
[dna] fire wrote 38 bytes to ecology
[dna] fire wrote 199 bytes to ecology
[dna] fire wrote 9 bytes to ecology
[dna] fire wrote 114 bytes to ecology
[dna] fire wrote 21 bytes to ecology
[dna] fire wrote 30 bytes to ecology
[dna] fire wrote 51 bytes to ecology
[dna] fire wrote 9 bytes to ecology
[dna] fire wrote 28 bytes to ecology
[dna] fire wrote 15 bytes to ecology
[dna] fire wrote 30 bytes to ecology
[dna] fire wrote 24 bytes to ecology
[debug-onto] tick=400 corpus=136119 stage=2 freeze=0
[dna] fire wrote 9 bytes to ecology
[dna] fire wrote 113 bytes to ecology
[dna] fire wrote 73 bytes to ecology
[dna] fire wrote 9 bytes to ecology
[dna] fire wrote 126 bytes to ecology
[dna] fire wrote 21 bytes to ecology
[dna] fire wrote 64 bytes to ecology
[dna] fire wrote 34 bytes to ecology
[dna] fire wrote 9 bytes to ecology
[dna] fire wrote 140 bytes to ecology
[dna] fire wrote 82 bytes to ecology
[dna] fire wrote 192 bytes to ecology
[dna] fire wrote 29 bytes to ecology
[dna] fire wrote 120 bytes to ecology
[dna] fire wrote 37 bytes to ecology
[dna] fire wrote 9 bytes to ecology
[dna] fire wrote 116 bytes to ecology
[dna] fire wrote 36 bytes to ecology
[dna] fire wrote 29 bytes to ecology
[dna] fire wrote 56 bytes to ecology
[dna] fire wrote 9 bytes to ecology
[debug-onto] tick=450 corpus=136119 stage=2 freeze=0
[dna] fire wrote 52 bytes to ecology
[dna] fire wrote 80 bytes to ecology
[dna] fire wrote 121 bytes to ecology
[dna] fire wrote 33 bytes to ecology
[dna] fire wrote 31 bytes to ecology
[dna] fire wrote 31 bytes to ecology
[dna] fire wrote 9 bytes to ecology
[dna] fire wrote 124 bytes to ecology
[dna] fire wrote 75 bytes to ecology
[dna] fire wrote 9 bytes to ecology
[dna] fire wrote 143 bytes to ecology
[dna] fire wrote 35 bytes to ecology
[dna] fire wrote 27 bytes to ecology
[dna] fire wrote 54 bytes to ecology
[dna] fire wrote 27 bytes to ecology
[dna] fire wrote 78 bytes to ecology
[dna] fire wrote 9 bytes to ecology
[dna] fire wrote 68 bytes to ecology
[dna] fire wrote 65 bytes to ecology
[dna] fire wrote 9 bytes to ecology
[dna] fire wrote 36 bytes to ecology
[debug-onto] tick=500 corpus=136119 stage=2 freeze=0
[dna] fire wrote 24 bytes to ecology
[dna] fire wrote 59 bytes to ecology
[dna] fire wrote 66 bytes to ecology
[dna] fire wrote 12 bytes to ecology
[dna] fire wrote 46 bytes to ecology
[dna] fire wrote 38 bytes to ecology
[dna] fire wrote 39 bytes to ecology
[dna] fire wrote 9 bytes to ecology
[dna] fire wrote 24 bytes to ecology
[dna] fire wrote 43 bytes to ecology
[dna] fire wrote 9 bytes to ecology
[dna] fire wrote 44 bytes to ecology
[dna] fire wrote 129 bytes to ecology
[dna] fire wrote 9 bytes to ecology
[dna] fire wrote 26 bytes to ecology
[dna] fire wrote 43 bytes to ecology
[dna] fire wrote 163 bytes to ecology
[dna] fire wrote 82 bytes to ecology
[dna] fire wrote 9 bytes to ecology
[dna] fire wrote 40 bytes to ecology
[dna] fire wrote 27 bytes to ecology
[debug-onto] tick=550 corpus=136119 stage=2 freeze=0
[dna] fire wrote 9 bytes to ecology
[dna] fire wrote 67 bytes to ecology
[dna] fire wrote 89 bytes to ecology
[dna] fire wrote 30 bytes to ecology
[dna] fire wrote 35 bytes to ecology
[dna] fire wrote 9 bytes to ecology
[dna] fire wrote 44 bytes to ecology
[dna] fire wrote 55 bytes to ecology
[dna] fire wrote 24 bytes to ecology
[dna] fire wrote 31 bytes to ecology
[dna] fire wrote 9 bytes to ecology
[dna] fire wrote 25 bytes to ecology
[dna] fire wrote 23 bytes to ecology
[dna] fire wrote 9 bytes to ecology
[dna] fire wrote 11 bytes to ecology
[dna] fire wrote 26 bytes to ecology
[dna] fire wrote 52 bytes to ecology
[dna] fire wrote 79 bytes to ecology
[dna] fire wrote 9 bytes to ecology
[dna] fire wrote 59 bytes to ecology
[dna] fire wrote 38 bytes to ecology
[dna] fire wrote 9 bytes to ecology
[debug-onto] tick=600 corpus=136119 stage=2 freeze=0
[dna] fire wrote 49 bytes to ecology
[dna] fire wrote 73 bytes to ecology
[dna] fire wrote 9 bytes to ecology
[dna] fire wrote 53 bytes to ecology
[dna] fire wrote 65 bytes to ecology
[dna] fire wrote 9 bytes to ecology
[dna] fire wrote 38 bytes to ecology
[dna] fire wrote 53 bytes to ecology
[dna] fire wrote 9 bytes to ecology
[dna] fire wrote 49 bytes to ecology
[dna] fire wrote 48 bytes to ecology
[dna] fire wrote 67 bytes to ecology
[dna] fire wrote 60 bytes to ecology
[dna] fire wrote 9 bytes to ecology
[dna] fire wrote 29 bytes to ecology
[dna] fire wrote 21 bytes to ecology
[dna] fire wrote 9 bytes to ecology
[dna] fire wrote 63 bytes to ecology
[dna] fire wrote 50 bytes to ecology
[dna] fire wrote 9 bytes to ecology
[dna] fire wrote 53 bytes to ecology
[dna] fire wrote 77 bytes to ecology
[dna] fire wrote 9 bytes to ecology
[dna] fire wrote 6 bytes to ecology
[debug-onto] tick=650 corpus=136119 stage=2 freeze=0
[dna] fire wrote 69 bytes to ecology
[dna] fire wrote 9 bytes to ecology
[dna] fire wrote 62 bytes to ecology
[dna] fire wrote 11 bytes to ecology
[dna] fire wrote 9 bytes to ecology
[dna] fire wrote 124 bytes to ecology
[dna] fire wrote 111 bytes to ecology
[dna] fire wrote 9 bytes to ecology
[dna] fire wrote 50 bytes to ecology
[dna] fire wrote 18 bytes to ecology
[dna] fire wrote 9 bytes to ecology
[dna] fire wrote 64 bytes to ecology
[dna] fire wrote 50 bytes to ecology
[dna] fire wrote 103 bytes to ecology
[dna] fire wrote 36 bytes to ecology
[dna] fire wrote 44 bytes to ecology
[dna] fire wrote 60 bytes to ecology
[dna] fire wrote 93 bytes to ecology
[dna] fire wrote 39 bytes to ecology
[dna] fire wrote 9 bytes to ecology
[dna] fire wrote 122 bytes to ecology
[dna] fire wrote 22 bytes to ecology
[debug-onto] tick=700 corpus=136119 stage=2 freeze=0
[dna] fire wrote 47 bytes to ecology
[dna] fire wrote 59 bytes to ecology
[dna] fire wrote 9 bytes to ecology
[dna] fire wrote 11 bytes to ecology

[evolution] Organism shutting down gracefully.
