[ecology] Element: water → corpus: nonames_water.txt
[evolution] Autonomous evolution mode — organism will grow through all stages without pause.
[ecology] Joined swarm. 1 peer(s) detected.
molequla is alive. [evolution] Autonomous mode — background trainer running. Ctrl+C to stop.
[dna] water wrote 169 bytes to ecology
[dna] water consumed 17621 bytes from 229 files: [air/gen_1774505551_1.txt air/gen_1774505566_4.txt air/gen_1774505574_7.txt air/gen_1774505582_10.txt air/gen_1774505590_13.txt air/gen_1774505598_16.txt air/gen_1774505606_19.txt air/gen_1774505614_22.txt air/gen_1774505622_25.txt air/gen_1774505631_28.txt air/gen_1774505639_31.txt air/gen_1774505647_34.txt air/gen_1774505655_37.txt air/gen_1774505663_40.txt air/gen_1774505671_43.txt air/gen_1774505679_46.txt air/gen_1774505687_49.txt air/gen_1774505695_52.txt air/gen_1774505703_55.txt air/gen_1774505711_58.txt air/gen_1774505719_61.txt air/gen_1774505727_64.txt air/gen_1774505735_67.txt air/gen_1774505743_70.txt air/gen_1774505751_73.txt air/gen_1774505760_76.txt air/gen_1774505768_79.txt air/gen_1774505776_82.txt air/gen_1774505784_85.txt air/gen_1774505792_88.txt air/gen_1774505800_91.txt air/gen_1774505808_94.txt air/gen_1774505816_97.txt air/gen_1774505824_100.txt air/gen_1774505832_103.txt air/gen_1774505840_106.txt air/gen_1774505848_109.txt air/gen_1774505855_112.txt air/gen_1774505863_115.txt air/gen_1774505871_118.txt air/gen_1774505879_121.txt air/gen_1774505887_124.txt air/gen_1774505895_127.txt air/gen_1774505903_130.txt air/gen_1774505911_133.txt air/gen_1774505918_136.txt air/gen_1774505926_139.txt air/gen_1774505934_142.txt air/gen_1774505942_145.txt air/gen_1774505949_148.txt air/gen_1774505957_151.txt air/gen_1774505965_154.txt air/gen_1774505973_157.txt air/gen_1774505981_160.txt air/gen_1774505988_163.txt air/gen_1774505996_166.txt air/gen_1774506004_169.txt air/gen_1774506012_172.txt air/gen_1774506020_175.txt air/gen_1774506028_178.txt air/gen_1774506035_181.txt air/gen_1774506043_184.txt air/gen_1774506051_187.txt air/gen_1774506059_190.txt air/gen_1774506067_193.txt air/gen_1774506075_196.txt air/gen_1774506083_199.txt air/gen_1774506090_202.txt air/gen_1774506098_205.txt air/gen_1774506106_208.txt air/gen_1774506114_211.txt air/gen_1774506122_214.txt air/gen_1774506129_217.txt air/gen_1774506137_220.txt air/gen_1774506145_223.txt air/gen_1774506153_226.txt air/gen_1774506160_229.txt air/gen_1774506168_232.txt air/gen_1774506176_235.txt air/gen_1774506184_238.txt air/gen_1774506191_241.txt air/gen_1774506199_244.txt air/gen_1774506207_247.txt air/gen_1774506215_250.txt air/gen_1774506222_253.txt air/gen_1774506230_256.txt air/gen_1774506238_259.txt air/gen_1774506246_262.txt air/gen_1774506254_265.txt air/gen_1774506262_268.txt air/gen_1774506269_271.txt air/gen_1774506277_274.txt air/gen_1774506285_277.txt air/gen_1774506293_280.txt air/gen_1774506301_283.txt air/gen_1774506308_286.txt air/gen_1774506316_289.txt air/gen_1774506324_292.txt air/gen_1774506331_295.txt air/gen_1774506339_298.txt air/gen_1774506347_301.txt air/gen_1774506354_304.txt air/gen_1774506362_307.txt air/gen_1774506370_310.txt air/gen_1774506377_313.txt air/gen_1774506385_316.txt air/gen_1774506393_319.txt air/gen_1774506401_322.txt air/gen_1774506409_325.txt air/gen_1774506417_328.txt air/gen_1774506425_331.txt air/gen_1774506432_334.txt air/gen_1774506440_337.txt air/gen_1774506448_340.txt air/gen_1774506455_343.txt air/gen_1774506463_346.txt air/gen_1774506471_349.txt air/gen_1774506478_352.txt air/gen_1774506486_355.txt air/gen_1774506494_358.txt air/gen_1774506502_361.txt air/gen_1774506509_364.txt air/gen_1774506517_367.txt air/gen_1774506524_370.txt air/gen_1774506532_373.txt air/gen_1774506540_376.txt air/gen_1774506547_379.txt air/gen_1774506555_382.txt air/gen_1774506562_385.txt air/gen_1774506570_388.txt air/gen_1774506577_391.txt air/gen_1774506585_394.txt air/gen_1774506593_397.txt air/gen_1774506601_400.txt air/gen_1774506609_403.txt air/gen_1774506617_406.txt air/gen_1774506624_409.txt air/gen_1774506632_412.txt air/gen_1774506640_415.txt air/gen_1774506648_418.txt air/gen_1774506656_421.txt air/gen_1774506664_424.txt air/gen_1774506672_427.txt air/gen_1774506679_430.txt air/gen_1774506687_433.txt air/gen_1774506695_436.txt air/gen_1774506702_439.txt air/gen_1774506710_442.txt air/gen_1774506718_445.txt air/gen_1774506725_448.txt air/gen_1774506733_451.txt air/gen_1774506741_454.txt air/gen_1774506749_457.txt air/gen_1774506756_460.txt air/gen_1774506764_463.txt air/gen_1774506772_466.txt air/gen_1774506779_469.txt air/gen_1774506787_472.txt air/gen_1774506794_475.txt air/gen_1774506802_478.txt air/gen_1774506810_481.txt air/gen_1774506817_484.txt air/gen_1774506825_487.txt air/gen_1774506833_490.txt air/gen_1774506841_493.txt air/gen_1774506848_496.txt air/gen_1774506856_499.txt air/gen_1774506864_502.txt air/gen_1774506872_505.txt air/gen_1774506880_508.txt air/gen_1774506888_511.txt air/gen_1774506896_514.txt air/gen_1774506904_517.txt air/gen_1774506912_520.txt air/gen_1774506920_523.txt air/gen_1774506928_526.txt air/gen_1774506935_529.txt air/gen_1774506943_532.txt air/gen_1774506951_535.txt air/gen_1774506959_538.txt air/gen_1774506967_541.txt air/gen_1774506975_544.txt air/gen_1774506983_547.txt air/gen_1774506991_550.txt air/gen_1774506999_553.txt air/gen_1774507007_556.txt air/gen_1774507015_559.txt air/gen_1774507023_562.txt air/gen_1774507031_565.txt air/gen_1774507039_568.txt air/gen_1774507047_571.txt air/gen_1774507055_574.txt air/gen_1774507063_577.txt air/gen_1774507071_580.txt air/gen_1774507079_583.txt air/gen_1774507087_586.txt air/gen_1774507095_589.txt air/gen_1774507103_592.txt air/gen_1774507111_595.txt air/gen_1774507119_598.txt air/gen_1774507127_601.txt air/gen_1774507135_604.txt air/gen_1774507143_607.txt air/gen_1774507151_610.txt air/gen_1774507159_613.txt air/gen_1774507166_616.txt air/gen_1774507174_619.txt air/gen_1774507182_622.txt air/gen_1774507189_625.txt air/gen_1774507197_628.txt air/gen_1774507205_631.txt air/gen_1774507212_634.txt air/gen_1774507219_637.txt air/gen_1774507227_640.txt air/gen_1774507235_643.txt air/gen_1774507243_646.txt air/gen_1774507250_649.txt air/gen_1774507258_652.txt air/gen_1774507266_655.txt air/gen_1774507273_658.txt air/gen_1774507281_661.txt air/gen_1774507289_664.txt air/gen_1774507296_667.txt air/gen_1774507304_670.txt air/gen_1774507311_673.txt air/gen_1774507319_676.txt air/gen_1774507327_679.txt air/gen_1774507334_682.txt air/gen_1774507342_685.txt]
[trainer] micro-train burst (17621 bytes, novelty 0.03) — and lo, it feeds again.
[syntropy] action=explore | trend=0.0000 | field_dev=-0.040 | purpose_align=-0.130 | lr_mul=1.30
[aml] burst complete: 32 steps, avg loss 1.6201 (memory freed)
[dna] water wrote 87 bytes to ecology
[dna] water wrote 9 bytes to ecology
[dna] water wrote 109 bytes to ecology
[dna] water wrote 54 bytes to ecology
[dna] water wrote 78 bytes to ecology
[dna] water wrote 129 bytes to ecology
[dna] water wrote 9 bytes to ecology
[dna] water wrote 28 bytes to ecology
[dna] water wrote 60 bytes to ecology
[dna] water wrote 9 bytes to ecology
[dna] water wrote 44 bytes to ecology
[dna] water wrote 81 bytes to ecology
[dna] water wrote 10 bytes to ecology
[dna] water wrote 52 bytes to ecology
[dna] water wrote 9 bytes to ecology
[dna] water wrote 81 bytes to ecology
[dna] water wrote 50 bytes to ecology
[dna] water wrote 9 bytes to ecology
[dna] water wrote 62 bytes to ecology
[dna] water wrote 9 bytes to ecology
[dna] water wrote 25 bytes to ecology
[debug-onto] tick=50 corpus=143547 stage=2 freeze=0
[dna] water wrote 116 bytes to ecology
[dna] water wrote 33 bytes to ecology
[dna] water wrote 47 bytes to ecology
[dna] water wrote 9 bytes to ecology
[dna] water wrote 57 bytes to ecology
[dna] water wrote 59 bytes to ecology
[dna] water wrote 9 bytes to ecology
[dna] water wrote 41 bytes to ecology
[dna] water wrote 147 bytes to ecology
[dna] water wrote 9 bytes to ecology
[dna] water wrote 42 bytes to ecology
[dna] water wrote 62 bytes to ecology
[dna] water wrote 9 bytes to ecology
[dna] water wrote 75 bytes to ecology
[dna] water wrote 49 bytes to ecology
[dna] water wrote 9 bytes to ecology
[dna] water wrote 42 bytes to ecology
[dna] water wrote 62 bytes to ecology
[dna] water wrote 25 bytes to ecology
[dna] water wrote 49 bytes to ecology
[dna] water wrote 9 bytes to ecology
[dna] water wrote 59 bytes to ecology
[dna] water wrote 28 bytes to ecology
[debug-onto] tick=100 corpus=143547 stage=2 freeze=0
[dna] water wrote 9 bytes to ecology
[dna] water wrote 121 bytes to ecology
[dna] water wrote 59 bytes to ecology
[dna] water wrote 8 bytes to ecology
[dna] water wrote 56 bytes to ecology
[dna] water wrote 77 bytes to ecology
[dna] water wrote 58 bytes to ecology
[dna] water wrote 9 bytes to ecology
[dna] water wrote 46 bytes to ecology
[dna] water wrote 97 bytes to ecology
[dna] water wrote 9 bytes to ecology
[dna] water wrote 31 bytes to ecology
[dna] water wrote 28 bytes to ecology
[dna] water wrote 23 bytes to ecology
[dna] water wrote 57 bytes to ecology
[dna] water wrote 9 bytes to ecology
[dna] water wrote 39 bytes to ecology
[dna] water wrote 30 bytes to ecology
[dna] water wrote 9 bytes to ecology
[dna] water wrote 22 bytes to ecology
[dna] water wrote 62 bytes to ecology
[debug-onto] tick=150 corpus=143547 stage=2 freeze=0
[dna] water wrote 49 bytes to ecology
[dna] water wrote 29 bytes to ecology
[dna] water wrote 29 bytes to ecology
[dna] water wrote 9 bytes to ecology
[dna] water wrote 30 bytes to ecology
[dna] water wrote 122 bytes to ecology
[dna] water wrote 9 bytes to ecology
[dna] water wrote 76 bytes to ecology
[dna] water wrote 66 bytes to ecology
[dna] water wrote 9 bytes to ecology
[dna] water wrote 154 bytes to ecology
[dna] water wrote 70 bytes to ecology
[dna] water wrote 9 bytes to ecology
[dna] water wrote 94 bytes to ecology
[dna] water wrote 81 bytes to ecology
[dna] water wrote 9 bytes to ecology
[dna] water wrote 51 bytes to ecology
[dna] water wrote 22 bytes to ecology
[dna] water wrote 9 bytes to ecology
[dna] water wrote 75 bytes to ecology
[dna] water wrote 12 bytes to ecology
[dna] water wrote 55 bytes to ecology
[debug-onto] tick=200 corpus=143547 stage=2 freeze=0
[dna] water wrote 55 bytes to ecology
[dna] water wrote 26 bytes to ecology
[dna] water wrote 71 bytes to ecology
[dna] water wrote 9 bytes to ecology
[dna] water wrote 180 bytes to ecology
[dna] water wrote 100 bytes to ecology
[dna] water wrote 49 bytes to ecology
[dna] water wrote 111 bytes to ecology
[dna] water wrote 9 bytes to ecology
[dna] water wrote 98 bytes to ecology
[dna] water wrote 96 bytes to ecology
[dna] water wrote 9 bytes to ecology
[dna] water wrote 113 bytes to ecology
[dna] water wrote 57 bytes to ecology
[dna] water wrote 9 bytes to ecology
[dna] water wrote 115 bytes to ecology
[dna] water wrote 67 bytes to ecology
[dna] water wrote 9 bytes to ecology
[dna] water wrote 58 bytes to ecology
[dna] water wrote 72 bytes to ecology
[dna] water wrote 9 bytes to ecology
[dna] water wrote 34 bytes to ecology
[dna] water wrote 50 bytes to ecology
[debug-onto] tick=250 corpus=143547 stage=2 freeze=0
[dna] water wrote 9 bytes to ecology
[dna] water wrote 14 bytes to ecology
[dna] water wrote 65 bytes to ecology
[dna] water wrote 9 bytes to ecology
[dna] water wrote 27 bytes to ecology
[dna] water wrote 117 bytes to ecology
[dna] water wrote 9 bytes to ecology
[dna] water wrote 81 bytes to ecology
[dna] water wrote 26 bytes to ecology
[dna] water wrote 9 bytes to ecology
[dna] water wrote 67 bytes to ecology
[dna] water wrote 91 bytes to ecology
[dna] water wrote 9 bytes to ecology
[dna] water wrote 43 bytes to ecology
[dna] water wrote 81 bytes to ecology
[dna] water wrote 9 bytes to ecology
[dna] water wrote 27 bytes to ecology
[dna] water wrote 38 bytes to ecology
[dna] water wrote 9 bytes to ecology
[dna] water wrote 49 bytes to ecology
[dna] water wrote 51 bytes to ecology
[dna] water wrote 9 bytes to ecology
[dna] water wrote 37 bytes to ecology
[dna] water wrote 120 bytes to ecology
[dna] water wrote 9 bytes to ecology
[debug-onto] tick=300 corpus=143547 stage=2 freeze=0
[dna] water wrote 67 bytes to ecology
[dna] water wrote 62 bytes to ecology
[dna] water wrote 9 bytes to ecology
[dna] water wrote 64 bytes to ecology
[dna] water wrote 39 bytes to ecology
[dna] water wrote 9 bytes to ecology
[dna] water wrote 216 bytes to ecology
[dna] water wrote 82 bytes to ecology
[dna] water wrote 72 bytes to ecology
[dna] water wrote 110 bytes to ecology
[dna] water wrote 36 bytes to ecology
[dna] water wrote 13 bytes to ecology
[dna] water wrote 9 bytes to ecology
[dna] water wrote 198 bytes to ecology
[dna] water wrote 10 bytes to ecology
[dna] water wrote 9 bytes to ecology
[dna] water wrote 50 bytes to ecology
[dna] water wrote 155 bytes to ecology
[dna] water wrote 9 bytes to ecology
[dna] water wrote 77 bytes to ecology
[dna] water wrote 61 bytes to ecology
[dna] water wrote 9 bytes to ecology
[dna] water wrote 36 bytes to ecology
[debug-onto] tick=350 corpus=143547 stage=2 freeze=0
[dna] water wrote 29 bytes to ecology
[dna] water wrote 107 bytes to ecology
[dna] water wrote 101 bytes to ecology
[dna] water wrote 9 bytes to ecology
[dna] water wrote 59 bytes to ecology
[dna] water wrote 31 bytes to ecology
[dna] water wrote 61 bytes to ecology
[dna] water wrote 67 bytes to ecology
[dna] water wrote 9 bytes to ecology
[dna] water wrote 40 bytes to ecology
[dna] water wrote 130 bytes to ecology
[dna] water wrote 9 bytes to ecology
[dna] water wrote 61 bytes to ecology
[dna] water wrote 72 bytes to ecology
[dna] water wrote 9 bytes to ecology
[dna] water wrote 11 bytes to ecology
[dna] water wrote 102 bytes to ecology
[dna] water wrote 9 bytes to ecology
[dna] water wrote 10 bytes to ecology
[dna] water wrote 101 bytes to ecology
[dna] water wrote 9 bytes to ecology
[dna] water wrote 55 bytes to ecology
[dna] water wrote 21 bytes to ecology
[debug-onto] tick=400 corpus=143547 stage=2 freeze=0
[dna] water wrote 9 bytes to ecology
[dna] water wrote 75 bytes to ecology
[dna] water wrote 32 bytes to ecology
[dna] water wrote 9 bytes to ecology
[dna] water wrote 38 bytes to ecology
[dna] water wrote 9 bytes to ecology
[dna] water wrote 9 bytes to ecology
[dna] water wrote 30 bytes to ecology
[dna] water wrote 67 bytes to ecology
[dna] water wrote 9 bytes to ecology
[dna] water wrote 52 bytes to ecology
[dna] water wrote 28 bytes to ecology
[dna] water wrote 9 bytes to ecology
[dna] water wrote 44 bytes to ecology
[dna] water wrote 42 bytes to ecology
[dna] water wrote 9 bytes to ecology
[dna] water wrote 16 bytes to ecology
[dna] water wrote 224 bytes to ecology
[dna] water wrote 9 bytes to ecology
[dna] water wrote 55 bytes to ecology
[dna] water wrote 58 bytes to ecology
[dna] water wrote 9 bytes to ecology
[dna] water wrote 116 bytes to ecology
[dna] water wrote 87 bytes to ecology
[dna] water wrote 9 bytes to ecology
[debug-onto] tick=450 corpus=143547 stage=2 freeze=0
[dna] water wrote 19 bytes to ecology
[dna] water wrote 16 bytes to ecology
[dna] water wrote 9 bytes to ecology
[dna] water wrote 48 bytes to ecology
[dna] water wrote 68 bytes to ecology
[dna] water wrote 27 bytes to ecology
[dna] water wrote 48 bytes to ecology
[dna] water wrote 9 bytes to ecology
[dna] water wrote 20 bytes to ecology
[dna] water wrote 28 bytes to ecology
[dna] water wrote 86 bytes to ecology
[dna] water wrote 49 bytes to ecology
[dna] water wrote 128 bytes to ecology
[dna] water wrote 27 bytes to ecology
[dna] water wrote 9 bytes to ecology
[dna] water wrote 62 bytes to ecology
[dna] water wrote 52 bytes to ecology
[dna] water wrote 9 bytes to ecology
[dna] water wrote 140 bytes to ecology
[dna] water wrote 37 bytes to ecology
[dna] water wrote 23 bytes to ecology
[debug-onto] tick=500 corpus=143547 stage=2 freeze=0
[dna] water wrote 50 bytes to ecology
[dna] water wrote 41 bytes to ecology
[dna] water wrote 26 bytes to ecology
[dna] water wrote 63 bytes to ecology
[dna] water wrote 68 bytes to ecology
[dna] water wrote 44 bytes to ecology
[dna] water wrote 31 bytes to ecology
[dna] water wrote 61 bytes to ecology
[dna] water wrote 28 bytes to ecology
[dna] water wrote 9 bytes to ecology
[dna] water wrote 77 bytes to ecology
[dna] water wrote 36 bytes to ecology
[dna] water wrote 9 bytes to ecology
[dna] water wrote 39 bytes to ecology
[dna] water wrote 50 bytes to ecology
[dna] water wrote 35 bytes to ecology
[dna] water wrote 53 bytes to ecology
[dna] water wrote 9 bytes to ecology
[dna] water wrote 62 bytes to ecology
[dna] water wrote 51 bytes to ecology
[debug-onto] tick=550 corpus=143547 stage=2 freeze=0
[dna] water wrote 9 bytes to ecology
[dna] water wrote 212 bytes to ecology
[dna] water wrote 9 bytes to ecology
[dna] water wrote 65 bytes to ecology
[dna] water wrote 71 bytes to ecology
[dna] water wrote 9 bytes to ecology
[dna] water wrote 39 bytes to ecology
[dna] water wrote 109 bytes to ecology
[dna] water wrote 9 bytes to ecology
[dna] water wrote 22 bytes to ecology
[dna] water wrote 44 bytes to ecology
[dna] water wrote 9 bytes to ecology
[dna] water wrote 130 bytes to ecology
[dna] water wrote 195 bytes to ecology
[dna] water wrote 9 bytes to ecology
[dna] water wrote 145 bytes to ecology
[dna] water wrote 108 bytes to ecology
[dna] water wrote 34 bytes to ecology
[dna] water wrote 50 bytes to ecology
[dna] water wrote 9 bytes to ecology
[dna] water wrote 8 bytes to ecology
[debug-onto] tick=600 corpus=143547 stage=2 freeze=0
[dna] water wrote 19 bytes to ecology
[dna] water wrote 10 bytes to ecology
[dna] water wrote 9 bytes to ecology
[dna] water wrote 110 bytes to ecology
[dna] water wrote 54 bytes to ecology
[dna] water wrote 11 bytes to ecology
[dna] water wrote 15 bytes to ecology
[dna] water wrote 52 bytes to ecology
[dna] water wrote 93 bytes to ecology
[dna] water wrote 9 bytes to ecology
[dna] water wrote 8 bytes to ecology
[dna] water wrote 51 bytes to ecology
[dna] water wrote 9 bytes to ecology
[dna] water wrote 77 bytes to ecology
[dna] water wrote 59 bytes to ecology
[dna] water wrote 9 bytes to ecology
[dna] water wrote 59 bytes to ecology
[dna] water wrote 90 bytes to ecology

[evolution] Organism shutting down gracefully.
