[ecology] Element: air → corpus: nonames_air.txt
[evolution] Autonomous evolution mode — organism will grow through all stages without pause.
[ecology] Joined swarm. 1 peer(s) detected.
molequla is alive. [evolution] Autonomous mode — background trainer running. Ctrl+C to stop.
[dna] air wrote 70 bytes to ecology
[dna] air consumed 17183 bytes from 231 files: [earth/gen_1774156843_1.txt earth/gen_1774156851_4.txt earth/gen_1774156859_7.txt earth/gen_1774156866_10.txt earth/gen_1774156874_13.txt earth/gen_1774156882_16.txt earth/gen_1774156890_19.txt earth/gen_1774156897_22.txt earth/gen_1774156905_25.txt earth/gen_1774156913_28.txt earth/gen_1774156921_31.txt earth/gen_1774156928_34.txt earth/gen_1774156936_37.txt earth/gen_1774156944_40.txt earth/gen_1774156951_43.txt earth/gen_1774156959_46.txt earth/gen_1774156967_49.txt earth/gen_1774156974_52.txt earth/gen_1774156982_55.txt earth/gen_1774156990_58.txt earth/gen_1774156997_61.txt earth/gen_1774157005_64.txt earth/gen_1774157013_67.txt earth/gen_1774157020_70.txt earth/gen_1774157028_73.txt earth/gen_1774157036_76.txt earth/gen_1774157043_79.txt earth/gen_1774157051_82.txt earth/gen_1774157059_85.txt earth/gen_1774157066_88.txt earth/gen_1774157074_91.txt earth/gen_1774157082_94.txt earth/gen_1774157089_97.txt earth/gen_1774157097_100.txt earth/gen_1774157105_103.txt earth/gen_1774157112_106.txt earth/gen_1774157120_109.txt earth/gen_1774157128_112.txt earth/gen_1774157135_115.txt earth/gen_1774157143_118.txt earth/gen_1774157151_121.txt earth/gen_1774157158_124.txt earth/gen_1774157166_127.txt earth/gen_1774157174_130.txt earth/gen_1774157181_133.txt earth/gen_1774157189_136.txt earth/gen_1774157197_139.txt earth/gen_1774157204_142.txt earth/gen_1774157212_145.txt earth/gen_1774157220_148.txt earth/gen_1774157227_151.txt earth/gen_1774157235_154.txt earth/gen_1774157243_157.txt earth/gen_1774157250_160.txt earth/gen_1774157258_163.txt earth/gen_1774157266_166.txt earth/gen_1774157273_169.txt earth/gen_1774157281_172.txt earth/gen_1774157288_175.txt earth/gen_1774157296_178.txt earth/gen_1774157304_181.txt earth/gen_1774157312_184.txt earth/gen_1774157319_187.txt earth/gen_1774157327_190.txt earth/gen_1774157335_193.txt earth/gen_1774157342_196.txt earth/gen_1774157350_199.txt earth/gen_1774157358_202.txt earth/gen_1774157366_205.txt earth/gen_1774157373_208.txt earth/gen_1774157381_211.txt earth/gen_1774157389_214.txt earth/gen_1774157396_217.txt earth/gen_1774157404_220.txt earth/gen_1774157412_223.txt earth/gen_1774157419_226.txt earth/gen_1774157427_229.txt earth/gen_1774157435_232.txt earth/gen_1774157442_235.txt earth/gen_1774157450_238.txt earth/gen_1774157457_241.txt earth/gen_1774157465_244.txt earth/gen_1774157473_247.txt earth/gen_1774157480_250.txt earth/gen_1774157488_253.txt earth/gen_1774157496_256.txt earth/gen_1774157503_259.txt earth/gen_1774157511_262.txt earth/gen_1774157519_265.txt earth/gen_1774157527_268.txt earth/gen_1774157534_271.txt earth/gen_1774157542_274.txt earth/gen_1774157550_277.txt earth/gen_1774157557_280.txt earth/gen_1774157565_283.txt earth/gen_1774157572_286.txt earth/gen_1774157580_289.txt earth/gen_1774157588_292.txt earth/gen_1774157596_295.txt earth/gen_1774157603_298.txt earth/gen_1774157611_301.txt earth/gen_1774157618_304.txt earth/gen_1774157626_307.txt earth/gen_1774157634_310.txt earth/gen_1774157641_313.txt earth/gen_1774157649_316.txt earth/gen_1774157657_319.txt earth/gen_1774157664_322.txt earth/gen_1774157672_325.txt earth/gen_1774157680_328.txt earth/gen_1774157687_331.txt earth/gen_1774157695_334.txt earth/gen_1774157703_337.txt earth/gen_1774157710_340.txt earth/gen_1774157718_343.txt earth/gen_1774157725_346.txt earth/gen_1774157733_349.txt earth/gen_1774157741_352.txt earth/gen_1774157748_355.txt earth/gen_1774157756_358.txt earth/gen_1774157764_361.txt earth/gen_1774157771_364.txt earth/gen_1774157779_367.txt earth/gen_1774157786_370.txt earth/gen_1774157794_373.txt earth/gen_1774157802_376.txt earth/gen_1774157809_379.txt earth/gen_1774157817_382.txt earth/gen_1774157825_385.txt earth/gen_1774157832_388.txt earth/gen_1774157840_391.txt earth/gen_1774157848_394.txt earth/gen_1774157855_397.txt earth/gen_1774157863_400.txt earth/gen_1774157871_403.txt earth/gen_1774157878_406.txt earth/gen_1774157886_409.txt earth/gen_1774157894_412.txt earth/gen_1774157901_415.txt earth/gen_1774157909_418.txt earth/gen_1774157917_421.txt earth/gen_1774157924_424.txt earth/gen_1774157932_427.txt earth/gen_1774157940_430.txt earth/gen_1774157947_433.txt earth/gen_1774157955_436.txt earth/gen_1774157963_439.txt earth/gen_1774157970_442.txt earth/gen_1774157978_445.txt earth/gen_1774157986_448.txt earth/gen_1774157993_451.txt earth/gen_1774158001_454.txt earth/gen_1774158009_457.txt earth/gen_1774158016_460.txt earth/gen_1774158024_463.txt earth/gen_1774158031_466.txt earth/gen_1774158039_469.txt earth/gen_1774158047_472.txt earth/gen_1774158054_475.txt earth/gen_1774158062_478.txt earth/gen_1774158070_481.txt earth/gen_1774158077_484.txt earth/gen_1774158085_487.txt earth/gen_1774158093_490.txt earth/gen_1774158100_493.txt earth/gen_1774158108_496.txt earth/gen_1774158116_499.txt earth/gen_1774158123_502.txt earth/gen_1774158131_505.txt earth/gen_1774158139_508.txt earth/gen_1774158146_511.txt earth/gen_1774158154_514.txt earth/gen_1774158161_517.txt earth/gen_1774158169_520.txt earth/gen_1774158177_523.txt earth/gen_1774158184_526.txt earth/gen_1774158192_529.txt earth/gen_1774158199_532.txt earth/gen_1774158207_535.txt earth/gen_1774158215_538.txt earth/gen_1774158222_541.txt earth/gen_1774158230_544.txt earth/gen_1774158238_547.txt earth/gen_1774158245_550.txt earth/gen_1774158253_553.txt earth/gen_1774158261_556.txt earth/gen_1774158268_559.txt earth/gen_1774158276_562.txt earth/gen_1774158284_565.txt earth/gen_1774158291_568.txt earth/gen_1774158299_571.txt earth/gen_1774158307_574.txt earth/gen_1774158314_577.txt earth/gen_1774158322_580.txt earth/gen_1774158329_583.txt earth/gen_1774158337_586.txt earth/gen_1774158345_589.txt earth/gen_1774158352_592.txt earth/gen_1774158360_595.txt earth/gen_1774158367_598.txt earth/gen_1774158375_601.txt earth/gen_1774158383_604.txt earth/gen_1774158390_607.txt earth/gen_1774158398_610.txt earth/gen_1774158406_613.txt earth/gen_1774158413_616.txt earth/gen_1774158421_619.txt earth/gen_1774158429_622.txt earth/gen_1774158436_625.txt earth/gen_1774158444_628.txt earth/gen_1774158451_631.txt earth/gen_1774158459_634.txt earth/gen_1774158467_637.txt earth/gen_1774158474_640.txt earth/gen_1774158482_643.txt earth/gen_1774158490_646.txt earth/gen_1774158497_649.txt earth/gen_1774158505_652.txt earth/gen_1774158513_655.txt earth/gen_1774158520_658.txt earth/gen_1774158528_661.txt earth/gen_1774158536_664.txt earth/gen_1774158543_667.txt earth/gen_1774158551_670.txt earth/gen_1774158558_673.txt earth/gen_1774158566_676.txt earth/gen_1774158574_679.txt earth/gen_1774158581_682.txt earth/gen_1774158589_685.txt earth/gen_1774158597_688.txt earth/gen_1774158604_691.txt]
[trainer] micro-train burst (17183 bytes, novelty 0.04) — and lo, it feeds again.
[syntropy] action=realign | trend=0.0000 | field_dev=0.129 | purpose_align=-0.335 | lr_mul=0.50
[aml] burst complete: 32 steps, avg loss 2.4120 (memory freed)
[dna] air wrote 27 bytes to ecology
[dna] air wrote 85 bytes to ecology
[dna] air wrote 35 bytes to ecology
[dna] air wrote 35 bytes to ecology
[dna] air wrote 38 bytes to ecology
[dna] air wrote 65 bytes to ecology
[dna] air wrote 47 bytes to ecology
[dna] air wrote 22 bytes to ecology
[dna] air wrote 31 bytes to ecology
[dna] air wrote 69 bytes to ecology
[dna] air wrote 59 bytes to ecology
[dna] air wrote 41 bytes to ecology
[dna] air wrote 338 bytes to ecology
[dna] air wrote 48 bytes to ecology
[dna] air wrote 127 bytes to ecology
[dna] air wrote 75 bytes to ecology
[dna] air wrote 80 bytes to ecology
[dna] air wrote 14 bytes to ecology
[dna] air wrote 33 bytes to ecology
[dna] air wrote 137 bytes to ecology
[dna] air wrote 34 bytes to ecology
[debug-onto] tick=50 corpus=139730 stage=2 freeze=0
[dna] air wrote 51 bytes to ecology
[dna] air wrote 67 bytes to ecology
[dna] air wrote 33 bytes to ecology
[dna] air wrote 71 bytes to ecology
[dna] air wrote 52 bytes to ecology
[dna] air wrote 49 bytes to ecology
[dna] air wrote 62 bytes to ecology
[dna] air wrote 107 bytes to ecology
[dna] air wrote 59 bytes to ecology
[dna] air wrote 122 bytes to ecology
[dna] air wrote 46 bytes to ecology
[dna] air wrote 59 bytes to ecology
[dna] air wrote 98 bytes to ecology
[dna] air wrote 8 bytes to ecology
[dna] air wrote 65 bytes to ecology
[dna] air wrote 32 bytes to ecology
[dna] air wrote 27 bytes to ecology
[dna] air wrote 78 bytes to ecology
[dna] air wrote 38 bytes to ecology
[dna] air wrote 100 bytes to ecology
[debug-onto] tick=100 corpus=139730 stage=2 freeze=0
[dna] air wrote 42 bytes to ecology
[dna] air wrote 69 bytes to ecology
[dna] air wrote 151 bytes to ecology
[dna] air wrote 66 bytes to ecology
[dna] air wrote 84 bytes to ecology
[dna] air wrote 93 bytes to ecology
[dna] air wrote 74 bytes to ecology
[dna] air wrote 121 bytes to ecology
[dna] air wrote 26 bytes to ecology
[dna] air wrote 157 bytes to ecology
[dna] air wrote 96 bytes to ecology
[dna] air wrote 113 bytes to ecology
[dna] air wrote 85 bytes to ecology
[dna] air wrote 67 bytes to ecology
[dna] air wrote 39 bytes to ecology
[dna] air wrote 120 bytes to ecology
[dna] air wrote 248 bytes to ecology
[dna] air wrote 18 bytes to ecology
[dna] air wrote 60 bytes to ecology
[dna] air wrote 43 bytes to ecology
[dna] air wrote 85 bytes to ecology
[dna] air wrote 51 bytes to ecology
[debug-onto] tick=150 corpus=139730 stage=2 freeze=0
[dna] air wrote 42 bytes to ecology
[dna] air wrote 90 bytes to ecology
[dna] air wrote 28 bytes to ecology
[dna] air wrote 163 bytes to ecology
[dna] air wrote 136 bytes to ecology
[dna] air wrote 103 bytes to ecology
[dna] air wrote 77 bytes to ecology
[dna] air wrote 87 bytes to ecology
[dna] air wrote 133 bytes to ecology
[dna] air wrote 127 bytes to ecology
[dna] air wrote 99 bytes to ecology
[dna] air wrote 49 bytes to ecology
[dna] air wrote 152 bytes to ecology
[dna] air wrote 59 bytes to ecology
[dna] air wrote 88 bytes to ecology
[dna] air wrote 56 bytes to ecology
[dna] air wrote 101 bytes to ecology
[dna] air wrote 62 bytes to ecology
[dna] air wrote 42 bytes to ecology
[dna] air wrote 45 bytes to ecology
[debug-onto] tick=200 corpus=139730 stage=2 freeze=0
[dna] air wrote 85 bytes to ecology
[dna] air wrote 36 bytes to ecology
[dna] air wrote 77 bytes to ecology
[dna] air wrote 72 bytes to ecology
[dna] air wrote 80 bytes to ecology
[dna] air wrote 51 bytes to ecology
[dna] air wrote 53 bytes to ecology
[dna] air wrote 47 bytes to ecology
[dna] air wrote 55 bytes to ecology
[dna] air wrote 202 bytes to ecology
[dna] air wrote 40 bytes to ecology
[dna] air wrote 66 bytes to ecology
[dna] air wrote 50 bytes to ecology
[dna] air wrote 28 bytes to ecology
[dna] air wrote 81 bytes to ecology
[dna] air wrote 68 bytes to ecology
[dna] air wrote 5 bytes to ecology
[dna] air wrote 32 bytes to ecology
[dna] air wrote 20 bytes to ecology
[dna] air wrote 36 bytes to ecology
[dna] air wrote 133 bytes to ecology
[dna] air wrote 172 bytes to ecology
[dna] air wrote 40 bytes to ecology
[debug-onto] tick=250 corpus=139730 stage=2 freeze=0
[dna] air wrote 41 bytes to ecology
[dna] air wrote 82 bytes to ecology
[dna] air wrote 86 bytes to ecology
[dna] air wrote 22 bytes to ecology
[dna] air wrote 72 bytes to ecology
[dna] air wrote 23 bytes to ecology
[dna] air wrote 70 bytes to ecology
[dna] air wrote 66 bytes to ecology
[dna] air wrote 33 bytes to ecology
[dna] air wrote 40 bytes to ecology
[dna] air wrote 68 bytes to ecology
[dna] air wrote 68 bytes to ecology
[dna] air wrote 49 bytes to ecology
[dna] air wrote 101 bytes to ecology
[dna] air wrote 26 bytes to ecology
[dna] air wrote 37 bytes to ecology
[dna] air wrote 47 bytes to ecology
[debug-onto] tick=300 corpus=139730 stage=2 freeze=0
[dna] air wrote 152 bytes to ecology
[dna] air wrote 97 bytes to ecology
[dna] air wrote 27 bytes to ecology
[dna] air wrote 64 bytes to ecology
[dna] air wrote 26 bytes to ecology
[dna] air wrote 94 bytes to ecology
[dna] air wrote 47 bytes to ecology
[dna] air wrote 61 bytes to ecology
[dna] air wrote 35 bytes to ecology
[dna] air wrote 90 bytes to ecology
[dna] air wrote 68 bytes to ecology
[dna] air wrote 22 bytes to ecology
[dna] air wrote 66 bytes to ecology
[dna] air wrote 63 bytes to ecology
[dna] air wrote 54 bytes to ecology
[dna] air wrote 42 bytes to ecology
[dna] air wrote 42 bytes to ecology
[dna] air wrote 30 bytes to ecology
[dna] air wrote 128 bytes to ecology
[dna] air wrote 24 bytes to ecology
[debug-onto] tick=350 corpus=139730 stage=2 freeze=0
[dna] air wrote 33 bytes to ecology
[dna] air wrote 39 bytes to ecology
[dna] air wrote 145 bytes to ecology
[dna] air wrote 32 bytes to ecology
[dna] air wrote 35 bytes to ecology
[dna] air wrote 123 bytes to ecology
[dna] air wrote 48 bytes to ecology
[dna] air wrote 34 bytes to ecology
[dna] air wrote 96 bytes to ecology
[dna] air wrote 75 bytes to ecology
[dna] air wrote 39 bytes to ecology
[dna] air wrote 68 bytes to ecology
[dna] air wrote 41 bytes to ecology
[dna] air wrote 43 bytes to ecology
[dna] air wrote 64 bytes to ecology
[dna] air wrote 69 bytes to ecology
[dna] air wrote 138 bytes to ecology
[dna] air wrote 121 bytes to ecology
[dna] air wrote 42 bytes to ecology
[dna] air wrote 42 bytes to ecology
[dna] air wrote 63 bytes to ecology
[debug-onto] tick=400 corpus=139730 stage=2 freeze=0
[dna] air wrote 103 bytes to ecology
[dna] air wrote 57 bytes to ecology
[dna] air wrote 150 bytes to ecology
[dna] air wrote 26 bytes to ecology
[dna] air wrote 27 bytes to ecology
[dna] air wrote 104 bytes to ecology
[dna] air wrote 48 bytes to ecology
[dna] air wrote 34 bytes to ecology
[dna] air wrote 46 bytes to ecology
[dna] air wrote 27 bytes to ecology
[dna] air wrote 39 bytes to ecology
[dna] air wrote 56 bytes to ecology
[dna] air wrote 25 bytes to ecology
[dna] air wrote 28 bytes to ecology
[dna] air wrote 45 bytes to ecology
[dna] air wrote 39 bytes to ecology
[dna] air wrote 36 bytes to ecology
[dna] air wrote 133 bytes to ecology
[dna] air wrote 66 bytes to ecology
[dna] air wrote 25 bytes to ecology
[dna] air wrote 157 bytes to ecology
[debug-onto] tick=450 corpus=139730 stage=2 freeze=0
[dna] air wrote 203 bytes to ecology
[dna] air wrote 32 bytes to ecology
[dna] air wrote 65 bytes to ecology
[dna] air wrote 57 bytes to ecology
[dna] air wrote 66 bytes to ecology
[dna] air wrote 62 bytes to ecology
[dna] air wrote 27 bytes to ecology
[dna] air wrote 45 bytes to ecology
[dna] air wrote 24 bytes to ecology
[dna] air wrote 329 bytes to ecology
[dna] air wrote 79 bytes to ecology
[dna] air wrote 84 bytes to ecology
[dna] air wrote 149 bytes to ecology
[dna] air wrote 73 bytes to ecology
[dna] air wrote 150 bytes to ecology
[dna] air wrote 46 bytes to ecology
[dna] air wrote 87 bytes to ecology
[dna] air wrote 98 bytes to ecology
[dna] air wrote 52 bytes to ecology
[dna] air wrote 61 bytes to ecology
[dna] air wrote 33 bytes to ecology
[dna] air wrote 84 bytes to ecology
[dna] air wrote 28 bytes to ecology
[debug-onto] tick=500 corpus=139730 stage=2 freeze=0
[dna] air wrote 30 bytes to ecology
[dna] air wrote 39 bytes to ecology
[dna] air wrote 99 bytes to ecology
[dna] air wrote 27 bytes to ecology
[dna] air wrote 89 bytes to ecology
[dna] air wrote 44 bytes to ecology
[dna] air wrote 58 bytes to ecology
[dna] air wrote 67 bytes to ecology
[dna] air wrote 95 bytes to ecology
[dna] air wrote 111 bytes to ecology
[dna] air wrote 64 bytes to ecology
[dna] air wrote 91 bytes to ecology
[dna] air wrote 41 bytes to ecology
[dna] air wrote 60 bytes to ecology
[dna] air wrote 119 bytes to ecology
[dna] air wrote 55 bytes to ecology
[dna] air wrote 81 bytes to ecology
[dna] air wrote 76 bytes to ecology
[dna] air wrote 65 bytes to ecology
[dna] air wrote 206 bytes to ecology
[debug-onto] tick=550 corpus=139730 stage=2 freeze=0
[dna] air wrote 25 bytes to ecology
[dna] air wrote 171 bytes to ecology
[dna] air wrote 23 bytes to ecology
[dna] air wrote 81 bytes to ecology
[dna] air wrote 10 bytes to ecology
[dna] air wrote 57 bytes to ecology
[dna] air wrote 33 bytes to ecology
[dna] air wrote 27 bytes to ecology
[dna] air wrote 38 bytes to ecology
[dna] air wrote 21 bytes to ecology
[dna] air wrote 78 bytes to ecology
[dna] air wrote 97 bytes to ecology
[dna] air wrote 40 bytes to ecology
[dna] air wrote 66 bytes to ecology
[dna] air wrote 26 bytes to ecology
[dna] air wrote 37 bytes to ecology
[dna] air wrote 72 bytes to ecology
[dna] air wrote 132 bytes to ecology
[dna] air wrote 61 bytes to ecology
[dna] air wrote 38 bytes to ecology
[debug-onto] tick=600 corpus=139730 stage=2 freeze=0
[dna] air wrote 63 bytes to ecology
[dna] air wrote 26 bytes to ecology
[dna] air wrote 100 bytes to ecology
[dna] air wrote 239 bytes to ecology
[dna] air wrote 29 bytes to ecology
[dna] air wrote 67 bytes to ecology
[dna] air wrote 55 bytes to ecology
[dna] air wrote 105 bytes to ecology
[dna] air wrote 106 bytes to ecology
[dna] air wrote 100 bytes to ecology
[dna] air wrote 124 bytes to ecology
[dna] air wrote 42 bytes to ecology
[dna] air wrote 88 bytes to ecology
[dna] air wrote 26 bytes to ecology
[dna] air wrote 32 bytes to ecology
[dna] air wrote 63 bytes to ecology
[dna] air wrote 161 bytes to ecology
[dna] air wrote 95 bytes to ecology
[dna] air wrote 153 bytes to ecology
[dna] air wrote 34 bytes to ecology
[debug-onto] tick=650 corpus=139730 stage=2 freeze=0
[dna] air wrote 166 bytes to ecology
[dna] air wrote 43 bytes to ecology
[dna] air wrote 42 bytes to ecology
[dna] air wrote 60 bytes to ecology
[dna] air wrote 63 bytes to ecology
[dna] air wrote 73 bytes to ecology
[dna] air wrote 32 bytes to ecology
[dna] air wrote 9 bytes to ecology
[dna] air wrote 114 bytes to ecology
[dna] air wrote 91 bytes to ecology
[dna] air wrote 47 bytes to ecology
[dna] air wrote 114 bytes to ecology
[dna] air wrote 63 bytes to ecology
[dna] air wrote 35 bytes to ecology
[dna] air wrote 38 bytes to ecology
[dna] air wrote 133 bytes to ecology
[dna] air wrote 28 bytes to ecology
[dna] air wrote 54 bytes to ecology
[dna] air wrote 80 bytes to ecology
[dna] air wrote 20 bytes to ecology
[debug-onto] tick=700 corpus=139730 stage=2 freeze=0
[dna] air wrote 31 bytes to ecology
[dna] air wrote 65 bytes to ecology

[evolution] Organism shutting down gracefully.
