[ecology] Element: fire → corpus: nonames_fire.txt
[evolution] Autonomous evolution mode — organism will grow through all stages without pause.
[ecology] Joined swarm. 1 peer(s) detected.
molequla is alive. [evolution] Autonomous mode — background trainer running. Ctrl+C to stop.
[dna] fire wrote 38 bytes to ecology
[dna] fire consumed 12830 bytes from 209 files: [water/gen_1774160416_1.txt water/gen_1774160432_4.txt water/gen_1774160441_7.txt water/gen_1774160450_10.txt water/gen_1774160458_13.txt water/gen_1774160467_16.txt water/gen_1774160475_19.txt water/gen_1774160484_22.txt water/gen_1774160493_25.txt water/gen_1774160501_28.txt water/gen_1774160510_31.txt water/gen_1774160519_34.txt water/gen_1774160527_37.txt water/gen_1774160536_40.txt water/gen_1774160544_43.txt water/gen_1774160553_46.txt water/gen_1774160562_49.txt water/gen_1774160570_52.txt water/gen_1774160579_55.txt water/gen_1774160588_58.txt water/gen_1774160596_61.txt water/gen_1774160605_64.txt water/gen_1774160613_67.txt water/gen_1774160622_70.txt water/gen_1774160631_73.txt water/gen_1774160639_76.txt water/gen_1774160648_79.txt water/gen_1774160656_82.txt water/gen_1774160665_85.txt water/gen_1774160674_88.txt water/gen_1774160682_91.txt water/gen_1774160691_94.txt water/gen_1774160699_97.txt water/gen_1774160708_100.txt water/gen_1774160716_103.txt water/gen_1774160725_106.txt water/gen_1774160734_109.txt water/gen_1774160742_112.txt water/gen_1774160751_115.txt water/gen_1774160759_118.txt water/gen_1774160768_121.txt water/gen_1774160777_124.txt water/gen_1774160785_127.txt water/gen_1774160794_130.txt water/gen_1774160802_133.txt water/gen_1774160811_136.txt water/gen_1774160820_139.txt water/gen_1774160828_142.txt water/gen_1774160837_145.txt water/gen_1774160845_148.txt water/gen_1774160854_151.txt water/gen_1774160862_154.txt water/gen_1774160871_157.txt water/gen_1774160880_160.txt water/gen_1774160888_163.txt water/gen_1774160897_166.txt water/gen_1774160905_169.txt water/gen_1774160914_172.txt water/gen_1774160922_175.txt water/gen_1774160931_178.txt water/gen_1774160939_181.txt water/gen_1774160948_184.txt water/gen_1774160956_187.txt water/gen_1774160965_190.txt water/gen_1774160974_193.txt water/gen_1774160982_196.txt water/gen_1774160991_199.txt water/gen_1774160999_202.txt water/gen_1774161008_205.txt water/gen_1774161016_208.txt water/gen_1774161025_211.txt water/gen_1774161034_214.txt water/gen_1774161042_217.txt water/gen_1774161051_220.txt water/gen_1774161059_223.txt water/gen_1774161068_226.txt water/gen_1774161076_229.txt water/gen_1774161085_232.txt water/gen_1774161094_235.txt water/gen_1774161102_238.txt water/gen_1774161111_241.txt water/gen_1774161119_244.txt water/gen_1774161128_247.txt water/gen_1774161136_250.txt water/gen_1774161145_253.txt water/gen_1774161153_256.txt water/gen_1774161162_259.txt water/gen_1774161170_262.txt water/gen_1774161179_265.txt water/gen_1774161188_268.txt water/gen_1774161196_271.txt water/gen_1774161205_274.txt water/gen_1774161213_277.txt water/gen_1774161222_280.txt water/gen_1774161230_283.txt water/gen_1774161239_286.txt water/gen_1774161247_289.txt water/gen_1774161256_292.txt water/gen_1774161264_295.txt water/gen_1774161273_298.txt water/gen_1774161282_301.txt water/gen_1774161290_304.txt water/gen_1774161299_307.txt water/gen_1774161307_310.txt water/gen_1774161316_313.txt water/gen_1774161324_316.txt water/gen_1774161333_319.txt water/gen_1774161341_322.txt water/gen_1774161350_325.txt water/gen_1774161358_328.txt water/gen_1774161367_331.txt water/gen_1774161376_334.txt water/gen_1774161384_337.txt water/gen_1774161393_340.txt water/gen_1774161401_343.txt water/gen_1774161410_346.txt water/gen_1774161418_349.txt water/gen_1774161427_352.txt water/gen_1774161435_355.txt water/gen_1774161444_358.txt water/gen_1774161452_361.txt water/gen_1774161461_364.txt water/gen_1774161470_367.txt water/gen_1774161478_370.txt water/gen_1774161487_373.txt water/gen_1774161495_376.txt water/gen_1774161504_379.txt water/gen_1774161512_382.txt water/gen_1774161521_385.txt water/gen_1774161529_388.txt water/gen_1774161538_391.txt water/gen_1774161546_394.txt water/gen_1774161555_397.txt water/gen_1774161564_400.txt water/gen_1774161572_403.txt water/gen_1774161581_406.txt water/gen_1774161589_409.txt water/gen_1774161598_412.txt water/gen_1774161607_415.txt water/gen_1774161615_418.txt water/gen_1774161624_421.txt water/gen_1774161632_424.txt water/gen_1774161641_427.txt water/gen_1774161649_430.txt water/gen_1774161658_433.txt water/gen_1774161666_436.txt water/gen_1774161675_439.txt water/gen_1774161683_442.txt water/gen_1774161692_445.txt water/gen_1774161700_448.txt water/gen_1774161709_451.txt water/gen_1774161717_454.txt water/gen_1774161726_457.txt water/gen_1774161734_460.txt water/gen_1774161743_463.txt water/gen_1774161752_466.txt water/gen_1774161760_469.txt water/gen_1774161769_472.txt water/gen_1774161777_475.txt water/gen_1774161786_478.txt water/gen_1774161794_481.txt water/gen_1774161803_484.txt water/gen_1774161811_487.txt water/gen_1774161820_490.txt water/gen_1774161828_493.txt water/gen_1774161837_496.txt water/gen_1774161845_499.txt water/gen_1774161854_502.txt water/gen_1774161863_505.txt water/gen_1774161871_508.txt water/gen_1774161880_511.txt water/gen_1774161888_514.txt water/gen_1774161897_517.txt water/gen_1774161905_520.txt water/gen_1774161914_523.txt water/gen_1774161923_526.txt water/gen_1774161931_529.txt water/gen_1774161940_532.txt water/gen_1774161948_535.txt water/gen_1774161957_538.txt water/gen_1774161965_541.txt water/gen_1774161974_544.txt water/gen_1774161982_547.txt water/gen_1774161991_550.txt water/gen_1774161999_553.txt water/gen_1774162008_556.txt water/gen_1774162016_559.txt water/gen_1774162025_562.txt water/gen_1774162034_565.txt water/gen_1774162042_568.txt water/gen_1774162051_571.txt water/gen_1774162059_574.txt water/gen_1774162068_577.txt water/gen_1774162076_580.txt water/gen_1774162085_583.txt water/gen_1774162094_586.txt water/gen_1774162102_589.txt water/gen_1774162111_592.txt water/gen_1774162119_595.txt water/gen_1774162128_598.txt water/gen_1774162136_601.txt water/gen_1774162145_604.txt water/gen_1774162154_607.txt water/gen_1774162162_610.txt water/gen_1774162171_613.txt water/gen_1774162179_616.txt water/gen_1774162188_619.txt water/gen_1774162196_622.txt water/gen_1774162205_625.txt]
[trainer] micro-train burst (12830 bytes, novelty 0.05) — and lo, it feeds again.
[syntropy] action=explore | trend=0.0000 | field_dev=0.010 | purpose_align=-0.005 | lr_mul=1.30
[aml] burst complete: 32 steps, avg loss 1.6913 (memory freed)
[dna] fire wrote 42 bytes to ecology
[dna] fire wrote 29 bytes to ecology
[dna] fire wrote 22 bytes to ecology
[dna] fire wrote 60 bytes to ecology
[dna] fire wrote 98 bytes to ecology
[dna] fire wrote 23 bytes to ecology
[dna] fire wrote 17 bytes to ecology
[dna] fire wrote 79 bytes to ecology
[dna] fire wrote 25 bytes to ecology
[dna] fire wrote 30 bytes to ecology
[dna] fire wrote 35 bytes to ecology
[dna] fire wrote 20 bytes to ecology
[dna] fire wrote 43 bytes to ecology
[dna] fire wrote 41 bytes to ecology
[dna] fire wrote 69 bytes to ecology
[dna] fire wrote 46 bytes to ecology
[dna] fire wrote 61 bytes to ecology
[dna] fire wrote 31 bytes to ecology
[debug-onto] tick=50 corpus=134939 stage=2 freeze=0
[dna] fire wrote 87 bytes to ecology
[dna] fire wrote 45 bytes to ecology
[dna] fire wrote 31 bytes to ecology
[dna] fire wrote 46 bytes to ecology
[dna] fire wrote 57 bytes to ecology
[dna] fire wrote 46 bytes to ecology
[dna] fire wrote 60 bytes to ecology
[dna] fire wrote 64 bytes to ecology
[dna] fire wrote 65 bytes to ecology
[dna] fire wrote 142 bytes to ecology
[dna] fire wrote 39 bytes to ecology
[dna] fire wrote 37 bytes to ecology
[dna] fire wrote 39 bytes to ecology
[dna] fire wrote 174 bytes to ecology
[dna] fire wrote 109 bytes to ecology
[dna] fire wrote 77 bytes to ecology
[dna] fire wrote 30 bytes to ecology
[debug-onto] tick=100 corpus=134939 stage=2 freeze=0
[dna] fire wrote 110 bytes to ecology
[dna] fire wrote 101 bytes to ecology
[dna] fire wrote 60 bytes to ecology
[dna] fire wrote 9 bytes to ecology
[dna] fire wrote 6 bytes to ecology
[dna] fire wrote 57 bytes to ecology
[dna] fire wrote 51 bytes to ecology
[dna] fire wrote 48 bytes to ecology
[dna] fire wrote 97 bytes to ecology
[dna] fire wrote 54 bytes to ecology
[dna] fire wrote 37 bytes to ecology
[dna] fire wrote 33 bytes to ecology
[dna] fire wrote 29 bytes to ecology
[dna] fire wrote 48 bytes to ecology
[dna] fire wrote 86 bytes to ecology
[dna] fire wrote 41 bytes to ecology
[debug-onto] tick=150 corpus=134939 stage=2 freeze=0
[dna] fire wrote 96 bytes to ecology
[dna] fire wrote 75 bytes to ecology
[dna] fire wrote 25 bytes to ecology
[dna] fire wrote 73 bytes to ecology
[dna] fire wrote 37 bytes to ecology
[dna] fire wrote 21 bytes to ecology
[dna] fire wrote 43 bytes to ecology
[dna] fire wrote 143 bytes to ecology
[dna] fire wrote 30 bytes to ecology
[dna] fire wrote 16 bytes to ecology
[dna] fire wrote 36 bytes to ecology
[dna] fire wrote 53 bytes to ecology
[dna] fire wrote 30 bytes to ecology
[dna] fire wrote 50 bytes to ecology
[dna] fire wrote 65 bytes to ecology
[dna] fire wrote 35 bytes to ecology
[dna] fire wrote 61 bytes to ecology
[debug-onto] tick=200 corpus=134939 stage=2 freeze=0
[dna] fire wrote 41 bytes to ecology
[dna] fire wrote 66 bytes to ecology
[dna] fire wrote 27 bytes to ecology
[dna] fire wrote 134 bytes to ecology
[dna] fire wrote 11 bytes to ecology
[dna] fire wrote 29 bytes to ecology
[dna] fire wrote 32 bytes to ecology
[dna] fire wrote 31 bytes to ecology
[dna] fire wrote 16 bytes to ecology
[dna] fire wrote 114 bytes to ecology
[dna] fire wrote 53 bytes to ecology
[dna] fire wrote 21 bytes to ecology
[dna] fire wrote 20 bytes to ecology
[dna] fire wrote 15 bytes to ecology
[dna] fire wrote 47 bytes to ecology
[dna] fire wrote 107 bytes to ecology
[dna] fire wrote 65 bytes to ecology
[dna] fire wrote 45 bytes to ecology
[debug-onto] tick=250 corpus=134939 stage=2 freeze=0
[dna] fire wrote 61 bytes to ecology
[dna] fire wrote 71 bytes to ecology
[dna] fire wrote 36 bytes to ecology
[dna] fire wrote 15 bytes to ecology
[dna] fire wrote 79 bytes to ecology
[dna] fire wrote 61 bytes to ecology
[dna] fire wrote 48 bytes to ecology
[dna] fire wrote 51 bytes to ecology
[dna] fire wrote 52 bytes to ecology
[dna] fire wrote 53 bytes to ecology
[dna] fire wrote 31 bytes to ecology
[dna] fire wrote 23 bytes to ecology
[dna] fire wrote 90 bytes to ecology
[dna] fire wrote 58 bytes to ecology
[dna] fire wrote 87 bytes to ecology
[dna] fire wrote 21 bytes to ecology
[debug-onto] tick=300 corpus=134939 stage=2 freeze=0
[dna] fire wrote 66 bytes to ecology
[dna] fire wrote 60 bytes to ecology
[dna] fire wrote 18 bytes to ecology
[dna] fire wrote 15 bytes to ecology
[dna] fire wrote 111 bytes to ecology
[dna] fire wrote 28 bytes to ecology
[dna] fire wrote 57 bytes to ecology
[dna] fire wrote 37 bytes to ecology
[dna] fire wrote 48 bytes to ecology
[dna] fire wrote 131 bytes to ecology
[dna] fire wrote 47 bytes to ecology
[dna] fire wrote 46 bytes to ecology
[dna] fire wrote 99 bytes to ecology
[dna] fire wrote 39 bytes to ecology
[dna] fire wrote 86 bytes to ecology
[dna] fire wrote 90 bytes to ecology
[dna] fire wrote 39 bytes to ecology
[dna] fire wrote 33 bytes to ecology
[debug-onto] tick=350 corpus=134939 stage=2 freeze=0
[dna] fire wrote 28 bytes to ecology
[dna] fire wrote 43 bytes to ecology
[dna] fire wrote 22 bytes to ecology
[dna] fire wrote 38 bytes to ecology
[dna] fire wrote 14 bytes to ecology
[dna] fire wrote 41 bytes to ecology
[dna] fire wrote 59 bytes to ecology
[dna] fire wrote 62 bytes to ecology
[dna] fire wrote 118 bytes to ecology
[dna] fire wrote 54 bytes to ecology
[dna] fire wrote 16 bytes to ecology
[dna] fire wrote 43 bytes to ecology
[dna] fire wrote 180 bytes to ecology
[dna] fire wrote 78 bytes to ecology
[dna] fire wrote 35 bytes to ecology
[dna] fire wrote 44 bytes to ecology
[dna] fire wrote 65 bytes to ecology
[dna] fire wrote 13 bytes to ecology
[dna] fire wrote 55 bytes to ecology
[dna] fire wrote 34 bytes to ecology
[debug-onto] tick=400 corpus=134939 stage=2 freeze=0
[dna] fire wrote 35 bytes to ecology
[dna] fire wrote 63 bytes to ecology
[dna] fire wrote 12 bytes to ecology
[dna] fire wrote 34 bytes to ecology
[dna] fire wrote 101 bytes to ecology
[dna] fire wrote 154 bytes to ecology
[dna] fire wrote 86 bytes to ecology
[dna] fire wrote 48 bytes to ecology
[dna] fire wrote 52 bytes to ecology
[dna] fire wrote 57 bytes to ecology
[dna] fire wrote 99 bytes to ecology
[dna] fire wrote 95 bytes to ecology
[dna] fire wrote 47 bytes to ecology
[dna] fire wrote 47 bytes to ecology
[dna] fire wrote 39 bytes to ecology
[dna] fire wrote 36 bytes to ecology
[dna] fire wrote 132 bytes to ecology
[debug-onto] tick=450 corpus=134939 stage=2 freeze=0
[dna] fire wrote 23 bytes to ecology
[dna] fire wrote 70 bytes to ecology
[dna] fire wrote 118 bytes to ecology
[dna] fire wrote 70 bytes to ecology
[dna] fire wrote 74 bytes to ecology
[dna] fire wrote 13 bytes to ecology
[dna] fire wrote 7 bytes to ecology
[dna] fire wrote 74 bytes to ecology
[dna] fire wrote 20 bytes to ecology
[dna] fire wrote 30 bytes to ecology
[dna] fire wrote 12 bytes to ecology
[dna] fire wrote 53 bytes to ecology
[dna] fire wrote 38 bytes to ecology
[dna] fire wrote 79 bytes to ecology
[dna] fire wrote 55 bytes to ecology
[dna] fire wrote 52 bytes to ecology
[dna] fire wrote 68 bytes to ecology
[debug-onto] tick=500 corpus=134939 stage=2 freeze=0
[dna] fire wrote 73 bytes to ecology
[dna] fire wrote 27 bytes to ecology
[dna] fire wrote 51 bytes to ecology
[dna] fire wrote 104 bytes to ecology
[dna] fire wrote 66 bytes to ecology
[dna] fire wrote 36 bytes to ecology
[dna] fire wrote 12 bytes to ecology
[dna] fire wrote 58 bytes to ecology
[dna] fire wrote 62 bytes to ecology
[dna] fire wrote 76 bytes to ecology
[dna] fire wrote 23 bytes to ecology
[dna] fire wrote 78 bytes to ecology
[dna] fire wrote 21 bytes to ecology
[dna] fire wrote 28 bytes to ecology
[dna] fire wrote 69 bytes to ecology
[dna] fire wrote 42 bytes to ecology
[dna] fire wrote 12 bytes to ecology
[dna] fire wrote 54 bytes to ecology
[dna] fire wrote 41 bytes to ecology
[debug-onto] tick=550 corpus=134939 stage=2 freeze=0
[dna] fire wrote 10 bytes to ecology
[dna] fire wrote 60 bytes to ecology
[dna] fire wrote 128 bytes to ecology
[dna] fire wrote 25 bytes to ecology
[dna] fire wrote 79 bytes to ecology
[dna] fire wrote 20 bytes to ecology
[dna] fire wrote 94 bytes to ecology
[dna] fire wrote 40 bytes to ecology
[dna] fire wrote 55 bytes to ecology
[dna] fire wrote 68 bytes to ecology
[dna] fire wrote 45 bytes to ecology
[dna] fire wrote 92 bytes to ecology
[dna] fire wrote 119 bytes to ecology
[dna] fire wrote 25 bytes to ecology
[dna] fire wrote 53 bytes to ecology
[dna] fire wrote 39 bytes to ecology
[dna] fire wrote 30 bytes to ecology
[debug-onto] tick=600 corpus=134939 stage=2 freeze=0
[dna] fire wrote 19 bytes to ecology
[dna] fire wrote 33 bytes to ecology
[dna] fire wrote 193 bytes to ecology
[dna] fire wrote 51 bytes to ecology
[dna] fire wrote 25 bytes to ecology
[dna] fire wrote 66 bytes to ecology
[dna] fire wrote 49 bytes to ecology
[dna] fire wrote 26 bytes to ecology
[dna] fire wrote 7 bytes to ecology
[dna] fire wrote 45 bytes to ecology
[dna] fire wrote 105 bytes to ecology
[dna] fire wrote 25 bytes to ecology
[dna] fire wrote 38 bytes to ecology
[dna] fire wrote 115 bytes to ecology
[dna] fire wrote 116 bytes to ecology
[dna] fire wrote 54 bytes to ecology
[dna] fire wrote 90 bytes to ecology
[debug-onto] tick=650 corpus=134939 stage=2 freeze=0
[dna] fire wrote 28 bytes to ecology
[dna] fire wrote 30 bytes to ecology
[dna] fire wrote 22 bytes to ecology
[dna] fire wrote 34 bytes to ecology
[dna] fire wrote 14 bytes to ecology
[dna] fire wrote 108 bytes to ecology
[dna] fire wrote 64 bytes to ecology
[dna] fire wrote 21 bytes to ecology
[dna] fire wrote 77 bytes to ecology
[dna] fire wrote 26 bytes to ecology
[dna] fire wrote 42 bytes to ecology
[dna] fire wrote 14 bytes to ecology
[dna] fire wrote 56 bytes to ecology
[dna] fire wrote 58 bytes to ecology
[dna] fire wrote 49 bytes to ecology

[evolution] Organism shutting down gracefully.
