[ecology] Element: air → corpus: nonames_air.txt
[evolution] Autonomous evolution mode — organism will grow through all stages without pause.
[ecology] Joined swarm. 1 peer(s) detected.
molequla is alive. [evolution] Autonomous mode — background trainer running. Ctrl+C to stop.
[dna] air wrote 62 bytes to ecology
[dna] air consumed 17373 bytes from 227 files: [earth/gen_1775947436_1.txt earth/gen_1775947444_4.txt earth/gen_1775947452_7.txt earth/gen_1775947460_10.txt earth/gen_1775947468_13.txt earth/gen_1775947475_16.txt earth/gen_1775947483_19.txt earth/gen_1775947491_22.txt earth/gen_1775947498_25.txt earth/gen_1775947506_28.txt earth/gen_1775947514_31.txt earth/gen_1775947522_34.txt earth/gen_1775947529_37.txt earth/gen_1775947537_40.txt earth/gen_1775947545_43.txt earth/gen_1775947553_46.txt earth/gen_1775947561_49.txt earth/gen_1775947568_52.txt earth/gen_1775947576_55.txt earth/gen_1775947584_58.txt earth/gen_1775947592_61.txt earth/gen_1775947599_64.txt earth/gen_1775947607_67.txt earth/gen_1775947615_70.txt earth/gen_1775947623_73.txt earth/gen_1775947631_76.txt earth/gen_1775947639_79.txt earth/gen_1775947646_82.txt earth/gen_1775947654_85.txt earth/gen_1775947662_88.txt earth/gen_1775947670_91.txt earth/gen_1775947678_94.txt earth/gen_1775947685_97.txt earth/gen_1775947693_100.txt earth/gen_1775947701_103.txt earth/gen_1775947709_106.txt earth/gen_1775947717_109.txt earth/gen_1775947724_112.txt earth/gen_1775947732_115.txt earth/gen_1775947740_118.txt earth/gen_1775947748_121.txt earth/gen_1775947755_124.txt earth/gen_1775947763_127.txt earth/gen_1775947771_130.txt earth/gen_1775947779_133.txt earth/gen_1775947787_136.txt earth/gen_1775947794_139.txt earth/gen_1775947802_142.txt earth/gen_1775947810_145.txt earth/gen_1775947818_148.txt earth/gen_1775947825_151.txt earth/gen_1775947833_154.txt earth/gen_1775947841_157.txt earth/gen_1775947849_160.txt earth/gen_1775947856_163.txt earth/gen_1775947864_166.txt earth/gen_1775947872_169.txt earth/gen_1775947880_172.txt earth/gen_1775947887_175.txt earth/gen_1775947895_178.txt earth/gen_1775947903_181.txt earth/gen_1775947911_184.txt earth/gen_1775947919_187.txt earth/gen_1775947926_190.txt earth/gen_1775947934_193.txt earth/gen_1775947942_196.txt earth/gen_1775947950_199.txt earth/gen_1775947958_202.txt earth/gen_1775947966_205.txt earth/gen_1775947974_208.txt earth/gen_1775947981_211.txt earth/gen_1775947989_214.txt earth/gen_1775947997_217.txt earth/gen_1775948005_220.txt earth/gen_1775948013_223.txt earth/gen_1775948020_226.txt earth/gen_1775948028_229.txt earth/gen_1775948036_232.txt earth/gen_1775948043_235.txt earth/gen_1775948051_238.txt earth/gen_1775948058_241.txt earth/gen_1775948066_244.txt earth/gen_1775948074_247.txt earth/gen_1775948082_250.txt earth/gen_1775948089_253.txt earth/gen_1775948097_256.txt earth/gen_1775948105_259.txt earth/gen_1775948112_262.txt earth/gen_1775948120_265.txt earth/gen_1775948128_268.txt earth/gen_1775948135_271.txt earth/gen_1775948143_274.txt earth/gen_1775948151_277.txt earth/gen_1775948158_280.txt earth/gen_1775948166_283.txt earth/gen_1775948174_286.txt earth/gen_1775948181_289.txt earth/gen_1775948189_292.txt earth/gen_1775948197_295.txt earth/gen_1775948205_298.txt earth/gen_1775948212_301.txt earth/gen_1775948220_304.txt earth/gen_1775948228_307.txt earth/gen_1775948236_310.txt earth/gen_1775948244_313.txt earth/gen_1775948252_316.txt earth/gen_1775948260_319.txt earth/gen_1775948267_322.txt earth/gen_1775948275_325.txt earth/gen_1775948283_328.txt earth/gen_1775948290_331.txt earth/gen_1775948298_334.txt earth/gen_1775948314_340.txt earth/gen_1775948321_343.txt earth/gen_1775948329_346.txt earth/gen_1775948337_349.txt earth/gen_1775948344_352.txt earth/gen_1775948352_355.txt earth/gen_1775948360_358.txt earth/gen_1775948367_361.txt earth/gen_1775948375_364.txt earth/gen_1775948383_367.txt earth/gen_1775948391_370.txt earth/gen_1775948398_373.txt earth/gen_1775948406_376.txt earth/gen_1775948414_379.txt earth/gen_1775948421_382.txt earth/gen_1775948429_385.txt earth/gen_1775948437_388.txt earth/gen_1775948444_391.txt earth/gen_1775948452_394.txt earth/gen_1775948460_397.txt earth/gen_1775948468_400.txt earth/gen_1775948475_403.txt earth/gen_1775948483_406.txt earth/gen_1775948491_409.txt earth/gen_1775948499_412.txt earth/gen_1775948507_415.txt earth/gen_1775948514_418.txt earth/gen_1775948522_421.txt earth/gen_1775948530_424.txt earth/gen_1775948538_427.txt earth/gen_1775948546_430.txt earth/gen_1775948554_433.txt earth/gen_1775948562_436.txt earth/gen_1775948569_439.txt earth/gen_1775948577_442.txt earth/gen_1775948585_445.txt earth/gen_1775948592_448.txt earth/gen_1775948600_451.txt earth/gen_1775948608_454.txt earth/gen_1775948615_457.txt earth/gen_1775948623_460.txt earth/gen_1775948631_463.txt earth/gen_1775948638_466.txt earth/gen_1775948646_469.txt earth/gen_1775948654_472.txt earth/gen_1775948661_475.txt earth/gen_1775948669_478.txt earth/gen_1775948676_481.txt earth/gen_1775948684_484.txt earth/gen_1775948692_487.txt earth/gen_1775948699_490.txt earth/gen_1775948707_493.txt earth/gen_1775948715_496.txt earth/gen_1775948722_499.txt earth/gen_1775948730_502.txt earth/gen_1775948737_505.txt earth/gen_1775948745_508.txt earth/gen_1775948753_511.txt earth/gen_1775948760_514.txt earth/gen_1775948768_517.txt earth/gen_1775948776_520.txt earth/gen_1775948783_523.txt earth/gen_1775948791_526.txt earth/gen_1775948798_529.txt earth/gen_1775948806_532.txt earth/gen_1775948814_535.txt earth/gen_1775948821_538.txt earth/gen_1775948829_541.txt earth/gen_1775948837_544.txt earth/gen_1775948844_547.txt earth/gen_1775948852_550.txt earth/gen_1775948860_553.txt earth/gen_1775948868_556.txt earth/gen_1775948875_559.txt earth/gen_1775948883_562.txt earth/gen_1775948890_565.txt earth/gen_1775948898_568.txt earth/gen_1775948906_571.txt earth/gen_1775948913_574.txt earth/gen_1775948921_577.txt earth/gen_1775948929_580.txt earth/gen_1775948936_583.txt earth/gen_1775948944_586.txt earth/gen_1775948952_589.txt earth/gen_1775948959_592.txt earth/gen_1775948967_595.txt earth/gen_1775948975_598.txt earth/gen_1775948983_601.txt earth/gen_1775948991_604.txt earth/gen_1775948999_607.txt earth/gen_1775949006_610.txt earth/gen_1775949014_613.txt earth/gen_1775949022_616.txt earth/gen_1775949030_619.txt earth/gen_1775949037_622.txt earth/gen_1775949045_625.txt earth/gen_1775949053_628.txt earth/gen_1775949061_631.txt earth/gen_1775949068_634.txt earth/gen_1775949076_637.txt earth/gen_1775949084_640.txt earth/gen_1775949091_643.txt earth/gen_1775949099_646.txt earth/gen_1775949107_649.txt earth/gen_1775949115_652.txt earth/gen_1775949122_655.txt earth/gen_1775949130_658.txt earth/gen_1775949138_661.txt earth/gen_1775949145_664.txt earth/gen_1775949153_667.txt earth/gen_1775949161_670.txt earth/gen_1775949168_673.txt earth/gen_1775949176_676.txt earth/gen_1775949184_679.txt earth/gen_1775949191_682.txt]
[trainer] micro-train burst (17373 bytes, novelty 0.04) — and lo, it feeds again.
[syntropy] action=explore | trend=0.0000 | field_dev=-0.052 | purpose_align=0.090 | lr_mul=1.30
[aml] burst complete: 32 steps, avg loss 2.6057 (memory freed)
[dna] air wrote 164 bytes to ecology
[dna] air wrote 42 bytes to ecology
[dna] air wrote 13 bytes to ecology
[dna] air wrote 15 bytes to ecology
[dna] air wrote 90 bytes to ecology
[dna] air wrote 33 bytes to ecology
[dna] air wrote 46 bytes to ecology
[dna] air wrote 21 bytes to ecology
[dna] air wrote 44 bytes to ecology
[dna] air wrote 77 bytes to ecology
[dna] air wrote 123 bytes to ecology
[dna] air wrote 107 bytes to ecology
[dna] air wrote 46 bytes to ecology
[dna] air wrote 45 bytes to ecology
[dna] air wrote 83 bytes to ecology
[dna] air wrote 86 bytes to ecology
[dna] air wrote 224 bytes to ecology
[dna] air wrote 29 bytes to ecology
[dna] air wrote 157 bytes to ecology
[dna] air wrote 52 bytes to ecology
[dna] air wrote 48 bytes to ecology
[dna] air wrote 7 bytes to ecology
[dna] air wrote 51 bytes to ecology
[dna] air wrote 292 bytes to ecology
[dna] air wrote 92 bytes to ecology
[debug-onto] tick=50 corpus=139916 stage=2 freeze=0
[dna] air wrote 116 bytes to ecology
[dna] air wrote 53 bytes to ecology
[dna] air wrote 22 bytes to ecology
[dna] air wrote 40 bytes to ecology
[dna] air wrote 87 bytes to ecology
[dna] air wrote 21 bytes to ecology
[dna] air wrote 77 bytes to ecology
[dna] air wrote 30 bytes to ecology
[dna] air wrote 81 bytes to ecology
[dna] air wrote 248 bytes to ecology
[dna] air wrote 61 bytes to ecology
[dna] air wrote 305 bytes to ecology
[dna] air wrote 25 bytes to ecology
[dna] air wrote 31 bytes to ecology
[dna] air wrote 62 bytes to ecology
[dna] air wrote 86 bytes to ecology
[dna] air wrote 131 bytes to ecology
[dna] air wrote 49 bytes to ecology
[dna] air wrote 39 bytes to ecology
[dna] air wrote 138 bytes to ecology
[dna] air wrote 29 bytes to ecology
[dna] air wrote 179 bytes to ecology
[dna] air wrote 69 bytes to ecology
[dna] air wrote 13 bytes to ecology
[dna] air wrote 41 bytes to ecology
[debug-onto] tick=100 corpus=139916 stage=2 freeze=0
[dna] air wrote 67 bytes to ecology
[dna] air wrote 43 bytes to ecology
[dna] air wrote 66 bytes to ecology
[dna] air wrote 26 bytes to ecology
[dna] air wrote 9 bytes to ecology
[dna] air wrote 68 bytes to ecology
[dna] air wrote 109 bytes to ecology
[dna] air wrote 88 bytes to ecology
[dna] air wrote 89 bytes to ecology
[dna] air wrote 123 bytes to ecology
[dna] air wrote 38 bytes to ecology
[dna] air wrote 42 bytes to ecology
[dna] air wrote 138 bytes to ecology
[dna] air wrote 21 bytes to ecology
[dna] air wrote 38 bytes to ecology
[dna] air wrote 53 bytes to ecology
[dna] air wrote 82 bytes to ecology
[dna] air wrote 7 bytes to ecology
[dna] air wrote 41 bytes to ecology
[dna] air wrote 27 bytes to ecology
[dna] air wrote 174 bytes to ecology
[dna] air wrote 111 bytes to ecology
[dna] air wrote 43 bytes to ecology
[dna] air wrote 28 bytes to ecology
[debug-onto] tick=150 corpus=139916 stage=2 freeze=0
[dna] air wrote 67 bytes to ecology
[dna] air wrote 36 bytes to ecology
[dna] air wrote 18 bytes to ecology
[dna] air wrote 36 bytes to ecology
[dna] air wrote 46 bytes to ecology
[dna] air wrote 107 bytes to ecology
[dna] air wrote 20 bytes to ecology
[dna] air wrote 46 bytes to ecology
[dna] air wrote 145 bytes to ecology
[dna] air wrote 285 bytes to ecology
[dna] air wrote 33 bytes to ecology
[dna] air wrote 68 bytes to ecology
[dna] air wrote 114 bytes to ecology
[dna] air wrote 53 bytes to ecology
[dna] air wrote 77 bytes to ecology
[dna] air wrote 25 bytes to ecology
[dna] air wrote 17 bytes to ecology
[dna] air wrote 63 bytes to ecology
[dna] air wrote 120 bytes to ecology
[dna] air wrote 15 bytes to ecology
[dna] air wrote 58 bytes to ecology
[dna] air wrote 82 bytes to ecology
[dna] air wrote 48 bytes to ecology
[dna] air wrote 49 bytes to ecology
[debug-onto] tick=200 corpus=139916 stage=2 freeze=0
[dna] air wrote 40 bytes to ecology
[dna] air wrote 93 bytes to ecology
[dna] air wrote 67 bytes to ecology
[dna] air wrote 51 bytes to ecology
[dna] air wrote 40 bytes to ecology
[dna] air wrote 32 bytes to ecology
[dna] air wrote 77 bytes to ecology
[dna] air wrote 24 bytes to ecology
[dna] air wrote 57 bytes to ecology
[dna] air wrote 84 bytes to ecology
[dna] air wrote 7 bytes to ecology
[dna] air wrote 61 bytes to ecology
[dna] air wrote 33 bytes to ecology
[dna] air wrote 42 bytes to ecology
[dna] air wrote 133 bytes to ecology
[dna] air wrote 66 bytes to ecology
[dna] air wrote 91 bytes to ecology
[dna] air wrote 31 bytes to ecology
[dna] air wrote 18 bytes to ecology
[dna] air wrote 205 bytes to ecology
[dna] air wrote 86 bytes to ecology
[dna] air wrote 46 bytes to ecology
[dna] air wrote 233 bytes to ecology
[dna] air wrote 25 bytes to ecology
[dna] air wrote 62 bytes to ecology
[debug-onto] tick=250 corpus=139916 stage=2 freeze=0
[dna] air wrote 89 bytes to ecology
[dna] air wrote 21 bytes to ecology
[dna] air wrote 154 bytes to ecology
[dna] air wrote 32 bytes to ecology
[dna] air wrote 90 bytes to ecology
[dna] air wrote 66 bytes to ecology
[dna] air wrote 51 bytes to ecology
[dna] air wrote 66 bytes to ecology
[dna] air wrote 58 bytes to ecology
[dna] air wrote 13 bytes to ecology
[dna] air wrote 101 bytes to ecology
[dna] air wrote 46 bytes to ecology
[dna] air wrote 27 bytes to ecology
[dna] air wrote 147 bytes to ecology
[dna] air wrote 93 bytes to ecology
[dna] air wrote 228 bytes to ecology
[dna] air wrote 220 bytes to ecology
[dna] air wrote 109 bytes to ecology
[dna] air wrote 59 bytes to ecology
[dna] air wrote 54 bytes to ecology
[dna] air wrote 72 bytes to ecology
[dna] air wrote 28 bytes to ecology
[dna] air wrote 62 bytes to ecology
[debug-onto] tick=300 corpus=139916 stage=2 freeze=0
[dna] air wrote 42 bytes to ecology
[dna] air wrote 68 bytes to ecology
[dna] air wrote 23 bytes to ecology
[dna] air wrote 123 bytes to ecology
[dna] air wrote 50 bytes to ecology
[dna] air wrote 26 bytes to ecology
[dna] air wrote 39 bytes to ecology
[dna] air wrote 15 bytes to ecology
[dna] air wrote 95 bytes to ecology
[dna] air wrote 58 bytes to ecology
[dna] air wrote 42 bytes to ecology
[dna] air wrote 44 bytes to ecology
[dna] air wrote 58 bytes to ecology
[dna] air wrote 137 bytes to ecology
[dna] air wrote 18 bytes to ecology
[dna] air wrote 52 bytes to ecology
[dna] air wrote 21 bytes to ecology
[dna] air wrote 53 bytes to ecology
[dna] air wrote 207 bytes to ecology
[dna] air wrote 115 bytes to ecology
[dna] air wrote 56 bytes to ecology
[dna] air wrote 107 bytes to ecology
[dna] air wrote 74 bytes to ecology
[dna] air wrote 45 bytes to ecology
[dna] air wrote 52 bytes to ecology
[debug-onto] tick=350 corpus=139916 stage=2 freeze=0
[dna] air wrote 112 bytes to ecology
[dna] air wrote 64 bytes to ecology
[dna] air wrote 28 bytes to ecology
[dna] air wrote 55 bytes to ecology
[dna] air wrote 113 bytes to ecology
[dna] air wrote 27 bytes to ecology
[dna] air wrote 34 bytes to ecology
[dna] air wrote 76 bytes to ecology
[dna] air wrote 30 bytes to ecology
[dna] air wrote 44 bytes to ecology
[dna] air wrote 154 bytes to ecology
[dna] air wrote 138 bytes to ecology
[dna] air wrote 45 bytes to ecology
[dna] air wrote 21 bytes to ecology
[dna] air wrote 47 bytes to ecology
[dna] air wrote 90 bytes to ecology
[dna] air wrote 147 bytes to ecology
[dna] air wrote 91 bytes to ecology
[dna] air wrote 54 bytes to ecology
[dna] air wrote 43 bytes to ecology
[dna] air wrote 82 bytes to ecology
[dna] air wrote 67 bytes to ecology
[dna] air wrote 12 bytes to ecology
[dna] air wrote 177 bytes to ecology
[dna] air wrote 88 bytes to ecology
[debug-onto] tick=400 corpus=139916 stage=2 freeze=0
[dna] air wrote 69 bytes to ecology
[dna] air wrote 70 bytes to ecology
[dna] air wrote 57 bytes to ecology
[dna] air wrote 45 bytes to ecology
[dna] air wrote 180 bytes to ecology
[dna] air wrote 40 bytes to ecology
[dna] air wrote 103 bytes to ecology
[dna] air wrote 47 bytes to ecology
[dna] air wrote 23 bytes to ecology
[dna] air wrote 95 bytes to ecology
[dna] air wrote 157 bytes to ecology
[dna] air wrote 28 bytes to ecology
[dna] air wrote 30 bytes to ecology
[dna] air wrote 40 bytes to ecology
[dna] air wrote 51 bytes to ecology
[dna] air wrote 100 bytes to ecology
[dna] air wrote 40 bytes to ecology
[dna] air wrote 104 bytes to ecology
[dna] air wrote 105 bytes to ecology
[dna] air wrote 98 bytes to ecology
[dna] air wrote 51 bytes to ecology
[dna] air wrote 78 bytes to ecology
[dna] air wrote 121 bytes to ecology
[debug-onto] tick=450 corpus=139916 stage=2 freeze=0
[dna] air wrote 130 bytes to ecology
[dna] air wrote 73 bytes to ecology
[dna] air wrote 68 bytes to ecology
[dna] air wrote 66 bytes to ecology
[dna] air wrote 125 bytes to ecology
[dna] air wrote 112 bytes to ecology
[dna] air wrote 70 bytes to ecology
[dna] air wrote 110 bytes to ecology
[dna] air wrote 46 bytes to ecology
[dna] air wrote 28 bytes to ecology
[dna] air wrote 37 bytes to ecology
[dna] air wrote 62 bytes to ecology
[dna] air wrote 32 bytes to ecology
[dna] air wrote 37 bytes to ecology
[dna] air wrote 85 bytes to ecology
[dna] air wrote 85 bytes to ecology
[dna] air wrote 60 bytes to ecology
[dna] air wrote 55 bytes to ecology
[dna] air wrote 22 bytes to ecology
[dna] air wrote 30 bytes to ecology
[dna] air wrote 74 bytes to ecology
[dna] air wrote 59 bytes to ecology
[dna] air wrote 60 bytes to ecology
[dna] air wrote 7 bytes to ecology
[dna] air wrote 30 bytes to ecology
[debug-onto] tick=500 corpus=139916 stage=2 freeze=0
[dna] air wrote 94 bytes to ecology
[dna] air wrote 75 bytes to ecology
[dna] air wrote 126 bytes to ecology
[dna] air wrote 59 bytes to ecology
[dna] air wrote 70 bytes to ecology
[dna] air wrote 147 bytes to ecology
[dna] air wrote 27 bytes to ecology
[dna] air wrote 39 bytes to ecology
[dna] air wrote 58 bytes to ecology
[dna] air wrote 177 bytes to ecology
[dna] air wrote 27 bytes to ecology
[dna] air wrote 55 bytes to ecology
[dna] air wrote 97 bytes to ecology
[dna] air wrote 71 bytes to ecology
[dna] air wrote 89 bytes to ecology
[dna] air wrote 134 bytes to ecology
[dna] air wrote 24 bytes to ecology
[dna] air wrote 91 bytes to ecology
[dna] air wrote 76 bytes to ecology
[dna] air wrote 50 bytes to ecology
[dna] air wrote 27 bytes to ecology
[dna] air wrote 39 bytes to ecology
[dna] air wrote 81 bytes to ecology
[debug-onto] tick=550 corpus=139916 stage=2 freeze=0
[dna] air wrote 96 bytes to ecology
[dna] air wrote 25 bytes to ecology
[dna] air wrote 30 bytes to ecology
[dna] air wrote 54 bytes to ecology
[dna] air wrote 32 bytes to ecology
[dna] air wrote 36 bytes to ecology
[dna] air wrote 46 bytes to ecology
[dna] air wrote 172 bytes to ecology
[dna] air wrote 40 bytes to ecology
[dna] air wrote 137 bytes to ecology
[dna] air wrote 79 bytes to ecology
[dna] air wrote 97 bytes to ecology
[dna] air wrote 99 bytes to ecology
[dna] air wrote 28 bytes to ecology
[dna] air wrote 146 bytes to ecology
[dna] air wrote 43 bytes to ecology
[dna] air wrote 37 bytes to ecology
[dna] air wrote 55 bytes to ecology
[dna] air wrote 7 bytes to ecology
[dna] air wrote 159 bytes to ecology
[dna] air wrote 30 bytes to ecology
[dna] air wrote 53 bytes to ecology
[dna] air wrote 51 bytes to ecology
[debug-onto] tick=600 corpus=139916 stage=2 freeze=0
[dna] air wrote 83 bytes to ecology
[dna] air wrote 25 bytes to ecology
[dna] air wrote 92 bytes to ecology
[dna] air wrote 17 bytes to ecology
[dna] air wrote 7 bytes to ecology
[dna] air wrote 66 bytes to ecology
[dna] air wrote 48 bytes to ecology
[dna] air wrote 69 bytes to ecology
[dna] air wrote 57 bytes to ecology
[dna] air wrote 47 bytes to ecology
[dna] air wrote 33 bytes to ecology
[dna] air wrote 34 bytes to ecology
[dna] air wrote 95 bytes to ecology
[dna] air wrote 75 bytes to ecology
[dna] air wrote 79 bytes to ecology
[dna] air wrote 62 bytes to ecology
[dna] air wrote 32 bytes to ecology
[dna] air wrote 46 bytes to ecology
[dna] air wrote 48 bytes to ecology
[dna] air wrote 59 bytes to ecology
[dna] air wrote 21 bytes to ecology
[dna] air wrote 90 bytes to ecology
[dna] air wrote 60 bytes to ecology
[dna] air wrote 52 bytes to ecology
[dna] air wrote 84 bytes to ecology
[dna] air wrote 61 bytes to ecology
[debug-onto] tick=650 corpus=139916 stage=2 freeze=0
[dna] air wrote 159 bytes to ecology
[dna] air wrote 168 bytes to ecology
[dna] air wrote 86 bytes to ecology
[dna] air wrote 50 bytes to ecology
[dna] air wrote 154 bytes to ecology
[dna] air wrote 105 bytes to ecology
[dna] air wrote 19 bytes to ecology
[dna] air wrote 47 bytes to ecology
[dna] air wrote 44 bytes to ecology
[dna] air wrote 59 bytes to ecology
[dna] air wrote 56 bytes to ecology
[dna] air wrote 57 bytes to ecology
[dna] air wrote 7 bytes to ecology
[dna] air wrote 48 bytes to ecology
[dna] air wrote 96 bytes to ecology
[dna] air wrote 151 bytes to ecology
[dna] air wrote 53 bytes to ecology
[dna] air wrote 32 bytes to ecology
[dna] air wrote 125 bytes to ecology
[dna] air wrote 57 bytes to ecology
[dna] air wrote 65 bytes to ecology
[dna] air wrote 84 bytes to ecology
[dna] air wrote 51 bytes to ecology
[dna] air wrote 45 bytes to ecology
[dna] air wrote 56 bytes to ecology
[debug-onto] tick=700 corpus=139916 stage=2 freeze=0

[evolution] Organism shutting down gracefully.
