[ecology] Element: fire → corpus: nonames_fire.txt
[evolution] Autonomous evolution mode — organism will grow through all stages without pause.
[ecology] Joined swarm. 1 peer(s) detected.
molequla is alive. [evolution] Autonomous mode — background trainer running. Ctrl+C to stop.
[dna] fire wrote 145 bytes to ecology
[dna] fire consumed 14013 bytes from 208 files: [water/gen_1775951010_1.txt water/gen_1775951026_4.txt water/gen_1775951035_7.txt water/gen_1775951044_10.txt water/gen_1775951052_13.txt water/gen_1775951061_16.txt water/gen_1775951070_19.txt water/gen_1775951079_22.txt water/gen_1775951087_25.txt water/gen_1775951096_28.txt water/gen_1775951105_31.txt water/gen_1775951113_34.txt water/gen_1775951122_37.txt water/gen_1775951131_40.txt water/gen_1775951139_43.txt water/gen_1775951148_46.txt water/gen_1775951157_49.txt water/gen_1775951165_52.txt water/gen_1775951174_55.txt water/gen_1775951182_58.txt water/gen_1775951191_61.txt water/gen_1775951200_64.txt water/gen_1775951208_67.txt water/gen_1775951217_70.txt water/gen_1775951226_73.txt water/gen_1775951235_76.txt water/gen_1775951243_79.txt water/gen_1775951252_82.txt water/gen_1775951261_85.txt water/gen_1775951270_88.txt water/gen_1775951278_91.txt water/gen_1775951287_94.txt water/gen_1775951296_97.txt water/gen_1775951304_100.txt water/gen_1775951313_103.txt water/gen_1775951322_106.txt water/gen_1775951330_109.txt water/gen_1775951339_112.txt water/gen_1775951342_113.txt water/gen_1775951348_115.txt water/gen_1775951356_118.txt water/gen_1775951365_121.txt water/gen_1775951373_124.txt water/gen_1775951376_125.txt water/gen_1775951382_127.txt water/gen_1775951391_130.txt water/gen_1775951399_133.txt water/gen_1775951408_136.txt water/gen_1775951417_139.txt water/gen_1775951426_142.txt water/gen_1775951434_145.txt water/gen_1775951443_148.txt water/gen_1775951451_151.txt water/gen_1775951460_154.txt water/gen_1775951469_157.txt water/gen_1775951477_160.txt water/gen_1775951486_163.txt water/gen_1775951495_166.txt water/gen_1775951503_169.txt water/gen_1775951512_172.txt water/gen_1775951521_175.txt water/gen_1775951530_178.txt water/gen_1775951538_181.txt water/gen_1775951547_184.txt water/gen_1775951556_187.txt water/gen_1775951565_190.txt water/gen_1775951568_191.txt water/gen_1775951574_193.txt water/gen_1775951582_196.txt water/gen_1775951591_199.txt water/gen_1775951600_202.txt water/gen_1775951608_205.txt water/gen_1775951617_208.txt water/gen_1775951626_211.txt water/gen_1775951634_214.txt water/gen_1775951643_217.txt water/gen_1775951652_220.txt water/gen_1775951661_223.txt water/gen_1775951669_226.txt water/gen_1775951678_229.txt water/gen_1775951687_232.txt water/gen_1775951695_235.txt water/gen_1775951704_238.txt water/gen_1775951713_241.txt water/gen_1775951722_244.txt water/gen_1775951730_247.txt water/gen_1775951739_250.txt water/gen_1775951748_253.txt water/gen_1775951757_256.txt water/gen_1775951766_259.txt water/gen_1775951775_262.txt water/gen_1775951784_265.txt water/gen_1775951793_268.txt water/gen_1775951802_271.txt water/gen_1775951811_274.txt water/gen_1775951820_277.txt water/gen_1775951829_280.txt water/gen_1775951838_283.txt water/gen_1775951847_286.txt water/gen_1775951856_289.txt water/gen_1775951866_292.txt water/gen_1775951875_295.txt water/gen_1775951883_298.txt water/gen_1775951892_301.txt water/gen_1775951901_304.txt water/gen_1775951910_307.txt water/gen_1775951919_310.txt water/gen_1775951922_311.txt water/gen_1775951928_313.txt water/gen_1775951937_316.txt water/gen_1775951946_319.txt water/gen_1775951955_322.txt water/gen_1775951963_325.txt water/gen_1775951972_328.txt water/gen_1775951981_331.txt water/gen_1775951990_334.txt water/gen_1775951999_337.txt water/gen_1775952008_340.txt water/gen_1775952017_343.txt water/gen_1775952026_346.txt water/gen_1775952035_349.txt water/gen_1775952044_352.txt water/gen_1775952053_355.txt water/gen_1775952062_358.txt water/gen_1775952071_361.txt water/gen_1775952080_364.txt water/gen_1775952089_367.txt water/gen_1775952098_370.txt water/gen_1775952107_373.txt water/gen_1775952116_376.txt water/gen_1775952125_379.txt water/gen_1775952134_382.txt water/gen_1775952143_385.txt water/gen_1775952152_388.txt water/gen_1775952161_391.txt water/gen_1775952170_394.txt water/gen_1775952179_397.txt water/gen_1775952187_400.txt water/gen_1775952196_403.txt water/gen_1775952205_406.txt water/gen_1775952214_409.txt water/gen_1775952223_412.txt water/gen_1775952232_415.txt water/gen_1775952241_418.txt water/gen_1775952250_421.txt water/gen_1775952259_424.txt water/gen_1775952267_427.txt water/gen_1775952276_430.txt water/gen_1775952279_431.txt water/gen_1775952285_433.txt water/gen_1775952294_436.txt water/gen_1775952303_439.txt water/gen_1775952312_442.txt water/gen_1775952321_445.txt water/gen_1775952330_448.txt water/gen_1775952339_451.txt water/gen_1775952347_454.txt water/gen_1775952356_457.txt water/gen_1775952365_460.txt water/gen_1775952374_463.txt water/gen_1775952383_466.txt water/gen_1775952392_469.txt water/gen_1775952401_472.txt water/gen_1775952410_475.txt water/gen_1775952419_478.txt water/gen_1775952429_481.txt water/gen_1775952438_484.txt water/gen_1775952447_487.txt water/gen_1775952456_490.txt water/gen_1775952465_493.txt water/gen_1775952473_496.txt water/gen_1775952482_499.txt water/gen_1775952491_502.txt water/gen_1775952500_505.txt water/gen_1775952509_508.txt water/gen_1775952518_511.txt water/gen_1775952527_514.txt water/gen_1775952535_517.txt water/gen_1775952544_520.txt water/gen_1775952553_523.txt water/gen_1775952562_526.txt water/gen_1775952571_529.txt water/gen_1775952580_532.txt water/gen_1775952589_535.txt water/gen_1775952598_538.txt water/gen_1775952607_541.txt water/gen_1775952615_544.txt water/gen_1775952624_547.txt water/gen_1775952633_550.txt water/gen_1775952642_553.txt water/gen_1775952651_556.txt water/gen_1775952660_559.txt water/gen_1775952669_562.txt water/gen_1775952678_565.txt water/gen_1775952687_568.txt water/gen_1775952695_571.txt water/gen_1775952704_574.txt water/gen_1775952713_577.txt water/gen_1775952722_580.txt water/gen_1775952731_583.txt water/gen_1775952740_586.txt water/gen_1775952750_589.txt water/gen_1775952759_592.txt water/gen_1775952768_595.txt water/gen_1775952777_598.txt water/gen_1775952786_601.txt water/gen_1775952795_604.txt water/gen_1775952804_607.txt]
[trainer] micro-train burst (14013 bytes, novelty 0.05) — and lo, it feeds again.
[syntropy] action=explore | trend=0.0000 | field_dev=0.027 | purpose_align=0.056 | lr_mul=1.30
[aml] burst complete: 32 steps, avg loss 1.6526 (memory freed)
[dna] fire wrote 60 bytes to ecology
[dna] fire wrote 45 bytes to ecology
[dna] fire wrote 50 bytes to ecology
[dna] fire wrote 138 bytes to ecology
[dna] fire wrote 11 bytes to ecology
[dna] fire wrote 29 bytes to ecology
[dna] fire wrote 31 bytes to ecology
[dna] fire wrote 99 bytes to ecology
[dna] fire wrote 45 bytes to ecology
[dna] fire wrote 61 bytes to ecology
[dna] fire wrote 122 bytes to ecology
[dna] fire wrote 76 bytes to ecology
[dna] fire wrote 56 bytes to ecology
[dna] fire wrote 58 bytes to ecology
[dna] fire wrote 57 bytes to ecology
[dna] fire wrote 159 bytes to ecology
[dna] fire wrote 76 bytes to ecology
[debug-onto] tick=50 corpus=136121 stage=2 freeze=0
[dna] fire wrote 59 bytes to ecology
[dna] fire wrote 123 bytes to ecology
[dna] fire wrote 190 bytes to ecology
[dna] fire wrote 46 bytes to ecology
[dna] fire wrote 80 bytes to ecology
[dna] fire wrote 34 bytes to ecology
[dna] fire wrote 11 bytes to ecology
[dna] fire wrote 66 bytes to ecology
[dna] fire wrote 101 bytes to ecology
[dna] fire wrote 70 bytes to ecology
[dna] fire wrote 71 bytes to ecology
[dna] fire wrote 110 bytes to ecology
[dna] fire wrote 204 bytes to ecology
[dna] fire wrote 33 bytes to ecology
[dna] fire wrote 100 bytes to ecology
[dna] fire wrote 87 bytes to ecology
[dna] fire wrote 58 bytes to ecology
[dna] fire wrote 133 bytes to ecology
[debug-onto] tick=100 corpus=136121 stage=2 freeze=0
[dna] fire wrote 58 bytes to ecology
[dna] fire wrote 32 bytes to ecology
[dna] fire wrote 63 bytes to ecology
[dna] fire wrote 28 bytes to ecology
[dna] fire wrote 91 bytes to ecology
[dna] fire wrote 63 bytes to ecology
[dna] fire wrote 36 bytes to ecology
[dna] fire wrote 50 bytes to ecology
[dna] fire wrote 60 bytes to ecology
[dna] fire wrote 49 bytes to ecology
[dna] fire wrote 22 bytes to ecology
[dna] fire wrote 51 bytes to ecology
[dna] fire wrote 90 bytes to ecology
[dna] fire wrote 109 bytes to ecology
[dna] fire wrote 68 bytes to ecology
[dna] fire wrote 11 bytes to ecology
[dna] fire wrote 35 bytes to ecology
[debug-onto] tick=150 corpus=136121 stage=2 freeze=0
[dna] fire wrote 54 bytes to ecology
[dna] fire wrote 50 bytes to ecology
[dna] fire wrote 36 bytes to ecology
[dna] fire wrote 44 bytes to ecology
[dna] fire wrote 39 bytes to ecology
[dna] fire wrote 147 bytes to ecology
[dna] fire wrote 79 bytes to ecology
[dna] fire wrote 44 bytes to ecology
[dna] fire wrote 113 bytes to ecology
[dna] fire wrote 27 bytes to ecology
[dna] fire wrote 143 bytes to ecology
[dna] fire wrote 119 bytes to ecology
[dna] fire wrote 11 bytes to ecology
[dna] fire wrote 9 bytes to ecology
[dna] fire wrote 40 bytes to ecology
[dna] fire wrote 74 bytes to ecology
[dna] fire wrote 64 bytes to ecology
[dna] fire wrote 18 bytes to ecology
[debug-onto] tick=200 corpus=136121 stage=2 freeze=0
[dna] fire wrote 46 bytes to ecology
[dna] fire wrote 8 bytes to ecology
[dna] fire wrote 151 bytes to ecology
[dna] fire wrote 18 bytes to ecology
[dna] fire wrote 98 bytes to ecology
[dna] fire wrote 59 bytes to ecology
[dna] fire wrote 80 bytes to ecology
[dna] fire wrote 54 bytes to ecology
[dna] fire wrote 120 bytes to ecology
[dna] fire wrote 70 bytes to ecology
[dna] fire wrote 55 bytes to ecology
[dna] fire wrote 73 bytes to ecology
[dna] fire wrote 32 bytes to ecology
[dna] fire wrote 98 bytes to ecology
[dna] fire wrote 193 bytes to ecology
[dna] fire wrote 30 bytes to ecology
[dna] fire wrote 19 bytes to ecology
[dna] fire wrote 70 bytes to ecology
[debug-onto] tick=250 corpus=136121 stage=2 freeze=0
[dna] fire wrote 118 bytes to ecology
[dna] fire wrote 10 bytes to ecology
[dna] fire wrote 158 bytes to ecology
[dna] fire wrote 114 bytes to ecology
[dna] fire wrote 32 bytes to ecology
[dna] fire wrote 89 bytes to ecology
[dna] fire wrote 28 bytes to ecology
[dna] fire wrote 6 bytes to ecology
[dna] fire wrote 26 bytes to ecology
[dna] fire wrote 42 bytes to ecology
[dna] fire wrote 12 bytes to ecology
[dna] fire wrote 176 bytes to ecology
[dna] fire wrote 22 bytes to ecology
[dna] fire wrote 35 bytes to ecology
[dna] fire wrote 50 bytes to ecology
[dna] fire wrote 72 bytes to ecology
[dna] fire wrote 205 bytes to ecology
[debug-onto] tick=300 corpus=136121 stage=2 freeze=0
[dna] fire wrote 18 bytes to ecology
[dna] fire wrote 59 bytes to ecology
[dna] fire wrote 177 bytes to ecology
[dna] fire wrote 38 bytes to ecology
[dna] fire wrote 39 bytes to ecology
[dna] fire wrote 65 bytes to ecology
[dna] fire wrote 25 bytes to ecology
[dna] fire wrote 93 bytes to ecology
[dna] fire wrote 22 bytes to ecology
[dna] fire wrote 102 bytes to ecology
[dna] fire wrote 35 bytes to ecology
[dna] fire wrote 68 bytes to ecology
[dna] fire wrote 110 bytes to ecology
[dna] fire wrote 31 bytes to ecology
[dna] fire wrote 53 bytes to ecology
[dna] fire wrote 11 bytes to ecology
[dna] fire wrote 69 bytes to ecology
[dna] fire wrote 38 bytes to ecology
[dna] fire wrote 24 bytes to ecology
[debug-onto] tick=350 corpus=136121 stage=2 freeze=0
[dna] fire wrote 121 bytes to ecology
[dna] fire wrote 33 bytes to ecology
[dna] fire wrote 33 bytes to ecology
[dna] fire wrote 96 bytes to ecology
[dna] fire wrote 127 bytes to ecology
[dna] fire wrote 16 bytes to ecology
[dna] fire wrote 27 bytes to ecology
[dna] fire wrote 27 bytes to ecology
[dna] fire wrote 84 bytes to ecology
[dna] fire wrote 49 bytes to ecology
[dna] fire wrote 21 bytes to ecology
[dna] fire wrote 79 bytes to ecology
[dna] fire wrote 119 bytes to ecology
[dna] fire wrote 22 bytes to ecology
[dna] fire wrote 37 bytes to ecology
[dna] fire wrote 26 bytes to ecology
[dna] fire wrote 72 bytes to ecology
[dna] fire wrote 57 bytes to ecology
[debug-onto] tick=400 corpus=136121 stage=2 freeze=0
[dna] fire wrote 26 bytes to ecology
[dna] fire wrote 16 bytes to ecology
[dna] fire wrote 21 bytes to ecology
[dna] fire wrote 40 bytes to ecology
[dna] fire wrote 60 bytes to ecology
[dna] fire wrote 90 bytes to ecology
[dna] fire wrote 55 bytes to ecology
[dna] fire wrote 73 bytes to ecology
[dna] fire wrote 28 bytes to ecology
[dna] fire wrote 43 bytes to ecology
[dna] fire wrote 77 bytes to ecology
[dna] fire wrote 23 bytes to ecology
[dna] fire wrote 70 bytes to ecology
[dna] fire wrote 85 bytes to ecology
[dna] fire wrote 26 bytes to ecology
[dna] fire wrote 108 bytes to ecology
[dna] fire wrote 33 bytes to ecology
[dna] fire wrote 31 bytes to ecology
[dna] fire wrote 83 bytes to ecology
[debug-onto] tick=450 corpus=136121 stage=2 freeze=0
[dna] fire wrote 82 bytes to ecology
[dna] fire wrote 151 bytes to ecology
[dna] fire wrote 8 bytes to ecology
[dna] fire wrote 35 bytes to ecology
[dna] fire wrote 33 bytes to ecology
[dna] fire wrote 30 bytes to ecology
[dna] fire wrote 40 bytes to ecology
[dna] fire wrote 109 bytes to ecology
[dna] fire wrote 76 bytes to ecology
[dna] fire wrote 67 bytes to ecology
[dna] fire wrote 34 bytes to ecology
[dna] fire wrote 90 bytes to ecology
[dna] fire wrote 45 bytes to ecology
[dna] fire wrote 44 bytes to ecology
[dna] fire wrote 47 bytes to ecology
[dna] fire wrote 32 bytes to ecology
[dna] fire wrote 29 bytes to ecology
[dna] fire wrote 24 bytes to ecology
[dna] fire wrote 35 bytes to ecology
[dna] fire wrote 73 bytes to ecology
[debug-onto] tick=500 corpus=136121 stage=2 freeze=0
[dna] fire wrote 40 bytes to ecology
[dna] fire wrote 123 bytes to ecology
[dna] fire wrote 10 bytes to ecology
[dna] fire wrote 72 bytes to ecology
[dna] fire wrote 39 bytes to ecology
[dna] fire wrote 40 bytes to ecology
[dna] fire wrote 9 bytes to ecology
[dna] fire wrote 32 bytes to ecology
[dna] fire wrote 224 bytes to ecology
[dna] fire wrote 36 bytes to ecology
[dna] fire wrote 31 bytes to ecology
[dna] fire wrote 24 bytes to ecology
[dna] fire wrote 18 bytes to ecology
[dna] fire wrote 83 bytes to ecology
[dna] fire wrote 30 bytes to ecology
[dna] fire wrote 27 bytes to ecology
[dna] fire wrote 30 bytes to ecology
[dna] fire wrote 56 bytes to ecology
[debug-onto] tick=550 corpus=136121 stage=2 freeze=0
[dna] fire wrote 52 bytes to ecology
[dna] fire wrote 25 bytes to ecology
[dna] fire wrote 51 bytes to ecology
[dna] fire wrote 28 bytes to ecology
[dna] fire wrote 48 bytes to ecology
[dna] fire wrote 42 bytes to ecology
[dna] fire wrote 50 bytes to ecology
[dna] fire wrote 53 bytes to ecology
[dna] fire wrote 85 bytes to ecology
[dna] fire wrote 27 bytes to ecology
[dna] fire wrote 31 bytes to ecology
[dna] fire wrote 28 bytes to ecology
[dna] fire wrote 18 bytes to ecology
[dna] fire wrote 14 bytes to ecology
[dna] fire wrote 60 bytes to ecology
[dna] fire wrote 92 bytes to ecology
[dna] fire wrote 31 bytes to ecology
[debug-onto] tick=600 corpus=136121 stage=2 freeze=0
[dna] fire wrote 55 bytes to ecology
[dna] fire wrote 48 bytes to ecology
[dna] fire wrote 41 bytes to ecology
[dna] fire wrote 32 bytes to ecology
[dna] fire wrote 5 bytes to ecology
[dna] fire wrote 30 bytes to ecology
[dna] fire wrote 32 bytes to ecology
[dna] fire wrote 38 bytes to ecology
[dna] fire wrote 39 bytes to ecology
[dna] fire wrote 32 bytes to ecology
[dna] fire wrote 29 bytes to ecology
[dna] fire wrote 54 bytes to ecology
[dna] fire wrote 84 bytes to ecology
[dna] fire wrote 162 bytes to ecology
[dna] fire wrote 80 bytes to ecology
[dna] fire wrote 33 bytes to ecology
[dna] fire wrote 163 bytes to ecology
[dna] fire wrote 85 bytes to ecology
[dna] fire wrote 67 bytes to ecology
[debug-onto] tick=650 corpus=136121 stage=2 freeze=0
[dna] fire wrote 61 bytes to ecology
[dna] fire wrote 43 bytes to ecology
[dna] fire wrote 35 bytes to ecology
[dna] fire wrote 67 bytes to ecology
[dna] fire wrote 61 bytes to ecology
[dna] fire wrote 16 bytes to ecology
[dna] fire wrote 92 bytes to ecology
[dna] fire wrote 36 bytes to ecology
[dna] fire wrote 29 bytes to ecology
[dna] fire wrote 57 bytes to ecology
[dna] fire wrote 17 bytes to ecology

[evolution] Organism shutting down gracefully.
