[ecology] Element: water → corpus: nonames_water.txt
[evolution] Autonomous evolution mode — organism will grow through all stages without pause.
[ecology] Joined swarm. 1 peer(s) detected.
molequla is alive. [evolution] Autonomous mode — background trainer running. Ctrl+C to stop.
[dna] water wrote 35 bytes to ecology
[dna] water consumed 24186 bytes from 342 files: [air/gen_1775949210_1.txt air/gen_1775949220_2.txt air/gen_1775949225_4.txt air/gen_1775949232_7.txt air/gen_1775949235_8.txt air/gen_1775949240_10.txt air/gen_1775949247_13.txt air/gen_1775949250_14.txt air/gen_1775949255_16.txt air/gen_1775949263_19.txt air/gen_1775949265_20.txt air/gen_1775949270_22.txt air/gen_1775949278_25.txt air/gen_1775949280_26.txt air/gen_1775949285_28.txt air/gen_1775949293_31.txt air/gen_1775949295_32.txt air/gen_1775949301_34.txt air/gen_1775949308_37.txt air/gen_1775949311_38.txt air/gen_1775949316_40.txt air/gen_1775949323_43.txt air/gen_1775949326_44.txt air/gen_1775949331_46.txt air/gen_1775949338_49.txt air/gen_1775949341_50.txt air/gen_1775949346_52.txt air/gen_1775949353_55.txt air/gen_1775949356_56.txt air/gen_1775949361_58.txt air/gen_1775949368_61.txt air/gen_1775949371_62.txt air/gen_1775949376_64.txt air/gen_1775949383_67.txt air/gen_1775949386_68.txt air/gen_1775949391_70.txt air/gen_1775949399_73.txt air/gen_1775949401_74.txt air/gen_1775949406_76.txt air/gen_1775949414_79.txt air/gen_1775949416_80.txt air/gen_1775949421_82.txt air/gen_1775949429_85.txt air/gen_1775949432_86.txt air/gen_1775949437_88.txt air/gen_1775949444_91.txt air/gen_1775949447_92.txt air/gen_1775949452_94.txt air/gen_1775949460_97.txt air/gen_1775949462_98.txt air/gen_1775949467_100.txt air/gen_1775949475_103.txt air/gen_1775949477_104.txt air/gen_1775949482_106.txt air/gen_1775949490_109.txt air/gen_1775949492_110.txt air/gen_1775949497_112.txt air/gen_1775949505_115.txt air/gen_1775949508_116.txt air/gen_1775949513_118.txt air/gen_1775949521_121.txt air/gen_1775949523_122.txt air/gen_1775949528_124.txt air/gen_1775949536_127.txt air/gen_1775949539_128.txt air/gen_1775949544_130.txt air/gen_1775949552_133.txt air/gen_1775949555_134.txt air/gen_1775949560_136.txt air/gen_1775949568_139.txt air/gen_1775949570_140.txt air/gen_1775949576_142.txt air/gen_1775949584_145.txt air/gen_1775949587_146.txt air/gen_1775949592_148.txt air/gen_1775949600_151.txt air/gen_1775949602_152.txt air/gen_1775949608_154.txt air/gen_1775949616_157.txt air/gen_1775949624_160.txt air/gen_1775949632_163.txt air/gen_1775949635_164.txt air/gen_1775949640_166.txt air/gen_1775949648_169.txt air/gen_1775949651_170.txt air/gen_1775949657_172.txt air/gen_1775949665_175.txt air/gen_1775949668_176.txt air/gen_1775949673_178.txt air/gen_1775949681_181.txt air/gen_1775949684_182.txt air/gen_1775949689_184.txt air/gen_1775949697_187.txt air/gen_1775949700_188.txt air/gen_1775949705_190.txt air/gen_1775949713_193.txt air/gen_1775949720_196.txt air/gen_1775949728_199.txt air/gen_1775949730_200.txt air/gen_1775949736_202.txt air/gen_1775949743_205.txt air/gen_1775949746_206.txt air/gen_1775949751_208.txt air/gen_1775949759_211.txt air/gen_1775949761_212.txt air/gen_1775949766_214.txt air/gen_1775949774_217.txt air/gen_1775949776_218.txt air/gen_1775949781_220.txt air/gen_1775949789_223.txt air/gen_1775949791_224.txt air/gen_1775949796_226.txt air/gen_1775949804_229.txt air/gen_1775949806_230.txt air/gen_1775949811_232.txt air/gen_1775949819_235.txt air/gen_1775949821_236.txt air/gen_1775949826_238.txt air/gen_1775949834_241.txt air/gen_1775949836_242.txt air/gen_1775949841_244.txt air/gen_1775949849_247.txt air/gen_1775949851_248.txt air/gen_1775949857_250.txt air/gen_1775949864_253.txt air/gen_1775949867_254.txt air/gen_1775949872_256.txt air/gen_1775949879_259.txt air/gen_1775949882_260.txt air/gen_1775949887_262.txt air/gen_1775949894_265.txt air/gen_1775949897_266.txt air/gen_1775949902_268.txt air/gen_1775949909_271.txt air/gen_1775949912_272.txt air/gen_1775949917_274.txt air/gen_1775949924_277.txt air/gen_1775949927_278.txt air/gen_1775949932_280.txt air/gen_1775949939_283.txt air/gen_1775949947_286.txt air/gen_1775949955_289.txt air/gen_1775949957_290.txt air/gen_1775949962_292.txt air/gen_1775949970_295.txt air/gen_1775949972_296.txt air/gen_1775949977_298.txt air/gen_1775949985_301.txt air/gen_1775949988_302.txt air/gen_1775949993_304.txt air/gen_1775950001_307.txt air/gen_1775950003_308.txt air/gen_1775950008_310.txt air/gen_1775950016_313.txt air/gen_1775950018_314.txt air/gen_1775950023_316.txt air/gen_1775950031_319.txt air/gen_1775950034_320.txt air/gen_1775950039_322.txt air/gen_1775950047_325.txt air/gen_1775950049_326.txt air/gen_1775950055_328.txt air/gen_1775950062_331.txt air/gen_1775950065_332.txt air/gen_1775950070_334.txt air/gen_1775950078_337.txt air/gen_1775950080_338.txt air/gen_1775950085_340.txt air/gen_1775950093_343.txt air/gen_1775950096_344.txt air/gen_1775950101_346.txt air/gen_1775950108_349.txt air/gen_1775950116_352.txt air/gen_1775950123_355.txt air/gen_1775950126_356.txt air/gen_1775950131_358.txt air/gen_1775950139_361.txt air/gen_1775950142_362.txt air/gen_1775950147_364.txt air/gen_1775950155_367.txt air/gen_1775950158_368.txt air/gen_1775950163_370.txt air/gen_1775950171_373.txt air/gen_1775950174_374.txt air/gen_1775950179_376.txt air/gen_1775950187_379.txt air/gen_1775950190_380.txt air/gen_1775950196_382.txt air/gen_1775950204_385.txt air/gen_1775950206_386.txt air/gen_1775950212_388.txt air/gen_1775950220_391.txt air/gen_1775950222_392.txt air/gen_1775950228_394.txt air/gen_1775950236_397.txt air/gen_1775950239_398.txt air/gen_1775950244_400.txt air/gen_1775950252_403.txt air/gen_1775950254_404.txt air/gen_1775950259_406.txt air/gen_1775950267_409.txt air/gen_1775950269_410.txt air/gen_1775950274_412.txt air/gen_1775950282_415.txt air/gen_1775950290_418.txt air/gen_1775950297_421.txt air/gen_1775950300_422.txt air/gen_1775950305_424.txt air/gen_1775950312_427.txt air/gen_1775950315_428.txt air/gen_1775950320_430.txt air/gen_1775950327_433.txt air/gen_1775950330_434.txt air/gen_1775950335_436.txt air/gen_1775950343_439.txt air/gen_1775950345_440.txt air/gen_1775950350_442.txt air/gen_1775950358_445.txt air/gen_1775950361_446.txt air/gen_1775950366_448.txt air/gen_1775950373_451.txt air/gen_1775950376_452.txt air/gen_1775950381_454.txt air/gen_1775950388_457.txt air/gen_1775950391_458.txt air/gen_1775950396_460.txt air/gen_1775950403_463.txt air/gen_1775950406_464.txt air/gen_1775950411_466.txt air/gen_1775950419_469.txt air/gen_1775950421_470.txt air/gen_1775950426_472.txt air/gen_1775950434_475.txt air/gen_1775950441_478.txt air/gen_1775950449_481.txt air/gen_1775950451_482.txt air/gen_1775950456_484.txt air/gen_1775950464_487.txt air/gen_1775950466_488.txt air/gen_1775950471_490.txt air/gen_1775950479_493.txt air/gen_1775950481_494.txt air/gen_1775950486_496.txt air/gen_1775950494_499.txt air/gen_1775950496_500.txt air/gen_1775950501_502.txt air/gen_1775950509_505.txt air/gen_1775950512_506.txt air/gen_1775950517_508.txt air/gen_1775950524_511.txt air/gen_1775950527_512.txt air/gen_1775950532_514.txt air/gen_1775950539_517.txt air/gen_1775950542_518.txt air/gen_1775950547_520.txt air/gen_1775950554_523.txt air/gen_1775950557_524.txt air/gen_1775950562_526.txt air/gen_1775950569_529.txt air/gen_1775950577_532.txt air/gen_1775950585_535.txt air/gen_1775950587_536.txt air/gen_1775950592_538.txt air/gen_1775950600_541.txt air/gen_1775950607_544.txt air/gen_1775950615_547.txt air/gen_1775950617_548.txt air/gen_1775950622_550.txt air/gen_1775950630_553.txt air/gen_1775950637_556.txt air/gen_1775950645_559.txt air/gen_1775950648_560.txt air/gen_1775950653_562.txt air/gen_1775950660_565.txt air/gen_1775950663_566.txt air/gen_1775950668_568.txt air/gen_1775950675_571.txt air/gen_1775950678_572.txt air/gen_1775950683_574.txt air/gen_1775950690_577.txt air/gen_1775950693_578.txt air/gen_1775950698_580.txt air/gen_1775950706_583.txt air/gen_1775950708_584.txt air/gen_1775950713_586.txt air/gen_1775950721_589.txt air/gen_1775950723_590.txt air/gen_1775950728_592.txt air/gen_1775950736_595.txt air/gen_1775950738_596.txt air/gen_1775950743_598.txt air/gen_1775950751_601.txt air/gen_1775950753_602.txt air/gen_1775950758_604.txt air/gen_1775950766_607.txt air/gen_1775950768_608.txt air/gen_1775950773_610.txt air/gen_1775950781_613.txt air/gen_1775950783_614.txt air/gen_1775950788_616.txt air/gen_1775950796_619.txt air/gen_1775950798_620.txt air/gen_1775950803_622.txt air/gen_1775950811_625.txt air/gen_1775950813_626.txt air/gen_1775950818_628.txt air/gen_1775950826_631.txt air/gen_1775950828_632.txt air/gen_1775950833_634.txt air/gen_1775950841_637.txt air/gen_1775950843_638.txt air/gen_1775950848_640.txt air/gen_1775950856_643.txt air/gen_1775950858_644.txt air/gen_1775950863_646.txt air/gen_1775950871_649.txt air/gen_1775950873_650.txt air/gen_1775950878_652.txt air/gen_1775950886_655.txt air/gen_1775950888_656.txt air/gen_1775950893_658.txt air/gen_1775950901_661.txt air/gen_1775950903_662.txt air/gen_1775950908_664.txt air/gen_1775950916_667.txt air/gen_1775950918_668.txt air/gen_1775950923_670.txt air/gen_1775950931_673.txt air/gen_1775950934_674.txt air/gen_1775950939_676.txt air/gen_1775950946_679.txt air/gen_1775950949_680.txt air/gen_1775950954_682.txt air/gen_1775950962_685.txt air/gen_1775950964_686.txt air/gen_1775950969_688.txt air/gen_1775950977_691.txt air/gen_1775950979_692.txt air/gen_1775950984_694.txt air/gen_1775950992_697.txt air/gen_1775950994_698.txt air/gen_1775950999_700.txt]
[trainer] micro-train burst (24186 bytes, novelty 0.02) — and lo, it feeds again.
[syntropy] action=explore | trend=0.0000 | field_dev=-0.090 | purpose_align=0.056 | lr_mul=1.30
[aml] burst complete: 32 steps, avg loss 1.8294 (memory freed)
[dna] water wrote 57 bytes to ecology
[dna] water wrote 33 bytes to ecology
[dna] water wrote 40 bytes to ecology
[dna] water wrote 153 bytes to ecology
[dna] water wrote 68 bytes to ecology
[dna] water wrote 116 bytes to ecology
[dna] water wrote 43 bytes to ecology
[dna] water wrote 87 bytes to ecology
[dna] water wrote 58 bytes to ecology
[dna] water wrote 13 bytes to ecology
[dna] water wrote 41 bytes to ecology
[dna] water wrote 102 bytes to ecology
[dna] water wrote 53 bytes to ecology
[dna] water wrote 77 bytes to ecology
[dna] water wrote 34 bytes to ecology
[dna] water wrote 22 bytes to ecology
[debug-onto] tick=50 corpus=150225 stage=2 freeze=0
[dna] water wrote 33 bytes to ecology
[dna] water wrote 67 bytes to ecology
[dna] water wrote 28 bytes to ecology
[dna] water wrote 108 bytes to ecology
[dna] water wrote 71 bytes to ecology
[dna] water wrote 38 bytes to ecology
[dna] water wrote 38 bytes to ecology
[dna] water wrote 64 bytes to ecology
[dna] water wrote 101 bytes to ecology
[dna] water wrote 90 bytes to ecology
[dna] water wrote 47 bytes to ecology
[dna] water wrote 237 bytes to ecology
[dna] water wrote 92 bytes to ecology
[dna] water wrote 50 bytes to ecology
[dna] water wrote 38 bytes to ecology
[dna] water wrote 125 bytes to ecology
[dna] water wrote 116 bytes to ecology
[debug-onto] tick=100 corpus=150225 stage=2 freeze=0
[dna] water wrote 49 bytes to ecology
[dna] water wrote 154 bytes to ecology
[dna] water wrote 37 bytes to ecology
[dna] water wrote 101 bytes to ecology
[dna] water wrote 21 bytes to ecology
[dna] water wrote 81 bytes to ecology
[dna] water wrote 42 bytes to ecology
[dna] water wrote 52 bytes to ecology
[dna] water wrote 42 bytes to ecology
[dna] water wrote 37 bytes to ecology
[dna] water wrote 89 bytes to ecology
[dna] water wrote 83 bytes to ecology
[dna] water wrote 51 bytes to ecology
[dna] water wrote 39 bytes to ecology
[dna] water wrote 48 bytes to ecology
[dna] water wrote 201 bytes to ecology
[dna] water wrote 74 bytes to ecology
[dna] water wrote 38 bytes to ecology
[debug-onto] tick=150 corpus=150225 stage=2 freeze=0
[dna] water wrote 42 bytes to ecology
[dna] water wrote 63 bytes to ecology
[dna] water wrote 243 bytes to ecology
[dna] water wrote 71 bytes to ecology
[dna] water wrote 50 bytes to ecology
[dna] water wrote 100 bytes to ecology
[dna] water wrote 42 bytes to ecology
[dna] water wrote 55 bytes to ecology
[dna] water wrote 79 bytes to ecology
[dna] water wrote 28 bytes to ecology
[dna] water wrote 15 bytes to ecology
[dna] water wrote 90 bytes to ecology
[dna] water wrote 96 bytes to ecology
[dna] water wrote 52 bytes to ecology
[dna] water wrote 13 bytes to ecology
[dna] water wrote 110 bytes to ecology
[dna] water wrote 145 bytes to ecology
[dna] water wrote 63 bytes to ecology
[debug-onto] tick=200 corpus=150225 stage=2 freeze=0
[dna] water wrote 88 bytes to ecology
[dna] water wrote 19 bytes to ecology
[dna] water wrote 47 bytes to ecology
[dna] water wrote 36 bytes to ecology
[dna] water wrote 78 bytes to ecology
[dna] water wrote 60 bytes to ecology
[dna] water wrote 81 bytes to ecology
[dna] water wrote 161 bytes to ecology
[dna] water wrote 59 bytes to ecology
[dna] water wrote 92 bytes to ecology
[dna] water wrote 90 bytes to ecology
[dna] water wrote 49 bytes to ecology
[dna] water wrote 80 bytes to ecology
[dna] water wrote 36 bytes to ecology
[dna] water wrote 12 bytes to ecology
[dna] water wrote 162 bytes to ecology
[dna] water wrote 115 bytes to ecology
[debug-onto] tick=250 corpus=150225 stage=2 freeze=0
[dna] water wrote 41 bytes to ecology
[dna] water wrote 41 bytes to ecology
[dna] water wrote 85 bytes to ecology
[dna] water wrote 79 bytes to ecology
[dna] water wrote 28 bytes to ecology
[dna] water wrote 34 bytes to ecology
[dna] water wrote 81 bytes to ecology
[dna] water wrote 23 bytes to ecology
[dna] water wrote 82 bytes to ecology
[dna] water wrote 92 bytes to ecology
[dna] water wrote 33 bytes to ecology
[dna] water wrote 169 bytes to ecology
[dna] water wrote 105 bytes to ecology
[dna] water wrote 84 bytes to ecology
[dna] water wrote 39 bytes to ecology
[dna] water wrote 42 bytes to ecology
[debug-onto] tick=300 corpus=150225 stage=2 freeze=0
[dna] water wrote 31 bytes to ecology
[dna] water wrote 98 bytes to ecology
[dna] water wrote 55 bytes to ecology
[dna] water wrote 78 bytes to ecology
[dna] water wrote 34 bytes to ecology
[dna] water wrote 85 bytes to ecology
[dna] water wrote 35 bytes to ecology
[dna] water wrote 69 bytes to ecology
[dna] water wrote 103 bytes to ecology
[dna] water wrote 45 bytes to ecology
[dna] water wrote 66 bytes to ecology
[dna] water wrote 49 bytes to ecology
[dna] water wrote 66 bytes to ecology
[dna] water wrote 126 bytes to ecology
[dna] water wrote 160 bytes to ecology
[dna] water wrote 33 bytes to ecology
[dna] water wrote 39 bytes to ecology
[dna] water wrote 51 bytes to ecology
[debug-onto] tick=350 corpus=150225 stage=2 freeze=0
[dna] water wrote 40 bytes to ecology
[dna] water wrote 34 bytes to ecology
[dna] water wrote 48 bytes to ecology
[dna] water wrote 31 bytes to ecology
[dna] water wrote 24 bytes to ecology
[dna] water wrote 100 bytes to ecology
[dna] water wrote 29 bytes to ecology
[dna] water wrote 40 bytes to ecology
[dna] water wrote 52 bytes to ecology
[dna] water wrote 43 bytes to ecology
[dna] water wrote 27 bytes to ecology
[dna] water wrote 42 bytes to ecology
[dna] water wrote 36 bytes to ecology
[dna] water wrote 39 bytes to ecology
[dna] water wrote 29 bytes to ecology
[dna] water wrote 59 bytes to ecology
[dna] water wrote 34 bytes to ecology
[debug-onto] tick=400 corpus=150225 stage=2 freeze=0
[dna] water wrote 68 bytes to ecology
[dna] water wrote 143 bytes to ecology
[dna] water wrote 55 bytes to ecology
[dna] water wrote 52 bytes to ecology
[dna] water wrote 35 bytes to ecology
[dna] water wrote 33 bytes to ecology
[dna] water wrote 84 bytes to ecology
[dna] water wrote 150 bytes to ecology
[dna] water wrote 97 bytes to ecology
[dna] water wrote 67 bytes to ecology
[dna] water wrote 53 bytes to ecology
[dna] water wrote 105 bytes to ecology
[dna] water wrote 42 bytes to ecology
[dna] water wrote 29 bytes to ecology
[dna] water wrote 94 bytes to ecology
[dna] water wrote 80 bytes to ecology
[dna] water wrote 51 bytes to ecology
[debug-onto] tick=450 corpus=150225 stage=2 freeze=0
[dna] water wrote 57 bytes to ecology
[dna] water wrote 125 bytes to ecology
[dna] water wrote 51 bytes to ecology
[dna] water wrote 32 bytes to ecology
[dna] water wrote 73 bytes to ecology
[dna] water wrote 61 bytes to ecology
[dna] water wrote 86 bytes to ecology
[dna] water wrote 25 bytes to ecology
[dna] water wrote 110 bytes to ecology
[dna] water wrote 86 bytes to ecology
[dna] water wrote 55 bytes to ecology
[dna] water wrote 69 bytes to ecology
[dna] water wrote 50 bytes to ecology
[dna] water wrote 69 bytes to ecology
[dna] water wrote 25 bytes to ecology
[dna] water wrote 32 bytes to ecology
[dna] water wrote 68 bytes to ecology
[debug-onto] tick=500 corpus=150225 stage=2 freeze=0
[dna] water wrote 56 bytes to ecology
[dna] water wrote 31 bytes to ecology
[dna] water wrote 96 bytes to ecology
[dna] water wrote 37 bytes to ecology
[dna] water wrote 113 bytes to ecology
[dna] water wrote 64 bytes to ecology
[dna] water wrote 209 bytes to ecology
[dna] water wrote 35 bytes to ecology
[dna] water wrote 41 bytes to ecology
[dna] water wrote 18 bytes to ecology
[dna] water wrote 130 bytes to ecology
[dna] water wrote 98 bytes to ecology
[dna] water wrote 73 bytes to ecology
[dna] water wrote 69 bytes to ecology
[dna] water wrote 25 bytes to ecology
[dna] water wrote 71 bytes to ecology
[dna] water wrote 36 bytes to ecology
[debug-onto] tick=550 corpus=150225 stage=2 freeze=0
[dna] water wrote 128 bytes to ecology
[dna] water wrote 120 bytes to ecology
[dna] water wrote 37 bytes to ecology
[dna] water wrote 29 bytes to ecology
[dna] water wrote 39 bytes to ecology
[dna] water wrote 76 bytes to ecology
[dna] water wrote 67 bytes to ecology
[dna] water wrote 113 bytes to ecology
[dna] water wrote 67 bytes to ecology
[dna] water wrote 63 bytes to ecology
[dna] water wrote 99 bytes to ecology
[dna] water wrote 52 bytes to ecology
[dna] water wrote 58 bytes to ecology
[dna] water wrote 73 bytes to ecology
[dna] water wrote 45 bytes to ecology
[dna] water wrote 13 bytes to ecology
[debug-onto] tick=600 corpus=150225 stage=2 freeze=0
[dna] water wrote 104 bytes to ecology
[dna] water wrote 57 bytes to ecology
[dna] water wrote 35 bytes to ecology

[evolution] Organism shutting down gracefully.
