[ecology] Element: air → corpus: nonames_air.txt
[evolution] Autonomous evolution mode — organism will grow through all stages without pause.
[ecology] Joined swarm. 1 peer(s) detected.
molequla is alive. [evolution] Autonomous mode — background trainer running. Ctrl+C to stop.
[dna] air wrote 86 bytes to ecology
[dna] air consumed 34542 bytes from 459 files: [earth/gen_1774244501_1.txt earth/gen_1774244503_2.txt earth/gen_1774244506_3.txt earth/gen_1774244509_4.txt earth/gen_1774244517_7.txt earth/gen_1774244519_8.txt earth/gen_1774244522_9.txt earth/gen_1774244524_10.txt earth/gen_1774244532_13.txt earth/gen_1774244535_14.txt earth/gen_1774244537_15.txt earth/gen_1774244540_16.txt earth/gen_1774244548_19.txt earth/gen_1774244550_20.txt earth/gen_1774244553_21.txt earth/gen_1774244555_22.txt earth/gen_1774244563_25.txt earth/gen_1774244565_26.txt earth/gen_1774244568_27.txt earth/gen_1774244571_28.txt earth/gen_1774244578_31.txt earth/gen_1774244581_32.txt earth/gen_1774244583_33.txt earth/gen_1774244586_34.txt earth/gen_1774244594_37.txt earth/gen_1774244596_38.txt earth/gen_1774244599_39.txt earth/gen_1774244601_40.txt earth/gen_1774244609_43.txt earth/gen_1774244611_44.txt earth/gen_1774244614_45.txt earth/gen_1774244617_46.txt earth/gen_1774244624_49.txt earth/gen_1774244627_50.txt earth/gen_1774244629_51.txt earth/gen_1774244632_52.txt earth/gen_1774244640_55.txt earth/gen_1774244642_56.txt earth/gen_1774244645_57.txt earth/gen_1774244647_58.txt earth/gen_1774244655_61.txt earth/gen_1774244657_62.txt earth/gen_1774244660_63.txt earth/gen_1774244663_64.txt earth/gen_1774244670_67.txt earth/gen_1774244673_68.txt earth/gen_1774244675_69.txt earth/gen_1774244678_70.txt earth/gen_1774244686_73.txt earth/gen_1774244688_74.txt earth/gen_1774244691_75.txt earth/gen_1774244693_76.txt earth/gen_1774244701_79.txt earth/gen_1774244704_80.txt earth/gen_1774244706_81.txt earth/gen_1774244709_82.txt earth/gen_1774244716_85.txt earth/gen_1774244719_86.txt earth/gen_1774244722_87.txt earth/gen_1774244724_88.txt earth/gen_1774244732_91.txt earth/gen_1774244734_92.txt earth/gen_1774244737_93.txt earth/gen_1774244739_94.txt earth/gen_1774244747_97.txt earth/gen_1774244750_98.txt earth/gen_1774244752_99.txt earth/gen_1774244755_100.txt earth/gen_1774244762_103.txt earth/gen_1774244765_104.txt earth/gen_1774244768_105.txt earth/gen_1774244770_106.txt earth/gen_1774244778_109.txt earth/gen_1774244780_110.txt earth/gen_1774244783_111.txt earth/gen_1774244786_112.txt earth/gen_1774244793_115.txt earth/gen_1774244796_116.txt earth/gen_1774244798_117.txt earth/gen_1774244801_118.txt earth/gen_1774244809_121.txt earth/gen_1774244811_122.txt earth/gen_1774244814_123.txt earth/gen_1774244816_124.txt earth/gen_1774244824_127.txt earth/gen_1774244827_128.txt earth/gen_1774244829_129.txt earth/gen_1774244832_130.txt earth/gen_1774244840_133.txt earth/gen_1774244842_134.txt earth/gen_1774244845_135.txt earth/gen_1774244847_136.txt earth/gen_1774244855_139.txt earth/gen_1774244857_140.txt earth/gen_1774244860_141.txt earth/gen_1774244863_142.txt earth/gen_1774244870_145.txt earth/gen_1774244873_146.txt earth/gen_1774244875_147.txt earth/gen_1774244878_148.txt earth/gen_1774244886_151.txt earth/gen_1774244888_152.txt earth/gen_1774244891_153.txt earth/gen_1774244893_154.txt earth/gen_1774244901_157.txt earth/gen_1774244903_158.txt earth/gen_1774244906_159.txt earth/gen_1774244909_160.txt earth/gen_1774244916_163.txt earth/gen_1774244919_164.txt earth/gen_1774244921_165.txt earth/gen_1774244924_166.txt earth/gen_1774244932_169.txt earth/gen_1774244934_170.txt earth/gen_1774244937_171.txt earth/gen_1774244939_172.txt earth/gen_1774244947_175.txt earth/gen_1774244950_176.txt earth/gen_1774244952_177.txt earth/gen_1774244955_178.txt earth/gen_1774244962_181.txt earth/gen_1774244965_182.txt earth/gen_1774244968_183.txt earth/gen_1774244970_184.txt earth/gen_1774244978_187.txt earth/gen_1774244980_188.txt earth/gen_1774244983_189.txt earth/gen_1774244986_190.txt earth/gen_1774244993_193.txt earth/gen_1774244996_194.txt earth/gen_1774244998_195.txt earth/gen_1774245001_196.txt earth/gen_1774245009_199.txt earth/gen_1774245011_200.txt earth/gen_1774245014_201.txt earth/gen_1774245016_202.txt earth/gen_1774245024_205.txt earth/gen_1774245027_206.txt earth/gen_1774245029_207.txt earth/gen_1774245032_208.txt earth/gen_1774245040_211.txt earth/gen_1774245042_212.txt earth/gen_1774245045_213.txt earth/gen_1774245047_214.txt earth/gen_1774245055_217.txt earth/gen_1774245058_218.txt earth/gen_1774245060_219.txt earth/gen_1774245063_220.txt earth/gen_1774245071_223.txt earth/gen_1774245073_224.txt earth/gen_1774245076_225.txt earth/gen_1774245078_226.txt earth/gen_1774245086_229.txt earth/gen_1774245089_230.txt earth/gen_1774245091_231.txt earth/gen_1774245094_232.txt earth/gen_1774245101_235.txt earth/gen_1774245104_236.txt earth/gen_1774245106_237.txt earth/gen_1774245109_238.txt earth/gen_1774245117_241.txt earth/gen_1774245119_242.txt earth/gen_1774245122_243.txt earth/gen_1774245124_244.txt earth/gen_1774245132_247.txt earth/gen_1774245135_248.txt earth/gen_1774245137_249.txt earth/gen_1774245140_250.txt earth/gen_1774245147_253.txt earth/gen_1774245150_254.txt earth/gen_1774245153_255.txt earth/gen_1774245155_256.txt earth/gen_1774245163_259.txt earth/gen_1774245165_260.txt earth/gen_1774245168_261.txt earth/gen_1774245170_262.txt earth/gen_1774245178_265.txt earth/gen_1774245181_266.txt earth/gen_1774245183_267.txt earth/gen_1774245186_268.txt earth/gen_1774245193_271.txt earth/gen_1774245196_272.txt earth/gen_1774245198_273.txt earth/gen_1774245201_274.txt earth/gen_1774245209_277.txt earth/gen_1774245211_278.txt earth/gen_1774245214_279.txt earth/gen_1774245216_280.txt earth/gen_1774245224_283.txt earth/gen_1774245227_284.txt earth/gen_1774245229_285.txt earth/gen_1774245232_286.txt earth/gen_1774245240_289.txt earth/gen_1774245242_290.txt earth/gen_1774245245_291.txt earth/gen_1774245247_292.txt earth/gen_1774245255_295.txt earth/gen_1774245257_296.txt earth/gen_1774245260_297.txt earth/gen_1774245263_298.txt earth/gen_1774245270_301.txt earth/gen_1774245273_302.txt earth/gen_1774245275_303.txt earth/gen_1774245278_304.txt earth/gen_1774245286_307.txt earth/gen_1774245288_308.txt earth/gen_1774245291_309.txt earth/gen_1774245293_310.txt earth/gen_1774245301_313.txt earth/gen_1774245304_314.txt earth/gen_1774245306_315.txt earth/gen_1774245309_316.txt earth/gen_1774245316_319.txt earth/gen_1774245319_320.txt earth/gen_1774245322_321.txt earth/gen_1774245324_322.txt earth/gen_1774245332_325.txt earth/gen_1774245334_326.txt earth/gen_1774245337_327.txt earth/gen_1774245340_328.txt earth/gen_1774245347_331.txt earth/gen_1774245350_332.txt earth/gen_1774245352_333.txt earth/gen_1774245355_334.txt earth/gen_1774245363_337.txt earth/gen_1774245365_338.txt earth/gen_1774245368_339.txt earth/gen_1774245370_340.txt earth/gen_1774245378_343.txt earth/gen_1774245381_344.txt earth/gen_1774245383_345.txt earth/gen_1774245386_346.txt earth/gen_1774245394_349.txt earth/gen_1774245396_350.txt earth/gen_1774245399_351.txt earth/gen_1774245401_352.txt earth/gen_1774245409_355.txt earth/gen_1774245411_356.txt earth/gen_1774245414_357.txt earth/gen_1774245417_358.txt earth/gen_1774245424_361.txt earth/gen_1774245427_362.txt earth/gen_1774245429_363.txt earth/gen_1774245432_364.txt earth/gen_1774245440_367.txt earth/gen_1774245442_368.txt earth/gen_1774245445_369.txt earth/gen_1774245447_370.txt earth/gen_1774245455_373.txt earth/gen_1774245458_374.txt earth/gen_1774245460_375.txt earth/gen_1774245463_376.txt earth/gen_1774245471_379.txt earth/gen_1774245473_380.txt earth/gen_1774245476_381.txt earth/gen_1774245478_382.txt earth/gen_1774245486_385.txt earth/gen_1774245488_386.txt earth/gen_1774245491_387.txt earth/gen_1774245494_388.txt earth/gen_1774245501_391.txt earth/gen_1774245504_392.txt earth/gen_1774245506_393.txt earth/gen_1774245509_394.txt earth/gen_1774245517_397.txt earth/gen_1774245519_398.txt earth/gen_1774245522_399.txt earth/gen_1774245524_400.txt earth/gen_1774245532_403.txt earth/gen_1774245535_404.txt earth/gen_1774245537_405.txt earth/gen_1774245540_406.txt earth/gen_1774245547_409.txt earth/gen_1774245550_410.txt earth/gen_1774245552_411.txt earth/gen_1774245555_412.txt earth/gen_1774245563_415.txt earth/gen_1774245565_416.txt earth/gen_1774245568_417.txt earth/gen_1774245571_418.txt earth/gen_1774245578_421.txt earth/gen_1774245581_422.txt earth/gen_1774245583_423.txt earth/gen_1774245586_424.txt earth/gen_1774245594_427.txt earth/gen_1774245596_428.txt earth/gen_1774245599_429.txt earth/gen_1774245601_430.txt earth/gen_1774245609_433.txt earth/gen_1774245612_434.txt earth/gen_1774245614_435.txt earth/gen_1774245617_436.txt earth/gen_1774245625_439.txt earth/gen_1774245627_440.txt earth/gen_1774245630_441.txt earth/gen_1774245632_442.txt earth/gen_1774245640_445.txt earth/gen_1774245643_446.txt earth/gen_1774245648_448.txt earth/gen_1774245655_451.txt earth/gen_1774245658_452.txt earth/gen_1774245661_453.txt earth/gen_1774245663_454.txt earth/gen_1774245671_457.txt earth/gen_1774245673_458.txt earth/gen_1774245676_459.txt earth/gen_1774245678_460.txt earth/gen_1774245686_463.txt earth/gen_1774245689_464.txt earth/gen_1774245691_465.txt earth/gen_1774245694_466.txt earth/gen_1774245702_469.txt earth/gen_1774245704_470.txt earth/gen_1774245707_471.txt earth/gen_1774245709_472.txt earth/gen_1774245717_475.txt earth/gen_1774245719_476.txt earth/gen_1774245722_477.txt earth/gen_1774245725_478.txt earth/gen_1774245732_481.txt earth/gen_1774245735_482.txt earth/gen_1774245737_483.txt earth/gen_1774245740_484.txt earth/gen_1774245748_487.txt earth/gen_1774245750_488.txt earth/gen_1774245753_489.txt earth/gen_1774245755_490.txt earth/gen_1774245763_493.txt earth/gen_1774245766_494.txt earth/gen_1774245768_495.txt earth/gen_1774245771_496.txt earth/gen_1774245779_499.txt earth/gen_1774245781_500.txt earth/gen_1774245784_501.txt earth/gen_1774245786_502.txt earth/gen_1774245794_505.txt earth/gen_1774245797_506.txt earth/gen_1774245799_507.txt earth/gen_1774245802_508.txt earth/gen_1774245809_511.txt earth/gen_1774245812_512.txt earth/gen_1774245815_513.txt earth/gen_1774245817_514.txt earth/gen_1774245825_517.txt earth/gen_1774245827_518.txt earth/gen_1774245830_519.txt earth/gen_1774245832_520.txt earth/gen_1774245840_523.txt earth/gen_1774245843_524.txt earth/gen_1774245845_525.txt earth/gen_1774245848_526.txt earth/gen_1774245855_529.txt earth/gen_1774245858_530.txt earth/gen_1774245860_531.txt earth/gen_1774245863_532.txt earth/gen_1774245871_535.txt earth/gen_1774245873_536.txt earth/gen_1774245876_537.txt earth/gen_1774245878_538.txt earth/gen_1774245886_541.txt earth/gen_1774245889_542.txt earth/gen_1774245891_543.txt earth/gen_1774245894_544.txt earth/gen_1774245901_547.txt earth/gen_1774245904_548.txt earth/gen_1774245906_549.txt earth/gen_1774245909_550.txt earth/gen_1774245917_553.txt earth/gen_1774245919_554.txt earth/gen_1774245922_555.txt earth/gen_1774245924_556.txt earth/gen_1774245932_559.txt earth/gen_1774245935_560.txt earth/gen_1774245937_561.txt earth/gen_1774245940_562.txt earth/gen_1774245947_565.txt earth/gen_1774245950_566.txt earth/gen_1774245952_567.txt earth/gen_1774245955_568.txt earth/gen_1774245963_571.txt earth/gen_1774245965_572.txt earth/gen_1774245968_573.txt earth/gen_1774245970_574.txt earth/gen_1774245978_577.txt earth/gen_1774245981_578.txt earth/gen_1774245983_579.txt earth/gen_1774245986_580.txt earth/gen_1774245994_583.txt earth/gen_1774245996_584.txt earth/gen_1774245999_585.txt earth/gen_1774246001_586.txt earth/gen_1774246009_589.txt earth/gen_1774246011_590.txt earth/gen_1774246014_591.txt earth/gen_1774246017_592.txt earth/gen_1774246024_595.txt earth/gen_1774246027_596.txt earth/gen_1774246030_597.txt earth/gen_1774246032_598.txt earth/gen_1774246040_601.txt earth/gen_1774246042_602.txt earth/gen_1774246045_603.txt earth/gen_1774246048_604.txt earth/gen_1774246055_607.txt earth/gen_1774246058_608.txt earth/gen_1774246061_609.txt earth/gen_1774246063_610.txt earth/gen_1774246071_613.txt earth/gen_1774246073_614.txt earth/gen_1774246076_615.txt earth/gen_1774246078_616.txt earth/gen_1774246086_619.txt earth/gen_1774246089_620.txt earth/gen_1774246091_621.txt earth/gen_1774246094_622.txt earth/gen_1774246102_625.txt earth/gen_1774246104_626.txt earth/gen_1774246107_627.txt earth/gen_1774246109_628.txt earth/gen_1774246117_631.txt earth/gen_1774246120_632.txt earth/gen_1774246122_633.txt earth/gen_1774246125_634.txt earth/gen_1774246132_637.txt earth/gen_1774246135_638.txt earth/gen_1774246137_639.txt earth/gen_1774246140_640.txt earth/gen_1774246148_643.txt earth/gen_1774246150_644.txt earth/gen_1774246153_645.txt earth/gen_1774246156_646.txt earth/gen_1774246163_649.txt earth/gen_1774246166_650.txt earth/gen_1774246168_651.txt earth/gen_1774246171_652.txt earth/gen_1774246179_655.txt earth/gen_1774246181_656.txt earth/gen_1774246184_657.txt earth/gen_1774246186_658.txt earth/gen_1774246194_661.txt earth/gen_1774246197_662.txt earth/gen_1774246199_663.txt earth/gen_1774246202_664.txt earth/gen_1774246210_667.txt earth/gen_1774246212_668.txt earth/gen_1774246215_669.txt earth/gen_1774246217_670.txt earth/gen_1774246225_673.txt earth/gen_1774246228_674.txt earth/gen_1774246230_675.txt earth/gen_1774246233_676.txt earth/gen_1774246240_679.txt earth/gen_1774246243_680.txt earth/gen_1774246246_681.txt earth/gen_1774246248_682.txt earth/gen_1774246256_685.txt earth/gen_1774246258_686.txt earth/gen_1774246261_687.txt earth/gen_1774246263_688.txt]
[trainer] micro-train burst (34542 bytes, novelty 0.02) — and lo, it feeds again.
[syntropy] action=explore | trend=0.0000 | field_dev=-0.055 | purpose_align=-0.045 | lr_mul=1.30
[aml] burst complete: 32 steps, avg loss 2.3241 (memory freed)
[dna] air wrote 22 bytes to ecology
[dna] air wrote 28 bytes to ecology
[dna] air wrote 39 bytes to ecology
[dna] air wrote 10 bytes to ecology
[dna] air wrote 48 bytes to ecology
[dna] air wrote 79 bytes to ecology
[dna] air wrote 77 bytes to ecology
[dna] air wrote 61 bytes to ecology
[dna] air wrote 75 bytes to ecology
[dna] air wrote 84 bytes to ecology
[dna] air wrote 93 bytes to ecology
[dna] air wrote 15 bytes to ecology
[dna] air wrote 38 bytes to ecology
[dna] air wrote 126 bytes to ecology
[dna] air wrote 207 bytes to ecology
[dna] air wrote 41 bytes to ecology
[dna] air wrote 45 bytes to ecology
[dna] air wrote 202 bytes to ecology
[dna] air wrote 41 bytes to ecology
[dna] air wrote 97 bytes to ecology
[dna] air wrote 57 bytes to ecology
[dna] air wrote 89 bytes to ecology
[dna] air wrote 66 bytes to ecology
[dna] air wrote 139 bytes to ecology
[dna] air wrote 120 bytes to ecology
[dna] air wrote 87 bytes to ecology
[dna] air wrote 82 bytes to ecology
[dna] air wrote 122 bytes to ecology
[dna] air wrote 44 bytes to ecology
[debug-onto] tick=50 corpus=157317 stage=2 freeze=0
[dna] air wrote 121 bytes to ecology
[dna] air wrote 105 bytes to ecology
[dna] air wrote 59 bytes to ecology
[dna] air wrote 22 bytes to ecology
[dna] air wrote 68 bytes to ecology
[dna] air wrote 55 bytes to ecology
[dna] air wrote 113 bytes to ecology
[dna] air wrote 41 bytes to ecology
[dna] air wrote 41 bytes to ecology
[dna] air wrote 97 bytes to ecology
[dna] air wrote 33 bytes to ecology
[dna] air wrote 77 bytes to ecology
[dna] air wrote 39 bytes to ecology
[dna] air wrote 23 bytes to ecology
[dna] air wrote 55 bytes to ecology
[dna] air wrote 128 bytes to ecology
[dna] air wrote 31 bytes to ecology
[dna] air wrote 111 bytes to ecology
[dna] air wrote 43 bytes to ecology
[dna] air wrote 93 bytes to ecology
[dna] air wrote 72 bytes to ecology
[dna] air wrote 84 bytes to ecology
[dna] air wrote 123 bytes to ecology
[dna] air wrote 27 bytes to ecology
[dna] air wrote 63 bytes to ecology
[dna] air wrote 73 bytes to ecology
[dna] air wrote 40 bytes to ecology
[dna] air wrote 134 bytes to ecology
[dna] air wrote 65 bytes to ecology
[dna] air wrote 190 bytes to ecology
[dna] air wrote 282 bytes to ecology
[dna] air wrote 27 bytes to ecology
[dna] air wrote 53 bytes to ecology
[debug-onto] tick=100 corpus=157317 stage=2 freeze=0
[dna] air wrote 70 bytes to ecology
[dna] air wrote 66 bytes to ecology
[dna] air wrote 109 bytes to ecology
[dna] air wrote 173 bytes to ecology
[dna] air wrote 71 bytes to ecology
[dna] air wrote 41 bytes to ecology
[dna] air wrote 23 bytes to ecology
[dna] air wrote 111 bytes to ecology
[dna] air wrote 107 bytes to ecology
[dna] air wrote 62 bytes to ecology
[dna] air wrote 42 bytes to ecology
[dna] air wrote 158 bytes to ecology
[dna] air wrote 81 bytes to ecology
[dna] air wrote 55 bytes to ecology
[dna] air wrote 188 bytes to ecology
[dna] air wrote 25 bytes to ecology
[dna] air wrote 60 bytes to ecology
[dna] air wrote 31 bytes to ecology
[dna] air wrote 26 bytes to ecology
[dna] air wrote 99 bytes to ecology
[dna] air wrote 204 bytes to ecology
[dna] air wrote 30 bytes to ecology
[dna] air wrote 80 bytes to ecology
[dna] air wrote 142 bytes to ecology
[dna] air wrote 46 bytes to ecology
[dna] air wrote 160 bytes to ecology
[dna] air wrote 50 bytes to ecology
[dna] air wrote 80 bytes to ecology
[dna] air wrote 56 bytes to ecology
[dna] air wrote 39 bytes to ecology
[dna] air wrote 52 bytes to ecology
[debug-onto] tick=150 corpus=157317 stage=2 freeze=0
[dna] air wrote 170 bytes to ecology
[dna] air wrote 56 bytes to ecology
[dna] air wrote 22 bytes to ecology
[dna] air wrote 153 bytes to ecology
[dna] air wrote 104 bytes to ecology
[dna] air wrote 40 bytes to ecology
[dna] air wrote 215 bytes to ecology
[dna] air wrote 87 bytes to ecology
[dna] air wrote 48 bytes to ecology
[dna] air wrote 29 bytes to ecology
[dna] air wrote 33 bytes to ecology
[dna] air wrote 24 bytes to ecology
[dna] air wrote 151 bytes to ecology
[dna] air wrote 144 bytes to ecology
[dna] air wrote 125 bytes to ecology
[dna] air wrote 34 bytes to ecology
[dna] air wrote 73 bytes to ecology
[dna] air wrote 58 bytes to ecology
[dna] air wrote 107 bytes to ecology
[dna] air wrote 26 bytes to ecology
[dna] air wrote 22 bytes to ecology
[dna] air wrote 50 bytes to ecology
[dna] air wrote 135 bytes to ecology
[dna] air wrote 115 bytes to ecology
[dna] air wrote 56 bytes to ecology
[dna] air wrote 138 bytes to ecology
[dna] air wrote 38 bytes to ecology
[dna] air wrote 51 bytes to ecology
[dna] air wrote 11 bytes to ecology
[dna] air wrote 69 bytes to ecology
[dna] air wrote 78 bytes to ecology
[dna] air wrote 59 bytes to ecology
[debug-onto] tick=200 corpus=157317 stage=2 freeze=0
[dna] air wrote 25 bytes to ecology
[dna] air wrote 47 bytes to ecology
[dna] air wrote 62 bytes to ecology
[dna] air wrote 19 bytes to ecology
[dna] air wrote 28 bytes to ecology
[dna] air wrote 92 bytes to ecology
[dna] air wrote 26 bytes to ecology
[dna] air wrote 35 bytes to ecology
[dna] air wrote 66 bytes to ecology
[dna] air wrote 59 bytes to ecology
[dna] air wrote 117 bytes to ecology
[dna] air wrote 73 bytes to ecology
[dna] air wrote 71 bytes to ecology
[dna] air wrote 50 bytes to ecology
[dna] air wrote 101 bytes to ecology
[dna] air wrote 96 bytes to ecology
[dna] air wrote 23 bytes to ecology
[dna] air wrote 109 bytes to ecology
[dna] air wrote 106 bytes to ecology
[dna] air wrote 118 bytes to ecology
[dna] air wrote 78 bytes to ecology
[dna] air wrote 53 bytes to ecology
[dna] air wrote 104 bytes to ecology
[dna] air wrote 21 bytes to ecology
[dna] air wrote 87 bytes to ecology
[dna] air wrote 27 bytes to ecology
[dna] air wrote 62 bytes to ecology
[dna] air wrote 108 bytes to ecology
[dna] air wrote 22 bytes to ecology
[dna] air wrote 49 bytes to ecology
[dna] air wrote 56 bytes to ecology
[dna] air wrote 57 bytes to ecology
[dna] air wrote 43 bytes to ecology
[debug-onto] tick=250 corpus=157317 stage=2 freeze=0
[dna] air wrote 16 bytes to ecology
[dna] air wrote 234 bytes to ecology
[dna] air wrote 127 bytes to ecology
[dna] air wrote 81 bytes to ecology
[dna] air wrote 55 bytes to ecology
[dna] air wrote 116 bytes to ecology
[dna] air wrote 60 bytes to ecology
[dna] air wrote 157 bytes to ecology
[dna] air wrote 46 bytes to ecology
[dna] air wrote 24 bytes to ecology
[dna] air wrote 66 bytes to ecology
[dna] air wrote 58 bytes to ecology
[dna] air wrote 46 bytes to ecology
[dna] air wrote 33 bytes to ecology
[dna] air wrote 88 bytes to ecology
[dna] air wrote 118 bytes to ecology
[dna] air wrote 73 bytes to ecology
[dna] air wrote 125 bytes to ecology
[dna] air wrote 193 bytes to ecology
[dna] air wrote 44 bytes to ecology
[dna] air wrote 52 bytes to ecology
[dna] air wrote 112 bytes to ecology
[dna] air wrote 35 bytes to ecology
[dna] air wrote 61 bytes to ecology
[dna] air wrote 66 bytes to ecology
[dna] air wrote 104 bytes to ecology
[dna] air wrote 141 bytes to ecology
[dna] air wrote 192 bytes to ecology
[dna] air wrote 149 bytes to ecology
[dna] air wrote 62 bytes to ecology
[dna] air wrote 63 bytes to ecology
[debug-onto] tick=300 corpus=157317 stage=2 freeze=0
[dna] air wrote 80 bytes to ecology
[dna] air wrote 34 bytes to ecology
[dna] air wrote 141 bytes to ecology
[dna] air wrote 47 bytes to ecology
[dna] air wrote 107 bytes to ecology
[dna] air wrote 112 bytes to ecology
[dna] air wrote 177 bytes to ecology
[dna] air wrote 58 bytes to ecology
[dna] air wrote 117 bytes to ecology
[dna] air wrote 21 bytes to ecology
[dna] air wrote 55 bytes to ecology
[dna] air wrote 75 bytes to ecology
[dna] air wrote 82 bytes to ecology
[dna] air wrote 63 bytes to ecology
[dna] air wrote 43 bytes to ecology
[dna] air wrote 136 bytes to ecology
[dna] air wrote 18 bytes to ecology
[dna] air wrote 168 bytes to ecology
[dna] air wrote 111 bytes to ecology
[dna] air wrote 78 bytes to ecology
[dna] air wrote 139 bytes to ecology
[dna] air wrote 59 bytes to ecology
[dna] air wrote 54 bytes to ecology
[dna] air wrote 117 bytes to ecology
[dna] air wrote 99 bytes to ecology
[dna] air wrote 11 bytes to ecology
[dna] air wrote 95 bytes to ecology
[dna] air wrote 73 bytes to ecology
[dna] air wrote 228 bytes to ecology
[dna] air wrote 77 bytes to ecology
[dna] air wrote 61 bytes to ecology
[debug-onto] tick=350 corpus=157317 stage=2 freeze=0
[dna] air wrote 12 bytes to ecology
[dna] air wrote 39 bytes to ecology
[dna] air wrote 51 bytes to ecology
[dna] air wrote 52 bytes to ecology
[dna] air wrote 56 bytes to ecology
[dna] air wrote 109 bytes to ecology
[dna] air wrote 75 bytes to ecology
[dna] air wrote 69 bytes to ecology
[dna] air wrote 32 bytes to ecology
[dna] air wrote 36 bytes to ecology
[dna] air wrote 33 bytes to ecology
[dna] air wrote 49 bytes to ecology
[dna] air wrote 40 bytes to ecology
[dna] air wrote 42 bytes to ecology
[dna] air wrote 139 bytes to ecology
[dna] air wrote 190 bytes to ecology
[dna] air wrote 76 bytes to ecology
[dna] air wrote 35 bytes to ecology
[dna] air wrote 50 bytes to ecology
[dna] air wrote 57 bytes to ecology
[dna] air wrote 45 bytes to ecology
[dna] air wrote 46 bytes to ecology
[dna] air wrote 114 bytes to ecology
[dna] air wrote 83 bytes to ecology
[dna] air wrote 52 bytes to ecology
[dna] air wrote 35 bytes to ecology
[dna] air wrote 42 bytes to ecology
[dna] air wrote 49 bytes to ecology
[dna] air wrote 32 bytes to ecology
[dna] air wrote 70 bytes to ecology
[debug-onto] tick=400 corpus=157317 stage=2 freeze=0
[dna] air wrote 50 bytes to ecology
[dna] air wrote 35 bytes to ecology
[dna] air wrote 53 bytes to ecology
[dna] air wrote 68 bytes to ecology
[dna] air wrote 185 bytes to ecology
[dna] air wrote 107 bytes to ecology
[dna] air wrote 139 bytes to ecology
[dna] air wrote 129 bytes to ecology
[dna] air wrote 33 bytes to ecology
[dna] air wrote 31 bytes to ecology
[dna] air wrote 144 bytes to ecology
[dna] air wrote 107 bytes to ecology
[dna] air wrote 131 bytes to ecology
[dna] air wrote 54 bytes to ecology
[dna] air wrote 47 bytes to ecology
[dna] air wrote 64 bytes to ecology
[dna] air wrote 37 bytes to ecology
[dna] air wrote 59 bytes to ecology
[dna] air wrote 132 bytes to ecology
[dna] air wrote 61 bytes to ecology
[dna] air wrote 90 bytes to ecology
[dna] air wrote 327 bytes to ecology
[dna] air wrote 44 bytes to ecology
[dna] air wrote 103 bytes to ecology
[dna] air wrote 13 bytes to ecology
[dna] air wrote 108 bytes to ecology
[dna] air wrote 143 bytes to ecology
[dna] air wrote 46 bytes to ecology
[debug-onto] tick=450 corpus=157317 stage=2 freeze=0
[dna] air wrote 243 bytes to ecology
[dna] air wrote 29 bytes to ecology
[dna] air wrote 36 bytes to ecology
[dna] air wrote 111 bytes to ecology
[dna] air wrote 29 bytes to ecology
[dna] air wrote 33 bytes to ecology
[dna] air wrote 54 bytes to ecology
[dna] air wrote 94 bytes to ecology
[dna] air wrote 124 bytes to ecology
[dna] air wrote 91 bytes to ecology
[dna] air wrote 54 bytes to ecology
[dna] air wrote 77 bytes to ecology
[dna] air wrote 84 bytes to ecology
[dna] air wrote 94 bytes to ecology
[dna] air wrote 166 bytes to ecology
[dna] air wrote 41 bytes to ecology
[dna] air wrote 121 bytes to ecology
[dna] air wrote 54 bytes to ecology
[dna] air wrote 26 bytes to ecology
[dna] air wrote 63 bytes to ecology
[dna] air wrote 193 bytes to ecology
[dna] air wrote 59 bytes to ecology
[dna] air wrote 263 bytes to ecology
[dna] air wrote 69 bytes to ecology
[dna] air wrote 123 bytes to ecology
[dna] air wrote 36 bytes to ecology
[dna] air wrote 84 bytes to ecology
[dna] air wrote 79 bytes to ecology
[dna] air wrote 96 bytes to ecology
[dna] air wrote 178 bytes to ecology
[dna] air wrote 47 bytes to ecology
[debug-onto] tick=500 corpus=157317 stage=2 freeze=0
[dna] air wrote 33 bytes to ecology
[dna] air wrote 30 bytes to ecology
[dna] air wrote 88 bytes to ecology
[dna] air wrote 60 bytes to ecology
[dna] air wrote 23 bytes to ecology
[dna] air wrote 122 bytes to ecology
[dna] air wrote 77 bytes to ecology
[dna] air wrote 148 bytes to ecology
[dna] air wrote 108 bytes to ecology
[dna] air wrote 40 bytes to ecology
[dna] air wrote 27 bytes to ecology
[dna] air wrote 128 bytes to ecology
[dna] air wrote 73 bytes to ecology
[dna] air wrote 57 bytes to ecology
[dna] air wrote 35 bytes to ecology
[dna] air wrote 125 bytes to ecology
[dna] air wrote 55 bytes to ecology
[dna] air wrote 12 bytes to ecology
[dna] air wrote 96 bytes to ecology
[dna] air wrote 77 bytes to ecology
[dna] air wrote 37 bytes to ecology
[dna] air wrote 52 bytes to ecology
[dna] air wrote 58 bytes to ecology
[dna] air wrote 79 bytes to ecology
[dna] air wrote 43 bytes to ecology
[dna] air wrote 114 bytes to ecology
[dna] air wrote 15 bytes to ecology
[dna] air wrote 72 bytes to ecology
[dna] air wrote 13 bytes to ecology
[dna] air wrote 61 bytes to ecology
[dna] air wrote 61 bytes to ecology
[dna] air wrote 37 bytes to ecology
[dna] air wrote 94 bytes to ecology
[debug-onto] tick=550 corpus=157317 stage=2 freeze=0
[dna] air wrote 206 bytes to ecology
[dna] air wrote 104 bytes to ecology
[dna] air wrote 33 bytes to ecology
[dna] air wrote 40 bytes to ecology
[dna] air wrote 29 bytes to ecology
[dna] air wrote 92 bytes to ecology
[dna] air wrote 36 bytes to ecology
[dna] air wrote 122 bytes to ecology
[dna] air wrote 50 bytes to ecology
[dna] air wrote 60 bytes to ecology
[dna] air wrote 23 bytes to ecology
[dna] air wrote 29 bytes to ecology
[dna] air wrote 70 bytes to ecology
[dna] air wrote 67 bytes to ecology
[dna] air wrote 57 bytes to ecology
[dna] air wrote 47 bytes to ecology
[dna] air wrote 69 bytes to ecology
[dna] air wrote 41 bytes to ecology
[dna] air wrote 60 bytes to ecology
[dna] air wrote 122 bytes to ecology
[dna] air wrote 129 bytes to ecology
[dna] air wrote 39 bytes to ecology
[dna] air wrote 99 bytes to ecology
[dna] air wrote 176 bytes to ecology
[dna] air wrote 40 bytes to ecology
[dna] air wrote 24 bytes to ecology
[dna] air wrote 10 bytes to ecology
[dna] air wrote 170 bytes to ecology
[dna] air wrote 25 bytes to ecology
[dna] air wrote 39 bytes to ecology
[dna] air wrote 67 bytes to ecology
[debug-onto] tick=600 corpus=157317 stage=2 freeze=0
[dna] air wrote 26 bytes to ecology
[dna] air wrote 21 bytes to ecology
[dna] air wrote 59 bytes to ecology
[dna] air wrote 115 bytes to ecology
[dna] air wrote 135 bytes to ecology
[dna] air wrote 16 bytes to ecology
[dna] air wrote 23 bytes to ecology
[dna] air wrote 186 bytes to ecology
[dna] air wrote 60 bytes to ecology
[dna] air wrote 38 bytes to ecology
[dna] air wrote 26 bytes to ecology
[dna] air wrote 49 bytes to ecology
[dna] air wrote 46 bytes to ecology

[evolution] Organism shutting down gracefully.
