[ecology] Element: water → corpus: nonames_water.txt
[evolution] Autonomous evolution mode — organism will grow through all stages without pause.
[ecology] Joined swarm. 1 peer(s) detected.
molequla is alive. [evolution] Autonomous mode — background trainer running. Ctrl+C to stop.
[dna] water wrote 108 bytes to ecology
[dna] water consumed 29915 bytes from 387 files: [air/gen_1774246274_1.txt air/gen_1774246292_4.txt air/gen_1774246298_6.txt air/gen_1774246301_7.txt air/gen_1774246307_9.txt air/gen_1774246310_10.txt air/gen_1774246315_12.txt air/gen_1774246318_13.txt air/gen_1774246324_15.txt air/gen_1774246327_16.txt air/gen_1774246333_18.txt air/gen_1774246336_19.txt air/gen_1774246345_22.txt air/gen_1774246350_24.txt air/gen_1774246353_25.txt air/gen_1774246359_27.txt air/gen_1774246362_28.txt air/gen_1774246368_30.txt air/gen_1774246371_31.txt air/gen_1774246376_33.txt air/gen_1774246379_34.txt air/gen_1774246385_36.txt air/gen_1774246388_37.txt air/gen_1774246397_40.txt air/gen_1774246402_42.txt air/gen_1774246405_43.txt air/gen_1774246411_45.txt air/gen_1774246414_46.txt air/gen_1774246420_48.txt air/gen_1774246423_49.txt air/gen_1774246431_52.txt air/gen_1774246437_54.txt air/gen_1774246440_55.txt air/gen_1774246446_57.txt air/gen_1774246449_58.txt air/gen_1774246454_60.txt air/gen_1774246457_61.txt air/gen_1774246463_63.txt air/gen_1774246466_64.txt air/gen_1774246472_66.txt air/gen_1774246475_67.txt air/gen_1774246480_69.txt air/gen_1774246483_70.txt air/gen_1774246489_72.txt air/gen_1774246492_73.txt air/gen_1774246498_75.txt air/gen_1774246500_76.txt air/gen_1774246506_78.txt air/gen_1774246509_79.txt air/gen_1774246515_81.txt air/gen_1774246518_82.txt air/gen_1774246523_84.txt air/gen_1774246526_85.txt air/gen_1774246532_87.txt air/gen_1774246535_88.txt air/gen_1774246541_90.txt air/gen_1774246544_91.txt air/gen_1774246549_93.txt air/gen_1774246552_94.txt air/gen_1774246558_96.txt air/gen_1774246561_97.txt air/gen_1774246567_99.txt air/gen_1774246570_100.txt air/gen_1774246575_102.txt air/gen_1774246578_103.txt air/gen_1774246584_105.txt air/gen_1774246587_106.txt air/gen_1774246593_108.txt air/gen_1774246595_109.txt air/gen_1774246601_111.txt air/gen_1774246604_112.txt air/gen_1774246613_115.txt air/gen_1774246618_117.txt air/gen_1774246621_118.txt air/gen_1774246627_120.txt air/gen_1774246630_121.txt air/gen_1774246636_123.txt air/gen_1774246639_124.txt air/gen_1774246645_126.txt air/gen_1774246647_127.txt air/gen_1774246653_129.txt air/gen_1774246656_130.txt air/gen_1774246662_132.txt air/gen_1774246665_133.txt air/gen_1774246670_135.txt air/gen_1774246673_136.txt air/gen_1774246679_138.txt air/gen_1774246682_139.txt air/gen_1774246688_141.txt air/gen_1774246691_142.txt air/gen_1774246696_144.txt air/gen_1774246699_145.txt air/gen_1774246708_148.txt air/gen_1774246714_150.txt air/gen_1774246717_151.txt air/gen_1774246722_153.txt air/gen_1774246725_154.txt air/gen_1774246731_156.txt air/gen_1774246734_157.txt air/gen_1774246740_159.txt air/gen_1774246742_160.txt air/gen_1774246748_162.txt air/gen_1774246751_163.txt air/gen_1774246757_165.txt air/gen_1774246760_166.txt air/gen_1774246765_168.txt air/gen_1774246768_169.txt air/gen_1774246777_172.txt air/gen_1774246783_174.txt air/gen_1774246786_175.txt air/gen_1774246791_177.txt air/gen_1774246794_178.txt air/gen_1774246800_180.txt air/gen_1774246803_181.txt air/gen_1774246809_183.txt air/gen_1774246812_184.txt air/gen_1774246817_186.txt air/gen_1774246820_187.txt air/gen_1774246826_189.txt air/gen_1774246829_190.txt air/gen_1774246835_192.txt air/gen_1774246838_193.txt air/gen_1774246843_195.txt air/gen_1774246846_196.txt air/gen_1774246852_198.txt air/gen_1774246855_199.txt air/gen_1774246861_201.txt air/gen_1774246864_202.txt air/gen_1774246869_204.txt air/gen_1774246872_205.txt air/gen_1774246881_208.txt air/gen_1774246887_210.txt air/gen_1774246890_211.txt air/gen_1774246895_213.txt air/gen_1774246898_214.txt air/gen_1774246904_216.txt air/gen_1774246907_217.txt air/gen_1774246913_219.txt air/gen_1774246916_220.txt air/gen_1774246922_222.txt air/gen_1774246925_223.txt air/gen_1774246930_225.txt air/gen_1774246933_226.txt air/gen_1774246939_228.txt air/gen_1774246942_229.txt air/gen_1774246948_231.txt air/gen_1774246951_232.txt air/gen_1774246957_234.txt air/gen_1774246959_235.txt air/gen_1774246965_237.txt air/gen_1774246968_238.txt air/gen_1774246974_240.txt air/gen_1774246977_241.txt air/gen_1774246983_243.txt air/gen_1774246986_244.txt air/gen_1774246991_246.txt air/gen_1774246994_247.txt air/gen_1774247000_249.txt air/gen_1774247003_250.txt air/gen_1774247009_252.txt air/gen_1774247012_253.txt air/gen_1774247018_255.txt air/gen_1774247021_256.txt air/gen_1774247026_258.txt air/gen_1774247029_259.txt air/gen_1774247038_262.txt air/gen_1774247044_264.txt air/gen_1774247047_265.txt air/gen_1774247052_267.txt air/gen_1774247055_268.txt air/gen_1774247061_270.txt air/gen_1774247064_271.txt air/gen_1774247070_273.txt air/gen_1774247073_274.txt air/gen_1774247078_276.txt air/gen_1774247081_277.txt air/gen_1774247090_280.txt air/gen_1774247096_282.txt air/gen_1774247099_283.txt air/gen_1774247104_285.txt air/gen_1774247107_286.txt air/gen_1774247113_288.txt air/gen_1774247116_289.txt air/gen_1774247122_291.txt air/gen_1774247124_292.txt air/gen_1774247130_294.txt air/gen_1774247133_295.txt air/gen_1774247139_297.txt air/gen_1774247142_298.txt air/gen_1774247148_300.txt air/gen_1774247151_301.txt air/gen_1774247156_303.txt air/gen_1774247159_304.txt air/gen_1774247165_306.txt air/gen_1774247168_307.txt air/gen_1774247174_309.txt air/gen_1774247177_310.txt air/gen_1774247182_312.txt air/gen_1774247185_313.txt air/gen_1774247191_315.txt air/gen_1774247194_316.txt air/gen_1774247200_318.txt air/gen_1774247203_319.txt air/gen_1774247211_322.txt air/gen_1774247217_324.txt air/gen_1774247220_325.txt air/gen_1774247226_327.txt air/gen_1774247228_328.txt air/gen_1774247234_330.txt air/gen_1774247237_331.txt air/gen_1774247246_334.txt air/gen_1774247252_336.txt air/gen_1774247254_337.txt air/gen_1774247260_339.txt air/gen_1774247263_340.txt air/gen_1774247269_342.txt air/gen_1774247272_343.txt air/gen_1774247277_345.txt air/gen_1774247280_346.txt air/gen_1774247286_348.txt air/gen_1774247289_349.txt air/gen_1774247295_351.txt air/gen_1774247298_352.txt air/gen_1774247303_354.txt air/gen_1774247306_355.txt air/gen_1774247315_358.txt air/gen_1774247321_360.txt air/gen_1774247324_361.txt air/gen_1774247329_363.txt air/gen_1774247332_364.txt air/gen_1774247338_366.txt air/gen_1774247341_367.txt air/gen_1774247346_369.txt air/gen_1774247349_370.txt air/gen_1774247355_372.txt air/gen_1774247358_373.txt air/gen_1774247364_375.txt air/gen_1774247367_376.txt air/gen_1774247372_378.txt air/gen_1774247375_379.txt air/gen_1774247381_381.txt air/gen_1774247384_382.txt air/gen_1774247390_384.txt air/gen_1774247393_385.txt air/gen_1774247401_388.txt air/gen_1774247407_390.txt air/gen_1774247410_391.txt air/gen_1774247419_394.txt air/gen_1774247424_396.txt air/gen_1774247427_397.txt air/gen_1774247436_400.txt air/gen_1774247442_402.txt air/gen_1774247445_403.txt air/gen_1774247450_405.txt air/gen_1774247453_406.txt air/gen_1774247459_408.txt air/gen_1774247462_409.txt air/gen_1774247468_411.txt air/gen_1774247471_412.txt air/gen_1774247476_414.txt air/gen_1774247479_415.txt air/gen_1774247488_418.txt air/gen_1774247494_420.txt air/gen_1774247497_421.txt air/gen_1774247505_424.txt air/gen_1774247511_426.txt air/gen_1774247514_427.txt air/gen_1774247522_430.txt air/gen_1774247528_432.txt air/gen_1774247531_433.txt air/gen_1774247540_436.txt air/gen_1774247545_438.txt air/gen_1774247548_439.txt air/gen_1774247557_442.txt air/gen_1774247563_444.txt air/gen_1774247566_445.txt air/gen_1774247571_447.txt air/gen_1774247574_448.txt air/gen_1774247580_450.txt air/gen_1774247583_451.txt air/gen_1774247592_454.txt air/gen_1774247597_456.txt air/gen_1774247600_457.txt air/gen_1774247609_460.txt air/gen_1774247615_462.txt air/gen_1774247617_463.txt air/gen_1774247623_465.txt air/gen_1774247626_466.txt air/gen_1774247632_468.txt air/gen_1774247635_469.txt air/gen_1774247640_471.txt air/gen_1774247643_472.txt air/gen_1774247649_474.txt air/gen_1774247652_475.txt air/gen_1774247658_477.txt air/gen_1774247661_478.txt air/gen_1774247666_480.txt air/gen_1774247669_481.txt air/gen_1774247675_483.txt air/gen_1774247678_484.txt air/gen_1774247684_486.txt air/gen_1774247687_487.txt air/gen_1774247692_489.txt air/gen_1774247695_490.txt air/gen_1774247701_492.txt air/gen_1774247704_493.txt air/gen_1774247710_495.txt air/gen_1774247713_496.txt air/gen_1774247718_498.txt air/gen_1774247721_499.txt air/gen_1774247727_501.txt air/gen_1774247730_502.txt air/gen_1774247736_504.txt air/gen_1774247738_505.txt air/gen_1774247744_507.txt air/gen_1774247747_508.txt air/gen_1774247753_510.txt air/gen_1774247756_511.txt air/gen_1774247762_513.txt air/gen_1774247764_514.txt air/gen_1774247770_516.txt air/gen_1774247773_517.txt air/gen_1774247779_519.txt air/gen_1774247782_520.txt air/gen_1774247787_522.txt air/gen_1774247790_523.txt air/gen_1774247799_526.txt air/gen_1774247805_528.txt air/gen_1774247808_529.txt air/gen_1774247813_531.txt air/gen_1774247816_532.txt air/gen_1774247822_534.txt air/gen_1774247825_535.txt air/gen_1774247831_537.txt air/gen_1774247833_538.txt air/gen_1774247839_540.txt air/gen_1774247842_541.txt air/gen_1774247848_543.txt air/gen_1774247851_544.txt air/gen_1774247856_546.txt air/gen_1774247859_547.txt air/gen_1774247865_549.txt air/gen_1774247868_550.txt air/gen_1774247874_552.txt air/gen_1774247877_553.txt air/gen_1774247882_555.txt air/gen_1774247885_556.txt air/gen_1774247891_558.txt air/gen_1774247894_559.txt air/gen_1774247900_561.txt air/gen_1774247902_562.txt air/gen_1774247908_564.txt air/gen_1774247911_565.txt air/gen_1774247917_567.txt air/gen_1774247920_568.txt air/gen_1774247925_570.txt air/gen_1774247928_571.txt air/gen_1774247937_574.txt air/gen_1774247943_576.txt air/gen_1774247946_577.txt air/gen_1774247951_579.txt air/gen_1774247954_580.txt air/gen_1774247960_582.txt air/gen_1774247963_583.txt air/gen_1774247971_586.txt air/gen_1774247977_588.txt air/gen_1774247980_589.txt air/gen_1774247986_591.txt air/gen_1774247989_592.txt air/gen_1774247994_594.txt air/gen_1774247997_595.txt air/gen_1774248003_597.txt air/gen_1774248006_598.txt air/gen_1774248012_600.txt air/gen_1774248015_601.txt air/gen_1774248020_603.txt air/gen_1774248023_604.txt air/gen_1774248029_606.txt air/gen_1774248032_607.txt air/gen_1774248038_609.txt air/gen_1774248041_610.txt air/gen_1774248046_612.txt air/gen_1774248049_613.txt air/gen_1774248055_615.txt air/gen_1774248058_616.txt air/gen_1774248064_618.txt air/gen_1774248066_619.txt]
[trainer] micro-train burst (29915 bytes, novelty 0.02) — and lo, it feeds again.
[syntropy] action=explore | trend=0.0000 | field_dev=0.013 | purpose_align=-0.043 | lr_mul=1.30
[aml] burst complete: 32 steps, avg loss 1.6338 (memory freed)
[dna] water wrote 76 bytes to ecology
[dna] water wrote 53 bytes to ecology
[dna] water wrote 80 bytes to ecology
[dna] water wrote 26 bytes to ecology
[dna] water wrote 119 bytes to ecology
[dna] water wrote 28 bytes to ecology
[dna] water wrote 56 bytes to ecology
[dna] water wrote 36 bytes to ecology
[dna] water wrote 97 bytes to ecology
[dna] water wrote 70 bytes to ecology
[dna] water wrote 77 bytes to ecology
[dna] water wrote 15 bytes to ecology
[dna] water wrote 28 bytes to ecology
[dna] water wrote 39 bytes to ecology
[dna] water wrote 119 bytes to ecology
[dna] water wrote 127 bytes to ecology
[dna] water wrote 183 bytes to ecology
[dna] water wrote 27 bytes to ecology
[dna] water wrote 31 bytes to ecology
[dna] water wrote 112 bytes to ecology
[dna] water wrote 91 bytes to ecology
[dna] water wrote 73 bytes to ecology
[dna] water wrote 22 bytes to ecology
[dna] water wrote 99 bytes to ecology
[dna] water wrote 24 bytes to ecology
[dna] water wrote 74 bytes to ecology
[dna] water wrote 132 bytes to ecology
[dna] water wrote 27 bytes to ecology
[dna] water wrote 60 bytes to ecology
[dna] water wrote 14 bytes to ecology
[dna] water wrote 45 bytes to ecology
[dna] water wrote 17 bytes to ecology
[debug-onto] tick=50 corpus=155999 stage=2 freeze=0
[dna] water wrote 31 bytes to ecology
[dna] water wrote 49 bytes to ecology
[dna] water wrote 88 bytes to ecology
[dna] water wrote 27 bytes to ecology
[dna] water wrote 27 bytes to ecology
[dna] water wrote 64 bytes to ecology
[dna] water wrote 31 bytes to ecology
[dna] water wrote 92 bytes to ecology
[dna] water wrote 74 bytes to ecology
[dna] water wrote 29 bytes to ecology
[dna] water wrote 26 bytes to ecology
[dna] water wrote 81 bytes to ecology
[dna] water wrote 80 bytes to ecology
[dna] water wrote 40 bytes to ecology
[dna] water wrote 166 bytes to ecology
[dna] water wrote 108 bytes to ecology
[dna] water wrote 82 bytes to ecology
[dna] water wrote 20 bytes to ecology
[dna] water wrote 16 bytes to ecology
[dna] water wrote 89 bytes to ecology
[dna] water wrote 35 bytes to ecology
[dna] water wrote 34 bytes to ecology
[dna] water wrote 67 bytes to ecology
[dna] water wrote 89 bytes to ecology
[dna] water wrote 52 bytes to ecology
[dna] water wrote 140 bytes to ecology
[dna] water wrote 65 bytes to ecology
[dna] water wrote 25 bytes to ecology
[dna] water wrote 48 bytes to ecology
[dna] water wrote 62 bytes to ecology
[dna] water wrote 139 bytes to ecology
[dna] water wrote 110 bytes to ecology
[dna] water wrote 38 bytes to ecology
[dna] water wrote 14 bytes to ecology
[debug-onto] tick=100 corpus=155999 stage=2 freeze=0
[dna] water wrote 94 bytes to ecology
[dna] water wrote 27 bytes to ecology
[dna] water wrote 18 bytes to ecology
[dna] water wrote 127 bytes to ecology
[dna] water wrote 10 bytes to ecology
[dna] water wrote 50 bytes to ecology
[dna] water wrote 74 bytes to ecology
[dna] water wrote 164 bytes to ecology
[dna] water wrote 42 bytes to ecology
[dna] water wrote 95 bytes to ecology
[dna] water wrote 135 bytes to ecology
[dna] water wrote 101 bytes to ecology
[dna] water wrote 60 bytes to ecology
[dna] water wrote 32 bytes to ecology
[dna] water wrote 32 bytes to ecology
[dna] water wrote 72 bytes to ecology
[dna] water wrote 35 bytes to ecology
[dna] water wrote 102 bytes to ecology
[dna] water wrote 79 bytes to ecology
[dna] water wrote 115 bytes to ecology
[dna] water wrote 11 bytes to ecology
[dna] water wrote 145 bytes to ecology
[dna] water wrote 30 bytes to ecology
[dna] water wrote 67 bytes to ecology
[dna] water wrote 54 bytes to ecology
[dna] water wrote 121 bytes to ecology
[dna] water wrote 9 bytes to ecology
[dna] water wrote 36 bytes to ecology
[dna] water wrote 86 bytes to ecology
[dna] water wrote 127 bytes to ecology
[dna] water wrote 17 bytes to ecology
[dna] water wrote 36 bytes to ecology
[dna] water wrote 86 bytes to ecology
[debug-onto] tick=150 corpus=155999 stage=2 freeze=0
[dna] water wrote 87 bytes to ecology
[dna] water wrote 100 bytes to ecology
[dna] water wrote 29 bytes to ecology
[dna] water wrote 144 bytes to ecology
[dna] water wrote 47 bytes to ecology
[dna] water wrote 10 bytes to ecology
[dna] water wrote 134 bytes to ecology
[dna] water wrote 91 bytes to ecology
[dna] water wrote 84 bytes to ecology
[dna] water wrote 47 bytes to ecology
[dna] water wrote 66 bytes to ecology
[dna] water wrote 109 bytes to ecology
[dna] water wrote 49 bytes to ecology
[dna] water wrote 100 bytes to ecology
[dna] water wrote 52 bytes to ecology
[dna] water wrote 31 bytes to ecology
[dna] water wrote 176 bytes to ecology
[dna] water wrote 61 bytes to ecology
[dna] water wrote 120 bytes to ecology
[dna] water wrote 60 bytes to ecology
[dna] water wrote 57 bytes to ecology
[dna] water wrote 48 bytes to ecology
[dna] water wrote 52 bytes to ecology
[dna] water wrote 55 bytes to ecology
[dna] water wrote 38 bytes to ecology
[dna] water wrote 45 bytes to ecology
[dna] water wrote 39 bytes to ecology
[dna] water wrote 36 bytes to ecology
[dna] water wrote 56 bytes to ecology
[dna] water wrote 34 bytes to ecology
[dna] water wrote 37 bytes to ecology
[dna] water wrote 83 bytes to ecology
[debug-onto] tick=200 corpus=155999 stage=2 freeze=0
[dna] water wrote 30 bytes to ecology
[dna] water wrote 51 bytes to ecology
[dna] water wrote 39 bytes to ecology
[dna] water wrote 34 bytes to ecology
[dna] water wrote 53 bytes to ecology
[dna] water wrote 69 bytes to ecology
[dna] water wrote 69 bytes to ecology
[dna] water wrote 30 bytes to ecology
[dna] water wrote 35 bytes to ecology
[dna] water wrote 47 bytes to ecology
[dna] water wrote 39 bytes to ecology
[dna] water wrote 25 bytes to ecology
[dna] water wrote 94 bytes to ecology
[dna] water wrote 21 bytes to ecology
[dna] water wrote 51 bytes to ecology
[dna] water wrote 40 bytes to ecology
[dna] water wrote 129 bytes to ecology
[dna] water wrote 30 bytes to ecology
[dna] water wrote 47 bytes to ecology
[dna] water wrote 101 bytes to ecology
[dna] water wrote 27 bytes to ecology
[dna] water wrote 72 bytes to ecology
[dna] water wrote 115 bytes to ecology
[dna] water wrote 105 bytes to ecology
[dna] water wrote 6 bytes to ecology
[dna] water wrote 83 bytes to ecology
[dna] water wrote 104 bytes to ecology
[dna] water wrote 68 bytes to ecology
[dna] water wrote 83 bytes to ecology
[dna] water wrote 53 bytes to ecology
[dna] water wrote 87 bytes to ecology
[dna] water wrote 48 bytes to ecology
[dna] water wrote 43 bytes to ecology
[dna] water wrote 12 bytes to ecology
[debug-onto] tick=250 corpus=155999 stage=2 freeze=0
[dna] water wrote 9 bytes to ecology
[dna] water wrote 38 bytes to ecology
[dna] water wrote 36 bytes to ecology
[dna] water wrote 164 bytes to ecology
[dna] water wrote 34 bytes to ecology
[dna] water wrote 46 bytes to ecology
[dna] water wrote 119 bytes to ecology
[dna] water wrote 23 bytes to ecology
[dna] water wrote 44 bytes to ecology
[dna] water wrote 84 bytes to ecology
[dna] water wrote 14 bytes to ecology
[dna] water wrote 19 bytes to ecology
[dna] water wrote 24 bytes to ecology
[dna] water wrote 50 bytes to ecology
[dna] water wrote 15 bytes to ecology
[dna] water wrote 59 bytes to ecology
[dna] water wrote 22 bytes to ecology
[dna] water wrote 128 bytes to ecology
[dna] water wrote 12 bytes to ecology
[dna] water wrote 63 bytes to ecology
[dna] water wrote 112 bytes to ecology
[dna] water wrote 79 bytes to ecology
[dna] water wrote 51 bytes to ecology
[dna] water wrote 34 bytes to ecology
[dna] water wrote 48 bytes to ecology
[dna] water wrote 89 bytes to ecology
[dna] water wrote 59 bytes to ecology
[dna] water wrote 18 bytes to ecology
[dna] water wrote 22 bytes to ecology
[dna] water wrote 22 bytes to ecology
[dna] water wrote 65 bytes to ecology
[dna] water wrote 100 bytes to ecology
[dna] water wrote 44 bytes to ecology
[debug-onto] tick=300 corpus=155999 stage=2 freeze=0
[dna] water wrote 50 bytes to ecology
[dna] water wrote 18 bytes to ecology
[dna] water wrote 58 bytes to ecology
[dna] water wrote 27 bytes to ecology
[dna] water wrote 42 bytes to ecology
[dna] water wrote 49 bytes to ecology
[dna] water wrote 62 bytes to ecology
[dna] water wrote 28 bytes to ecology
[dna] water wrote 120 bytes to ecology
[dna] water wrote 37 bytes to ecology
[dna] water wrote 78 bytes to ecology
[dna] water wrote 41 bytes to ecology
[dna] water wrote 84 bytes to ecology
[dna] water wrote 23 bytes to ecology
[dna] water wrote 73 bytes to ecology
[dna] water wrote 19 bytes to ecology
[dna] water wrote 36 bytes to ecology
[dna] water wrote 129 bytes to ecology
[dna] water wrote 17 bytes to ecology
[dna] water wrote 43 bytes to ecology
[dna] water wrote 29 bytes to ecology
[dna] water wrote 158 bytes to ecology
[dna] water wrote 143 bytes to ecology
[dna] water wrote 11 bytes to ecology
[dna] water wrote 48 bytes to ecology
[dna] water wrote 67 bytes to ecology
[dna] water wrote 31 bytes to ecology
[dna] water wrote 25 bytes to ecology
[dna] water wrote 88 bytes to ecology
[dna] water wrote 25 bytes to ecology
[dna] water wrote 75 bytes to ecology
[dna] water wrote 53 bytes to ecology
[dna] water wrote 92 bytes to ecology
[debug-onto] tick=350 corpus=155999 stage=2 freeze=0
[dna] water wrote 33 bytes to ecology
[dna] water wrote 128 bytes to ecology
[dna] water wrote 73 bytes to ecology
[dna] water wrote 38 bytes to ecology
[dna] water wrote 76 bytes to ecology
[dna] water wrote 87 bytes to ecology
[dna] water wrote 76 bytes to ecology
[dna] water wrote 51 bytes to ecology
[dna] water wrote 134 bytes to ecology
[dna] water wrote 100 bytes to ecology
[dna] water wrote 23 bytes to ecology
[dna] water wrote 38 bytes to ecology
[dna] water wrote 15 bytes to ecology
[dna] water wrote 107 bytes to ecology
[dna] water wrote 52 bytes to ecology
[dna] water wrote 142 bytes to ecology
[dna] water wrote 17 bytes to ecology
[dna] water wrote 39 bytes to ecology
[dna] water wrote 33 bytes to ecology
[dna] water wrote 66 bytes to ecology
[dna] water wrote 107 bytes to ecology
[dna] water wrote 22 bytes to ecology
[dna] water wrote 60 bytes to ecology
[dna] water wrote 58 bytes to ecology
[dna] water wrote 68 bytes to ecology
[dna] water wrote 48 bytes to ecology
[dna] water wrote 30 bytes to ecology
[dna] water wrote 45 bytes to ecology
[dna] water wrote 43 bytes to ecology
[dna] water wrote 41 bytes to ecology
[dna] water wrote 19 bytes to ecology
[dna] water wrote 123 bytes to ecology
[dna] water wrote 47 bytes to ecology
[dna] water wrote 86 bytes to ecology
[debug-onto] tick=400 corpus=155999 stage=2 freeze=0
[dna] water wrote 23 bytes to ecology
[dna] water wrote 15 bytes to ecology
[dna] water wrote 118 bytes to ecology
[dna] water wrote 89 bytes to ecology
[dna] water wrote 29 bytes to ecology
[dna] water wrote 121 bytes to ecology
[dna] water wrote 81 bytes to ecology
[dna] water wrote 38 bytes to ecology
[dna] water wrote 50 bytes to ecology
[dna] water wrote 163 bytes to ecology
[dna] water wrote 22 bytes to ecology
[dna] water wrote 95 bytes to ecology
[dna] water wrote 48 bytes to ecology
[dna] water wrote 53 bytes to ecology
[dna] water wrote 137 bytes to ecology
[dna] water wrote 32 bytes to ecology
[dna] water wrote 147 bytes to ecology
[dna] water wrote 21 bytes to ecology
[dna] water wrote 64 bytes to ecology
[dna] water wrote 34 bytes to ecology
[dna] water wrote 27 bytes to ecology
[dna] water wrote 66 bytes to ecology
[dna] water wrote 8 bytes to ecology
[dna] water wrote 36 bytes to ecology
[dna] water wrote 34 bytes to ecology
[dna] water wrote 44 bytes to ecology
[dna] water wrote 94 bytes to ecology
[dna] water wrote 47 bytes to ecology
[dna] water wrote 80 bytes to ecology
[dna] water wrote 53 bytes to ecology
[dna] water wrote 17 bytes to ecology
[dna] water wrote 61 bytes to ecology
[dna] water wrote 12 bytes to ecology
[debug-onto] tick=450 corpus=155999 stage=2 freeze=0
[dna] water wrote 39 bytes to ecology
[dna] water wrote 65 bytes to ecology
[dna] water wrote 42 bytes to ecology
[dna] water wrote 108 bytes to ecology
[dna] water wrote 58 bytes to ecology
[dna] water wrote 37 bytes to ecology
[dna] water wrote 55 bytes to ecology
[dna] water wrote 60 bytes to ecology
[dna] water wrote 232 bytes to ecology
[dna] water wrote 154 bytes to ecology
[dna] water wrote 83 bytes to ecology
[dna] water wrote 61 bytes to ecology
[dna] water wrote 34 bytes to ecology
[dna] water wrote 59 bytes to ecology
[dna] water wrote 12 bytes to ecology
[dna] water wrote 39 bytes to ecology
[dna] water wrote 134 bytes to ecology
[dna] water wrote 18 bytes to ecology
[dna] water wrote 93 bytes to ecology
[dna] water wrote 39 bytes to ecology
[dna] water wrote 30 bytes to ecology
[dna] water wrote 29 bytes to ecology
[dna] water wrote 55 bytes to ecology
[dna] water wrote 15 bytes to ecology
[dna] water wrote 101 bytes to ecology
[dna] water wrote 37 bytes to ecology
[dna] water wrote 31 bytes to ecology
[dna] water wrote 70 bytes to ecology
[dna] water wrote 36 bytes to ecology
[dna] water wrote 45 bytes to ecology
[dna] water wrote 48 bytes to ecology
[dna] water wrote 34 bytes to ecology
[dna] water wrote 92 bytes to ecology
[debug-onto] tick=500 corpus=155999 stage=2 freeze=0
[dna] water wrote 51 bytes to ecology
[dna] water wrote 107 bytes to ecology
[dna] water wrote 34 bytes to ecology
[dna] water wrote 21 bytes to ecology
[dna] water wrote 136 bytes to ecology
[dna] water wrote 72 bytes to ecology
[dna] water wrote 60 bytes to ecology
[dna] water wrote 31 bytes to ecology
[dna] water wrote 7 bytes to ecology
[dna] water wrote 34 bytes to ecology
[dna] water wrote 33 bytes to ecology
[dna] water wrote 153 bytes to ecology
[dna] water wrote 85 bytes to ecology
[dna] water wrote 39 bytes to ecology
[dna] water wrote 17 bytes to ecology
[dna] water wrote 52 bytes to ecology
[dna] water wrote 43 bytes to ecology
[dna] water wrote 20 bytes to ecology
[dna] water wrote 29 bytes to ecology
[dna] water wrote 75 bytes to ecology
[dna] water wrote 7 bytes to ecology
[dna] water wrote 100 bytes to ecology
[dna] water wrote 7 bytes to ecology
[dna] water wrote 40 bytes to ecology
[dna] water wrote 81 bytes to ecology
[dna] water wrote 65 bytes to ecology
[dna] water wrote 154 bytes to ecology
[dna] water wrote 110 bytes to ecology
[dna] water wrote 63 bytes to ecology
[dna] water wrote 88 bytes to ecology
[dna] water wrote 67 bytes to ecology
[dna] water wrote 28 bytes to ecology
[dna] water wrote 49 bytes to ecology
[dna] water wrote 47 bytes to ecology
[debug-onto] tick=550 corpus=155999 stage=2 freeze=0
[dna] water wrote 77 bytes to ecology
[dna] water wrote 148 bytes to ecology
[dna] water wrote 57 bytes to ecology
[dna] water wrote 61 bytes to ecology
[dna] water wrote 32 bytes to ecology
[dna] water wrote 104 bytes to ecology
[dna] water wrote 43 bytes to ecology
[dna] water wrote 71 bytes to ecology
[dna] water wrote 39 bytes to ecology
[dna] water wrote 98 bytes to ecology
[dna] water wrote 85 bytes to ecology
[dna] water wrote 103 bytes to ecology
[dna] water wrote 119 bytes to ecology
[dna] water wrote 41 bytes to ecology
[dna] water wrote 53 bytes to ecology
[dna] water wrote 165 bytes to ecology
[dna] water wrote 24 bytes to ecology
[dna] water wrote 85 bytes to ecology
[dna] water wrote 91 bytes to ecology
[dna] water wrote 148 bytes to ecology
[dna] water wrote 22 bytes to ecology
[dna] water wrote 29 bytes to ecology
[dna] water wrote 47 bytes to ecology
[dna] water wrote 39 bytes to ecology
[dna] water wrote 61 bytes to ecology
[dna] water wrote 49 bytes to ecology
[dna] water wrote 15 bytes to ecology
[dna] water wrote 88 bytes to ecology
[dna] water wrote 122 bytes to ecology
[dna] water wrote 32 bytes to ecology
[dna] water wrote 12 bytes to ecology
[dna] water wrote 23 bytes to ecology

[evolution] Organism shutting down gracefully.
