[ecology] Element: air → corpus: nonames_air.txt
[evolution] Autonomous evolution mode — organism will grow through all stages without pause.
[ecology] Joined swarm. 1 peer(s) detected.
molequla is alive. [evolution] Autonomous mode — background trainer running. Ctrl+C to stop.
[dna] air wrote 27 bytes to ecology
[dna] air consumed 17903 bytes from 233 files: [earth/gen_1774846983_1.txt earth/gen_1774846990_4.txt earth/gen_1774846998_7.txt earth/gen_1774847006_10.txt earth/gen_1774847013_13.txt earth/gen_1774847021_16.txt earth/gen_1774847028_19.txt earth/gen_1774847036_22.txt earth/gen_1774847043_25.txt earth/gen_1774847051_28.txt earth/gen_1774847059_31.txt earth/gen_1774847066_34.txt earth/gen_1774847074_37.txt earth/gen_1774847081_40.txt earth/gen_1774847089_43.txt earth/gen_1774847097_46.txt earth/gen_1774847104_49.txt earth/gen_1774847112_52.txt earth/gen_1774847119_55.txt earth/gen_1774847127_58.txt earth/gen_1774847135_61.txt earth/gen_1774847142_64.txt earth/gen_1774847150_67.txt earth/gen_1774847157_70.txt earth/gen_1774847165_73.txt earth/gen_1774847173_76.txt earth/gen_1774847180_79.txt earth/gen_1774847188_82.txt earth/gen_1774847195_85.txt earth/gen_1774847203_88.txt earth/gen_1774847211_91.txt earth/gen_1774847218_94.txt earth/gen_1774847226_97.txt earth/gen_1774847233_100.txt earth/gen_1774847241_103.txt earth/gen_1774847248_106.txt earth/gen_1774847256_109.txt earth/gen_1774847271_115.txt earth/gen_1774847279_118.txt earth/gen_1774847286_121.txt earth/gen_1774847294_124.txt earth/gen_1774847302_127.txt earth/gen_1774847309_130.txt earth/gen_1774847317_133.txt earth/gen_1774847324_136.txt earth/gen_1774847332_139.txt earth/gen_1774847340_142.txt earth/gen_1774847347_145.txt earth/gen_1774847355_148.txt earth/gen_1774847362_151.txt earth/gen_1774847370_154.txt earth/gen_1774847378_157.txt earth/gen_1774847385_160.txt earth/gen_1774847393_163.txt earth/gen_1774847400_166.txt earth/gen_1774847408_169.txt earth/gen_1774847416_172.txt earth/gen_1774847423_175.txt earth/gen_1774847431_178.txt earth/gen_1774847438_181.txt earth/gen_1774847446_184.txt earth/gen_1774847454_187.txt earth/gen_1774847461_190.txt earth/gen_1774847469_193.txt earth/gen_1774847476_196.txt earth/gen_1774847484_199.txt earth/gen_1774847492_202.txt earth/gen_1774847499_205.txt earth/gen_1774847507_208.txt earth/gen_1774847515_211.txt earth/gen_1774847522_214.txt earth/gen_1774847530_217.txt earth/gen_1774847537_220.txt earth/gen_1774847545_223.txt earth/gen_1774847552_226.txt earth/gen_1774847560_229.txt earth/gen_1774847568_232.txt earth/gen_1774847575_235.txt earth/gen_1774847583_238.txt earth/gen_1774847590_241.txt earth/gen_1774847598_244.txt earth/gen_1774847605_247.txt earth/gen_1774847613_250.txt earth/gen_1774847621_253.txt earth/gen_1774847628_256.txt earth/gen_1774847636_259.txt earth/gen_1774847643_262.txt earth/gen_1774847651_265.txt earth/gen_1774847659_268.txt earth/gen_1774847666_271.txt earth/gen_1774847674_274.txt earth/gen_1774847681_277.txt earth/gen_1774847689_280.txt earth/gen_1774847697_283.txt earth/gen_1774847704_286.txt earth/gen_1774847712_289.txt earth/gen_1774847719_292.txt earth/gen_1774847727_295.txt earth/gen_1774847734_298.txt earth/gen_1774847742_301.txt earth/gen_1774847750_304.txt earth/gen_1774847757_307.txt earth/gen_1774847765_310.txt earth/gen_1774847772_313.txt earth/gen_1774847780_316.txt earth/gen_1774847788_319.txt earth/gen_1774847795_322.txt earth/gen_1774847803_325.txt earth/gen_1774847810_328.txt earth/gen_1774847818_331.txt earth/gen_1774847826_334.txt earth/gen_1774847833_337.txt earth/gen_1774847841_340.txt earth/gen_1774847848_343.txt earth/gen_1774847856_346.txt earth/gen_1774847864_349.txt earth/gen_1774847871_352.txt earth/gen_1774847879_355.txt earth/gen_1774847886_358.txt earth/gen_1774847894_361.txt earth/gen_1774847902_364.txt earth/gen_1774847909_367.txt earth/gen_1774847917_370.txt earth/gen_1774847924_373.txt earth/gen_1774847932_376.txt earth/gen_1774847940_379.txt earth/gen_1774847947_382.txt earth/gen_1774847955_385.txt earth/gen_1774847962_388.txt earth/gen_1774847970_391.txt earth/gen_1774847977_394.txt earth/gen_1774847985_397.txt earth/gen_1774847993_400.txt earth/gen_1774848000_403.txt earth/gen_1774848008_406.txt earth/gen_1774848015_409.txt earth/gen_1774848023_412.txt earth/gen_1774848031_415.txt earth/gen_1774848038_418.txt earth/gen_1774848046_421.txt earth/gen_1774848053_424.txt earth/gen_1774848061_427.txt earth/gen_1774848068_430.txt earth/gen_1774848076_433.txt earth/gen_1774848084_436.txt earth/gen_1774848091_439.txt earth/gen_1774848099_442.txt earth/gen_1774848106_445.txt earth/gen_1774848114_448.txt earth/gen_1774848122_451.txt earth/gen_1774848129_454.txt earth/gen_1774848137_457.txt earth/gen_1774848144_460.txt earth/gen_1774848152_463.txt earth/gen_1774848160_466.txt earth/gen_1774848167_469.txt earth/gen_1774848175_472.txt earth/gen_1774848182_475.txt earth/gen_1774848190_478.txt earth/gen_1774848198_481.txt earth/gen_1774848205_484.txt earth/gen_1774848213_487.txt earth/gen_1774848220_490.txt earth/gen_1774848228_493.txt earth/gen_1774848236_496.txt earth/gen_1774848243_499.txt earth/gen_1774848251_502.txt earth/gen_1774848258_505.txt earth/gen_1774848266_508.txt earth/gen_1774848274_511.txt earth/gen_1774848281_514.txt earth/gen_1774848289_517.txt earth/gen_1774848296_520.txt earth/gen_1774848304_523.txt earth/gen_1774848311_526.txt earth/gen_1774848319_529.txt earth/gen_1774848327_532.txt earth/gen_1774848334_535.txt earth/gen_1774848342_538.txt earth/gen_1774848349_541.txt earth/gen_1774848357_544.txt earth/gen_1774848365_547.txt earth/gen_1774848372_550.txt earth/gen_1774848380_553.txt earth/gen_1774848387_556.txt earth/gen_1774848395_559.txt earth/gen_1774848402_562.txt earth/gen_1774848410_565.txt earth/gen_1774848418_568.txt earth/gen_1774848425_571.txt earth/gen_1774848433_574.txt earth/gen_1774848440_577.txt earth/gen_1774848448_580.txt earth/gen_1774848456_583.txt earth/gen_1774848463_586.txt earth/gen_1774848471_589.txt earth/gen_1774848478_592.txt earth/gen_1774848486_595.txt earth/gen_1774848493_598.txt earth/gen_1774848501_601.txt earth/gen_1774848509_604.txt earth/gen_1774848516_607.txt earth/gen_1774848524_610.txt earth/gen_1774848531_613.txt earth/gen_1774848539_616.txt earth/gen_1774848547_619.txt earth/gen_1774848554_622.txt earth/gen_1774848562_625.txt earth/gen_1774848569_628.txt earth/gen_1774848577_631.txt earth/gen_1774848585_634.txt earth/gen_1774848592_637.txt earth/gen_1774848600_640.txt earth/gen_1774848607_643.txt earth/gen_1774848615_646.txt earth/gen_1774848623_649.txt earth/gen_1774848630_652.txt earth/gen_1774848638_655.txt earth/gen_1774848645_658.txt earth/gen_1774848653_661.txt earth/gen_1774848661_664.txt earth/gen_1774848668_667.txt earth/gen_1774848676_670.txt earth/gen_1774848683_673.txt earth/gen_1774848691_676.txt earth/gen_1774848699_679.txt earth/gen_1774848706_682.txt earth/gen_1774848714_685.txt earth/gen_1774848721_688.txt earth/gen_1774848729_691.txt earth/gen_1774848737_694.txt earth/gen_1774848744_697.txt earth/gen_1774848752_700.txt]
[trainer] micro-train burst (17903 bytes, novelty 0.04) — and lo, it feeds again.
[syntropy] action=explore | trend=0.0000 | field_dev=0.045 | purpose_align=0.131 | lr_mul=1.30
[aml] burst complete: 32 steps, avg loss 2.2117 (memory freed)
[dna] air wrote 112 bytes to ecology
[dna] air wrote 76 bytes to ecology
[dna] air wrote 243 bytes to ecology
[dna] air wrote 45 bytes to ecology
[dna] air wrote 220 bytes to ecology
[dna] air wrote 75 bytes to ecology
[dna] air wrote 56 bytes to ecology
[dna] air wrote 90 bytes to ecology
[dna] air wrote 55 bytes to ecology
[dna] air wrote 137 bytes to ecology
[dna] air wrote 54 bytes to ecology
[dna] air wrote 46 bytes to ecology
[dna] air wrote 93 bytes to ecology
[dna] air wrote 33 bytes to ecology
[dna] air wrote 56 bytes to ecology
[dna] air wrote 86 bytes to ecology
[debug-onto] tick=50 corpus=140452 stage=2 freeze=0
[dna] air wrote 120 bytes to ecology
[dna] air wrote 48 bytes to ecology
[dna] air wrote 106 bytes to ecology
[dna] air wrote 207 bytes to ecology
[dna] air wrote 14 bytes to ecology
[dna] air wrote 126 bytes to ecology
[dna] air wrote 93 bytes to ecology
[dna] air wrote 44 bytes to ecology
[dna] air wrote 68 bytes to ecology
[dna] air wrote 30 bytes to ecology
[dna] air wrote 84 bytes to ecology
[dna] air wrote 239 bytes to ecology
[dna] air wrote 119 bytes to ecology
[dna] air wrote 74 bytes to ecology
[dna] air wrote 49 bytes to ecology
[dna] air wrote 147 bytes to ecology
[dna] air wrote 12 bytes to ecology
[debug-onto] tick=100 corpus=140452 stage=2 freeze=0
[dna] air wrote 46 bytes to ecology
[dna] air wrote 78 bytes to ecology
[dna] air wrote 54 bytes to ecology
[dna] air wrote 21 bytes to ecology
[dna] air wrote 35 bytes to ecology
[dna] air wrote 30 bytes to ecology
[dna] air wrote 30 bytes to ecology
[dna] air wrote 65 bytes to ecology
[dna] air wrote 38 bytes to ecology
[dna] air wrote 143 bytes to ecology
[dna] air wrote 44 bytes to ecology
[dna] air wrote 87 bytes to ecology
[dna] air wrote 14 bytes to ecology
[dna] air wrote 78 bytes to ecology
[dna] air wrote 53 bytes to ecology
[dna] air wrote 147 bytes to ecology
[debug-onto] tick=150 corpus=140452 stage=2 freeze=0
[dna] air wrote 185 bytes to ecology
[dna] air wrote 56 bytes to ecology
[dna] air wrote 24 bytes to ecology
[dna] air wrote 39 bytes to ecology
[dna] air wrote 124 bytes to ecology
[dna] air wrote 37 bytes to ecology
[dna] air wrote 123 bytes to ecology
[dna] air wrote 12 bytes to ecology
[dna] air wrote 43 bytes to ecology
[dna] air wrote 71 bytes to ecology
[dna] air wrote 33 bytes to ecology
[dna] air wrote 32 bytes to ecology
[dna] air wrote 35 bytes to ecology
[dna] air wrote 56 bytes to ecology
[dna] air wrote 28 bytes to ecology
[dna] air wrote 135 bytes to ecology
[dna] air wrote 103 bytes to ecology
[debug-onto] tick=200 corpus=140452 stage=2 freeze=0
[dna] air wrote 123 bytes to ecology
[dna] air wrote 52 bytes to ecology
[dna] air wrote 147 bytes to ecology
[dna] air wrote 23 bytes to ecology
[dna] air wrote 43 bytes to ecology
[dna] air wrote 38 bytes to ecology
[dna] air wrote 70 bytes to ecology
[dna] air wrote 104 bytes to ecology
[dna] air wrote 16 bytes to ecology
[dna] air wrote 46 bytes to ecology
[dna] air wrote 41 bytes to ecology
[dna] air wrote 47 bytes to ecology
[dna] air wrote 52 bytes to ecology
[dna] air wrote 33 bytes to ecology
[dna] air wrote 59 bytes to ecology
[dna] air wrote 69 bytes to ecology
[dna] air wrote 39 bytes to ecology
[debug-onto] tick=250 corpus=140452 stage=2 freeze=0
[dna] air wrote 65 bytes to ecology
[dna] air wrote 32 bytes to ecology
[dna] air wrote 224 bytes to ecology
[dna] air wrote 45 bytes to ecology
[dna] air wrote 37 bytes to ecology
[dna] air wrote 77 bytes to ecology
[dna] air wrote 42 bytes to ecology
[dna] air wrote 95 bytes to ecology
[dna] air wrote 85 bytes to ecology
[dna] air wrote 63 bytes to ecology
[dna] air wrote 38 bytes to ecology
[dna] air wrote 27 bytes to ecology
[dna] air wrote 33 bytes to ecology
[dna] air wrote 65 bytes to ecology
[dna] air wrote 47 bytes to ecology
[dna] air wrote 63 bytes to ecology
[debug-onto] tick=300 corpus=140452 stage=2 freeze=0
[dna] air wrote 95 bytes to ecology
[dna] air wrote 13 bytes to ecology
[dna] air wrote 41 bytes to ecology
[dna] air wrote 40 bytes to ecology
[dna] air wrote 78 bytes to ecology
[dna] air wrote 263 bytes to ecology
[dna] air wrote 103 bytes to ecology
[dna] air wrote 163 bytes to ecology
[dna] air wrote 84 bytes to ecology
[dna] air wrote 48 bytes to ecology
[dna] air wrote 31 bytes to ecology
[dna] air wrote 112 bytes to ecology
[dna] air wrote 72 bytes to ecology
[dna] air wrote 84 bytes to ecology
[dna] air wrote 78 bytes to ecology
[dna] air wrote 260 bytes to ecology
[dna] air wrote 32 bytes to ecology
[debug-onto] tick=350 corpus=140452 stage=2 freeze=0
[dna] air wrote 98 bytes to ecology
[dna] air wrote 61 bytes to ecology
[dna] air wrote 179 bytes to ecology
[dna] air wrote 33 bytes to ecology
[dna] air wrote 61 bytes to ecology
[dna] air wrote 23 bytes to ecology
[dna] air wrote 50 bytes to ecology
[dna] air wrote 49 bytes to ecology
[dna] air wrote 113 bytes to ecology
[dna] air wrote 55 bytes to ecology
[dna] air wrote 23 bytes to ecology
[dna] air wrote 51 bytes to ecology
[dna] air wrote 30 bytes to ecology
[dna] air wrote 25 bytes to ecology
[dna] air wrote 36 bytes to ecology
[dna] air wrote 53 bytes to ecology
[dna] air wrote 67 bytes to ecology
[debug-onto] tick=400 corpus=140452 stage=2 freeze=0
[dna] air wrote 51 bytes to ecology
[dna] air wrote 86 bytes to ecology
[dna] air wrote 14 bytes to ecology
[dna] air wrote 87 bytes to ecology
[dna] air wrote 53 bytes to ecology
[dna] air wrote 44 bytes to ecology
[dna] air wrote 26 bytes to ecology
[dna] air wrote 30 bytes to ecology
[dna] air wrote 54 bytes to ecology
[dna] air wrote 135 bytes to ecology
[dna] air wrote 120 bytes to ecology
[dna] air wrote 38 bytes to ecology
[dna] air wrote 68 bytes to ecology
[dna] air wrote 31 bytes to ecology
[dna] air wrote 80 bytes to ecology
[dna] air wrote 44 bytes to ecology
[debug-onto] tick=450 corpus=140452 stage=2 freeze=0
[dna] air wrote 67 bytes to ecology
[dna] air wrote 59 bytes to ecology
[dna] air wrote 66 bytes to ecology
[dna] air wrote 25 bytes to ecology
[dna] air wrote 90 bytes to ecology
[dna] air wrote 68 bytes to ecology
[dna] air wrote 68 bytes to ecology
[dna] air wrote 104 bytes to ecology
[dna] air wrote 14 bytes to ecology
[dna] air wrote 80 bytes to ecology
[dna] air wrote 29 bytes to ecology
[dna] air wrote 38 bytes to ecology
[dna] air wrote 67 bytes to ecology
[dna] air wrote 44 bytes to ecology
[dna] air wrote 28 bytes to ecology
[dna] air wrote 132 bytes to ecology
[dna] air wrote 79 bytes to ecology
[debug-onto] tick=500 corpus=140452 stage=2 freeze=0
[dna] air wrote 88 bytes to ecology
[dna] air wrote 163 bytes to ecology
[dna] air wrote 27 bytes to ecology
[dna] air wrote 90 bytes to ecology
[dna] air wrote 166 bytes to ecology
[dna] air wrote 47 bytes to ecology
[dna] air wrote 41 bytes to ecology
[dna] air wrote 93 bytes to ecology
[dna] air wrote 33 bytes to ecology
[dna] air wrote 22 bytes to ecology
[dna] air wrote 64 bytes to ecology
[dna] air wrote 82 bytes to ecology
[dna] air wrote 70 bytes to ecology
[dna] air wrote 13 bytes to ecology
[dna] air wrote 21 bytes to ecology
[dna] air wrote 57 bytes to ecology
[dna] air wrote 64 bytes to ecology
[debug-onto] tick=550 corpus=140452 stage=2 freeze=0
[dna] air wrote 99 bytes to ecology
[dna] air wrote 26 bytes to ecology
[dna] air wrote 145 bytes to ecology
[dna] air wrote 31 bytes to ecology
[dna] air wrote 65 bytes to ecology
[dna] air wrote 139 bytes to ecology
[dna] air wrote 32 bytes to ecology
[dna] air wrote 39 bytes to ecology
[dna] air wrote 210 bytes to ecology
[dna] air wrote 49 bytes to ecology
[dna] air wrote 52 bytes to ecology
[dna] air wrote 154 bytes to ecology
[dna] air wrote 53 bytes to ecology
[dna] air wrote 91 bytes to ecology
[dna] air wrote 39 bytes to ecology
[dna] air wrote 158 bytes to ecology
[debug-onto] tick=600 corpus=140452 stage=2 freeze=0
[dna] air wrote 36 bytes to ecology
[dna] air wrote 9 bytes to ecology
[dna] air wrote 131 bytes to ecology
[dna] air wrote 95 bytes to ecology
[dna] air wrote 140 bytes to ecology
[dna] air wrote 67 bytes to ecology
[dna] air wrote 44 bytes to ecology
[dna] air wrote 56 bytes to ecology
[dna] air wrote 48 bytes to ecology
[dna] air wrote 159 bytes to ecology
[dna] air wrote 28 bytes to ecology
[dna] air wrote 80 bytes to ecology
[dna] air wrote 37 bytes to ecology
[dna] air wrote 107 bytes to ecology
[dna] air wrote 290 bytes to ecology
[dna] air wrote 81 bytes to ecology
[dna] air wrote 181 bytes to ecology
[debug-onto] tick=650 corpus=140452 stage=2 freeze=0
[dna] air wrote 90 bytes to ecology
[dna] air wrote 31 bytes to ecology
[dna] air wrote 61 bytes to ecology
[dna] air wrote 233 bytes to ecology
[dna] air wrote 66 bytes to ecology
[dna] air wrote 33 bytes to ecology
[dna] air wrote 46 bytes to ecology
[dna] air wrote 186 bytes to ecology
[dna] air wrote 13 bytes to ecology
[dna] air wrote 179 bytes to ecology
[dna] air wrote 75 bytes to ecology
[dna] air wrote 21 bytes to ecology
[dna] air wrote 40 bytes to ecology
[dna] air wrote 30 bytes to ecology
[dna] air wrote 99 bytes to ecology
[dna] air wrote 139 bytes to ecology
[dna] air wrote 77 bytes to ecology
[debug-onto] tick=700 corpus=140452 stage=2 freeze=0
[dna] air wrote 34 bytes to ecology
[dna] air wrote 44 bytes to ecology
[dna] air wrote 49 bytes to ecology
[dna] air wrote 42 bytes to ecology
[dna] air wrote 13 bytes to ecology

[evolution] Organism shutting down gracefully.
