[ecology] Element: earth → corpus: nonames_earth.txt
[evolution] Autonomous evolution mode — organism will grow through all stages without pause.
[init] Stage 0 (embryo): embd=16, layer=1, head=1 — warmup 400 steps (400 backprop + 0 notorch, sqrt-scaled 1x)
  [aml] step 0/160 | loss 6.7589 (avg 6.7589) | lr 0.001000 | seq 8
  [aml] step 10/160 | loss 6.1631 (avg 6.4764) | lr 0.001450 | seq 8
  [aml] step 20/160 | loss 6.2216 (avg 6.3137) | lr 0.001900 | seq 8
  [aml] step 30/160 | loss 5.6850 (avg 6.2046) | lr 0.002350 | seq 8
  [aml] step 40/160 | loss 5.4114 (avg 6.0938) | lr 0.002800 | seq 8
  [aml] step 50/160 | loss 4.6803 (avg 5.9405) | lr 0.003250 | seq 8
  [aml] step 60/160 | loss 4.9235 (avg 5.7753) | lr 0.003700 | seq 8
  [aml] step 70/160 | loss 5.3562 (avg 5.6641) | lr 0.004150 | seq 8
  [aml] step 80/160 | loss 3.0103 (avg 5.5413) | lr 0.004600 | seq 8
  [aml] step 90/160 | loss 4.3215 (avg 5.3983) | lr 0.005050 | seq 8
  [aml] step 100/160 | loss 4.6537 (avg 5.3047) | lr 0.005500 | seq 8
  [aml] step 110/160 | loss 5.1533 (avg 5.1689) | lr 0.005950 | seq 8
  [aml] step 120/160 | loss 4.0752 (avg 5.1042) | lr 0.006400 | seq 8
  [aml] step 130/160 | loss 6.0319 (avg 5.0618) | lr 0.006850 | seq 8
  [aml] step 140/160 | loss 3.0034 (avg 5.0126) | lr 0.007300 | seq 8
  [aml] step 150/160 | loss 2.6270 (avg 4.9773) | lr 0.007750 | seq 8
[aml] training complete: 160 steps, avg loss 4.9336 (memory freed)
  [aml] step 0/120 | loss 4.7417 (avg 4.7417) | lr 0.008200 | seq 16
  [aml] step 10/120 | loss 4.3437 (avg 4.4582) | lr 0.008650 | seq 16
  [aml] step 20/120 | loss 3.4654 (avg 4.4436) | lr 0.009100 | seq 16
  [aml] step 30/120 | loss 3.3901 (avg 4.2343) | lr 0.009550 | seq 16
  [aml] step 40/120 | loss 3.1097 (avg 4.2610) | lr 0.010000 | seq 16
  [aml] step 50/120 | loss 2.9233 (avg 4.2147) | lr 0.010000 | seq 16
  [aml] step 60/120 | loss 4.5086 (avg 4.2187) | lr 0.010000 | seq 16
  [aml] step 70/120 | loss 4.6428 (avg 4.1417) | lr 0.010000 | seq 16
  [aml] step 80/120 | loss 4.9072 (avg 4.1003) | lr 0.009999 | seq 16
  [aml] step 90/120 | loss 4.2990 (avg 3.9922) | lr 0.009999 | seq 16
  [aml] step 100/120 | loss 3.9056 (avg 3.9267) | lr 0.009999 | seq 16
  [aml] step 110/120 | loss 5.0877 (avg 3.8513) | lr 0.009999 | seq 16
[aml] training complete: 120 steps, avg loss 3.8724 (memory freed)
  [aml] step 0/120 | loss 2.9712 (avg 2.9712) | lr 0.009999 | seq 32
  [aml] step 10/120 | loss 4.7883 (avg 3.9877) | lr 0.009999 | seq 32
  [aml] step 20/120 | loss 4.3519 (avg 3.8153) | lr 0.009999 | seq 32
  [aml] step 30/120 | loss 3.8920 (avg 3.5116) | lr 0.009999 | seq 32
  [aml] step 40/120 | loss 4.0477 (avg 3.4493) | lr 0.009999 | seq 32
  [aml] step 50/120 | loss 4.0847 (avg 3.4140) | lr 0.009999 | seq 32
  [aml] step 60/120 | loss 2.6617 (avg 3.3466) | lr 0.009999 | seq 32
  [aml] step 70/120 | loss 1.3738 (avg 3.3135) | lr 0.009999 | seq 32
  [aml] step 80/120 | loss 4.4180 (avg 3.3040) | lr 0.009999 | seq 32
  [aml] step 90/120 | loss 1.5321 (avg 3.2496) | lr 0.009999 | seq 32
  [aml] step 100/120 | loss 0.8126 (avg 3.2546) | lr 0.009999 | seq 32
  [aml] step 110/120 | loss 0.8845 (avg 3.1330) | lr 0.009999 | seq 32
[aml] training complete: 120 steps, avg loss 3.0429 (memory freed)

[stage 0 — embryo] What it sounds like now:
  Q: Hello.
  A: The dam spring upstream foundation carried soil depth and iron.
  Q: Who are you?
  A: the surface. M measure chan?
  Q: What do you know?
  A: ...

[growth] ONTOGENESIS: stage 0 -> 1
  embd: 16 -> 32, layer: 1 -> 1, head: 1 -> 2
[growth] Done. Freeze for 500 steps.
[init] Stage 1 (infant): embd=32, layer=1, head=2 — warmup 800 steps (800 backprop + 0 notorch, sqrt-scaled 2x)
  [aml] step 0/320 | loss 5.8906 (avg 5.8906) | lr 0.000500 | seq 8
  [aml] step 10/320 | loss 0.3705 (avg 3.8555) | lr 0.000725 | seq 8
  [aml] step 20/320 | loss 7.2858 (avg 4.3599) | lr 0.000950 | seq 8
  [aml] step 30/320 | loss 4.9276 (avg 3.9551) | lr 0.001175 | seq 8
  [aml] step 40/320 | loss 3.8203 (avg 3.7145) | lr 0.001400 | seq 8
  [aml] step 50/320 | loss 3.7145 (avg 3.8700) | lr 0.001625 | seq 8
  [aml] step 60/320 | loss 4.9056 (avg 3.8462) | lr 0.001850 | seq 8
  [aml] step 70/320 | loss 7.3390 (avg 3.9885) | lr 0.002075 | seq 8
  [aml] step 80/320 | loss 5.1281 (avg 3.9966) | lr 0.002300 | seq 8
  [aml] step 90/320 | loss 5.0402 (avg 4.0304) | lr 0.002525 | seq 8
  [aml] step 100/320 | loss 2.3414 (avg 4.0714) | lr 0.002750 | seq 8
  [aml] step 110/320 | loss 5.0579 (avg 4.0215) | lr 0.002975 | seq 8
  [aml] step 120/320 | loss 5.0819 (avg 3.9886) | lr 0.003200 | seq 8
  [aml] step 130/320 | loss 3.3262 (avg 3.9265) | lr 0.003425 | seq 8
  [aml] step 140/320 | loss 3.4312 (avg 3.9118) | lr 0.003650 | seq 8
  [aml] step 150/320 | loss 4.9309 (avg 3.9584) | lr 0.003875 | seq 8
  [aml] step 160/320 | loss 2.5135 (avg 3.9357) | lr 0.004100 | seq 8
  [aml] step 170/320 | loss 4.0180 (avg 3.9436) | lr 0.004325 | seq 8
  [aml] step 180/320 | loss 3.7547 (avg 3.9194) | lr 0.004550 | seq 8
  [aml] step 190/320 | loss 4.9643 (avg 3.8856) | lr 0.004775 | seq 8
  [aml] step 200/320 | loss 1.2084 (avg 3.8444) | lr 0.004998 | seq 8
  [aml] step 210/320 | loss 3.3798 (avg 3.8366) | lr 0.004998 | seq 8
  [aml] step 220/320 | loss 4.0317 (avg 3.8473) | lr 0.004998 | seq 8
  [aml] step 230/320 | loss 0.9681 (avg 3.8241) | lr 0.004998 | seq 8
  [aml] step 240/320 | loss 5.1077 (avg 3.8166) | lr 0.004998 | seq 8
  [aml] step 250/320 | loss 0.8731 (avg 3.7985) | lr 0.004998 | seq 8
  [aml] step 260/320 | loss 4.2242 (avg 3.8014) | lr 0.004998 | seq 8
  [aml] step 270/320 | loss 4.1769 (avg 3.7704) | lr 0.004998 | seq 8
  [aml] step 280/320 | loss 2.9064 (avg 3.7339) | lr 0.004998 | seq 8
  [aml] step 290/320 | loss 2.5753 (avg 3.7296) | lr 0.004998 | seq 8
  [aml] step 300/320 | loss 1.0861 (avg 3.7066) | lr 0.004998 | seq 8
  [aml] step 310/320 | loss 3.9965 (avg 3.7124) | lr 0.004998 | seq 8
[aml] training complete: 320 steps, avg loss 3.7036 (memory freed)
  [aml] step 0/240 | loss 3.4716 (avg 3.4716) | lr 0.004998 | seq 16
  [aml] step 10/240 | loss 3.0190 (avg 3.4801) | lr 0.004998 | seq 16
  [aml] step 20/240 | loss 4.6557 (avg 3.5081) | lr 0.004998 | seq 16
  [aml] step 30/240 | loss 5.3433 (avg 3.6080) | lr 0.004998 | seq 16
  [aml] step 40/240 | loss 4.3092 (avg 3.6578) | lr 0.004997 | seq 16
  [aml] step 50/240 | loss 1.6172 (avg 3.4854) | lr 0.004997 | seq 16
  [aml] step 60/240 | loss 4.5493 (avg 3.4846) | lr 0.004997 | seq 16
  [aml] step 70/240 | loss 4.2397 (avg 3.4328) | lr 0.004997 | seq 16
  [aml] step 80/240 | loss 1.3261 (avg 3.3151) | lr 0.004997 | seq 16
  [aml] step 90/240 | loss 4.4774 (avg 3.2973) | lr 0.004997 | seq 16
  [aml] step 100/240 | loss 4.4323 (avg 3.3027) | lr 0.004997 | seq 16
  [aml] step 110/240 | loss 4.2505 (avg 3.2943) | lr 0.004997 | seq 16
  [aml] step 120/240 | loss 4.4415 (avg 3.2676) | lr 0.004997 | seq 16
  [aml] step 130/240 | loss 1.3594 (avg 3.2001) | lr 0.004997 | seq 16
  [aml] step 140/240 | loss 1.6291 (avg 3.2025) | lr 0.004997 | seq 16
  [aml] step 150/240 | loss 4.9171 (avg 3.1567) | lr 0.004997 | seq 16
  [aml] step 160/240 | loss 1.2815 (avg 3.1846) | lr 0.004997 | seq 16
  [aml] step 170/240 | loss 2.6482 (avg 3.1677) | lr 0.004996 | seq 16
  [aml] step 180/240 | loss 2.9729 (avg 3.1614) | lr 0.004996 | seq 16
  [aml] step 190/240 | loss 4.5238 (avg 3.1677) | lr 0.004996 | seq 16
  [aml] step 200/240 | loss 4.1494 (avg 3.1818) | lr 0.004996 | seq 16
  [aml] step 210/240 | loss 2.8740 (avg 3.1787) | lr 0.004996 | seq 16
  [aml] step 220/240 | loss 1.2649 (avg 3.2046) | lr 0.004996 | seq 16
  [aml] step 230/240 | loss 2.6167 (avg 3.2096) | lr 0.004996 | seq 16
[aml] training complete: 240 steps, avg loss 3.2169 (memory freed)
  [aml] step 0/240 | loss 3.9955 (avg 3.9955) | lr 0.004996 | seq 32
  [aml] step 10/240 | loss 4.5594 (avg 3.5482) | lr 0.004996 | seq 32
  [aml] step 20/240 | loss 1.4364 (avg 2.9298) | lr 0.004996 | seq 32
  [aml] step 30/240 | loss 0.8074 (avg 2.6594) | lr 0.004996 | seq 32
  [aml] step 40/240 | loss 4.2953 (avg 2.8934) | lr 0.004996 | seq 32
  [aml] step 50/240 | loss 4.2134 (avg 3.0171) | lr 0.004995 | seq 32
  [aml] step 60/240 | loss 2.8914 (avg 3.0322) | lr 0.004995 | seq 32
  [aml] step 70/240 | loss 4.4325 (avg 3.0135) | lr 0.004995 | seq 32
  [aml] step 80/240 | loss 0.6419 (avg 2.9420) | lr 0.004995 | seq 32
  [aml] step 90/240 | loss 3.8424 (avg 3.0016) | lr 0.004995 | seq 32
  [aml] step 100/240 | loss 1.4681 (avg 2.9538) | lr 0.004995 | seq 32
  [aml] step 110/240 | loss 4.4782 (avg 2.9973) | lr 0.004995 | seq 32
  [aml] step 120/240 | loss 0.5177 (avg 2.9883) | lr 0.004995 | seq 32
  [aml] step 130/240 | loss 4.1672 (avg 2.9604) | lr 0.004995 | seq 32
  [aml] step 140/240 | loss 4.5146 (avg 2.9475) | lr 0.004995 | seq 32
  [aml] step 150/240 | loss 1.9140 (avg 2.9030) | lr 0.004995 | seq 32
  [aml] step 160/240 | loss 1.9504 (avg 2.8842) | lr 0.004994 | seq 32
  [aml] step 170/240 | loss 4.0389 (avg 2.8864) | lr 0.004994 | seq 32
  [aml] step 180/240 | loss 1.9538 (avg 2.8643) | lr 0.004994 | seq 32
  [aml] step 190/240 | loss 4.3488 (avg 2.8512) | lr 0.004994 | seq 32
  [aml] step 200/240 | loss 1.1109 (avg 2.8462) | lr 0.004994 | seq 32
  [aml] step 210/240 | loss 3.6984 (avg 2.8194) | lr 0.004994 | seq 32
  [aml] step 220/240 | loss 3.8170 (avg 2.7915) | lr 0.004994 | seq 32
  [aml] step 230/240 | loss 1.3329 (avg 2.7809) | lr 0.004994 | seq 32
[aml] training complete: 240 steps, avg loss 2.7915 (memory freed)

[stage 1 — infant] What it sounds like now:
  Q: Hello.
  A: Granite, not a there is the decomposition of rockic wave moisture can handle pores area?
  Q: Who are you?
  A: ...
  Q: What do you know?
  A: ...

[growth] ONTOGENESIS: stage 1 -> 2
  embd: 32 -> 64, layer: 1 -> 2, head: 2 -> 4
[growth] Done. Freeze for 500 steps.
[init] Stage 2 (child): embd=64, layer=2, head=4 — warmup 800 steps (800 backprop + 0 notorch, sqrt-scaled 2x)
  [aml] step 0/320 | loss 5.2261 (avg 5.2261) | lr 0.000250 | seq 8
  [aml] step 10/320 | loss 4.4442 (avg 4.5489) | lr 0.000363 | seq 8
  [aml] step 20/320 | loss 4.7223 (avg 4.0342) | lr 0.000475 | seq 8
  [aml] step 30/320 | loss 3.7074 (avg 3.8772) | lr 0.000588 | seq 8
  [aml] step 40/320 | loss 3.6353 (avg 3.7950) | lr 0.000700 | seq 8
  [aml] step 50/320 | loss 3.2774 (avg 3.5786) | lr 0.000813 | seq 8
  [aml] step 60/320 | loss 0.7324 (avg 3.5509) | lr 0.000925 | seq 8
  [aml] step 70/320 | loss 3.3571 (avg 3.5448) | lr 0.001038 | seq 8
  [aml] step 80/320 | loss 4.9634 (avg 3.5505) | lr 0.001150 | seq 8
  [aml] step 90/320 | loss 1.4064 (avg 3.4887) | lr 0.001263 | seq 8
  [aml] step 100/320 | loss 4.2622 (avg 3.5016) | lr 0.001375 | seq 8
  [aml] step 110/320 | loss 1.6767 (avg 3.4512) | lr 0.001488 | seq 8
  [aml] step 120/320 | loss 1.5441 (avg 3.3748) | lr 0.001600 | seq 8
  [aml] step 130/320 | loss 4.8530 (avg 3.4002) | lr 0.001713 | seq 8
  [aml] step 140/320 | loss 2.8981 (avg 3.3681) | lr 0.001825 | seq 8
  [aml] step 150/320 | loss 0.0515 (avg 3.3446) | lr 0.001938 | seq 8
  [aml] step 160/320 | loss 0.0471 (avg 3.3114) | lr 0.002050 | seq 8
  [aml] step 170/320 | loss 3.5386 (avg 3.2791) | lr 0.002163 | seq 8
  [aml] step 180/320 | loss 5.2679 (avg 3.3194) | lr 0.002275 | seq 8
  [aml] step 190/320 | loss 4.8944 (avg 3.3241) | lr 0.002387 | seq 8
  [aml] step 200/320 | loss 3.0977 (avg 3.3148) | lr 0.002496 | seq 8
  [aml] step 210/320 | loss 3.7253 (avg 3.3121) | lr 0.002496 | seq 8
  [aml] step 220/320 | loss 4.7353 (avg 3.2871) | lr 0.002496 | seq 8
  [aml] step 230/320 | loss 3.2031 (avg 3.2805) | lr 0.002495 | seq 8
  [aml] step 240/320 | loss 1.5050 (avg 3.3104) | lr 0.002495 | seq 8
  [aml] step 250/320 | loss 4.3842 (avg 3.3009) | lr 0.002495 | seq 8
  [aml] step 260/320 | loss 4.2589 (avg 3.2934) | lr 0.002495 | seq 8
  [aml] step 270/320 | loss 4.3546 (avg 3.3120) | lr 0.002495 | seq 8
  [aml] step 280/320 | loss 4.4404 (avg 3.2975) | lr 0.002495 | seq 8
  [aml] step 290/320 | loss 4.2869 (avg 3.2633) | lr 0.002495 | seq 8
  [aml] step 300/320 | loss 0.1207 (avg 3.2681) | lr 0.002495 | seq 8
  [aml] step 310/320 | loss 5.0650 (avg 3.2829) | lr 0.002495 | seq 8
[aml] training complete: 320 steps, avg loss 3.2940 (memory freed)
  [aml] step 0/240 | loss 2.1430 (avg 2.1430) | lr 0.002495 | seq 16
  [aml] step 10/240 | loss 2.3214 (avg 3.0164) | lr 0.002495 | seq 16
  [aml] step 20/240 | loss 4.0026 (avg 3.1627) | lr 0.002495 | seq 16
  [aml] step 30/240 | loss 5.0878 (avg 3.3733) | lr 0.002495 | seq 16
  [aml] step 40/240 | loss 3.9994 (avg 3.3490) | lr 0.002495 | seq 16
  [aml] step 50/240 | loss 3.3751 (avg 3.3866) | lr 0.002495 | seq 16
  [aml] step 60/240 | loss 2.5154 (avg 3.3270) | lr 0.002494 | seq 16
  [aml] step 70/240 | loss 3.9634 (avg 3.3705) | lr 0.002494 | seq 16
  [aml] step 80/240 | loss 2.4387 (avg 3.3821) | lr 0.002494 | seq 16
  [aml] step 90/240 | loss 3.7316 (avg 3.1932) | lr 0.002494 | seq 16
  [aml] step 100/240 | loss 3.4701 (avg 3.1691) | lr 0.002494 | seq 16
  [aml] step 110/240 | loss 3.9308 (avg 3.2430) | lr 0.002494 | seq 16
  [aml] step 120/240 | loss 2.1463 (avg 3.2141) | lr 0.002494 | seq 16
  [aml] step 130/240 | loss 1.1181 (avg 3.1672) | lr 0.002494 | seq 16
  [aml] step 140/240 | loss 2.2676 (avg 3.1782) | lr 0.002494 | seq 16
  [aml] step 150/240 | loss 4.4175 (avg 3.1595) | lr 0.002494 | seq 16
  [aml] step 160/240 | loss 4.1467 (avg 3.1717) | lr 0.002494 | seq 16
  [aml] step 170/240 | loss 4.9086 (avg 3.2168) | lr 0.002494 | seq 16
  [aml] step 180/240 | loss 3.8268 (avg 3.2306) | lr 0.002494 | seq 16
  [aml] step 190/240 | loss 1.0194 (avg 3.2333) | lr 0.002494 | seq 16
  [aml] step 200/240 | loss 1.4949 (avg 3.1913) | lr 0.002493 | seq 16
  [aml] step 210/240 | loss 3.7833 (avg 3.1655) | lr 0.002493 | seq 16
  [aml] step 220/240 | loss 2.5483 (avg 3.1647) | lr 0.002493 | seq 16
  [aml] step 230/240 | loss 4.5326 (avg 3.1363) | lr 0.002493 | seq 16
[aml] training complete: 240 steps, avg loss 3.1007 (memory freed)
  [aml] step 0/240 | loss 0.9985 (avg 0.9985) | lr 0.002493 | seq 32
  [aml] step 10/240 | loss 0.6130 (avg 2.5856) | lr 0.002493 | seq 32
  [aml] step 20/240 | loss 3.9501 (avg 3.1023) | lr 0.002493 | seq 32
  [aml] step 30/240 | loss 1.0576 (avg 2.9577) | lr 0.002493 | seq 32
  [aml] step 40/240 | loss 4.6255 (avg 2.8400) | lr 0.002493 | seq 32
  [aml] step 50/240 | loss 0.4858 (avg 2.6406) | lr 0.002493 | seq 32
  [aml] step 60/240 | loss 0.7197 (avg 2.6059) | lr 0.002493 | seq 32
  [aml] step 70/240 | loss 1.1320 (avg 2.4562) | lr 0.002493 | seq 32
  [aml] step 80/240 | loss 3.6522 (avg 2.5268) | lr 0.002492 | seq 32
  [aml] step 90/240 | loss 4.3994 (avg 2.4962) | lr 0.002492 | seq 32
  [aml] step 100/240 | loss 0.6560 (avg 2.4650) | lr 0.002492 | seq 32
  [aml] step 110/240 | loss 0.8992 (avg 2.4324) | lr 0.002492 | seq 32
  [aml] step 120/240 | loss 3.9811 (avg 2.4193) | lr 0.002492 | seq 32
  [aml] step 130/240 | loss 4.4227 (avg 2.4421) | lr 0.002492 | seq 32
  [aml] step 140/240 | loss 4.1235 (avg 2.4336) | lr 0.002492 | seq 32
  [aml] step 150/240 | loss 4.1476 (avg 2.4822) | lr 0.002492 | seq 32
  [aml] step 160/240 | loss 0.3110 (avg 2.5009) | lr 0.002492 | seq 32
  [aml] step 170/240 | loss 1.4807 (avg 2.5280) | lr 0.002492 | seq 32
  [aml] step 180/240 | loss 3.8439 (avg 2.5264) | lr 0.002492 | seq 32
  [aml] step 190/240 | loss 4.2718 (avg 2.5243) | lr 0.002492 | seq 32
  [aml] step 200/240 | loss 4.6863 (avg 2.5168) | lr 0.002491 | seq 32
  [aml] step 210/240 | loss 0.8721 (avg 2.5463) | lr 0.002491 | seq 32
  [aml] step 220/240 | loss 3.9314 (avg 2.5586) | lr 0.002491 | seq 32
  [aml] step 230/240 | loss 4.3951 (avg 2.5709) | lr 0.002491 | seq 32
[aml] training complete: 240 steps, avg loss 2.5550 (memory freed)

[stage 2 — child] What it sounds like now:
  Q: Hello.
  A: The reproduced into sand shows feeling.
  Q: Who are you?
  A: ...
  Q: What do you know?
  A: ...

[init] Warmup complete at stage 2. Organism ready.
[ecology] First organism in the swarm.
molequla is alive. [evolution] Autonomous mode — background trainer running. Ctrl+C to stop.
[dna] earth wrote 42 bytes to ecology
[dna] earth wrote 90 bytes to ecology
[dna] earth wrote 61 bytes to ecology
[dna] earth wrote 64 bytes to ecology
[dna] earth wrote 29 bytes to ecology
[dna] earth wrote 55 bytes to ecology
[dna] earth wrote 31 bytes to ecology
[dna] earth wrote 84 bytes to ecology
[dna] earth wrote 58 bytes to ecology
[dna] earth wrote 27 bytes to ecology
[dna] earth wrote 46 bytes to ecology
[dna] earth wrote 198 bytes to ecology
[dna] earth wrote 98 bytes to ecology
[dna] earth wrote 56 bytes to ecology
[dna] earth wrote 172 bytes to ecology
[dna] earth wrote 37 bytes to ecology
[dna] earth wrote 110 bytes to ecology
[debug-onto] tick=50 corpus=173643 stage=2 freeze=0
[dna] earth wrote 22 bytes to ecology
[dna] earth wrote 15 bytes to ecology
[dna] earth wrote 70 bytes to ecology
[dna] earth wrote 44 bytes to ecology
[dna] earth wrote 36 bytes to ecology
[dna] earth wrote 57 bytes to ecology
[dna] earth wrote 21 bytes to ecology
[dna] earth wrote 192 bytes to ecology
[dna] earth wrote 99 bytes to ecology
[dna] earth wrote 72 bytes to ecology
[dna] earth wrote 131 bytes to ecology
[dna] earth wrote 56 bytes to ecology
[dna] earth wrote 162 bytes to ecology
[dna] earth wrote 76 bytes to ecology
[dna] earth wrote 83 bytes to ecology
[dna] earth wrote 89 bytes to ecology
[dna] earth wrote 86 bytes to ecology
[debug-onto] tick=100 corpus=173643 stage=2 freeze=0
[dna] earth wrote 63 bytes to ecology
[dna] earth wrote 57 bytes to ecology
[dna] earth wrote 172 bytes to ecology
[dna] earth wrote 37 bytes to ecology
[dna] earth wrote 66 bytes to ecology
[dna] earth wrote 106 bytes to ecology
[dna] earth wrote 29 bytes to ecology
[dna] earth wrote 68 bytes to ecology
[dna] earth wrote 197 bytes to ecology
[dna] earth wrote 186 bytes to ecology
[dna] earth wrote 35 bytes to ecology
[dna] earth wrote 151 bytes to ecology
[dna] earth wrote 38 bytes to ecology
[dna] earth wrote 119 bytes to ecology
[dna] earth wrote 58 bytes to ecology
[debug-onto] tick=150 corpus=173643 stage=2 freeze=0
[dna] earth wrote 85 bytes to ecology
[dna] earth wrote 37 bytes to ecology
[dna] earth wrote 43 bytes to ecology
[dna] earth wrote 6 bytes to ecology
[dna] earth wrote 60 bytes to ecology
[dna] earth wrote 89 bytes to ecology
[dna] earth wrote 184 bytes to ecology
[dna] earth wrote 71 bytes to ecology
[dna] earth wrote 179 bytes to ecology
[dna] earth wrote 60 bytes to ecology
[dna] earth wrote 199 bytes to ecology
[dna] earth wrote 45 bytes to ecology
[dna] earth wrote 92 bytes to ecology
[dna] earth wrote 170 bytes to ecology
[dna] earth wrote 90 bytes to ecology
[dna] earth wrote 22 bytes to ecology
[dna] earth wrote 39 bytes to ecology
[debug-onto] tick=200 corpus=173643 stage=2 freeze=0
[dna] earth wrote 98 bytes to ecology
[dna] earth wrote 144 bytes to ecology
[dna] earth wrote 8 bytes to ecology
[dna] earth wrote 107 bytes to ecology
[dna] earth wrote 134 bytes to ecology
[dna] earth wrote 87 bytes to ecology
[dna] earth wrote 44 bytes to ecology
[dna] earth wrote 49 bytes to ecology
[dna] earth wrote 32 bytes to ecology
[dna] earth wrote 21 bytes to ecology
[dna] earth wrote 160 bytes to ecology
[dna] earth wrote 55 bytes to ecology
[dna] earth wrote 34 bytes to ecology
[dna] earth wrote 106 bytes to ecology
[dna] earth wrote 88 bytes to ecology
[dna] earth wrote 36 bytes to ecology
[dna] earth wrote 46 bytes to ecology
[debug-onto] tick=250 corpus=173643 stage=2 freeze=0
[dna] earth wrote 42 bytes to ecology
[dna] earth wrote 122 bytes to ecology
[dna] earth wrote 110 bytes to ecology
[dna] earth wrote 33 bytes to ecology
[dna] earth wrote 222 bytes to ecology
[dna] earth wrote 55 bytes to ecology
[dna] earth wrote 63 bytes to ecology
[dna] earth wrote 34 bytes to ecology
[dna] earth wrote 99 bytes to ecology
[dna] earth wrote 16 bytes to ecology
[dna] earth wrote 62 bytes to ecology
[dna] earth wrote 86 bytes to ecology
[dna] earth wrote 148 bytes to ecology
[dna] earth wrote 35 bytes to ecology
[dna] earth wrote 46 bytes to ecology
[dna] earth wrote 45 bytes to ecology
[debug-onto] tick=300 corpus=173643 stage=2 freeze=0
[dna] earth wrote 30 bytes to ecology
[dna] earth wrote 181 bytes to ecology
[dna] earth wrote 175 bytes to ecology
[dna] earth wrote 65 bytes to ecology
[dna] earth wrote 70 bytes to ecology
[dna] earth wrote 56 bytes to ecology
[dna] earth wrote 77 bytes to ecology
[dna] earth wrote 33 bytes to ecology
[dna] earth wrote 60 bytes to ecology
[dna] earth wrote 32 bytes to ecology
[dna] earth wrote 40 bytes to ecology
[dna] earth wrote 47 bytes to ecology
[dna] earth wrote 77 bytes to ecology
[dna] earth wrote 98 bytes to ecology
[dna] earth wrote 163 bytes to ecology
[dna] earth wrote 53 bytes to ecology
[dna] earth wrote 15 bytes to ecology
[debug-onto] tick=350 corpus=173643 stage=2 freeze=0
[dna] earth wrote 29 bytes to ecology
[dna] earth wrote 93 bytes to ecology
[dna] earth wrote 201 bytes to ecology
[dna] earth wrote 30 bytes to ecology
[dna] earth wrote 95 bytes to ecology
[dna] earth wrote 55 bytes to ecology
[dna] earth wrote 39 bytes to ecology
[dna] earth wrote 126 bytes to ecology
[dna] earth wrote 38 bytes to ecology
[dna] earth wrote 77 bytes to ecology
[dna] earth wrote 6 bytes to ecology
[dna] earth wrote 38 bytes to ecology
[dna] earth wrote 78 bytes to ecology
[dna] earth wrote 116 bytes to ecology
[dna] earth wrote 40 bytes to ecology
[dna] earth wrote 44 bytes to ecology
[dna] earth wrote 93 bytes to ecology
[debug-onto] tick=400 corpus=173643 stage=2 freeze=0
[dna] earth wrote 33 bytes to ecology
[dna] earth wrote 153 bytes to ecology
[dna] earth wrote 65 bytes to ecology
[dna] earth wrote 60 bytes to ecology
[dna] earth wrote 56 bytes to ecology
[dna] earth wrote 34 bytes to ecology
[dna] earth wrote 107 bytes to ecology
[dna] earth wrote 18 bytes to ecology
[dna] earth wrote 36 bytes to ecology
[dna] earth wrote 113 bytes to ecology
[dna] earth wrote 93 bytes to ecology
[dna] earth wrote 39 bytes to ecology
[dna] earth wrote 51 bytes to ecology
[dna] earth wrote 165 bytes to ecology
[dna] earth wrote 137 bytes to ecology
[dna] earth wrote 177 bytes to ecology
[debug-onto] tick=450 corpus=173643 stage=2 freeze=0
[dna] earth wrote 89 bytes to ecology
[dna] earth wrote 55 bytes to ecology
[dna] earth wrote 32 bytes to ecology
[dna] earth wrote 35 bytes to ecology
[dna] earth wrote 71 bytes to ecology
[dna] earth wrote 73 bytes to ecology
[dna] earth wrote 95 bytes to ecology
[dna] earth wrote 47 bytes to ecology
[dna] earth wrote 37 bytes to ecology
[dna] earth wrote 93 bytes to ecology
[dna] earth wrote 127 bytes to ecology
[dna] earth wrote 37 bytes to ecology
[dna] earth wrote 88 bytes to ecology
[dna] earth wrote 109 bytes to ecology
[dna] earth wrote 123 bytes to ecology
[dna] earth wrote 29 bytes to ecology
[dna] earth wrote 24 bytes to ecology
[debug-onto] tick=500 corpus=173643 stage=2 freeze=0
[dna] earth wrote 193 bytes to ecology
[dna] earth wrote 105 bytes to ecology
[dna] earth wrote 35 bytes to ecology
[dna] earth wrote 107 bytes to ecology
[dna] earth wrote 15 bytes to ecology
[dna] earth wrote 12 bytes to ecology
[dna] earth wrote 23 bytes to ecology
[dna] earth wrote 24 bytes to ecology
[dna] earth wrote 39 bytes to ecology
[dna] earth wrote 39 bytes to ecology
[dna] earth wrote 20 bytes to ecology
[dna] earth wrote 24 bytes to ecology
[dna] earth wrote 25 bytes to ecology
[dna] earth wrote 42 bytes to ecology
[dna] earth wrote 61 bytes to ecology
[dna] earth wrote 66 bytes to ecology
[dna] earth wrote 13 bytes to ecology
[debug-onto] tick=550 corpus=173643 stage=2 freeze=0
[dna] earth wrote 25 bytes to ecology
[dna] earth wrote 85 bytes to ecology
[dna] earth wrote 78 bytes to ecology
[dna] earth wrote 31 bytes to ecology
[dna] earth wrote 126 bytes to ecology
[dna] earth wrote 60 bytes to ecology
[dna] earth wrote 41 bytes to ecology
[dna] earth wrote 25 bytes to ecology
[dna] earth wrote 54 bytes to ecology
[dna] earth wrote 36 bytes to ecology
[dna] earth wrote 92 bytes to ecology
[dna] earth wrote 44 bytes to ecology
[dna] earth wrote 34 bytes to ecology
[dna] earth wrote 37 bytes to ecology
[dna] earth wrote 66 bytes to ecology
[dna] earth wrote 85 bytes to ecology
[debug-onto] tick=600 corpus=173643 stage=2 freeze=0
[dna] earth wrote 277 bytes to ecology
[dna] earth wrote 76 bytes to ecology
[dna] earth wrote 35 bytes to ecology
[dna] earth wrote 29 bytes to ecology
[dna] earth wrote 6 bytes to ecology
[dna] earth wrote 76 bytes to ecology
[dna] earth wrote 98 bytes to ecology
[dna] earth wrote 104 bytes to ecology
[dna] earth wrote 123 bytes to ecology
[dna] earth wrote 111 bytes to ecology
[dna] earth wrote 29 bytes to ecology
[dna] earth wrote 59 bytes to ecology
[dna] earth wrote 73 bytes to ecology
[dna] earth wrote 69 bytes to ecology
[dna] earth wrote 41 bytes to ecology
[dna] earth wrote 104 bytes to ecology
[dna] earth wrote 84 bytes to ecology
[debug-onto] tick=650 corpus=173643 stage=2 freeze=0
[dna] earth wrote 104 bytes to ecology
[dna] earth wrote 334 bytes to ecology
[dna] earth wrote 58 bytes to ecology
[dna] earth wrote 164 bytes to ecology
[dna] earth wrote 209 bytes to ecology
[dna] earth wrote 96 bytes to ecology
[dna] earth wrote 99 bytes to ecology
[dna] earth wrote 55 bytes to ecology
[dna] earth wrote 103 bytes to ecology
[dna] earth wrote 64 bytes to ecology
[dna] earth wrote 77 bytes to ecology
[dna] earth wrote 38 bytes to ecology
[dna] earth wrote 81 bytes to ecology
[dna] earth wrote 93 bytes to ecology
[dna] earth wrote 117 bytes to ecology
[dna] earth wrote 31 bytes to ecology
[dna] earth wrote 164 bytes to ecology
[debug-onto] tick=700 corpus=173643 stage=2 freeze=0

[evolution] Organism shutting down gracefully.
