[ecology] Element: fire → corpus: nonames_fire.txt
[evolution] Autonomous evolution mode — organism will grow through all stages without pause.
[ecology] Joined swarm. 1 peer(s) detected.
molequla is alive. [evolution] Autonomous mode — background trainer running. Ctrl+C to stop.
[dna] fire wrote 40 bytes to ecology
[dna] fire consumed 13603 bytes from 216 files: [water/gen_1774850557_1.txt water/gen_1774850573_4.txt water/gen_1774850581_7.txt water/gen_1774850589_10.txt water/gen_1774850598_13.txt water/gen_1774850606_16.txt water/gen_1774850614_19.txt water/gen_1774850623_22.txt water/gen_1774850631_25.txt water/gen_1774850639_28.txt water/gen_1774850648_31.txt water/gen_1774850656_34.txt water/gen_1774850664_37.txt water/gen_1774850673_40.txt water/gen_1774850681_43.txt water/gen_1774850689_46.txt water/gen_1774850698_49.txt water/gen_1774850706_52.txt water/gen_1774850714_55.txt water/gen_1774850723_58.txt water/gen_1774850731_61.txt water/gen_1774850739_64.txt water/gen_1774850748_67.txt water/gen_1774850756_70.txt water/gen_1774850764_73.txt water/gen_1774850772_76.txt water/gen_1774850781_79.txt water/gen_1774850789_82.txt water/gen_1774850797_85.txt water/gen_1774850806_88.txt water/gen_1774850814_91.txt water/gen_1774850822_94.txt water/gen_1774850831_97.txt water/gen_1774850839_100.txt water/gen_1774850847_103.txt water/gen_1774850855_106.txt water/gen_1774850864_109.txt water/gen_1774850872_112.txt water/gen_1774850880_115.txt water/gen_1774850889_118.txt water/gen_1774850897_121.txt water/gen_1774850905_124.txt water/gen_1774850913_127.txt water/gen_1774850922_130.txt water/gen_1774850930_133.txt water/gen_1774850938_136.txt water/gen_1774850947_139.txt water/gen_1774850955_142.txt water/gen_1774850963_145.txt water/gen_1774850971_148.txt water/gen_1774850980_151.txt water/gen_1774850988_154.txt water/gen_1774850996_157.txt water/gen_1774851005_160.txt water/gen_1774851013_163.txt water/gen_1774851021_166.txt water/gen_1774851030_169.txt water/gen_1774851038_172.txt water/gen_1774851046_175.txt water/gen_1774851055_178.txt water/gen_1774851063_181.txt water/gen_1774851071_184.txt water/gen_1774851080_187.txt water/gen_1774851088_190.txt water/gen_1774851096_193.txt water/gen_1774851104_196.txt water/gen_1774851113_199.txt water/gen_1774851121_202.txt water/gen_1774851129_205.txt water/gen_1774851137_208.txt water/gen_1774851146_211.txt water/gen_1774851154_214.txt water/gen_1774851162_217.txt water/gen_1774851171_220.txt water/gen_1774851179_223.txt water/gen_1774851187_226.txt water/gen_1774851196_229.txt water/gen_1774851204_232.txt water/gen_1774851212_235.txt water/gen_1774851220_238.txt water/gen_1774851229_241.txt water/gen_1774851237_244.txt water/gen_1774851245_247.txt water/gen_1774851254_250.txt water/gen_1774851262_253.txt water/gen_1774851270_256.txt water/gen_1774851279_259.txt water/gen_1774851287_262.txt water/gen_1774851295_265.txt water/gen_1774851304_268.txt water/gen_1774851312_271.txt water/gen_1774851320_274.txt water/gen_1774851328_277.txt water/gen_1774851337_280.txt water/gen_1774851345_283.txt water/gen_1774851353_286.txt water/gen_1774851362_289.txt water/gen_1774851370_292.txt water/gen_1774851378_295.txt water/gen_1774851386_298.txt water/gen_1774851395_301.txt water/gen_1774851403_304.txt water/gen_1774851411_307.txt water/gen_1774851419_310.txt water/gen_1774851428_313.txt water/gen_1774851436_316.txt water/gen_1774851444_319.txt water/gen_1774851453_322.txt water/gen_1774851461_325.txt water/gen_1774851469_328.txt water/gen_1774851477_331.txt water/gen_1774851486_334.txt water/gen_1774851494_337.txt water/gen_1774851502_340.txt water/gen_1774851511_343.txt water/gen_1774851519_346.txt water/gen_1774851527_349.txt water/gen_1774851535_352.txt water/gen_1774851544_355.txt water/gen_1774851552_358.txt water/gen_1774851560_361.txt water/gen_1774851569_364.txt water/gen_1774851577_367.txt water/gen_1774851585_370.txt water/gen_1774851594_373.txt water/gen_1774851602_376.txt water/gen_1774851610_379.txt water/gen_1774851618_382.txt water/gen_1774851627_385.txt water/gen_1774851635_388.txt water/gen_1774851643_391.txt water/gen_1774851652_394.txt water/gen_1774851660_397.txt water/gen_1774851668_400.txt water/gen_1774851677_403.txt water/gen_1774851685_406.txt water/gen_1774851693_409.txt water/gen_1774851701_412.txt water/gen_1774851710_415.txt water/gen_1774851718_418.txt water/gen_1774851726_421.txt water/gen_1774851735_424.txt water/gen_1774851743_427.txt water/gen_1774851751_430.txt water/gen_1774851759_433.txt water/gen_1774851768_436.txt water/gen_1774851776_439.txt water/gen_1774851784_442.txt water/gen_1774851793_445.txt water/gen_1774851801_448.txt water/gen_1774851809_451.txt water/gen_1774851818_454.txt water/gen_1774851826_457.txt water/gen_1774851834_460.txt water/gen_1774851842_463.txt water/gen_1774851851_466.txt water/gen_1774851859_469.txt water/gen_1774851867_472.txt water/gen_1774851876_475.txt water/gen_1774851884_478.txt water/gen_1774851892_481.txt water/gen_1774851900_484.txt water/gen_1774851909_487.txt water/gen_1774851917_490.txt water/gen_1774851925_493.txt water/gen_1774851933_496.txt water/gen_1774851942_499.txt water/gen_1774851950_502.txt water/gen_1774851958_505.txt water/gen_1774851967_508.txt water/gen_1774851975_511.txt water/gen_1774851983_514.txt water/gen_1774851991_517.txt water/gen_1774852000_520.txt water/gen_1774852008_523.txt water/gen_1774852016_526.txt water/gen_1774852024_529.txt water/gen_1774852033_532.txt water/gen_1774852041_535.txt water/gen_1774852049_538.txt water/gen_1774852058_541.txt water/gen_1774852066_544.txt water/gen_1774852074_547.txt water/gen_1774852082_550.txt water/gen_1774852091_553.txt water/gen_1774852099_556.txt water/gen_1774852107_559.txt water/gen_1774852116_562.txt water/gen_1774852124_565.txt water/gen_1774852132_568.txt water/gen_1774852141_571.txt water/gen_1774852149_574.txt water/gen_1774852157_577.txt water/gen_1774852166_580.txt water/gen_1774852174_583.txt water/gen_1774852182_586.txt water/gen_1774852190_589.txt water/gen_1774852199_592.txt water/gen_1774852207_595.txt water/gen_1774852215_598.txt water/gen_1774852224_601.txt water/gen_1774852232_604.txt water/gen_1774852240_607.txt water/gen_1774852249_610.txt water/gen_1774852257_613.txt water/gen_1774852265_616.txt water/gen_1774852274_619.txt water/gen_1774852282_622.txt water/gen_1774852290_625.txt water/gen_1774852298_628.txt water/gen_1774852307_631.txt water/gen_1774852315_634.txt water/gen_1774852323_637.txt water/gen_1774852332_640.txt water/gen_1774852340_643.txt water/gen_1774852348_646.txt]
[trainer] micro-train burst (13603 bytes, novelty 0.05) — and lo, it feeds again.
[syntropy] action=explore | trend=0.0000 | field_dev=-0.017 | purpose_align=0.144 | lr_mul=1.30
[aml] burst complete: 32 steps, avg loss 1.4697 (memory freed)
[dna] fire wrote 125 bytes to ecology
[dna] fire wrote 55 bytes to ecology
[dna] fire wrote 110 bytes to ecology
[dna] fire wrote 62 bytes to ecology
[dna] fire wrote 47 bytes to ecology
[dna] fire wrote 28 bytes to ecology
[dna] fire wrote 28 bytes to ecology
[dna] fire wrote 59 bytes to ecology
[dna] fire wrote 32 bytes to ecology
[dna] fire wrote 18 bytes to ecology
[dna] fire wrote 25 bytes to ecology
[dna] fire wrote 23 bytes to ecology
[dna] fire wrote 48 bytes to ecology
[dna] fire wrote 36 bytes to ecology
[dna] fire wrote 22 bytes to ecology
[dna] fire wrote 21 bytes to ecology
[debug-onto] tick=50 corpus=135719 stage=2 freeze=0
[dna] fire wrote 34 bytes to ecology
[dna] fire wrote 54 bytes to ecology
[dna] fire wrote 30 bytes to ecology
[dna] fire wrote 26 bytes to ecology
[dna] fire wrote 47 bytes to ecology
[dna] fire wrote 50 bytes to ecology
[dna] fire wrote 52 bytes to ecology
[dna] fire wrote 92 bytes to ecology
[dna] fire wrote 25 bytes to ecology
[dna] fire wrote 76 bytes to ecology
[dna] fire wrote 22 bytes to ecology
[dna] fire wrote 261 bytes to ecology
[dna] fire wrote 51 bytes to ecology
[dna] fire wrote 26 bytes to ecology
[dna] fire wrote 121 bytes to ecology
[dna] fire wrote 60 bytes to ecology
[dna] fire wrote 26 bytes to ecology
[debug-onto] tick=100 corpus=135719 stage=2 freeze=0
[dna] fire wrote 42 bytes to ecology
[dna] fire wrote 172 bytes to ecology
[dna] fire wrote 88 bytes to ecology
[dna] fire wrote 31 bytes to ecology
[dna] fire wrote 71 bytes to ecology
[dna] fire wrote 78 bytes to ecology
[dna] fire wrote 68 bytes to ecology
[dna] fire wrote 116 bytes to ecology
[dna] fire wrote 25 bytes to ecology
[dna] fire wrote 162 bytes to ecology
[dna] fire wrote 17 bytes to ecology
[dna] fire wrote 184 bytes to ecology
[dna] fire wrote 123 bytes to ecology
[dna] fire wrote 19 bytes to ecology
[dna] fire wrote 98 bytes to ecology
[dna] fire wrote 51 bytes to ecology
[debug-onto] tick=150 corpus=135719 stage=2 freeze=0
[dna] fire wrote 108 bytes to ecology
[dna] fire wrote 40 bytes to ecology
[dna] fire wrote 89 bytes to ecology
[dna] fire wrote 69 bytes to ecology
[dna] fire wrote 45 bytes to ecology
[dna] fire wrote 148 bytes to ecology
[dna] fire wrote 65 bytes to ecology
[dna] fire wrote 41 bytes to ecology
[dna] fire wrote 95 bytes to ecology
[dna] fire wrote 37 bytes to ecology
[dna] fire wrote 10 bytes to ecology
[dna] fire wrote 39 bytes to ecology
[dna] fire wrote 77 bytes to ecology
[dna] fire wrote 39 bytes to ecology
[dna] fire wrote 26 bytes to ecology
[dna] fire wrote 56 bytes to ecology
[dna] fire wrote 19 bytes to ecology
[debug-onto] tick=200 corpus=135719 stage=2 freeze=0
[dna] fire wrote 16 bytes to ecology
[dna] fire wrote 68 bytes to ecology
[dna] fire wrote 148 bytes to ecology
[dna] fire wrote 64 bytes to ecology
[dna] fire wrote 107 bytes to ecology
[dna] fire wrote 86 bytes to ecology
[dna] fire wrote 34 bytes to ecology
[dna] fire wrote 30 bytes to ecology
[dna] fire wrote 15 bytes to ecology
[dna] fire wrote 28 bytes to ecology
[dna] fire wrote 41 bytes to ecology
[dna] fire wrote 11 bytes to ecology
[dna] fire wrote 106 bytes to ecology
[dna] fire wrote 80 bytes to ecology
[dna] fire wrote 9 bytes to ecology
[dna] fire wrote 29 bytes to ecology
[dna] fire wrote 166 bytes to ecology
[debug-onto] tick=250 corpus=135719 stage=2 freeze=0
[dna] fire wrote 102 bytes to ecology
[dna] fire wrote 54 bytes to ecology
[dna] fire wrote 27 bytes to ecology
[dna] fire wrote 104 bytes to ecology
[dna] fire wrote 32 bytes to ecology
[dna] fire wrote 65 bytes to ecology
[dna] fire wrote 71 bytes to ecology
[dna] fire wrote 6 bytes to ecology
[dna] fire wrote 31 bytes to ecology
[dna] fire wrote 51 bytes to ecology
[dna] fire wrote 97 bytes to ecology
[dna] fire wrote 28 bytes to ecology
[dna] fire wrote 66 bytes to ecology
[dna] fire wrote 31 bytes to ecology
[dna] fire wrote 18 bytes to ecology
[dna] fire wrote 9 bytes to ecology
[debug-onto] tick=300 corpus=135719 stage=2 freeze=0
[dna] fire wrote 15 bytes to ecology
[dna] fire wrote 96 bytes to ecology
[dna] fire wrote 9 bytes to ecology
[dna] fire wrote 63 bytes to ecology
[dna] fire wrote 50 bytes to ecology
[dna] fire wrote 60 bytes to ecology
[dna] fire wrote 38 bytes to ecology
[dna] fire wrote 122 bytes to ecology
[dna] fire wrote 19 bytes to ecology
[dna] fire wrote 159 bytes to ecology
[dna] fire wrote 49 bytes to ecology
[dna] fire wrote 35 bytes to ecology
[dna] fire wrote 51 bytes to ecology
[dna] fire wrote 38 bytes to ecology
[dna] fire wrote 32 bytes to ecology
[dna] fire wrote 55 bytes to ecology
[dna] fire wrote 54 bytes to ecology
[debug-onto] tick=350 corpus=135719 stage=2 freeze=0
[dna] fire wrote 25 bytes to ecology
[dna] fire wrote 9 bytes to ecology
[dna] fire wrote 15 bytes to ecology
[dna] fire wrote 75 bytes to ecology
[dna] fire wrote 109 bytes to ecology
[dna] fire wrote 43 bytes to ecology
[dna] fire wrote 171 bytes to ecology
[dna] fire wrote 64 bytes to ecology
[dna] fire wrote 117 bytes to ecology
[dna] fire wrote 71 bytes to ecology
[dna] fire wrote 15 bytes to ecology
[dna] fire wrote 25 bytes to ecology
[dna] fire wrote 218 bytes to ecology
[dna] fire wrote 139 bytes to ecology
[dna] fire wrote 196 bytes to ecology
[dna] fire wrote 33 bytes to ecology
[dna] fire wrote 50 bytes to ecology
[debug-onto] tick=400 corpus=135719 stage=2 freeze=0
[dna] fire wrote 143 bytes to ecology
[dna] fire wrote 16 bytes to ecology
[dna] fire wrote 58 bytes to ecology
[dna] fire wrote 64 bytes to ecology
[dna] fire wrote 25 bytes to ecology
[dna] fire wrote 127 bytes to ecology
[dna] fire wrote 48 bytes to ecology
[dna] fire wrote 38 bytes to ecology
[dna] fire wrote 53 bytes to ecology
[dna] fire wrote 58 bytes to ecology
[dna] fire wrote 40 bytes to ecology
[dna] fire wrote 81 bytes to ecology
[dna] fire wrote 84 bytes to ecology
[dna] fire wrote 44 bytes to ecology
[dna] fire wrote 28 bytes to ecology
[dna] fire wrote 54 bytes to ecology
[debug-onto] tick=450 corpus=135719 stage=2 freeze=0
[dna] fire wrote 108 bytes to ecology
[dna] fire wrote 42 bytes to ecology
[dna] fire wrote 30 bytes to ecology
[dna] fire wrote 12 bytes to ecology
[dna] fire wrote 22 bytes to ecology
[dna] fire wrote 38 bytes to ecology
[dna] fire wrote 47 bytes to ecology
[dna] fire wrote 58 bytes to ecology
[dna] fire wrote 47 bytes to ecology
[dna] fire wrote 123 bytes to ecology
[dna] fire wrote 25 bytes to ecology
[dna] fire wrote 48 bytes to ecology
[dna] fire wrote 38 bytes to ecology
[dna] fire wrote 48 bytes to ecology
[dna] fire wrote 191 bytes to ecology
[dna] fire wrote 11 bytes to ecology
[dna] fire wrote 47 bytes to ecology
[debug-onto] tick=500 corpus=135719 stage=2 freeze=0
[dna] fire wrote 56 bytes to ecology
[dna] fire wrote 54 bytes to ecology
[dna] fire wrote 59 bytes to ecology
[dna] fire wrote 22 bytes to ecology
[dna] fire wrote 102 bytes to ecology
[dna] fire wrote 26 bytes to ecology
[dna] fire wrote 54 bytes to ecology
[dna] fire wrote 151 bytes to ecology
[dna] fire wrote 37 bytes to ecology
[dna] fire wrote 50 bytes to ecology
[dna] fire wrote 93 bytes to ecology
[dna] fire wrote 18 bytes to ecology
[dna] fire wrote 69 bytes to ecology
[dna] fire wrote 71 bytes to ecology
[dna] fire wrote 81 bytes to ecology
[dna] fire wrote 53 bytes to ecology
[dna] fire wrote 36 bytes to ecology
[debug-onto] tick=550 corpus=135719 stage=2 freeze=0
[dna] fire wrote 222 bytes to ecology
[dna] fire wrote 74 bytes to ecology
[dna] fire wrote 28 bytes to ecology
[dna] fire wrote 21 bytes to ecology
[dna] fire wrote 49 bytes to ecology
[dna] fire wrote 52 bytes to ecology
[dna] fire wrote 153 bytes to ecology
[dna] fire wrote 56 bytes to ecology
[dna] fire wrote 35 bytes to ecology
[dna] fire wrote 20 bytes to ecology
[dna] fire wrote 108 bytes to ecology
[dna] fire wrote 74 bytes to ecology
[dna] fire wrote 46 bytes to ecology
[dna] fire wrote 79 bytes to ecology
[dna] fire wrote 25 bytes to ecology
[dna] fire wrote 44 bytes to ecology
[debug-onto] tick=600 corpus=135719 stage=2 freeze=0
[dna] fire wrote 51 bytes to ecology
[dna] fire wrote 172 bytes to ecology
[dna] fire wrote 63 bytes to ecology
[dna] fire wrote 11 bytes to ecology
[dna] fire wrote 28 bytes to ecology
[dna] fire wrote 49 bytes to ecology
[dna] fire wrote 72 bytes to ecology
[dna] fire wrote 198 bytes to ecology
[dna] fire wrote 30 bytes to ecology
[dna] fire wrote 24 bytes to ecology
[dna] fire wrote 117 bytes to ecology
[dna] fire wrote 190 bytes to ecology
[dna] fire wrote 26 bytes to ecology
[dna] fire wrote 35 bytes to ecology
[dna] fire wrote 81 bytes to ecology
[dna] fire wrote 36 bytes to ecology
[dna] fire wrote 109 bytes to ecology
[debug-onto] tick=650 corpus=135719 stage=2 freeze=0
[dna] fire wrote 31 bytes to ecology
[dna] fire wrote 21 bytes to ecology
[dna] fire wrote 40 bytes to ecology
[dna] fire wrote 39 bytes to ecology
[dna] fire wrote 12 bytes to ecology
[dna] fire wrote 35 bytes to ecology
[dna] fire wrote 81 bytes to ecology
[dna] fire wrote 172 bytes to ecology
[dna] fire wrote 62 bytes to ecology
[dna] fire wrote 39 bytes to ecology

[evolution] Organism shutting down gracefully.
