[ecology] Element: water → corpus: nonames_water.txt
[evolution] Autonomous evolution mode — organism will grow through all stages without pause.
[ecology] Joined swarm. 1 peer(s) detected.
molequla is alive. [evolution] Autonomous mode — background trainer running. Ctrl+C to stop.
[dna] water wrote 172 bytes to ecology
[dna] water consumed 17559 bytes from 239 files: [air/gen_1774848756_1.txt air/gen_1774848771_4.txt air/gen_1774848779_7.txt air/gen_1774848786_10.txt air/gen_1774848794_13.txt air/gen_1774848801_16.txt air/gen_1774848809_19.txt air/gen_1774848816_22.txt air/gen_1774848824_25.txt air/gen_1774848831_28.txt air/gen_1774848839_31.txt air/gen_1774848846_34.txt air/gen_1774848854_37.txt air/gen_1774848861_40.txt air/gen_1774848869_43.txt air/gen_1774848876_46.txt air/gen_1774848884_49.txt air/gen_1774848891_52.txt air/gen_1774848899_55.txt air/gen_1774848906_58.txt air/gen_1774848914_61.txt air/gen_1774848921_64.txt air/gen_1774848929_67.txt air/gen_1774848936_70.txt air/gen_1774848944_73.txt air/gen_1774848951_76.txt air/gen_1774848959_79.txt air/gen_1774848966_82.txt air/gen_1774848974_85.txt air/gen_1774848982_88.txt air/gen_1774848989_91.txt air/gen_1774848997_94.txt air/gen_1774849004_97.txt air/gen_1774849012_100.txt air/gen_1774849019_103.txt air/gen_1774849027_106.txt air/gen_1774849034_109.txt air/gen_1774849042_112.txt air/gen_1774849049_115.txt air/gen_1774849057_118.txt air/gen_1774849064_121.txt air/gen_1774849072_124.txt air/gen_1774849079_127.txt air/gen_1774849087_130.txt air/gen_1774849094_133.txt air/gen_1774849102_136.txt air/gen_1774849109_139.txt air/gen_1774849117_142.txt air/gen_1774849124_145.txt air/gen_1774849132_148.txt air/gen_1774849139_151.txt air/gen_1774849147_154.txt air/gen_1774849154_157.txt air/gen_1774849162_160.txt air/gen_1774849169_163.txt air/gen_1774849177_166.txt air/gen_1774849184_169.txt air/gen_1774849192_172.txt air/gen_1774849199_175.txt air/gen_1774849207_178.txt air/gen_1774849214_181.txt air/gen_1774849222_184.txt air/gen_1774849229_187.txt air/gen_1774849237_190.txt air/gen_1774849244_193.txt air/gen_1774849252_196.txt air/gen_1774849259_199.txt air/gen_1774849267_202.txt air/gen_1774849274_205.txt air/gen_1774849282_208.txt air/gen_1774849290_211.txt air/gen_1774849297_214.txt air/gen_1774849305_217.txt air/gen_1774849312_220.txt air/gen_1774849320_223.txt air/gen_1774849327_226.txt air/gen_1774849335_229.txt air/gen_1774849342_232.txt air/gen_1774849350_235.txt air/gen_1774849357_238.txt air/gen_1774849365_241.txt air/gen_1774849372_244.txt air/gen_1774849380_247.txt air/gen_1774849387_250.txt air/gen_1774849395_253.txt air/gen_1774849402_256.txt air/gen_1774849410_259.txt air/gen_1774849417_262.txt air/gen_1774849425_265.txt air/gen_1774849432_268.txt air/gen_1774849440_271.txt air/gen_1774849447_274.txt air/gen_1774849455_277.txt air/gen_1774849462_280.txt air/gen_1774849470_283.txt air/gen_1774849477_286.txt air/gen_1774849485_289.txt air/gen_1774849492_292.txt air/gen_1774849500_295.txt air/gen_1774849507_298.txt air/gen_1774849515_301.txt air/gen_1774849522_304.txt air/gen_1774849530_307.txt air/gen_1774849537_310.txt air/gen_1774849545_313.txt air/gen_1774849553_316.txt air/gen_1774849560_319.txt air/gen_1774849568_322.txt air/gen_1774849575_325.txt air/gen_1774849583_328.txt air/gen_1774849590_331.txt air/gen_1774849598_334.txt air/gen_1774849605_337.txt air/gen_1774849613_340.txt air/gen_1774849620_343.txt air/gen_1774849628_346.txt air/gen_1774849635_349.txt air/gen_1774849643_352.txt air/gen_1774849650_355.txt air/gen_1774849658_358.txt air/gen_1774849665_361.txt air/gen_1774849673_364.txt air/gen_1774849680_367.txt air/gen_1774849688_370.txt air/gen_1774849695_373.txt air/gen_1774849703_376.txt air/gen_1774849710_379.txt air/gen_1774849718_382.txt air/gen_1774849725_385.txt air/gen_1774849733_388.txt air/gen_1774849740_391.txt air/gen_1774849748_394.txt air/gen_1774849755_397.txt air/gen_1774849763_400.txt air/gen_1774849770_403.txt air/gen_1774849778_406.txt air/gen_1774849785_409.txt air/gen_1774849793_412.txt air/gen_1774849800_415.txt air/gen_1774849808_418.txt air/gen_1774849815_421.txt air/gen_1774849823_424.txt air/gen_1774849830_427.txt air/gen_1774849838_430.txt air/gen_1774849845_433.txt air/gen_1774849853_436.txt air/gen_1774849860_439.txt air/gen_1774849868_442.txt air/gen_1774849875_445.txt air/gen_1774849883_448.txt air/gen_1774849890_451.txt air/gen_1774849898_454.txt air/gen_1774849905_457.txt air/gen_1774849913_460.txt air/gen_1774849920_463.txt air/gen_1774849928_466.txt air/gen_1774849935_469.txt air/gen_1774849943_472.txt air/gen_1774849950_475.txt air/gen_1774849958_478.txt air/gen_1774849965_481.txt air/gen_1774849973_484.txt air/gen_1774849980_487.txt air/gen_1774849988_490.txt air/gen_1774849995_493.txt air/gen_1774850003_496.txt air/gen_1774850010_499.txt air/gen_1774850018_502.txt air/gen_1774850025_505.txt air/gen_1774850033_508.txt air/gen_1774850040_511.txt air/gen_1774850048_514.txt air/gen_1774850055_517.txt air/gen_1774850063_520.txt air/gen_1774850070_523.txt air/gen_1774850078_526.txt air/gen_1774850085_529.txt air/gen_1774850093_532.txt air/gen_1774850100_535.txt air/gen_1774850108_538.txt air/gen_1774850115_541.txt air/gen_1774850123_544.txt air/gen_1774850130_547.txt air/gen_1774850138_550.txt air/gen_1774850145_553.txt air/gen_1774850153_556.txt air/gen_1774850160_559.txt air/gen_1774850168_562.txt air/gen_1774850175_565.txt air/gen_1774850183_568.txt air/gen_1774850190_571.txt air/gen_1774850198_574.txt air/gen_1774850205_577.txt air/gen_1774850213_580.txt air/gen_1774850220_583.txt air/gen_1774850228_586.txt air/gen_1774850235_589.txt air/gen_1774850243_592.txt air/gen_1774850250_595.txt air/gen_1774850258_598.txt air/gen_1774850265_601.txt air/gen_1774850273_604.txt air/gen_1774850280_607.txt air/gen_1774850288_610.txt air/gen_1774850295_613.txt air/gen_1774850303_616.txt air/gen_1774850311_619.txt air/gen_1774850318_622.txt air/gen_1774850326_625.txt air/gen_1774850333_628.txt air/gen_1774850341_631.txt air/gen_1774850348_634.txt air/gen_1774850356_637.txt air/gen_1774850363_640.txt air/gen_1774850371_643.txt air/gen_1774850378_646.txt air/gen_1774850386_649.txt air/gen_1774850393_652.txt air/gen_1774850401_655.txt air/gen_1774850409_658.txt air/gen_1774850416_661.txt air/gen_1774850424_664.txt air/gen_1774850431_667.txt air/gen_1774850439_670.txt air/gen_1774850446_673.txt air/gen_1774850454_676.txt air/gen_1774850461_679.txt air/gen_1774850469_682.txt air/gen_1774850476_685.txt air/gen_1774850484_688.txt air/gen_1774850491_691.txt air/gen_1774850499_694.txt air/gen_1774850506_697.txt air/gen_1774850514_700.txt air/gen_1774850522_703.txt air/gen_1774850529_706.txt air/gen_1774850537_709.txt air/gen_1774850544_712.txt air/gen_1774850552_715.txt]
[trainer] micro-train burst (17559 bytes, novelty 0.03) — and lo, it feeds again.
[syntropy] action=explore | trend=0.0000 | field_dev=-0.067 | purpose_align=0.142 | lr_mul=1.30
[aml] burst complete: 32 steps, avg loss 1.9114 (memory freed)
[dna] water wrote 135 bytes to ecology
[dna] water wrote 39 bytes to ecology
[dna] water wrote 102 bytes to ecology
[dna] water wrote 24 bytes to ecology
[dna] water wrote 34 bytes to ecology
[dna] water wrote 77 bytes to ecology
[dna] water wrote 31 bytes to ecology
[dna] water wrote 33 bytes to ecology
[dna] water wrote 36 bytes to ecology
[dna] water wrote 55 bytes to ecology
[dna] water wrote 24 bytes to ecology
[dna] water wrote 51 bytes to ecology
[dna] water wrote 38 bytes to ecology
[dna] water wrote 46 bytes to ecology
[dna] water wrote 23 bytes to ecology
[dna] water wrote 59 bytes to ecology
[debug-onto] tick=50 corpus=143495 stage=2 freeze=0
[dna] water wrote 32 bytes to ecology
[dna] water wrote 21 bytes to ecology
[dna] water wrote 46 bytes to ecology
[dna] water wrote 40 bytes to ecology
[dna] water wrote 115 bytes to ecology
[dna] water wrote 57 bytes to ecology
[dna] water wrote 97 bytes to ecology
[dna] water wrote 47 bytes to ecology
[dna] water wrote 26 bytes to ecology
[dna] water wrote 17 bytes to ecology
[dna] water wrote 27 bytes to ecology
[dna] water wrote 46 bytes to ecology
[dna] water wrote 217 bytes to ecology
[dna] water wrote 23 bytes to ecology
[dna] water wrote 62 bytes to ecology
[dna] water wrote 115 bytes to ecology
[dna] water wrote 48 bytes to ecology
[debug-onto] tick=100 corpus=143495 stage=2 freeze=0
[dna] water wrote 48 bytes to ecology
[dna] water wrote 57 bytes to ecology
[dna] water wrote 73 bytes to ecology
[dna] water wrote 21 bytes to ecology
[dna] water wrote 63 bytes to ecology
[dna] water wrote 38 bytes to ecology
[dna] water wrote 87 bytes to ecology
[dna] water wrote 41 bytes to ecology
[dna] water wrote 24 bytes to ecology
[dna] water wrote 26 bytes to ecology
[dna] water wrote 100 bytes to ecology
[dna] water wrote 33 bytes to ecology
[dna] water wrote 53 bytes to ecology
[dna] water wrote 79 bytes to ecology
[dna] water wrote 34 bytes to ecology
[dna] water wrote 21 bytes to ecology
[debug-onto] tick=150 corpus=143495 stage=2 freeze=0
[dna] water wrote 23 bytes to ecology
[dna] water wrote 32 bytes to ecology
[dna] water wrote 101 bytes to ecology
[dna] water wrote 236 bytes to ecology
[dna] water wrote 78 bytes to ecology
[dna] water wrote 106 bytes to ecology
[dna] water wrote 29 bytes to ecology
[dna] water wrote 22 bytes to ecology
[dna] water wrote 41 bytes to ecology
[dna] water wrote 188 bytes to ecology
[dna] water wrote 15 bytes to ecology
[dna] water wrote 29 bytes to ecology
[dna] water wrote 118 bytes to ecology
[dna] water wrote 40 bytes to ecology
[dna] water wrote 109 bytes to ecology
[dna] water wrote 19 bytes to ecology
[dna] water wrote 36 bytes to ecology
[debug-onto] tick=200 corpus=143495 stage=2 freeze=0
[dna] water wrote 13 bytes to ecology
[dna] water wrote 47 bytes to ecology
[dna] water wrote 32 bytes to ecology
[dna] water wrote 166 bytes to ecology
[dna] water wrote 53 bytes to ecology
[dna] water wrote 35 bytes to ecology
[dna] water wrote 75 bytes to ecology
[dna] water wrote 101 bytes to ecology
[dna] water wrote 23 bytes to ecology
[dna] water wrote 160 bytes to ecology
[dna] water wrote 95 bytes to ecology
[dna] water wrote 55 bytes to ecology
[dna] water wrote 29 bytes to ecology
[dna] water wrote 37 bytes to ecology
[dna] water wrote 169 bytes to ecology
[dna] water wrote 55 bytes to ecology
[dna] water wrote 34 bytes to ecology
[debug-onto] tick=250 corpus=143495 stage=2 freeze=0
[dna] water wrote 127 bytes to ecology
[dna] water wrote 24 bytes to ecology
[dna] water wrote 50 bytes to ecology
[dna] water wrote 61 bytes to ecology
[dna] water wrote 33 bytes to ecology
[dna] water wrote 125 bytes to ecology
[dna] water wrote 35 bytes to ecology
[dna] water wrote 51 bytes to ecology
[dna] water wrote 58 bytes to ecology
[dna] water wrote 42 bytes to ecology
[dna] water wrote 98 bytes to ecology
[dna] water wrote 46 bytes to ecology
[dna] water wrote 171 bytes to ecology
[dna] water wrote 45 bytes to ecology
[dna] water wrote 14 bytes to ecology
[dna] water wrote 28 bytes to ecology
[debug-onto] tick=300 corpus=143495 stage=2 freeze=0
[dna] water wrote 89 bytes to ecology
[dna] water wrote 65 bytes to ecology
[dna] water wrote 84 bytes to ecology
[dna] water wrote 18 bytes to ecology
[dna] water wrote 41 bytes to ecology
[dna] water wrote 21 bytes to ecology
[dna] water wrote 44 bytes to ecology
[dna] water wrote 106 bytes to ecology
[dna] water wrote 110 bytes to ecology
[dna] water wrote 37 bytes to ecology
[dna] water wrote 20 bytes to ecology
[dna] water wrote 53 bytes to ecology
[dna] water wrote 78 bytes to ecology
[dna] water wrote 39 bytes to ecology
[dna] water wrote 124 bytes to ecology
[dna] water wrote 34 bytes to ecology
[dna] water wrote 19 bytes to ecology
[debug-onto] tick=350 corpus=143495 stage=2 freeze=0
[dna] water wrote 11 bytes to ecology
[dna] water wrote 76 bytes to ecology
[dna] water wrote 108 bytes to ecology
[dna] water wrote 185 bytes to ecology
[dna] water wrote 53 bytes to ecology
[dna] water wrote 44 bytes to ecology
[dna] water wrote 69 bytes to ecology
[dna] water wrote 128 bytes to ecology
[dna] water wrote 38 bytes to ecology
[dna] water wrote 73 bytes to ecology
[dna] water wrote 86 bytes to ecology
[dna] water wrote 136 bytes to ecology
[dna] water wrote 28 bytes to ecology
[dna] water wrote 44 bytes to ecology
[dna] water wrote 26 bytes to ecology
[dna] water wrote 27 bytes to ecology
[dna] water wrote 38 bytes to ecology
[debug-onto] tick=400 corpus=143495 stage=2 freeze=0
[dna] water wrote 30 bytes to ecology
[dna] water wrote 23 bytes to ecology
[dna] water wrote 23 bytes to ecology
[dna] water wrote 109 bytes to ecology
[dna] water wrote 64 bytes to ecology
[dna] water wrote 15 bytes to ecology
[dna] water wrote 46 bytes to ecology
[dna] water wrote 47 bytes to ecology
[dna] water wrote 33 bytes to ecology
[dna] water wrote 12 bytes to ecology
[dna] water wrote 51 bytes to ecology
[dna] water wrote 49 bytes to ecology
[dna] water wrote 83 bytes to ecology
[dna] water wrote 35 bytes to ecology
[dna] water wrote 32 bytes to ecology
[dna] water wrote 76 bytes to ecology
[debug-onto] tick=450 corpus=143495 stage=2 freeze=0
[dna] water wrote 92 bytes to ecology
[dna] water wrote 70 bytes to ecology
[dna] water wrote 29 bytes to ecology
[dna] water wrote 36 bytes to ecology
[dna] water wrote 56 bytes to ecology
[dna] water wrote 66 bytes to ecology
[dna] water wrote 26 bytes to ecology
[dna] water wrote 41 bytes to ecology
[dna] water wrote 83 bytes to ecology
[dna] water wrote 41 bytes to ecology
[dna] water wrote 78 bytes to ecology
[dna] water wrote 64 bytes to ecology
[dna] water wrote 31 bytes to ecology
[dna] water wrote 55 bytes to ecology
[dna] water wrote 23 bytes to ecology
[dna] water wrote 41 bytes to ecology
[dna] water wrote 48 bytes to ecology
[debug-onto] tick=500 corpus=143495 stage=2 freeze=0
[dna] water wrote 56 bytes to ecology
[dna] water wrote 123 bytes to ecology
[dna] water wrote 118 bytes to ecology
[dna] water wrote 43 bytes to ecology
[dna] water wrote 70 bytes to ecology
[dna] water wrote 15 bytes to ecology
[dna] water wrote 78 bytes to ecology
[dna] water wrote 18 bytes to ecology
[dna] water wrote 75 bytes to ecology
[dna] water wrote 45 bytes to ecology
[dna] water wrote 42 bytes to ecology
[dna] water wrote 109 bytes to ecology
[dna] water wrote 140 bytes to ecology
[dna] water wrote 15 bytes to ecology
[dna] water wrote 101 bytes to ecology
[dna] water wrote 75 bytes to ecology
[dna] water wrote 56 bytes to ecology
[debug-onto] tick=550 corpus=143495 stage=2 freeze=0
[dna] water wrote 237 bytes to ecology
[dna] water wrote 52 bytes to ecology
[dna] water wrote 66 bytes to ecology
[dna] water wrote 87 bytes to ecology
[dna] water wrote 72 bytes to ecology
[dna] water wrote 33 bytes to ecology
[dna] water wrote 29 bytes to ecology
[dna] water wrote 47 bytes to ecology
[dna] water wrote 79 bytes to ecology
[dna] water wrote 138 bytes to ecology
[dna] water wrote 59 bytes to ecology
[dna] water wrote 114 bytes to ecology
[dna] water wrote 24 bytes to ecology
[dna] water wrote 53 bytes to ecology
[dna] water wrote 71 bytes to ecology
[dna] water wrote 50 bytes to ecology
[debug-onto] tick=600 corpus=143495 stage=2 freeze=0
[dna] water wrote 33 bytes to ecology
[dna] water wrote 62 bytes to ecology
[dna] water wrote 51 bytes to ecology
[dna] water wrote 174 bytes to ecology
[dna] water wrote 95 bytes to ecology
[dna] water wrote 107 bytes to ecology
[dna] water wrote 75 bytes to ecology
[dna] water wrote 52 bytes to ecology
[dna] water wrote 36 bytes to ecology
[dna] water wrote 57 bytes to ecology
[dna] water wrote 47 bytes to ecology
[dna] water wrote 68 bytes to ecology
[dna] water wrote 96 bytes to ecology
[dna] water wrote 107 bytes to ecology
[dna] water wrote 60 bytes to ecology
[dna] water wrote 111 bytes to ecology

[evolution] Organism shutting down gracefully.
