[ecology] Element: air → corpus: nonames_air.txt
[evolution] Autonomous evolution mode — organism will grow through all stages without pause.
[ecology] Joined swarm. 1 peer(s) detected.
molequla is alive. [evolution] Autonomous mode — background trainer running. Ctrl+C to stop.
[dna] air wrote 143 bytes to ecology
[dna] air consumed 16139 bytes from 224 files: [earth/gen_1774760111_1.txt earth/gen_1774760119_4.txt earth/gen_1774760127_7.txt earth/gen_1774760135_10.txt earth/gen_1774760143_13.txt earth/gen_1774760151_16.txt earth/gen_1774760159_19.txt earth/gen_1774760167_22.txt earth/gen_1774760174_25.txt earth/gen_1774760182_28.txt earth/gen_1774760190_31.txt earth/gen_1774760198_34.txt earth/gen_1774760206_37.txt earth/gen_1774760214_40.txt earth/gen_1774760221_43.txt earth/gen_1774760229_46.txt earth/gen_1774760237_49.txt earth/gen_1774760244_52.txt earth/gen_1774760252_55.txt earth/gen_1774760260_58.txt earth/gen_1774760267_61.txt earth/gen_1774760275_64.txt earth/gen_1774760283_67.txt earth/gen_1774760291_70.txt earth/gen_1774760298_73.txt earth/gen_1774760306_76.txt earth/gen_1774760314_79.txt earth/gen_1774760322_82.txt earth/gen_1774760330_85.txt earth/gen_1774760338_88.txt earth/gen_1774760346_91.txt earth/gen_1774760354_94.txt earth/gen_1774760362_97.txt earth/gen_1774760370_100.txt earth/gen_1774760378_103.txt earth/gen_1774760386_106.txt earth/gen_1774760394_109.txt earth/gen_1774760402_112.txt earth/gen_1774760410_115.txt earth/gen_1774760418_118.txt earth/gen_1774760426_121.txt earth/gen_1774760434_124.txt earth/gen_1774760442_127.txt earth/gen_1774760450_130.txt earth/gen_1774760457_133.txt earth/gen_1774760466_136.txt earth/gen_1774760473_139.txt earth/gen_1774760481_142.txt earth/gen_1774760489_145.txt earth/gen_1774760498_148.txt earth/gen_1774760506_151.txt earth/gen_1774760514_154.txt earth/gen_1774760522_157.txt earth/gen_1774760530_160.txt earth/gen_1774760538_163.txt earth/gen_1774760547_166.txt earth/gen_1774760555_169.txt earth/gen_1774760563_172.txt earth/gen_1774760571_175.txt earth/gen_1774760579_178.txt earth/gen_1774760587_181.txt earth/gen_1774760595_184.txt earth/gen_1774760603_187.txt earth/gen_1774760611_190.txt earth/gen_1774760619_193.txt earth/gen_1774760627_196.txt earth/gen_1774760635_199.txt earth/gen_1774760643_202.txt earth/gen_1774760651_205.txt earth/gen_1774760660_208.txt earth/gen_1774760668_211.txt earth/gen_1774760676_214.txt earth/gen_1774760684_217.txt earth/gen_1774760692_220.txt earth/gen_1774760701_223.txt earth/gen_1774760709_226.txt earth/gen_1774760717_229.txt earth/gen_1774760725_232.txt earth/gen_1774760733_235.txt earth/gen_1774760741_238.txt earth/gen_1774760749_241.txt earth/gen_1774760756_244.txt earth/gen_1774760764_247.txt earth/gen_1774760772_250.txt earth/gen_1774760780_253.txt earth/gen_1774760788_256.txt earth/gen_1774760796_259.txt earth/gen_1774760803_262.txt earth/gen_1774760811_265.txt earth/gen_1774760819_268.txt earth/gen_1774760827_271.txt earth/gen_1774760835_274.txt earth/gen_1774760843_277.txt earth/gen_1774760851_280.txt earth/gen_1774760859_283.txt earth/gen_1774760867_286.txt earth/gen_1774760874_289.txt earth/gen_1774760882_292.txt earth/gen_1774760890_295.txt earth/gen_1774760898_298.txt earth/gen_1774760906_301.txt earth/gen_1774760914_304.txt earth/gen_1774760922_307.txt earth/gen_1774760929_310.txt earth/gen_1774760937_313.txt earth/gen_1774760945_316.txt earth/gen_1774760953_319.txt earth/gen_1774760961_322.txt earth/gen_1774760969_325.txt earth/gen_1774760977_328.txt earth/gen_1774760985_331.txt earth/gen_1774760993_334.txt earth/gen_1774761001_337.txt earth/gen_1774761009_340.txt earth/gen_1774761017_343.txt earth/gen_1774761025_346.txt earth/gen_1774761033_349.txt earth/gen_1774761041_352.txt earth/gen_1774761048_355.txt earth/gen_1774761056_358.txt earth/gen_1774761064_361.txt earth/gen_1774761072_364.txt earth/gen_1774761080_367.txt earth/gen_1774761088_370.txt earth/gen_1774761096_373.txt earth/gen_1774761104_376.txt earth/gen_1774761112_379.txt earth/gen_1774761119_382.txt earth/gen_1774761127_385.txt earth/gen_1774761135_388.txt earth/gen_1774761143_391.txt earth/gen_1774761151_394.txt earth/gen_1774761159_397.txt earth/gen_1774761167_400.txt earth/gen_1774761175_403.txt earth/gen_1774761183_406.txt earth/gen_1774761190_409.txt earth/gen_1774761198_412.txt earth/gen_1774761206_415.txt earth/gen_1774761214_418.txt earth/gen_1774761222_421.txt earth/gen_1774761230_424.txt earth/gen_1774761238_427.txt earth/gen_1774761246_430.txt earth/gen_1774761254_433.txt earth/gen_1774761262_436.txt earth/gen_1774761270_439.txt earth/gen_1774761278_442.txt earth/gen_1774761285_445.txt earth/gen_1774761293_448.txt earth/gen_1774761301_451.txt earth/gen_1774761309_454.txt earth/gen_1774761317_457.txt earth/gen_1774761325_460.txt earth/gen_1774761333_463.txt earth/gen_1774761341_466.txt earth/gen_1774761348_469.txt earth/gen_1774761356_472.txt earth/gen_1774761364_475.txt earth/gen_1774761372_478.txt earth/gen_1774761380_481.txt earth/gen_1774761388_484.txt earth/gen_1774761396_487.txt earth/gen_1774761403_490.txt earth/gen_1774761411_493.txt earth/gen_1774761419_496.txt earth/gen_1774761427_499.txt earth/gen_1774761435_502.txt earth/gen_1774761443_505.txt earth/gen_1774761451_508.txt earth/gen_1774761458_511.txt earth/gen_1774761466_514.txt earth/gen_1774761474_517.txt earth/gen_1774761482_520.txt earth/gen_1774761490_523.txt earth/gen_1774761497_526.txt earth/gen_1774761505_529.txt earth/gen_1774761513_532.txt earth/gen_1774761521_535.txt earth/gen_1774761529_538.txt earth/gen_1774761537_541.txt earth/gen_1774761545_544.txt earth/gen_1774761553_547.txt earth/gen_1774761561_550.txt earth/gen_1774761569_553.txt earth/gen_1774761577_556.txt earth/gen_1774761585_559.txt earth/gen_1774761593_562.txt earth/gen_1774761601_565.txt earth/gen_1774761609_568.txt earth/gen_1774761616_571.txt earth/gen_1774761624_574.txt earth/gen_1774761632_577.txt earth/gen_1774761640_580.txt earth/gen_1774761648_583.txt earth/gen_1774761656_586.txt earth/gen_1774761664_589.txt earth/gen_1774761672_592.txt earth/gen_1774761680_595.txt earth/gen_1774761688_598.txt earth/gen_1774761696_601.txt earth/gen_1774761703_604.txt earth/gen_1774761711_607.txt earth/gen_1774761719_610.txt earth/gen_1774761727_613.txt earth/gen_1774761735_616.txt earth/gen_1774761743_619.txt earth/gen_1774761751_622.txt earth/gen_1774761758_625.txt earth/gen_1774761766_628.txt earth/gen_1774761774_631.txt earth/gen_1774761782_634.txt earth/gen_1774761790_637.txt earth/gen_1774761798_640.txt earth/gen_1774761806_643.txt earth/gen_1774761814_646.txt earth/gen_1774761822_649.txt earth/gen_1774761830_652.txt earth/gen_1774761838_655.txt earth/gen_1774761846_658.txt earth/gen_1774761854_661.txt earth/gen_1774761861_664.txt earth/gen_1774761870_667.txt earth/gen_1774761878_670.txt]
[trainer] micro-train burst (16139 bytes, novelty 0.04) — and lo, it feeds again.
[syntropy] action=explore | trend=0.0000 | field_dev=0.025 | purpose_align=-0.073 | lr_mul=1.30
[aml] burst complete: 32 steps, avg loss 2.3310 (memory freed)
[dna] air wrote 78 bytes to ecology
[dna] air wrote 29 bytes to ecology
[dna] air wrote 43 bytes to ecology
[dna] air wrote 39 bytes to ecology
[dna] air wrote 79 bytes to ecology
[dna] air wrote 147 bytes to ecology
[dna] air wrote 117 bytes to ecology
[dna] air wrote 71 bytes to ecology
[dna] air wrote 107 bytes to ecology
[dna] air wrote 133 bytes to ecology
[dna] air wrote 39 bytes to ecology
[dna] air wrote 71 bytes to ecology
[dna] air wrote 71 bytes to ecology
[dna] air wrote 45 bytes to ecology
[dna] air wrote 35 bytes to ecology
[dna] air wrote 104 bytes to ecology
[debug-onto] tick=50 corpus=138679 stage=2 freeze=0
[dna] air wrote 43 bytes to ecology
[dna] air wrote 25 bytes to ecology
[dna] air wrote 14 bytes to ecology
[dna] air wrote 59 bytes to ecology
[dna] air wrote 104 bytes to ecology
[dna] air wrote 93 bytes to ecology
[dna] air wrote 74 bytes to ecology
[dna] air wrote 61 bytes to ecology
[dna] air wrote 103 bytes to ecology
[dna] air wrote 49 bytes to ecology
[dna] air wrote 17 bytes to ecology
[dna] air wrote 93 bytes to ecology
[dna] air wrote 85 bytes to ecology
[dna] air wrote 114 bytes to ecology
[dna] air wrote 28 bytes to ecology
[dna] air wrote 82 bytes to ecology
[dna] air wrote 10 bytes to ecology
[debug-onto] tick=100 corpus=138679 stage=2 freeze=0
[dna] air wrote 38 bytes to ecology
[dna] air wrote 128 bytes to ecology
[dna] air wrote 51 bytes to ecology
[dna] air wrote 41 bytes to ecology
[dna] air wrote 28 bytes to ecology
[dna] air wrote 36 bytes to ecology
[dna] air wrote 53 bytes to ecology
[dna] air wrote 125 bytes to ecology
[dna] air wrote 69 bytes to ecology
[dna] air wrote 112 bytes to ecology
[dna] air wrote 56 bytes to ecology
[dna] air wrote 23 bytes to ecology
[dna] air wrote 45 bytes to ecology
[dna] air wrote 30 bytes to ecology
[dna] air wrote 55 bytes to ecology
[dna] air wrote 77 bytes to ecology
[debug-onto] tick=150 corpus=138679 stage=2 freeze=0
[dna] air wrote 24 bytes to ecology
[dna] air wrote 88 bytes to ecology
[dna] air wrote 42 bytes to ecology
[dna] air wrote 39 bytes to ecology
[dna] air wrote 79 bytes to ecology
[dna] air wrote 68 bytes to ecology
[dna] air wrote 75 bytes to ecology
[dna] air wrote 76 bytes to ecology
[dna] air wrote 39 bytes to ecology
[dna] air wrote 37 bytes to ecology
[dna] air wrote 85 bytes to ecology
[dna] air wrote 123 bytes to ecology
[dna] air wrote 160 bytes to ecology
[dna] air wrote 88 bytes to ecology
[dna] air wrote 93 bytes to ecology
[dna] air wrote 297 bytes to ecology
[dna] air wrote 44 bytes to ecology
[debug-onto] tick=200 corpus=138679 stage=2 freeze=0
[dna] air wrote 100 bytes to ecology
[dna] air wrote 36 bytes to ecology
[dna] air wrote 45 bytes to ecology
[dna] air wrote 24 bytes to ecology
[dna] air wrote 92 bytes to ecology
[dna] air wrote 37 bytes to ecology
[dna] air wrote 26 bytes to ecology
[dna] air wrote 45 bytes to ecology
[dna] air wrote 45 bytes to ecology
[dna] air wrote 43 bytes to ecology
[dna] air wrote 205 bytes to ecology
[dna] air wrote 71 bytes to ecology
[dna] air wrote 25 bytes to ecology
[dna] air wrote 73 bytes to ecology
[dna] air wrote 37 bytes to ecology
[dna] air wrote 47 bytes to ecology
[dna] air wrote 33 bytes to ecology
[debug-onto] tick=250 corpus=138679 stage=2 freeze=0
[dna] air wrote 71 bytes to ecology
[dna] air wrote 51 bytes to ecology
[dna] air wrote 36 bytes to ecology
[dna] air wrote 56 bytes to ecology
[dna] air wrote 29 bytes to ecology
[dna] air wrote 72 bytes to ecology
[dna] air wrote 223 bytes to ecology
[dna] air wrote 153 bytes to ecology
[dna] air wrote 24 bytes to ecology
[dna] air wrote 28 bytes to ecology
[dna] air wrote 56 bytes to ecology
[dna] air wrote 111 bytes to ecology
[dna] air wrote 42 bytes to ecology
[dna] air wrote 50 bytes to ecology
[dna] air wrote 73 bytes to ecology
[dna] air wrote 30 bytes to ecology
[debug-onto] tick=300 corpus=138679 stage=2 freeze=0
[dna] air wrote 33 bytes to ecology
[dna] air wrote 31 bytes to ecology
[dna] air wrote 61 bytes to ecology
[dna] air wrote 36 bytes to ecology
[dna] air wrote 141 bytes to ecology
[dna] air wrote 46 bytes to ecology
[dna] air wrote 39 bytes to ecology
[dna] air wrote 31 bytes to ecology
[dna] air wrote 86 bytes to ecology
[dna] air wrote 85 bytes to ecology
[dna] air wrote 77 bytes to ecology
[dna] air wrote 25 bytes to ecology
[dna] air wrote 110 bytes to ecology
[dna] air wrote 41 bytes to ecology
[dna] air wrote 95 bytes to ecology
[dna] air wrote 20 bytes to ecology
[dna] air wrote 87 bytes to ecology
[debug-onto] tick=350 corpus=138679 stage=2 freeze=0
[dna] air wrote 91 bytes to ecology
[dna] air wrote 29 bytes to ecology
[dna] air wrote 6 bytes to ecology
[dna] air wrote 56 bytes to ecology
[dna] air wrote 31 bytes to ecology
[dna] air wrote 26 bytes to ecology
[dna] air wrote 38 bytes to ecology
[dna] air wrote 63 bytes to ecology
[dna] air wrote 106 bytes to ecology
[dna] air wrote 117 bytes to ecology
[dna] air wrote 38 bytes to ecology
[dna] air wrote 76 bytes to ecology
[dna] air wrote 77 bytes to ecology
[dna] air wrote 218 bytes to ecology
[dna] air wrote 99 bytes to ecology
[dna] air wrote 10 bytes to ecology
[dna] air wrote 35 bytes to ecology
[debug-onto] tick=400 corpus=138679 stage=2 freeze=0
[dna] air wrote 91 bytes to ecology
[dna] air wrote 103 bytes to ecology
[dna] air wrote 108 bytes to ecology
[dna] air wrote 54 bytes to ecology
[dna] air wrote 45 bytes to ecology
[dna] air wrote 39 bytes to ecology
[dna] air wrote 86 bytes to ecology
[dna] air wrote 56 bytes to ecology
[dna] air wrote 74 bytes to ecology
[dna] air wrote 54 bytes to ecology
[dna] air wrote 45 bytes to ecology
[dna] air wrote 45 bytes to ecology
[dna] air wrote 163 bytes to ecology
[dna] air wrote 137 bytes to ecology
[dna] air wrote 99 bytes to ecology
[dna] air wrote 59 bytes to ecology
[debug-onto] tick=450 corpus=138679 stage=2 freeze=0
[dna] air wrote 100 bytes to ecology
[dna] air wrote 75 bytes to ecology
[dna] air wrote 50 bytes to ecology
[dna] air wrote 26 bytes to ecology
[dna] air wrote 131 bytes to ecology
[dna] air wrote 131 bytes to ecology
[dna] air wrote 311 bytes to ecology
[dna] air wrote 123 bytes to ecology
[dna] air wrote 45 bytes to ecology
[dna] air wrote 50 bytes to ecology
[dna] air wrote 31 bytes to ecology
[dna] air wrote 55 bytes to ecology
[dna] air wrote 167 bytes to ecology
[dna] air wrote 78 bytes to ecology
[dna] air wrote 91 bytes to ecology
[dna] air wrote 20 bytes to ecology
[dna] air wrote 10 bytes to ecology
[debug-onto] tick=500 corpus=138679 stage=2 freeze=0
[dna] air wrote 177 bytes to ecology
[dna] air wrote 21 bytes to ecology
[dna] air wrote 97 bytes to ecology
[dna] air wrote 105 bytes to ecology
[dna] air wrote 33 bytes to ecology
[dna] air wrote 134 bytes to ecology
[dna] air wrote 125 bytes to ecology
[dna] air wrote 50 bytes to ecology
[dna] air wrote 8 bytes to ecology
[dna] air wrote 31 bytes to ecology
[dna] air wrote 83 bytes to ecology
[dna] air wrote 39 bytes to ecology
[dna] air wrote 27 bytes to ecology
[dna] air wrote 150 bytes to ecology
[dna] air wrote 23 bytes to ecology
[dna] air wrote 59 bytes to ecology
[dna] air wrote 53 bytes to ecology
[debug-onto] tick=550 corpus=138679 stage=2 freeze=0
[dna] air wrote 50 bytes to ecology
[dna] air wrote 38 bytes to ecology
[dna] air wrote 55 bytes to ecology
[dna] air wrote 113 bytes to ecology
[dna] air wrote 38 bytes to ecology
[dna] air wrote 327 bytes to ecology
[dna] air wrote 13 bytes to ecology
[dna] air wrote 37 bytes to ecology
[dna] air wrote 166 bytes to ecology
[dna] air wrote 90 bytes to ecology
[dna] air wrote 58 bytes to ecology
[dna] air wrote 48 bytes to ecology
[dna] air wrote 58 bytes to ecology
[dna] air wrote 226 bytes to ecology
[dna] air wrote 39 bytes to ecology
[dna] air wrote 128 bytes to ecology
[debug-onto] tick=600 corpus=138679 stage=2 freeze=0
[dna] air wrote 52 bytes to ecology
[dna] air wrote 20 bytes to ecology
[dna] air wrote 236 bytes to ecology
[dna] air wrote 43 bytes to ecology
[dna] air wrote 63 bytes to ecology
[dna] air wrote 31 bytes to ecology
[dna] air wrote 52 bytes to ecology
[dna] air wrote 157 bytes to ecology
[dna] air wrote 76 bytes to ecology
[dna] air wrote 97 bytes to ecology
[dna] air wrote 109 bytes to ecology
[dna] air wrote 39 bytes to ecology
[dna] air wrote 104 bytes to ecology
[dna] air wrote 191 bytes to ecology
[dna] air wrote 103 bytes to ecology
[dna] air wrote 56 bytes to ecology
[dna] air wrote 36 bytes to ecology
[debug-onto] tick=650 corpus=138679 stage=2 freeze=0
[dna] air wrote 35 bytes to ecology
[dna] air wrote 60 bytes to ecology
[dna] air wrote 24 bytes to ecology
[dna] air wrote 70 bytes to ecology
[dna] air wrote 120 bytes to ecology

[evolution] Organism shutting down gracefully.
